#
# A fatal error has been detected by the Java Runtime Environment:
#
#  EXCEPTION_ACCESS_VIOLATION (0xc0000005) at pc=0x00007ffbdba363b7, pid=25160, tid=23620
#
# JRE version: OpenJDK Runtime Environment (19.0.1+10) (build 19.0.1+10-21)
# Java VM: OpenJDK 64-Bit Server VM (19.0.1+10-21, mixed mode, sharing, tiered, compressed oops, compressed class ptrs, g1 gc, windows-amd64)
# Problematic frame:
# C  [glass.dll+0x263b7]
#
# No core dump will be written. Minidumps are not enabled by default on client versions of Windows
#
# If you would like to submit a bug report, please visit:
#   https://bugreport.java.com/bugreport/crash.jsp
#

---------------  S U M M A R Y ------------

Command Line: -javaagent:C:\Program Files\JetBrains\IntelliJ IDEA 2022.3.1\lib\idea_rt.jar=60309:C:\Program Files\JetBrains\IntelliJ IDEA 2022.3.1\bin -Dfile.encoding=UTF-8 -Dsun.stdout.encoding=UTF-8 -Dsun.stderr.encoding=UTF-8 --module-path=C:\Users\Алекс\.m2\repository\org\openjfx\javafx-fxml\19\javafx-fxml-19-win.jar;C:\Users\Алекс\IdeaProjects\FirstApp\target\classes;C:\Users\Алекс\.m2\repository\org\openjfx\javafx-base\19\javafx-base-19-win.jar;C:\Users\Алекс\.m2\repository\org\openjfx\javafx-graphics\19\javafx-graphics-19-win.jar;C:\Users\Алекс\.m2\repository\org\openjfx\javafx-controls\19\javafx-controls-19-win.jar -Djdk.module.main=com.example.firstapp com.example.firstapp/com.example.firstapp.HelloApplication

Host: 11th Gen Intel(R) Core(TM) i5-11300H @ 3.10GHz, 8 cores, 15G,  Windows 11 , 64 bit Build 22621 (10.0.22621.2428)
Time: Tue Oct 31 15:07:40 2023  Windows 11 , 64 bit Build 22621 (10.0.22621.2428) elapsed time: 102.629251 seconds (0d 0h 1m 42s)

---------------  T H R E A D  ---------------

Current thread (0x00000140a75bab50):  VMThread "VM Thread" [stack: 0x0000000a04f00000,0x0000000a05000000] [id=23620]

Stack: [0x0000000a04f00000,0x0000000a05000000],  sp=0x0000000a04ffef60,  free space=1019k
Native frames: (J=compiled Java code, j=interpreted, Vv=VM code, C=native code)
C  [glass.dll+0x263b7]


siginfo: EXCEPTION_ACCESS_VIOLATION (0xc0000005), reading address 0x0000000000000000


Registers:
RAX=0x0000000000000000, RBX=0x00000140a75cb8f0, RCX=0x00000140a75bab50, RDX=0x0000000a04ffef60
RSP=0x0000000a04ffef60, RBP=0x00000140abffc1e8, RSI=0x0000000a04fff068, RDI=0x00000140abffc1c0
R8 =0x0000000000010002, R9 =0x00000140abffc1c0, R10=0x85f13e9656da4870, R11=0x0000000a04ffeef0
R12=0x00007ffbdba33cf0, R13=0x00007ffbb8e372a0, R14=0x00006f6e736af9b1, R15=0x00000140abffc1c0
RIP=0x00007ffbdba363b7, EFLAGS=0x0000000000010202


Register to memory mapping:

RIP=0x00007ffbdba363b7 glass.dll
RAX=0x0 is NULL
RBX=0x00000140a75cb8f0 is a global jni handle
RCX=0x00000140a75bab50 points into unknown readable memory: 0x00007ffbb8c445d8 | d8 45 c4 b8 fb 7f 00 00
RDX=0x0000000a04ffef60 points into unknown readable memory: 0x0000000000000000 | 00 00 00 00 00 00 00 00
RSP=0x0000000a04ffef60 points into unknown readable memory: 0x0000000000000000 | 00 00 00 00 00 00 00 00
RBP=0x00000140abffc1e8 points into unknown readable memory: 0x00006f6e736af9b1 | b1 f9 6a 73 6e 6f 00 00
RSI=0x0000000a04fff068 points into unknown readable memory: 0x0000000a04fff050 | 50 f0 ff 04 0a 00 00 00
RDI=0x00000140abffc1c0 points into unknown readable memory: 0x70106f6e8c9d4ef7 | f7 4e 9d 8c 6e 6f 10 70
R8 =0x0000000000010002 is an unknown value
R9 =0x00000140abffc1c0 points into unknown readable memory: 0x70106f6e8c9d4ef7 | f7 4e 9d 8c 6e 6f 10 70
R10=0x85f13e9656da4870 is an unknown value
R11=0x0000000a04ffeef0 points into unknown readable memory: 0x00000140abffc1c0 | c0 c1 ff ab 40 01 00 00
R12=0x00007ffbdba33cf0 glass.dll
R13=0x00007ffbb8e372a0 jvm.dll
R14=0x00006f6e736af9b1 is an unknown value
R15=0x00000140abffc1c0 points into unknown readable memory: 0x70106f6e8c9d4ef7 | f7 4e 9d 8c 6e 6f 10 70


Top of Stack: (sp=0x0000000a04ffef60)
0x0000000a04ffef60:   0000000000000000 0000000a04fff068
0x0000000a04ffef70:   00007ffbb8e372a0 00007ffbdba33cf0
0x0000000a04ffef80:   00000140abffc1c8 00007ffc3aac3a83
0x0000000a04ffef90:   00000140abffc1c0 0000014000000000
0x0000000a04ffefa0:   00000140abffc1e8 0000000a04fff068
0x0000000a04ffefb0:   fffffffffffffffe 0000000000000000
0x0000000a04ffefc0:   0000000000000001 00007ffbdba10000
0x0000000a04ffefd0:   0000000a04fff058 00007ffc3aa9006e
0x0000000a04ffefe0:   0000000000000000 0000000a04fff068
0x0000000a04ffeff0:   0000000a04fff350 0000000000000001
0x0000000a04fff000:   0000000000000001 00007ffc3aa8da1d
0x0000000a04fff010:   0000000000000000 00007ffbdba334e9
0x0000000a04fff020:   0000000000000000 0000000a04fff058
0x0000000a04fff030:   fffffffffffffffe 0000000a04fff300
0x0000000a04fff040:   0000000000000000 00007ffbdba33b7d
0x0000000a04fff050:   00007ffbdba49f88 00007ffc00000002 

Instructions: (pc=0x00007ffbdba363b7)
0x00007ffbdba362b7:   8b 4d 58 e8 7d cf ff ff 48 8b 4d 60 e8 74 cf ff
0x00007ffbdba362c7:   ff 48 8b 95 80 00 00 00 48 8b 8d 18 01 00 00 e8
0x00007ffbdba362d7:   66 c4 ff ff 33 d2 33 c9 e8 bc e1 ff ff 90 48 89
0x00007ffbdba362e7:   54 24 10 55 48 83 ec 20 48 8b ea 48 b8 00 00 00
0x00007ffbdba362f7:   00 00 00 00 00 48 83 c4 20 5d c3 cc 40 55 48 8b
0x00007ffbdba36307:   ea 48 8b 01 33 c9 81 38 05 00 00 c0 0f 94 c1 8b
0x00007ffbdba36317:   c1 5d c3 cc 40 55 48 83 ec 20 48 8b ea 8a 4d 40
0x00007ffbdba36327:   48 83 c4 20 5d e9 63 d3 ff ff cc 40 55 48 83 ec
0x00007ffbdba36337:   20 48 8b ea 8a 4d 20 e8 51 d3 ff ff 90 48 83 c4
0x00007ffbdba36347:   20 5d c3 cc 40 55 48 83 ec 20 48 8b ea 48 83 c4
0x00007ffbdba36357:   20 5d e9 b2 d1 ff ff cc 40 55 48 83 ec 30 48 8b
0x00007ffbdba36367:   ea 48 8b 01 8b 10 48 89 4c 24 28 89 54 24 20 4c
0x00007ffbdba36377:   8d 0d 53 d6 ff ff 4c 8b 45 70 8b 55 68 48 8b 4d
0x00007ffbdba36387:   60 e8 f3 d0 ff ff 90 48 83 c4 30 5d c3 cc cc cc
0x00007ffbdba36397:   cc cc cc cc cc cc cc cc cc 40 53 48 83 ec 20 48
0x00007ffbdba363a7:   8b 1d db 35 01 00 48 85 db 74 16 e8 79 8b ff ff
0x00007ffbdba363b7:   4c 8b 00 48 8b d3 48 8b c8 41 ff 90 b0 00 00 00
0x00007ffbdba363c7:   90 48 83 c4 20 5b c3 cc cc 40 53 48 83 ec 20 48
0x00007ffbdba363d7:   8b 1d 4b 37 01 00 48 85 db 74 57 b8 ff ff ff ff
0x00007ffbdba363e7:   f0 0f c1 43 10 83 f8 01 75 3d 48 85 db 74 38 48
0x00007ffbdba363f7:   8b 0b 48 85 c9 74 0d ff 15 a4 0e 00 00 48 c7 03
0x00007ffbdba36407:   00 00 00 00 48 8b 4b 08 48 85 c9 74 0d e8 23 ce
0x00007ffbdba36417:   ff ff 48 c7 43 08 00 00 00 00 ba 18 00 00 00 48
0x00007ffbdba36427:   8b cb e8 0e ce ff ff 48 c7 05 ef 36 01 00 00 00
0x00007ffbdba36437:   00 00 48 83 c4 20 5b c3 cc 40 53 48 83 ec 20 48
0x00007ffbdba36447:   8b 1d bb 36 01 00 48 85 db 74 57 b8 ff ff ff ff
0x00007ffbdba36457:   f0 0f c1 43 10 83 f8 01 75 3d 48 85 db 74 38 48
0x00007ffbdba36467:   8b 0b 48 85 c9 74 0d ff 15 34 0e 00 00 48 c7 03
0x00007ffbdba36477:   00 00 00 00 48 8b 4b 08 48 85 c9 74 0d e8 b3 cd
0x00007ffbdba36487:   ff ff 48 c7 43 08 00 00 00 00 ba 18 00 00 00 48
0x00007ffbdba36497:   8b cb e8 9e cd ff ff 48 c7 05 5f 36 01 00 00 00
0x00007ffbdba364a7:   00 00 48 83 c4 20 5b c3 cc 40 53 48 83 ec 20 48 


Stack slot to memory mapping:
stack at sp + 0 slots: 0x0 is NULL
stack at sp + 1 slots: 0x0000000a04fff068 points into unknown readable memory: 0x0000000a04fff050 | 50 f0 ff 04 0a 00 00 00
stack at sp + 2 slots: 0x00007ffbb8e372a0 jvm.dll
stack at sp + 3 slots: 0x00007ffbdba33cf0 glass.dll
stack at sp + 4 slots: 0x00000140abffc1c8 points into unknown readable memory: 0x00006f6e736af9b1 | b1 f9 6a 73 6e 6f 00 00
stack at sp + 5 slots: 0x00007ffc3aac3a83 ucrtbase.dll
stack at sp + 6 slots: 0x00000140abffc1c0 points into unknown readable memory: 0x70106f6e8c9d4ef7 | f7 4e 9d 8c 6e 6f 10 70
stack at sp + 7 slots: 0x0000014000000000 is an unknown value

VM_Operation (0x0000000a046ff510): Exit, mode: safepoint, requested by thread 0x00000140ac696420


---------------  P R O C E S S  ---------------

Threads class SMR info:
_java_thread_list=0x00000140b1d0c930, length=20, elements={
0x00000140847e9970, 0x00000140a75d55e0, 0x00000140a75d6200, 0x00000140a75d8db0,
0x00000140a75d98d0, 0x00000140a75de310, 0x00000140a75e84f0, 0x00000140a75ebb30,
0x00000140a75eda40, 0x00000140a75a8cd0, 0x00000140ac0c7e00, 0x00000140ac0cc650,
0x00000140ac267a20, 0x00000140ac3e5c70, 0x00000140ac3df330, 0x00000140ac695980,
0x00000140ac695ed0, 0x00000140ac694ee0, 0x00000140ac693ef0, 0x00000140ac696420
}

Java Threads: ( => current thread )
  0x00000140847e9970 JavaThread "main" [_thread_blocked, id=9076, stack(0x0000000a04900000,0x0000000a04a00000)]
  0x00000140a75d55e0 JavaThread "Reference Handler" daemon [_thread_blocked, id=9688, stack(0x0000000a05000000,0x0000000a05100000)]
  0x00000140a75d6200 JavaThread "Finalizer" daemon [_thread_blocked, id=23984, stack(0x0000000a05100000,0x0000000a05200000)]
  0x00000140a75d8db0 JavaThread "Attach Listener" daemon [_thread_blocked, id=9056, stack(0x0000000a05300000,0x0000000a05400000)]
  0x00000140a75d98d0 JavaThread "Service Thread" daemon [_thread_blocked, id=10524, stack(0x0000000a05400000,0x0000000a05500000)]
  0x00000140a75de310 JavaThread "Monitor Deflation Thread" daemon [_thread_blocked, id=11368, stack(0x0000000a05500000,0x0000000a05600000)]
  0x00000140a75e84f0 JavaThread "C2 CompilerThread0" daemon [_thread_blocked, id=7372, stack(0x0000000a05600000,0x0000000a05700000)]
  0x00000140a75ebb30 JavaThread "C1 CompilerThread0" daemon [_thread_blocked, id=24516, stack(0x0000000a05700000,0x0000000a05800000)]
  0x00000140a75eda40 JavaThread "Sweeper thread" daemon [_thread_blocked, id=13972, stack(0x0000000a05800000,0x0000000a05900000)]
  0x00000140a75a8cd0 JavaThread "Common-Cleaner" daemon [_thread_blocked, id=22056, stack(0x0000000a05900000,0x0000000a05a00000)]
  0x00000140ac0c7e00 JavaThread "Monitor Ctrl-Break" daemon [_thread_in_native, id=13444, stack(0x0000000a05c00000,0x0000000a05d00000)]
  0x00000140ac0cc650 JavaThread "Notification Thread" daemon [_thread_blocked, id=21160, stack(0x0000000a05d00000,0x0000000a05e00000)]
  0x00000140ac267a20 JavaThread "QuantumRenderer-0" daemon [_thread_blocked, id=600, stack(0x0000000a05f00000,0x0000000a06000000)]
  0x00000140ac3e5c70 JavaThread "InvokeLaterDispatcher" daemon [_thread_blocked, id=4964, stack(0x0000000a05b00000,0x0000000a05c00000)]
  0x00000140ac3df330 JavaThread "JavaFX Application Thread" [_thread_in_native, id=25740, stack(0x0000000a06000000,0x0000000a06100000)]
  0x00000140ac695980 JavaThread "Thread-2" daemon [_thread_in_native, id=10456, stack(0x0000000a06400000,0x0000000a06500000)]
  0x00000140ac695ed0 JavaThread "JavaFX-Launcher" [_thread_blocked, id=20508, stack(0x0000000a06500000,0x0000000a06600000)]
  0x00000140ac694ee0 JavaThread "Prism Font Disposer" daemon [_thread_blocked, id=19584, stack(0x0000000a06b00000,0x0000000a06c00000)]
  0x00000140ac693ef0 JavaThread "Cleaner-0" daemon [_thread_blocked, id=5332, stack(0x0000000a07000000,0x0000000a07100000)]
  0x00000140ac696420 JavaThread "SIGINT handler" daemon [_thread_blocked, id=15812, stack(0x0000000a04600000,0x0000000a04700000)]

Other Threads:
=>0x00000140a75bab50 VMThread "VM Thread" [stack: 0x0000000a04f00000,0x0000000a05000000] [id=23620]
  0x0000014084859a90 WorkerThread "GC Thread#0" [stack: 0x0000000a04a00000,0x0000000a04b00000] [id=18296]
  0x00000140ac698ed0 WorkerThread "GC Thread#1" [stack: 0x0000000a06600000,0x0000000a06700000] [id=20900]
  0x00000140ac6991a0 WorkerThread "GC Thread#2" [stack: 0x0000000a06700000,0x0000000a06800000] [id=19848]
  0x00000140ac6f3770 WorkerThread "GC Thread#3" [stack: 0x0000000a06800000,0x0000000a06900000] [id=12652]
  0x00000140ac6f2690 WorkerThread "GC Thread#4" [stack: 0x0000000a06900000,0x0000000a06a00000] [id=22308]
  0x00000140ac6f2960 WorkerThread "GC Thread#5" [stack: 0x0000000a06a00000,0x0000000a06b00000] [id=12280]
  0x00000140ac6f2f00 WorkerThread "GC Thread#6" [stack: 0x0000000a05a00000,0x0000000a05b00000] [id=13364]
  0x00000140ac6f1e20 WorkerThread "GC Thread#7" [stack: 0x0000000a07300000,0x0000000a07400000] [id=27128]
  0x000001408486a6d0 ConcurrentGCThread "G1 Main Marker" terminated
  0x000001408486b100 WorkerThread "G1 Conc#0" [stack: 0x0000000a04c00000,0x0000000a04d00000] [id=22052]
  0x00000140a7473020 ConcurrentGCThread "G1 Refine#0" terminated
  0x00000140a7473810 ConcurrentGCThread "G1 Service" terminated

Threads with active compile tasks:

VM state: at safepoint (shutting down)

VM Mutex/Monitor currently owned by a thread:  ([mutex/lock_event])
[0x00000140847e7ec0] Threads_lock - owner thread: 0x00000140a75bab50
[0x00000140847e95d0] Heap_lock - owner thread: 0x00000140ac696420

Heap address: 0x0000000704c00000, size: 4020 MB, Compressed Oops mode: Zero based, Oop shift amount: 3

CDS archive(s) mapped at: [0x0000000800000000-0x0000000800c30000-0x0000000800c30000), size 12779520, SharedBaseAddress: 0x0000000800000000, ArchiveRelocationMode: 0.
Compressed class space mapped at: 0x0000000801000000-0x0000000841000000, reserved size: 1073741824
Narrow klass base: 0x0000000800000000, Narrow klass shift: 0, Narrow klass range: 0x100000000

GC Precious Log:
 CardTable entry size: 512
 Card Set container configuration: InlinePtr #cards 4 size 8 Array Of Cards #cards 16 size 48 Howl #buckets 8 coarsen threshold 3686 Howl Bitmap #cards 512 size 80 coarsen threshold 460 Card regions per heap region 1 cards per card region 4096
 CPUs: 8 total, 8 available
 Memory: 16075M
 Large Page Support: Disabled
 NUMA Support: Disabled
 Compressed Oops: Enabled (Zero based)
 Heap Region Size: 2M
 Heap Min Capacity: 8M
 Heap Initial Capacity: 252M
 Heap Max Capacity: 4020M
 Pre-touch: Disabled
 Parallel Workers: 8
 Concurrent Workers: 2
 Concurrent Refinement Workers: 8
 Periodic GC: Disabled

Heap:
 garbage-first heap   total 258048K, used 13491K [0x0000000704c00000, 0x0000000800000000)
  region size 2048K, 6 young (12288K), 3 survivors (6144K)
 Metaspace       used 15847K, committed 16192K, reserved 1114112K
  class space    used 2265K, committed 2432K, reserved 1048576K

Heap Regions: E=young(eden), S=young(survivor), O=old, HS=humongous(starts), HC=humongous(continues), CS=collection set, F=free, OA=open archive, CA=closed archive, TAMS=top-at-mark-start (previous, next)
|   0|0x0000000704c00000, 0x0000000704e00000, 0x0000000704e00000|100%|HS|  |TAMS 0x0000000704c00000, 0x0000000704c00000| Complete 
|   1|0x0000000704e00000, 0x0000000704f2cc00, 0x0000000705000000| 58%| O|  |TAMS 0x0000000704e00000, 0x0000000704e00000| Untracked 
|   2|0x0000000705000000, 0x0000000705000000, 0x0000000705200000|  0%| F|  |TAMS 0x0000000705000000, 0x0000000705000000| Untracked 
|   3|0x0000000705200000, 0x0000000705200000, 0x0000000705400000|  0%| F|  |TAMS 0x0000000705200000, 0x0000000705200000| Untracked 
|   4|0x0000000705400000, 0x0000000705400000, 0x0000000705600000|  0%| F|  |TAMS 0x0000000705400000, 0x0000000705400000| Untracked 
|   5|0x0000000705600000, 0x0000000705600000, 0x0000000705800000|  0%| F|  |TAMS 0x0000000705600000, 0x0000000705600000| Untracked 
|   6|0x0000000705800000, 0x0000000705800000, 0x0000000705a00000|  0%| F|  |TAMS 0x0000000705800000, 0x0000000705800000| Untracked 
|   7|0x0000000705a00000, 0x0000000705a00000, 0x0000000705c00000|  0%| F|  |TAMS 0x0000000705a00000, 0x0000000705a00000| Untracked 
|   8|0x0000000705c00000, 0x0000000705c00000, 0x0000000705e00000|  0%| F|  |TAMS 0x0000000705c00000, 0x0000000705c00000| Untracked 
|   9|0x0000000705e00000, 0x0000000705e00000, 0x0000000706000000|  0%| F|  |TAMS 0x0000000705e00000, 0x0000000705e00000| Untracked 
|  10|0x0000000706000000, 0x0000000706000000, 0x0000000706200000|  0%| F|  |TAMS 0x0000000706000000, 0x0000000706000000| Untracked 
|  11|0x0000000706200000, 0x0000000706200000, 0x0000000706400000|  0%| F|  |TAMS 0x0000000706200000, 0x0000000706200000| Untracked 
|  12|0x0000000706400000, 0x0000000706400000, 0x0000000706600000|  0%| F|  |TAMS 0x0000000706400000, 0x0000000706400000| Untracked 
|  13|0x0000000706600000, 0x0000000706600000, 0x0000000706800000|  0%| F|  |TAMS 0x0000000706600000, 0x0000000706600000| Untracked 
|  14|0x0000000706800000, 0x0000000706800000, 0x0000000706a00000|  0%| F|  |TAMS 0x0000000706800000, 0x0000000706800000| Untracked 
|  15|0x0000000706a00000, 0x0000000706a00000, 0x0000000706c00000|  0%| F|  |TAMS 0x0000000706a00000, 0x0000000706a00000| Untracked 
|  16|0x0000000706c00000, 0x0000000706c00000, 0x0000000706e00000|  0%| F|  |TAMS 0x0000000706c00000, 0x0000000706c00000| Untracked 
|  17|0x0000000706e00000, 0x0000000706e00000, 0x0000000707000000|  0%| F|  |TAMS 0x0000000706e00000, 0x0000000706e00000| Untracked 
|  18|0x0000000707000000, 0x0000000707000000, 0x0000000707200000|  0%| F|  |TAMS 0x0000000707000000, 0x0000000707000000| Untracked 
|  19|0x0000000707200000, 0x0000000707200000, 0x0000000707400000|  0%| F|  |TAMS 0x0000000707200000, 0x0000000707200000| Untracked 
|  20|0x0000000707400000, 0x0000000707400000, 0x0000000707600000|  0%| F|  |TAMS 0x0000000707400000, 0x0000000707400000| Untracked 
|  21|0x0000000707600000, 0x0000000707600000, 0x0000000707800000|  0%| F|  |TAMS 0x0000000707600000, 0x0000000707600000| Untracked 
|  22|0x0000000707800000, 0x0000000707800000, 0x0000000707a00000|  0%| F|  |TAMS 0x0000000707800000, 0x0000000707800000| Untracked 
|  23|0x0000000707a00000, 0x0000000707a00000, 0x0000000707c00000|  0%| F|  |TAMS 0x0000000707a00000, 0x0000000707a00000| Untracked 
|  24|0x0000000707c00000, 0x0000000707c00000, 0x0000000707e00000|  0%| F|  |TAMS 0x0000000707c00000, 0x0000000707c00000| Untracked 
|  25|0x0000000707e00000, 0x0000000707e00000, 0x0000000708000000|  0%| F|  |TAMS 0x0000000707e00000, 0x0000000707e00000| Untracked 
|  26|0x0000000708000000, 0x0000000708000000, 0x0000000708200000|  0%| F|  |TAMS 0x0000000708000000, 0x0000000708000000| Untracked 
|  27|0x0000000708200000, 0x0000000708200000, 0x0000000708400000|  0%| F|  |TAMS 0x0000000708200000, 0x0000000708200000| Untracked 
|  28|0x0000000708400000, 0x0000000708400000, 0x0000000708600000|  0%| F|  |TAMS 0x0000000708400000, 0x0000000708400000| Untracked 
|  29|0x0000000708600000, 0x0000000708600000, 0x0000000708800000|  0%| F|  |TAMS 0x0000000708600000, 0x0000000708600000| Untracked 
|  30|0x0000000708800000, 0x0000000708800000, 0x0000000708a00000|  0%| F|  |TAMS 0x0000000708800000, 0x0000000708800000| Untracked 
|  31|0x0000000708a00000, 0x0000000708a00000, 0x0000000708c00000|  0%| F|  |TAMS 0x0000000708a00000, 0x0000000708a00000| Untracked 
|  32|0x0000000708c00000, 0x0000000708c00000, 0x0000000708e00000|  0%| F|  |TAMS 0x0000000708c00000, 0x0000000708c00000| Untracked 
|  33|0x0000000708e00000, 0x0000000708e00000, 0x0000000709000000|  0%| F|  |TAMS 0x0000000708e00000, 0x0000000708e00000| Untracked 
|  34|0x0000000709000000, 0x0000000709000000, 0x0000000709200000|  0%| F|  |TAMS 0x0000000709000000, 0x0000000709000000| Untracked 
|  35|0x0000000709200000, 0x0000000709200000, 0x0000000709400000|  0%| F|  |TAMS 0x0000000709200000, 0x0000000709200000| Untracked 
|  36|0x0000000709400000, 0x0000000709400000, 0x0000000709600000|  0%| F|  |TAMS 0x0000000709400000, 0x0000000709400000| Untracked 
|  37|0x0000000709600000, 0x0000000709600000, 0x0000000709800000|  0%| F|  |TAMS 0x0000000709600000, 0x0000000709600000| Untracked 
|  38|0x0000000709800000, 0x0000000709800000, 0x0000000709a00000|  0%| F|  |TAMS 0x0000000709800000, 0x0000000709800000| Untracked 
|  39|0x0000000709a00000, 0x0000000709a00000, 0x0000000709c00000|  0%| F|  |TAMS 0x0000000709a00000, 0x0000000709a00000| Untracked 
|  40|0x0000000709c00000, 0x0000000709c00000, 0x0000000709e00000|  0%| F|  |TAMS 0x0000000709c00000, 0x0000000709c00000| Untracked 
|  41|0x0000000709e00000, 0x0000000709e00000, 0x000000070a000000|  0%| F|  |TAMS 0x0000000709e00000, 0x0000000709e00000| Untracked 
|  42|0x000000070a000000, 0x000000070a000000, 0x000000070a200000|  0%| F|  |TAMS 0x000000070a000000, 0x000000070a000000| Untracked 
|  43|0x000000070a200000, 0x000000070a200000, 0x000000070a400000|  0%| F|  |TAMS 0x000000070a200000, 0x000000070a200000| Untracked 
|  44|0x000000070a400000, 0x000000070a400000, 0x000000070a600000|  0%| F|  |TAMS 0x000000070a400000, 0x000000070a400000| Untracked 
|  45|0x000000070a600000, 0x000000070a600000, 0x000000070a800000|  0%| F|  |TAMS 0x000000070a600000, 0x000000070a600000| Untracked 
|  46|0x000000070a800000, 0x000000070a800000, 0x000000070aa00000|  0%| F|  |TAMS 0x000000070a800000, 0x000000070a800000| Untracked 
|  47|0x000000070aa00000, 0x000000070aa00000, 0x000000070ac00000|  0%| F|  |TAMS 0x000000070aa00000, 0x000000070aa00000| Untracked 
|  48|0x000000070ac00000, 0x000000070ac00000, 0x000000070ae00000|  0%| F|  |TAMS 0x000000070ac00000, 0x000000070ac00000| Untracked 
|  49|0x000000070ae00000, 0x000000070ae00000, 0x000000070b000000|  0%| F|  |TAMS 0x000000070ae00000, 0x000000070ae00000| Untracked 
|  50|0x000000070b000000, 0x000000070b000000, 0x000000070b200000|  0%| F|  |TAMS 0x000000070b000000, 0x000000070b000000| Untracked 
|  51|0x000000070b200000, 0x000000070b200000, 0x000000070b400000|  0%| F|  |TAMS 0x000000070b200000, 0x000000070b200000| Untracked 
|  52|0x000000070b400000, 0x000000070b400000, 0x000000070b600000|  0%| F|  |TAMS 0x000000070b400000, 0x000000070b400000| Untracked 
|  53|0x000000070b600000, 0x000000070b600000, 0x000000070b800000|  0%| F|  |TAMS 0x000000070b600000, 0x000000070b600000| Untracked 
|  54|0x000000070b800000, 0x000000070b800000, 0x000000070ba00000|  0%| F|  |TAMS 0x000000070b800000, 0x000000070b800000| Untracked 
|  55|0x000000070ba00000, 0x000000070ba00000, 0x000000070bc00000|  0%| F|  |TAMS 0x000000070ba00000, 0x000000070ba00000| Untracked 
|  56|0x000000070bc00000, 0x000000070bc00000, 0x000000070be00000|  0%| F|  |TAMS 0x000000070bc00000, 0x000000070bc00000| Untracked 
|  57|0x000000070be00000, 0x000000070be00000, 0x000000070c000000|  0%| F|  |TAMS 0x000000070be00000, 0x000000070be00000| Untracked 
|  58|0x000000070c000000, 0x000000070c000000, 0x000000070c200000|  0%| F|  |TAMS 0x000000070c000000, 0x000000070c000000| Untracked 
|  59|0x000000070c200000, 0x000000070c200000, 0x000000070c400000|  0%| F|  |TAMS 0x000000070c200000, 0x000000070c200000| Untracked 
|  60|0x000000070c400000, 0x000000070c400000, 0x000000070c600000|  0%| F|  |TAMS 0x000000070c400000, 0x000000070c400000| Untracked 
|  61|0x000000070c600000, 0x000000070c600000, 0x000000070c800000|  0%| F|  |TAMS 0x000000070c600000, 0x000000070c600000| Untracked 
|  62|0x000000070c800000, 0x000000070c800000, 0x000000070ca00000|  0%| F|  |TAMS 0x000000070c800000, 0x000000070c800000| Untracked 
|  63|0x000000070ca00000, 0x000000070ca00000, 0x000000070cc00000|  0%| F|  |TAMS 0x000000070ca00000, 0x000000070ca00000| Untracked 
|  64|0x000000070cc00000, 0x000000070cc00000, 0x000000070ce00000|  0%| F|  |TAMS 0x000000070cc00000, 0x000000070cc00000| Untracked 
|  65|0x000000070ce00000, 0x000000070ce00000, 0x000000070d000000|  0%| F|  |TAMS 0x000000070ce00000, 0x000000070ce00000| Untracked 
|  66|0x000000070d000000, 0x000000070d000000, 0x000000070d200000|  0%| F|  |TAMS 0x000000070d000000, 0x000000070d000000| Untracked 
|  67|0x000000070d200000, 0x000000070d200000, 0x000000070d400000|  0%| F|  |TAMS 0x000000070d200000, 0x000000070d200000| Untracked 
|  68|0x000000070d400000, 0x000000070d400000, 0x000000070d600000|  0%| F|  |TAMS 0x000000070d400000, 0x000000070d400000| Untracked 
|  69|0x000000070d600000, 0x000000070d600000, 0x000000070d800000|  0%| F|  |TAMS 0x000000070d600000, 0x000000070d600000| Untracked 
|  70|0x000000070d800000, 0x000000070d800000, 0x000000070da00000|  0%| F|  |TAMS 0x000000070d800000, 0x000000070d800000| Untracked 
|  71|0x000000070da00000, 0x000000070da00000, 0x000000070dc00000|  0%| F|  |TAMS 0x000000070da00000, 0x000000070da00000| Untracked 
|  72|0x000000070dc00000, 0x000000070dc00000, 0x000000070de00000|  0%| F|  |TAMS 0x000000070dc00000, 0x000000070dc00000| Untracked 
|  73|0x000000070de00000, 0x000000070de00000, 0x000000070e000000|  0%| F|  |TAMS 0x000000070de00000, 0x000000070de00000| Untracked 
|  74|0x000000070e000000, 0x000000070e000000, 0x000000070e200000|  0%| F|  |TAMS 0x000000070e000000, 0x000000070e000000| Untracked 
|  75|0x000000070e200000, 0x000000070e200000, 0x000000070e400000|  0%| F|  |TAMS 0x000000070e200000, 0x000000070e200000| Untracked 
|  76|0x000000070e400000, 0x000000070e400000, 0x000000070e600000|  0%| F|  |TAMS 0x000000070e400000, 0x000000070e400000| Untracked 
|  77|0x000000070e600000, 0x000000070e600000, 0x000000070e800000|  0%| F|  |TAMS 0x000000070e600000, 0x000000070e600000| Untracked 
|  78|0x000000070e800000, 0x000000070e800000, 0x000000070ea00000|  0%| F|  |TAMS 0x000000070e800000, 0x000000070e800000| Untracked 
|  79|0x000000070ea00000, 0x000000070ea00000, 0x000000070ec00000|  0%| F|  |TAMS 0x000000070ea00000, 0x000000070ea00000| Untracked 
|  80|0x000000070ec00000, 0x000000070ec00000, 0x000000070ee00000|  0%| F|  |TAMS 0x000000070ec00000, 0x000000070ec00000| Untracked 
|  81|0x000000070ee00000, 0x000000070ee00000, 0x000000070f000000|  0%| F|  |TAMS 0x000000070ee00000, 0x000000070ee00000| Untracked 
|  82|0x000000070f000000, 0x000000070f000000, 0x000000070f200000|  0%| F|  |TAMS 0x000000070f000000, 0x000000070f000000| Untracked 
|  83|0x000000070f200000, 0x000000070f200000, 0x000000070f400000|  0%| F|  |TAMS 0x000000070f200000, 0x000000070f200000| Untracked 
|  84|0x000000070f400000, 0x000000070f400000, 0x000000070f600000|  0%| F|  |TAMS 0x000000070f400000, 0x000000070f400000| Untracked 
|  85|0x000000070f600000, 0x000000070f600000, 0x000000070f800000|  0%| F|  |TAMS 0x000000070f600000, 0x000000070f600000| Untracked 
|  86|0x000000070f800000, 0x000000070f800000, 0x000000070fa00000|  0%| F|  |TAMS 0x000000070f800000, 0x000000070f800000| Untracked 
|  87|0x000000070fa00000, 0x000000070fa00000, 0x000000070fc00000|  0%| F|  |TAMS 0x000000070fa00000, 0x000000070fa00000| Untracked 
|  88|0x000000070fc00000, 0x000000070fc00000, 0x000000070fe00000|  0%| F|  |TAMS 0x000000070fc00000, 0x000000070fc00000| Untracked 
|  89|0x000000070fe00000, 0x000000070fe00000, 0x0000000710000000|  0%| F|  |TAMS 0x000000070fe00000, 0x000000070fe00000| Untracked 
|  90|0x0000000710000000, 0x0000000710000000, 0x0000000710200000|  0%| F|  |TAMS 0x0000000710000000, 0x0000000710000000| Untracked 
|  91|0x0000000710200000, 0x0000000710200000, 0x0000000710400000|  0%| F|  |TAMS 0x0000000710200000, 0x0000000710200000| Untracked 
|  92|0x0000000710400000, 0x0000000710400000, 0x0000000710600000|  0%| F|  |TAMS 0x0000000710400000, 0x0000000710400000| Untracked 
|  93|0x0000000710600000, 0x0000000710600000, 0x0000000710800000|  0%| F|  |TAMS 0x0000000710600000, 0x0000000710600000| Untracked 
|  94|0x0000000710800000, 0x0000000710800000, 0x0000000710a00000|  0%| F|  |TAMS 0x0000000710800000, 0x0000000710800000| Untracked 
|  95|0x0000000710a00000, 0x0000000710a00000, 0x0000000710c00000|  0%| F|  |TAMS 0x0000000710a00000, 0x0000000710a00000| Untracked 
|  96|0x0000000710c00000, 0x0000000710c00000, 0x0000000710e00000|  0%| F|  |TAMS 0x0000000710c00000, 0x0000000710c00000| Untracked 
|  97|0x0000000710e00000, 0x0000000710e00000, 0x0000000711000000|  0%| F|  |TAMS 0x0000000710e00000, 0x0000000710e00000| Untracked 
|  98|0x0000000711000000, 0x0000000711000000, 0x0000000711200000|  0%| F|  |TAMS 0x0000000711000000, 0x0000000711000000| Untracked 
|  99|0x0000000711200000, 0x0000000711200000, 0x0000000711400000|  0%| F|  |TAMS 0x0000000711200000, 0x0000000711200000| Untracked 
| 100|0x0000000711400000, 0x0000000711400000, 0x0000000711600000|  0%| F|  |TAMS 0x0000000711400000, 0x0000000711400000| Untracked 
| 101|0x0000000711600000, 0x0000000711600000, 0x0000000711800000|  0%| F|  |TAMS 0x0000000711600000, 0x0000000711600000| Untracked 
| 102|0x0000000711800000, 0x0000000711800000, 0x0000000711a00000|  0%| F|  |TAMS 0x0000000711800000, 0x0000000711800000| Untracked 
| 103|0x0000000711a00000, 0x0000000711c00000, 0x0000000711c00000|100%| S|CS|TAMS 0x0000000711a00000, 0x0000000711a00000| Complete 
| 104|0x0000000711c00000, 0x0000000711e00000, 0x0000000711e00000|100%| S|CS|TAMS 0x0000000711c00000, 0x0000000711c00000| Complete 
| 105|0x0000000711e00000, 0x0000000712000000, 0x0000000712000000|100%| S|CS|TAMS 0x0000000711e00000, 0x0000000711e00000| Complete 
| 106|0x0000000712000000, 0x0000000712000000, 0x0000000712200000|  0%| F|  |TAMS 0x0000000712000000, 0x0000000712000000| Untracked 
| 107|0x0000000712200000, 0x0000000712200000, 0x0000000712400000|  0%| F|  |TAMS 0x0000000712200000, 0x0000000712200000| Untracked 
| 108|0x0000000712400000, 0x0000000712400000, 0x0000000712600000|  0%| F|  |TAMS 0x0000000712400000, 0x0000000712400000| Untracked 
| 109|0x0000000712600000, 0x0000000712600000, 0x0000000712800000|  0%| F|  |TAMS 0x0000000712600000, 0x0000000712600000| Untracked 
| 110|0x0000000712800000, 0x0000000712800000, 0x0000000712a00000|  0%| F|  |TAMS 0x0000000712800000, 0x0000000712800000| Untracked 
| 111|0x0000000712a00000, 0x0000000712a00000, 0x0000000712c00000|  0%| F|  |TAMS 0x0000000712a00000, 0x0000000712a00000| Untracked 
| 112|0x0000000712c00000, 0x0000000712c00000, 0x0000000712e00000|  0%| F|  |TAMS 0x0000000712c00000, 0x0000000712c00000| Untracked 
| 113|0x0000000712e00000, 0x0000000712e00000, 0x0000000713000000|  0%| F|  |TAMS 0x0000000712e00000, 0x0000000712e00000| Untracked 
| 114|0x0000000713000000, 0x0000000713000000, 0x0000000713200000|  0%| F|  |TAMS 0x0000000713000000, 0x0000000713000000| Untracked 
| 115|0x0000000713200000, 0x0000000713200000, 0x0000000713400000|  0%| F|  |TAMS 0x0000000713200000, 0x0000000713200000| Untracked 
| 116|0x0000000713400000, 0x0000000713400000, 0x0000000713600000|  0%| F|  |TAMS 0x0000000713400000, 0x0000000713400000| Untracked 
| 117|0x0000000713600000, 0x0000000713600000, 0x0000000713800000|  0%| F|  |TAMS 0x0000000713600000, 0x0000000713600000| Untracked 
| 118|0x0000000713800000, 0x0000000713800000, 0x0000000713a00000|  0%| F|  |TAMS 0x0000000713800000, 0x0000000713800000| Untracked 
| 119|0x0000000713a00000, 0x0000000713a00000, 0x0000000713c00000|  0%| F|  |TAMS 0x0000000713a00000, 0x0000000713a00000| Untracked 
| 120|0x0000000713c00000, 0x0000000713c00000, 0x0000000713e00000|  0%| F|  |TAMS 0x0000000713c00000, 0x0000000713c00000| Untracked 
| 121|0x0000000713e00000, 0x0000000713e00000, 0x0000000714000000|  0%| F|  |TAMS 0x0000000713e00000, 0x0000000713e00000| Untracked 
| 122|0x0000000714000000, 0x0000000714000000, 0x0000000714200000|  0%| F|  |TAMS 0x0000000714000000, 0x0000000714000000| Untracked 
| 123|0x0000000714200000, 0x00000007143c31a0, 0x0000000714400000| 88%| E|  |TAMS 0x0000000714200000, 0x0000000714200000| Complete 
| 124|0x0000000714400000, 0x0000000714600000, 0x0000000714600000|100%| E|CS|TAMS 0x0000000714400000, 0x0000000714400000| Complete 
| 125|0x0000000714600000, 0x0000000714800000, 0x0000000714800000|100%| E|CS|TAMS 0x0000000714600000, 0x0000000714600000| Complete 

Card table byte_map: [0x000001409c250000,0x000001409ca30000] _byte_map_base: 0x0000014098a2a000

Marking Bits (Prev, Next): (CMBitMap*) 0x000001408485a0c0, (CMBitMap*) 0x000001408485a100
 Prev Bits: [0x000001409d210000, 0x00000140a10e0000)
 Next Bits: [0x00000140a10e0000, 0x00000140a4fb0000)

Polling page: 0x0000014083fb0000

Metaspace:

Usage:
  Non-class:     13.26 MB used.
      Class:      2.21 MB used.
       Both:     15.48 MB used.

Virtual space:
  Non-class space:       64.00 MB reserved,      13.44 MB ( 21%) committed,  1 nodes.
      Class space:        1.00 GB reserved,       2.38 MB ( <1%) committed,  1 nodes.
             Both:        1.06 GB reserved,      15.81 MB (  1%) committed. 

Chunk freelists:
   Non-Class:  2.20 MB
       Class:  1.61 MB
        Both:  3.81 MB

MaxMetaspaceSize: unlimited
CompressedClassSpaceSize: 1.00 GB
Initial GC threshold: 21.00 MB
Current GC threshold: 21.00 MB
CDS: on
MetaspaceReclaimPolicy: balanced
 - commit_granule_bytes: 65536.
 - commit_granule_words: 8192.
 - virtual_space_node_default_size: 8388608.
 - enlarge_chunks_in_place: 1.
 - new_chunks_are_fully_committed: 0.
 - uncommit_free_chunks: 1.
 - use_allocation_guard: 0.


Internal statistics:

num_allocs_failed_limit: 0.
num_arena_births: 362.
num_arena_deaths: 0.
num_vsnodes_births: 2.
num_vsnodes_deaths: 0.
num_space_committed: 253.
num_space_uncommitted: 0.
num_chunks_returned_to_freelist: 0.
num_chunks_taken_from_freelist: 836.
num_chunk_merges: 0.
num_chunk_splits: 585.
num_chunks_enlarged: 449.
num_inconsistent_stats: 0.

CodeHeap 'non-profiled nmethods': size=120000Kb used=1006Kb max_used=1006Kb free=118993Kb
 bounds [0x0000014094210000, 0x0000014094480000, 0x000001409b740000]
CodeHeap 'profiled nmethods': size=120000Kb used=4402Kb max_used=4402Kb free=115597Kb
 bounds [0x000001408c740000, 0x000001408cb90000, 0x0000014093c70000]
CodeHeap 'non-nmethods': size=5760Kb used=1532Kb max_used=1567Kb free=4228Kb
 bounds [0x0000014093c70000, 0x0000014093ee0000, 0x0000014094210000]
 total_blobs=3261 nmethods=2459 adapters=712
 compilation: enabled
              stopped_count=0, restarted_count=0
 full_count=0

Compilation events (20 events):
Event: 11.401 Thread 0x00000140a75ebb30 2450       3       com.sun.glass.ui.View::notifyMouse (221 bytes)
Event: 11.402 Thread 0x00000140a75ebb30 nmethod 2450 0x000001408cb88a90 code [0x000001408cb88da0, 0x000001408cb8a218]
Event: 11.402 Thread 0x00000140a75ebb30 2451       3       com.sun.glass.ui.Window::handleMouseEvent (26 bytes)
Event: 11.402 Thread 0x00000140a75ebb30 nmethod 2451 0x000001408cb8a810 code [0x000001408cb8a9c0, 0x000001408cb8ab68]
Event: 11.402 Thread 0x00000140a75ebb30 2452       3       java.util.EnumMap::values (25 bytes)
Event: 11.402 Thread 0x00000140a75ebb30 nmethod 2452 0x000001408cb8ac10 code [0x000001408cb8adc0, 0x000001408cb8b158]
Event: 11.495 Thread 0x00000140a75ebb30 2453       3       java.lang.Math::toRadians (6 bytes)
Event: 11.495 Thread 0x00000140a75ebb30 nmethod 2453 0x000001408cb8b290 code [0x000001408cb8b440, 0x000001408cb8b538]
Event: 11.587 Thread 0x00000140a75ebb30 2454       3       com.sun.javafx.event.EventDispatchChainImpl::insertFirst (42 bytes)
Event: 11.587 Thread 0x00000140a75ebb30 nmethod 2454 0x000001408cb8b610 code [0x000001408cb8b7c0, 0x000001408cb8ba98]
Event: 11.743 Thread 0x00000140a75ebb30 2456   !   3       com.sun.javafx.application.PlatformImpl::isSupported (41 bytes)
Event: 11.743 Thread 0x00000140a75ebb30 nmethod 2456 0x000001408cb8bb90 code [0x000001408cb8bd60, 0x000001408cb8c028]
Event: 11.743 Thread 0x00000140a75ebb30 2455       3       javafx.application.Platform::isSupported (5 bytes)
Event: 11.744 Thread 0x00000140a75ebb30 nmethod 2455 0x000001408cb8c110 code [0x000001408cb8c2c0, 0x000001408cb8c3c8]
Event: 86.169 Thread 0x00000140a75e84f0 2457       4       com.sun.javafx.tk.quantum.QuantumToolkit::postPulse (133 bytes)
Event: 86.171 Thread 0x00000140a75e84f0 nmethod 2457 0x000001409430aa90 code [0x000001409430ac40, 0x000001409430ae98]
Event: 86.434 Thread 0x00000140a75e84f0 2458       4       com.sun.javafx.tk.quantum.QuantumToolkit$$Lambda$80/0x000000080103bf70::run (8 bytes)
Event: 86.435 Thread 0x00000140a75e84f0 nmethod 2458 0x000001409430b190 code [0x000001409430b360, 0x000001409430b628]
Event: 102.115 Thread 0x00000140a75ebb30 2459       3       java.util.HashMap::keySet (25 bytes)
Event: 102.116 Thread 0x00000140a75ebb30 nmethod 2459 0x000001408cb8c490 code [0x000001408cb8c660, 0x000001408cb8ca58]

GC Heap History (4 events):
Event: 0.443 GC heap before
{Heap before GC invocations=0 (full 0):
 garbage-first heap   total 258048K, used 20480K [0x0000000704c00000, 0x0000000800000000)
  region size 2048K, 11 young (22528K), 0 survivors (0K)
 Metaspace       used 5138K, committed 5376K, reserved 1114112K
  class space    used 583K, committed 704K, reserved 1048576K
}
Event: 0.446 GC heap after
{Heap after GC invocations=1 (full 0):
 garbage-first heap   total 258048K, used 2742K [0x0000000704c00000, 0x0000000800000000)
  region size 2048K, 2 young (4096K), 2 survivors (4096K)
 Metaspace       used 5138K, committed 5376K, reserved 1114112K
  class space    used 583K, committed 704K, reserved 1048576K
}
Event: 2.925 GC heap before
{Heap before GC invocations=1 (full 0):
 garbage-first heap   total 258048K, used 39606K [0x0000000704c00000, 0x0000000800000000)
  region size 2048K, 20 young (40960K), 2 survivors (4096K)
 Metaspace       used 15320K, committed 15680K, reserved 1114112K
  class space    used 2209K, committed 2368K, reserved 1048576K
}
Event: 2.932 GC heap after
{Heap after GC invocations=2 (full 0):
 garbage-first heap   total 258048K, used 9395K [0x0000000704c00000, 0x0000000800000000)
  region size 2048K, 3 young (6144K), 3 survivors (6144K)
 Metaspace       used 15320K, committed 15680K, reserved 1114112K
  class space    used 2209K, committed 2368K, reserved 1048576K
}

Dll operation events (20 events):
Event: 0.269 Loaded shared library C:\Users\Алекс\.openjfx\cache\19+11\amd64\api-ms-win-crt-locale-l1-1-0.dll
Event: 0.270 Loaded shared library C:\Users\Алекс\.openjfx\cache\19+11\amd64\api-ms-win-crt-math-l1-1-0.dll
Event: 0.272 Loaded shared library C:\Users\Алекс\.openjfx\cache\19+11\amd64\api-ms-win-crt-multibyte-l1-1-0.dll
Event: 0.274 Loaded shared library C:\Users\Алекс\.openjfx\cache\19+11\amd64\api-ms-win-crt-private-l1-1-0.dll
Event: 0.276 Loaded shared library C:\Users\Алекс\.openjfx\cache\19+11\amd64\api-ms-win-crt-process-l1-1-0.dll
Event: 0.278 Loaded shared library C:\Users\Алекс\.openjfx\cache\19+11\amd64\api-ms-win-crt-runtime-l1-1-0.dll
Event: 0.279 Loaded shared library C:\Users\Алекс\.openjfx\cache\19+11\amd64\api-ms-win-crt-stdio-l1-1-0.dll
Event: 0.281 Loaded shared library C:\Users\Алекс\.openjfx\cache\19+11\amd64\api-ms-win-crt-string-l1-1-0.dll
Event: 0.282 Loaded shared library C:\Users\Алекс\.openjfx\cache\19+11\amd64\api-ms-win-crt-time-l1-1-0.dll
Event: 0.284 Loaded shared library C:\Users\Алекс\.openjfx\cache\19+11\amd64\api-ms-win-crt-utility-l1-1-0.dll
Event: 0.294 Loaded shared library C:\Users\Алекс\.openjfx\cache\19+11\amd64\ucrtbase.dll
Event: 0.297 Loaded shared library C:\Users\Алекс\.openjfx\cache\19+11\amd64\vcruntime140.dll
Event: 0.299 Loaded shared library C:\Users\Алекс\.openjfx\cache\19+11\amd64\vcruntime140_1.dll
Event: 0.304 Loaded shared library C:\Users\Алекс\.openjfx\cache\19+11\amd64\msvcp140.dll
Event: 0.306 Loaded shared library C:\Users\Алекс\.openjfx\cache\19+11\amd64\msvcp140_1.dll
Event: 0.309 Loaded shared library C:\Users\Алекс\.openjfx\cache\19+11\amd64\msvcp140_2.dll
Event: 0.332 Loaded shared library C:\Users\Алекс\.openjfx\cache\19+11\amd64\prism_d3d.dll
Event: 0.363 Loaded shared library C:\Users\Алекс\.openjfx\cache\19+11\amd64\glass.dll
Event: 0.449 Loaded shared library C:\Users\Алекс\.jdks\openjdk-19.0.1\bin\jimage.dll
Event: 0.588 Loaded shared library C:\Users\Алекс\.openjfx\cache\19+11\amd64\javafx_font.dll

Deoptimization events (20 events):
Event: 2.839 Thread 0x00000140ac3df330 Uncommon trap: trap_request=0xffffffc6 fr.pc=0x00000140942bfeec relative=0x000000000000038c
Event: 2.839 Thread 0x00000140ac3df330 Uncommon trap: reason=bimorphic_or_optimized_type_check action=maybe_recompile pc=0x00000140942bfeec method=java.util.regex.Pattern$BmpCharPropertyGreedy.match(Ljava/util/regex/Matcher;ILjava/lang/CharSequence;)Z @ 26 c2
Event: 2.839 Thread 0x00000140ac3df330 DEOPT PACKING pc=0x00000140942bfeec sp=0x0000000a060fc420
Event: 2.839 Thread 0x00000140ac3df330 DEOPT UNPACKING pc=0x0000014093cda5a3 sp=0x0000000a060fc3d8 mode 2
Event: 2.839 Thread 0x00000140ac3df330 Uncommon trap: trap_request=0xffffffc6 fr.pc=0x00000140942c2570 relative=0x0000000000000870
Event: 2.839 Thread 0x00000140ac3df330 Uncommon trap: reason=bimorphic_or_optimized_type_check action=maybe_recompile pc=0x00000140942c2570 method=java.util.regex.Pattern$Start.match(Ljava/util/regex/Matcher;ILjava/lang/CharSequence;)Z @ 44 c2
Event: 2.839 Thread 0x00000140ac3df330 DEOPT PACKING pc=0x00000140942c2570 sp=0x0000000a060fc990
Event: 2.839 Thread 0x00000140ac3df330 DEOPT UNPACKING pc=0x0000014093cda5a3 sp=0x0000000a060fc900 mode 2
Event: 2.839 Thread 0x00000140ac3df330 Uncommon trap: trap_request=0xffffffc6 fr.pc=0x00000140942bfeec relative=0x000000000000038c
Event: 2.839 Thread 0x00000140ac3df330 Uncommon trap: reason=bimorphic_or_optimized_type_check action=maybe_recompile pc=0x00000140942bfeec method=java.util.regex.Pattern$BmpCharPropertyGreedy.match(Ljava/util/regex/Matcher;ILjava/lang/CharSequence;)Z @ 26 c2
Event: 2.839 Thread 0x00000140ac3df330 DEOPT PACKING pc=0x00000140942bfeec sp=0x0000000a060fc420
Event: 2.839 Thread 0x00000140ac3df330 DEOPT UNPACKING pc=0x0000014093cda5a3 sp=0x0000000a060fc3d8 mode 2
Event: 2.839 Thread 0x00000140ac3df330 Uncommon trap: trap_request=0xffffffc6 fr.pc=0x00000140942c2570 relative=0x0000000000000870
Event: 2.839 Thread 0x00000140ac3df330 Uncommon trap: reason=bimorphic_or_optimized_type_check action=maybe_recompile pc=0x00000140942c2570 method=java.util.regex.Pattern$Start.match(Ljava/util/regex/Matcher;ILjava/lang/CharSequence;)Z @ 44 c2
Event: 2.839 Thread 0x00000140ac3df330 DEOPT PACKING pc=0x00000140942c2570 sp=0x0000000a060fc990
Event: 2.839 Thread 0x00000140ac3df330 DEOPT UNPACKING pc=0x0000014093cda5a3 sp=0x0000000a060fc900 mode 2
Event: 2.839 Thread 0x00000140ac3df330 Uncommon trap: trap_request=0xffffffc6 fr.pc=0x00000140942bfeec relative=0x000000000000038c
Event: 2.839 Thread 0x00000140ac3df330 Uncommon trap: reason=bimorphic_or_optimized_type_check action=maybe_recompile pc=0x00000140942bfeec method=java.util.regex.Pattern$BmpCharPropertyGreedy.match(Ljava/util/regex/Matcher;ILjava/lang/CharSequence;)Z @ 26 c2
Event: 2.839 Thread 0x00000140ac3df330 DEOPT PACKING pc=0x00000140942bfeec sp=0x0000000a060fc420
Event: 2.839 Thread 0x00000140ac3df330 DEOPT UNPACKING pc=0x0000014093cda5a3 sp=0x0000000a060fc3d8 mode 2

Classes loaded (20 events):
Event: 1.096 Loading class sun/util/resources/TimeZoneNamesBundle done
Event: 1.096 Loading class sun/util/resources/cldr/TimeZoneNames done
Event: 1.096 Loading class sun/util/resources/cldr/TimeZoneNames_en
Event: 1.097 Loading class sun/util/resources/cldr/TimeZoneNames_en done
Event: 1.097 Loading class sun/util/resources/cldr/TimeZoneNames_en_US
Event: 1.097 Loading class sun/util/resources/cldr/TimeZoneNames_en_US done
Event: 1.098 Loading class sun/util/cldr/CLDRBaseLocaleDataMetaInfo$TZCanonicalIDMapHolder
Event: 1.098 Loading class sun/util/cldr/CLDRBaseLocaleDataMetaInfo$TZCanonicalIDMapHolder done
Event: 1.099 Loading class sun/util/resources/TimeZoneNames
Event: 1.100 Loading class sun/util/resources/TimeZoneNames done
Event: 1.100 Loading class sun/util/resources/TimeZoneNames_en
Event: 1.100 Loading class sun/util/resources/TimeZoneNames_en done
Event: 1.901 Loading class java/io/UnsupportedEncodingException
Event: 1.901 Loading class java/io/UnsupportedEncodingException done
Event: 2.943 Loading class java/lang/FdLibm$Hypot
Event: 2.943 Loading class java/lang/FdLibm$Hypot done
Event: 2.943 Loading class java/lang/FdLibm
Event: 2.943 Loading class java/lang/FdLibm done
Event: 102.114 Loading class jdk/internal/misc/Signal$1
Event: 102.114 Loading class jdk/internal/misc/Signal$1 done

Classes unloaded (0 events):
No events

Classes redefined (0 events):
No events

Internal exceptions (20 events):
Event: 0.665 Thread 0x00000140ac3df330 Exception <a 'java/lang/NoSuchMethodError'{0x000000071363cb00}: 'void java.lang.invoke.DirectMethodHandle$Holder.invokeStaticInit(java.lang.Object, java.lang.Object)'> (0x000000071363cb00) 
thrown [s\open\src\hotspot\share\interpreter\linkResolver.cpp, line 774]
Event: 0.672 Thread 0x00000140ac3df330 Exception <a 'java/lang/NoSuchMethodError'{0x00000007136998b8}: 'void java.lang.invoke.DirectMethodHandle$Holder.invokeSpecial(java.lang.Object, java.lang.Object, int)'> (0x00000007136998b8) 
thrown [s\open\src\hotspot\share\interpreter\linkResolver.cpp, line 774]
Event: 0.672 Thread 0x00000140ac3df330 Exception <a 'java/lang/NoSuchMethodError'{0x00000007136a0df8}: 'void java.lang.invoke.DelegatingMethodHandle$Holder.reinvoke_L(java.lang.Object, java.lang.Object, int)'> (0x00000007136a0df8) 
thrown [s\open\src\hotspot\share\interpreter\linkResolver.cpp, line 774]
Event: 0.692 Thread 0x00000140ac3df330 Implicit null exception at 0x000001409428e0cb to 0x000001409428e534
Event: 0.699 Thread 0x00000140ac3df330 Implicit null exception at 0x000001409428b34b to 0x000001409428b740
Event: 0.700 Thread 0x00000140ac3df330 Implicit null exception at 0x0000014094229caf to 0x0000014094229e6c
Event: 0.743 Thread 0x00000140ac3df330 Implicit null exception at 0x000001409428560c to 0x0000014094285c4c
Event: 0.799 Thread 0x00000140ac3df330 Exception <a 'java/lang/NoSuchMethodError'{0x0000000712c74be0}: 'java.lang.Object java.lang.invoke.DirectMethodHandle$Holder.invokeInterface(java.lang.Object, java.lang.Object, java.lang.Object)'> (0x0000000712c74be0) 
thrown [s\open\src\hotspot\share\interpreter\linkResolver.cpp, line 774]
Event: 0.799 Thread 0x00000140ac3df330 Exception <a 'java/lang/IncompatibleClassChangeError'{0x0000000712c78570}: Found class java.lang.Object, but interface was expected> (0x0000000712c78570) 
thrown [s\open\src\hotspot\share\interpreter\linkResolver.cpp, line 841]
Event: 0.832 Thread 0x00000140ac3df330 Exception <a 'java/lang/NoSuchMethodError'{0x0000000712d88720}: 'int java.lang.invoke.DirectMethodHandle$Holder.invokeSpecial(java.lang.Object, java.lang.Object, int)'> (0x0000000712d88720) 
thrown [s\open\src\hotspot\share\interpreter\linkResolver.cpp, line 774]
Event: 0.843 Thread 0x00000140ac3df330 Exception <a 'java/lang/NoSuchMethodError'{0x0000000712a0b3f0}: 'java.lang.Object java.lang.invoke.DirectMethodHandle$Holder.newInvokeSpecial(java.lang.Object, java.lang.Object, int)'> (0x0000000712a0b3f0) 
thrown [s\open\src\hotspot\share\interpreter\linkResolver.cpp, line 774]
Event: 0.862 Thread 0x00000140ac267a20 Exception <a 'java/lang/NoSuchMethodError'{0x0000000712ae6a48}: 'int java.lang.invoke.DirectMethodHandle$Holder.invokeStaticInit(java.lang.Object, java.lang.Object)'> (0x0000000712ae6a48) 
thrown [s\open\src\hotspot\share\interpreter\linkResolver.cpp, line 774]
Event: 1.914 Thread 0x00000140ac3df330 Exception <a 'java/lang/NoSuchMethodError'{0x000000071242e690}: 'long java.lang.invoke.DirectMethodHandle$Holder.invokeStatic(java.lang.Object, java.lang.Object, java.lang.Object)'> (0x000000071242e690) 
thrown [s\open\src\hotspot\share\interpreter\linkResolver.cpp, line 774]
Event: 1.914 Thread 0x00000140ac3df330 Exception <a 'java/lang/NoSuchMethodError'{0x0000000712431d08}: 'long java.lang.invoke.DirectMethodHandle$Holder.invokeStaticInit(java.lang.Object, java.lang.Object, java.lang.Object)'> (0x0000000712431d08) 
thrown [s\open\src\hotspot\share\interpreter\linkResolver.cpp, line 774]
Event: 1.915 Thread 0x00000140ac3df330 Exception <a 'java/lang/NoSuchMethodError'{0x000000071244a2f8}: 'java.lang.Object java.lang.invoke.DirectMethodHandle$Holder.newInvokeSpecial(java.lang.Object, java.lang.Object, long)'> (0x000000071244a2f8) 
thrown [s\open\src\hotspot\share\interpreter\linkResolver.cpp, line 774]
Event: 1.915 Thread 0x00000140ac3df330 Exception <a 'java/lang/NoSuchMethodError'{0x000000071244de80}: 'java.lang.Object java.lang.invoke.Invokers$Holder.linkToTargetMethod(java.lang.Object, long, java.lang.Object)'> (0x000000071244de80) 
thrown [s\open\src\hotspot\share\interpreter\linkResolver.cpp, line 774]
Event: 2.885 Thread 0x00000140ac3df330 Exception <a 'java/lang/ClassNotFoundException'{0x0000000712295070}: com/sun/javafx/scene/control/skin/resources/controls> (0x0000000712295070) 
thrown [s\open\src\hotspot\share\prims\jni.cpp, line 536]
Event: 2.886 Thread 0x00000140ac3df330 Exception <a 'java/lang/ClassNotFoundException'{0x00000007122a3368}: com/sun/javafx/scene/control/skin/resources/controls_ru> (0x00000007122a3368) 
thrown [s\open\src\hotspot\share\prims\jni.cpp, line 536]
Event: 2.886 Thread 0x00000140ac3df330 Exception <a 'java/lang/ClassNotFoundException'{0x00000007122a45e8}: com/sun/javafx/scene/control/skin/resources/controls_ru_RU> (0x00000007122a45e8) 
thrown [s\open\src\hotspot\share\prims\jni.cpp, line 536]
Event: 2.909 Thread 0x00000140ac3df330 Exception <a 'java/lang/NoSuchMethodError'{0x000000071204b1d8}: 'void java.lang.invoke.DirectMethodHandle$Holder.invokeSpecial(java.lang.Object, java.lang.Object, java.lang.Object, java.lang.Object, java.lang.Object, java.lang.Object)'> (0x000000071204b1d8) 
thrown [s\open\src\hotspot\share\interpreter\linkResolver.cpp, line 774]

VM Operations (20 events):
Event: 2.789 Executing VM operation: Cleanup done
Event: 2.925 Executing VM operation: G1CollectForAllocation
Event: 2.932 Executing VM operation: G1CollectForAllocation done
Event: 3.933 Executing VM operation: Cleanup
Event: 3.933 Executing VM operation: Cleanup done
Event: 5.934 Executing VM operation: Cleanup
Event: 5.934 Executing VM operation: Cleanup done
Event: 6.935 Executing VM operation: Cleanup
Event: 6.935 Executing VM operation: Cleanup done
Event: 7.936 Executing VM operation: Cleanup
Event: 7.936 Executing VM operation: Cleanup done
Event: 8.937 Executing VM operation: Cleanup
Event: 8.937 Executing VM operation: Cleanup done
Event: 9.937 Executing VM operation: Cleanup
Event: 9.938 Executing VM operation: Cleanup done
Event: 11.938 Executing VM operation: Cleanup
Event: 11.938 Executing VM operation: Cleanup done
Event: 13.939 Executing VM operation: Cleanup
Event: 13.939 Executing VM operation: Cleanup done
Event: 102.116 Executing VM operation: Exit

Events (20 events):
Event: 0.148 Thread 0x00000140ac0cc650 Thread added: 0x00000140ac0cc650
Event: 0.326 Thread 0x00000140ac267a20 Thread added: 0x00000140ac267a20
Event: 0.348 Thread 0x00000140a75e8eb0 Thread exited: 0x00000140a75e8eb0
Event: 0.364 Thread 0x00000140ac3e5c70 Thread added: 0x00000140ac3e5c70
Event: 0.366 Thread 0x00000140ac3df330 Thread added: 0x00000140ac3df330
Event: 0.425 Thread 0x00000140ac695980 Thread added: 0x00000140ac695980
Event: 0.425 Thread 0x00000140ac695ed0 Thread added: 0x00000140ac695ed0
Event: 0.605 Thread 0x00000140ac694ee0 Thread added: 0x00000140ac694ee0
Event: 0.917 Thread 0x00000140ac693ef0 Thread added: 0x00000140ac693ef0
Event: 1.091 Thread 0x00000140a75e9440 Thread exited: 0x00000140a75e9440
Event: 1.104 Thread 0x00000140a75e8eb0 Thread added: 0x00000140a75e8eb0
Event: 1.495 Thread 0x00000140a75e8eb0 Thread exited: 0x00000140a75e8eb0
Event: 2.945 Thread 0x00000140a75e9440 Thread added: 0x00000140a75e9440
Event: 3.113 Thread 0x00000140a75e9440 Thread exited: 0x00000140a75e9440
Event: 102.114 Thread 0x00000140ac696420 Thread added: 0x00000140ac696420
Event: 102.115 Thread 0x00000140ac694440 Thread added: 0x00000140ac694440
Event: 102.115 Thread 0x00000140ac694990 Thread added: 0x00000140ac694990
Event: 102.115 Thread 0x00000140ac694440 Thread exited: 0x00000140ac694440
Event: 102.116 Thread 0x00000140ac694990 Thread exited: 0x00000140ac694990
Event: 102.116 Thread 0x00000140a75d8190 Thread exited: 0x00000140a75d8190


Dynamic libraries:
0x00007ff6b71a0000 - 0x00007ff6b71ae000 	C:\Users\Алекс\.jdks\openjdk-19.0.1\bin\java.exe
0x00007ffc3ced0000 - 0x00007ffc3d0e7000 	C:\WINDOWS\SYSTEM32\ntdll.dll
0x00007ffc3c9c0000 - 0x00007ffc3ca84000 	C:\WINDOWS\System32\KERNEL32.DLL
0x00007ffc3a590000 - 0x00007ffc3a936000 	C:\WINDOWS\System32\KERNELBASE.dll
0x00007ffc3aa70000 - 0x00007ffc3ab81000 	C:\WINDOWS\System32\ucrtbase.dll
0x00007ffbef8a0000 - 0x00007ffbef8bb000 	C:\Users\Алекс\.jdks\openjdk-19.0.1\bin\VCRUNTIME140.dll
0x00007ffbfeb80000 - 0x00007ffbfeb97000 	C:\Users\Алекс\.jdks\openjdk-19.0.1\bin\jli.dll
0x00007ffc3bd30000 - 0x00007ffc3bedd000 	C:\WINDOWS\System32\USER32.dll
0x00007ffc39440000 - 0x00007ffc396d3000 	C:\WINDOWS\WinSxS\amd64_microsoft.windows.common-controls_6595b64144ccf1df_6.0.22621.2361_none_2712ced57382f843\COMCTL32.dll
0x00007ffc3a250000 - 0x00007ffc3a276000 	C:\WINDOWS\System32\win32u.dll
0x00007ffc3cc90000 - 0x00007ffc3ccb9000 	C:\WINDOWS\System32\GDI32.dll
0x00007ffc3cbe0000 - 0x00007ffc3cc87000 	C:\WINDOWS\System32\msvcrt.dll
0x00007ffc3a280000 - 0x00007ffc3a398000 	C:\WINDOWS\System32\gdi32full.dll
0x00007ffc3ab90000 - 0x00007ffc3ac2a000 	C:\WINDOWS\System32\msvcp_win.dll
0x00007ffc3bee0000 - 0x00007ffc3bf11000 	C:\WINDOWS\System32\IMM32.DLL
0x00007ffc1a560000 - 0x00007ffc1a56c000 	C:\Users\Алекс\.jdks\openjdk-19.0.1\bin\vcruntime140_1.dll
0x00007ffbdbd60000 - 0x00007ffbdbdee000 	C:\Users\Алекс\.jdks\openjdk-19.0.1\bin\msvcp140.dll
0x00007ffbb8220000 - 0x00007ffbb8ee0000 	C:\Users\Алекс\.jdks\openjdk-19.0.1\bin\server\jvm.dll
0x00007ffc3bf20000 - 0x00007ffc3bfd0000 	C:\WINDOWS\System32\ADVAPI32.dll
0x00007ffc3c910000 - 0x00007ffc3c9b6000 	C:\WINDOWS\System32\sechost.dll
0x00007ffc3c770000 - 0x00007ffc3c887000 	C:\WINDOWS\System32\RPCRT4.dll
0x00007ffc1bc80000 - 0x00007ffc1bc89000 	C:\WINDOWS\SYSTEM32\WSOCK32.dll
0x00007ffc25620000 - 0x00007ffc25654000 	C:\WINDOWS\SYSTEM32\WINMM.dll
0x00007ffc30750000 - 0x00007ffc3075a000 	C:\WINDOWS\SYSTEM32\VERSION.dll
0x00007ffc3c640000 - 0x00007ffc3c6b1000 	C:\WINDOWS\System32\WS2_32.dll
0x00007ffc38e20000 - 0x00007ffc38e38000 	C:\WINDOWS\SYSTEM32\kernel.appcore.dll
0x00007ffc1a390000 - 0x00007ffc1a39a000 	C:\Users\Алекс\.jdks\openjdk-19.0.1\bin\jimage.dll
0x00007ffc39b80000 - 0x00007ffc39dae000 	C:\WINDOWS\SYSTEM32\DBGHELP.DLL
0x00007ffc3c0d0000 - 0x00007ffc3c45a000 	C:\WINDOWS\System32\combase.dll
0x00007ffc3bad0000 - 0x00007ffc3bba7000 	C:\WINDOWS\System32\OLEAUT32.dll
0x00007ffc39a40000 - 0x00007ffc39a72000 	C:\WINDOWS\SYSTEM32\dbgcore.DLL
0x00007ffc3a510000 - 0x00007ffc3a58a000 	C:\WINDOWS\System32\bcryptPrimitives.dll
0x00007ffc26860000 - 0x00007ffc2686e000 	C:\Users\Алекс\.jdks\openjdk-19.0.1\bin\instrument.dll
0x00007ffbdbd30000 - 0x00007ffbdbd56000 	C:\Users\Алекс\.jdks\openjdk-19.0.1\bin\java.dll
0x00007ffbd2500000 - 0x00007ffbd25d7000 	C:\Users\Алекс\.jdks\openjdk-19.0.1\bin\jsvml.dll
0x00007ffc3b270000 - 0x00007ffc3bac8000 	C:\WINDOWS\System32\SHELL32.dll
0x00007ffc377b0000 - 0x00007ffc380a2000 	C:\WINDOWS\SYSTEM32\windows.storage.dll
0x00007ffc37640000 - 0x00007ffc3777e000 	C:\WINDOWS\SYSTEM32\wintypes.dll
0x00007ffc3c460000 - 0x00007ffc3c553000 	C:\WINDOWS\System32\SHCORE.dll
0x00007ffc3c560000 - 0x00007ffc3c5be000 	C:\WINDOWS\System32\shlwapi.dll
0x00007ffc3a180000 - 0x00007ffc3a1a6000 	C:\WINDOWS\SYSTEM32\profapi.dll
0x00007ffbeb960000 - 0x00007ffbeb973000 	C:\Users\Алекс\.jdks\openjdk-19.0.1\bin\net.dll
0x00007ffc30d60000 - 0x00007ffc30e97000 	C:\WINDOWS\SYSTEM32\WINHTTP.dll
0x00007ffc39080000 - 0x00007ffc390e9000 	C:\WINDOWS\system32\mswsock.dll
0x00007ffbeb920000 - 0x00007ffbeb936000 	C:\Users\Алекс\.jdks\openjdk-19.0.1\bin\nio.dll
0x00007ffbeb770000 - 0x00007ffbeb788000 	C:\Users\Алекс\.jdks\openjdk-19.0.1\bin\zip.dll
0x00007ffbe10f0000 - 0x00007ffbe110a000 	C:\Program Files\JetBrains\IntelliJ IDEA 2022.3.1\bin\breakgen64.dll
0x00000140a7b60000 - 0x00000140a7b63000 	C:\Users\Алекс\.openjfx\cache\19+11\amd64\api-ms-win-core-console-l1-1-0.dll
0x00000140a7b70000 - 0x00000140a7b73000 	C:\Users\Алекс\.openjfx\cache\19+11\amd64\api-ms-win-core-console-l1-2-0.dll
0x00000140a7b80000 - 0x00000140a7b83000 	C:\Users\Алекс\.openjfx\cache\19+11\amd64\api-ms-win-core-datetime-l1-1-0.dll
0x00000140a7b90000 - 0x00000140a7b93000 	C:\Users\Алекс\.openjfx\cache\19+11\amd64\api-ms-win-core-debug-l1-1-0.dll
0x00000140a7ba0000 - 0x00000140a7ba3000 	C:\Users\Алекс\.openjfx\cache\19+11\amd64\api-ms-win-core-errorhandling-l1-1-0.dll
0x00000140a7bb0000 - 0x00000140a7bb4000 	C:\Users\Алекс\.openjfx\cache\19+11\amd64\api-ms-win-core-file-l1-1-0.dll
0x00000140a7bc0000 - 0x00000140a7bc3000 	C:\Users\Алекс\.openjfx\cache\19+11\amd64\api-ms-win-core-file-l1-2-0.dll
0x00000140a7bd0000 - 0x00000140a7bd3000 	C:\Users\Алекс\.openjfx\cache\19+11\amd64\api-ms-win-core-file-l2-1-0.dll
0x00000140a7be0000 - 0x00000140a7be3000 	C:\Users\Алекс\.openjfx\cache\19+11\amd64\api-ms-win-core-handle-l1-1-0.dll
0x00000140a7bf0000 - 0x00000140a7bf3000 	C:\Users\Алекс\.openjfx\cache\19+11\amd64\api-ms-win-core-heap-l1-1-0.dll
0x00000140ac800000 - 0x00000140ac803000 	C:\Users\Алекс\.openjfx\cache\19+11\amd64\api-ms-win-core-interlocked-l1-1-0.dll
0x00000140ac810000 - 0x00000140ac813000 	C:\Users\Алекс\.openjfx\cache\19+11\amd64\api-ms-win-core-libraryloader-l1-1-0.dll
0x00000140ac820000 - 0x00000140ac823000 	C:\Users\Алекс\.openjfx\cache\19+11\amd64\api-ms-win-core-localization-l1-2-0.dll
0x00000140ac830000 - 0x00000140ac833000 	C:\Users\Алекс\.openjfx\cache\19+11\amd64\api-ms-win-core-memory-l1-1-0.dll
0x00000140ac840000 - 0x00000140ac843000 	C:\Users\Алекс\.openjfx\cache\19+11\amd64\api-ms-win-core-namedpipe-l1-1-0.dll
0x00000140ac850000 - 0x00000140ac853000 	C:\Users\Алекс\.openjfx\cache\19+11\amd64\api-ms-win-core-processenvironment-l1-1-0.dll
0x00000140ac860000 - 0x00000140ac863000 	C:\Users\Алекс\.openjfx\cache\19+11\amd64\api-ms-win-core-processthreads-l1-1-0.dll
0x00000140ac870000 - 0x00000140ac873000 	C:\Users\Алекс\.openjfx\cache\19+11\amd64\api-ms-win-core-processthreads-l1-1-1.dll
0x00000140ac880000 - 0x00000140ac883000 	C:\Users\Алекс\.openjfx\cache\19+11\amd64\api-ms-win-core-profile-l1-1-0.dll
0x00000140ac890000 - 0x00000140ac893000 	C:\Users\Алекс\.openjfx\cache\19+11\amd64\api-ms-win-core-rtlsupport-l1-1-0.dll
0x00000140ac8a0000 - 0x00000140ac8a3000 	C:\Users\Алекс\.openjfx\cache\19+11\amd64\api-ms-win-core-string-l1-1-0.dll
0x00000140ac8b0000 - 0x00000140ac8b3000 	C:\Users\Алекс\.openjfx\cache\19+11\amd64\api-ms-win-core-synch-l1-1-0.dll
0x00000140ac8c0000 - 0x00000140ac8c3000 	C:\Users\Алекс\.openjfx\cache\19+11\amd64\api-ms-win-core-synch-l1-2-0.dll
0x00000140ac8d0000 - 0x00000140ac8d3000 	C:\Users\Алекс\.openjfx\cache\19+11\amd64\api-ms-win-core-sysinfo-l1-1-0.dll
0x00000140ac8e0000 - 0x00000140ac8e3000 	C:\Users\Алекс\.openjfx\cache\19+11\amd64\api-ms-win-core-timezone-l1-1-0.dll
0x00000140ac8f0000 - 0x00000140ac8f3000 	C:\Users\Алекс\.openjfx\cache\19+11\amd64\api-ms-win-core-util-l1-1-0.dll
0x00000140ac900000 - 0x00000140ac903000 	C:\Users\Алекс\.openjfx\cache\19+11\amd64\api-ms-win-crt-conio-l1-1-0.dll
0x00000140ac910000 - 0x00000140ac914000 	C:\Users\Алекс\.openjfx\cache\19+11\amd64\api-ms-win-crt-convert-l1-1-0.dll
0x00000140ac920000 - 0x00000140ac923000 	C:\Users\Алекс\.openjfx\cache\19+11\amd64\api-ms-win-crt-environment-l1-1-0.dll
0x00000140ac930000 - 0x00000140ac933000 	C:\Users\Алекс\.openjfx\cache\19+11\amd64\api-ms-win-crt-filesystem-l1-1-0.dll
0x00000140ac940000 - 0x00000140ac943000 	C:\Users\Алекс\.openjfx\cache\19+11\amd64\api-ms-win-crt-heap-l1-1-0.dll
0x00000140ac950000 - 0x00000140ac953000 	C:\Users\Алекс\.openjfx\cache\19+11\amd64\api-ms-win-crt-locale-l1-1-0.dll
0x00000140ac960000 - 0x00000140ac965000 	C:\Users\Алекс\.openjfx\cache\19+11\amd64\api-ms-win-crt-math-l1-1-0.dll
0x00000140ac970000 - 0x00000140ac975000 	C:\Users\Алекс\.openjfx\cache\19+11\amd64\api-ms-win-crt-multibyte-l1-1-0.dll
0x00000140ac980000 - 0x00000140ac990000 	C:\Users\Алекс\.openjfx\cache\19+11\amd64\api-ms-win-crt-private-l1-1-0.dll
0x00000140ac990000 - 0x00000140ac993000 	C:\Users\Алекс\.openjfx\cache\19+11\amd64\api-ms-win-crt-process-l1-1-0.dll
0x00000140ac9a0000 - 0x00000140ac9a4000 	C:\Users\Алекс\.openjfx\cache\19+11\amd64\api-ms-win-crt-runtime-l1-1-0.dll
0x00000140ac9b0000 - 0x00000140ac9b4000 	C:\Users\Алекс\.openjfx\cache\19+11\amd64\api-ms-win-crt-stdio-l1-1-0.dll
0x00000140ac9c0000 - 0x00000140ac9c4000 	C:\Users\Алекс\.openjfx\cache\19+11\amd64\api-ms-win-crt-string-l1-1-0.dll
0x00000140ac9d0000 - 0x00000140ac9d3000 	C:\Users\Алекс\.openjfx\cache\19+11\amd64\api-ms-win-crt-time-l1-1-0.dll
0x00000140ac9e0000 - 0x00000140ac9e3000 	C:\Users\Алекс\.openjfx\cache\19+11\amd64\api-ms-win-crt-utility-l1-1-0.dll
0x00007ffbd4450000 - 0x00007ffbd454c000 	C:\Users\Алекс\.openjfx\cache\19+11\amd64\ucrtbase.dll
0x00007ffbe05e0000 - 0x00007ffbe05fb000 	C:\Users\Алекс\.openjfx\cache\19+11\amd64\vcruntime140.dll
0x00007ffc11560000 - 0x00007ffc1156c000 	C:\Users\Алекс\.openjfx\cache\19+11\amd64\vcruntime140_1.dll
0x00007ffbd43c0000 - 0x00007ffbd444e000 	C:\Users\Алекс\.openjfx\cache\19+11\amd64\msvcp140.dll
0x00007ffc10b00000 - 0x00007ffc10b09000 	C:\Users\Алекс\.openjfx\cache\19+11\amd64\msvcp140_1.dll
0x00007ffbdbc90000 - 0x00007ffbdbcc0000 	C:\Users\Алекс\.openjfx\cache\19+11\amd64\msvcp140_2.dll
0x00007ffbdbc60000 - 0x00007ffbdbc8c000 	C:\Users\Алекс\.openjfx\cache\19+11\amd64\prism_d3d.dll
0x00007ffc25800000 - 0x00007ffc259a9000 	C:\WINDOWS\system32\d3d9.dll
0x00007ffc34170000 - 0x00007ffc3419b000 	C:\WINDOWS\SYSTEM32\dwmapi.dll
0x00007ffc36940000 - 0x00007ffc36976000 	C:\WINDOWS\SYSTEM32\dxcore.dll
0x00007ffc33ef0000 - 0x00007ffc33f9b000 	C:\WINDOWS\system32\uxtheme.dll
0x00007ffbda140000 - 0x00007ffbda2e8000 	C:\WINDOWS\System32\DriverStore\FileRepository\iigd_dch.inf_amd64_e04d20469f199b2b\igdumdim64.dll
0x00007ffc3b0d0000 - 0x00007ffc3b26f000 	C:\WINDOWS\System32\ole32.dll
0x00007ffbcd840000 - 0x00007ffbd1461000 	C:\WINDOWS\System32\DriverStore\FileRepository\iigd_dch.inf_amd64_e04d20469f199b2b\igd9dxva64.dll
0x00007ffc3ac30000 - 0x00007ffc3b0a4000 	C:\WINDOWS\System32\SETUPAPI.dll
0x00007ffc39f40000 - 0x00007ffc39f8e000 	C:\WINDOWS\SYSTEM32\cfgmgr32.dll
0x00007ffc2c3f0000 - 0x00007ffc2c7b8000 	C:\WINDOWS\System32\DriverStore\FileRepository\iigd_dch.inf_amd64_e04d20469f199b2b\igdgmm64.dll
0x00007ffc317f0000 - 0x00007ffc3183a000 	C:\WINDOWS\SYSTEM32\directxdatabasehelper.dll
0x00007ffbdba10000 - 0x00007ffbdba52000 	C:\Users\Алекс\.openjfx\cache\19+11\amd64\glass.dll
0x00007ffc3bfd0000 - 0x00007ffc3c0c9000 	C:\WINDOWS\System32\COMDLG32.dll
0x00007ffc3bbd0000 - 0x00007ffc3bd1c000 	C:\WINDOWS\System32\MSCTF.dll
0x00007ffc22220000 - 0x00007ffc22247000 	C:\WINDOWS\System32\DriverStore\FileRepository\iigd_dch.inf_amd64_e04d20469f199b2b\igdinfo64.dll
0x00007ffc28be0000 - 0x00007ffc2c1e5000 	C:\WINDOWS\System32\DriverStore\FileRepository\iigd_dch.inf_amd64_e04d20469f199b2b\igc64.dll
0x00007ffbdc3c0000 - 0x00007ffbdc3d4000 	C:\Users\Алекс\.openjfx\cache\19+11\amd64\javafx_font.dll
0x00007ffc33210000 - 0x00007ffc33483000 	C:\WINDOWS\SYSTEM32\dwrite.dll
0x00007ffc3cb30000 - 0x00007ffc3cbe0000 	C:\WINDOWS\System32\clbcatq.dll
0x00007ffc32420000 - 0x00007ffc325d0000 	C:\WINDOWS\SYSTEM32\WindowsCodecs.dll
0x00007ffc15500000 - 0x00007ffc1555e000 	C:\WINDOWS\system32\dataexchange.dll
0x00007ffc2e4e0000 - 0x00007ffc2e765000 	C:\WINDOWS\system32\twinapi.appcore.dll
0x00007ffc158c0000 - 0x00007ffc158f2000 	C:\Program Files\Common Files\Microsoft Shared\Ink\rtscom.dll
0x00007ffc256b0000 - 0x00007ffc257fa000 	C:\WINDOWS\SYSTEM32\textinputframework.dll
0x00007ffc33b00000 - 0x00007ffc33c33000 	C:\WINDOWS\SYSTEM32\CoreMessaging.dll
0x00007ffc2fcd0000 - 0x00007ffc3003c000 	C:\WINDOWS\SYSTEM32\CoreUIComponents.dll
0x00007ffc39320000 - 0x00007ffc3932c000 	C:\WINDOWS\SYSTEM32\CRYPTBASE.DLL
0x00007ffc32c20000 - 0x00007ffc3320e000 	C:\WINDOWS\SYSTEM32\d2d1.dll
0x00007ffc329c0000 - 0x00007ffc32c17000 	C:\WINDOWS\SYSTEM32\d3d11.dll
0x00007ffc34060000 - 0x00007ffc34158000 	C:\WINDOWS\SYSTEM32\dxgi.dll
0x00007ffc2ed20000 - 0x00007ffc2f431000 	C:\WINDOWS\SYSTEM32\D3D10Warp.dll

dbghelp: loaded successfully - version: 4.0.5 - missing functions: none
symbol engine: initialized successfully - sym options: 0x614 - pdb path: .;C:\Users\Алекс\.jdks\openjdk-19.0.1\bin;C:\WINDOWS\SYSTEM32;C:\WINDOWS\WinSxS\amd64_microsoft.windows.common-controls_6595b64144ccf1df_6.0.22621.2361_none_2712ced57382f843;C:\Users\Алекс\.jdks\openjdk-19.0.1\bin\server;C:\Program Files\JetBrains\IntelliJ IDEA 2022.3.1\bin;C:\Users\Алекс\.openjfx\cache\19+11\amd64;C:\WINDOWS\System32\DriverStore\FileRepository\iigd_dch.inf_amd64_e04d20469f199b2b;C:\Program Files\Common Files\Microsoft Shared\Ink

VM Arguments:
jvm_args: -javaagent:C:\Program Files\JetBrains\IntelliJ IDEA 2022.3.1\lib\idea_rt.jar=60309:C:\Program Files\JetBrains\IntelliJ IDEA 2022.3.1\bin -Dfile.encoding=UTF-8 -Dsun.stdout.encoding=UTF-8 -Dsun.stderr.encoding=UTF-8 --module-path=C:\Users\Алекс\.m2\repository\org\openjfx\javafx-fxml\19\javafx-fxml-19-win.jar;C:\Users\Алекс\IdeaProjects\FirstApp\target\classes;C:\Users\Алекс\.m2\repository\org\openjfx\javafx-base\19\javafx-base-19-win.jar;C:\Users\Алекс\.m2\repository\org\openjfx\javafx-graphics\19\javafx-graphics-19-win.jar;C:\Users\Алекс\.m2\repository\org\openjfx\javafx-controls\19\javafx-controls-19-win.jar -Djdk.module.main=com.example.firstapp 
java_command: com.example.firstapp/com.example.firstapp.HelloApplication
java_class_path (initial): C:\Users\Алекс\.m2\repository\org\openjfx\javafx-controls\19\javafx-controls-19.jar;C:\Users\Алекс\.m2\repository\org\openjfx\javafx-graphics\19\javafx-graphics-19.jar;C:\Users\Алекс\.m2\repository\org\openjfx\javafx-base\19\javafx-base-19.jar;C:\Users\Алекс\.m2\repository\org\openjfx\javafx-fxml\19\javafx-fxml-19.jar
Launcher Type: SUN_STANDARD

[Global flags]
     intx CICompilerCount                          = 4                                         {product} {ergonomic}
     uint ConcGCThreads                            = 2                                         {product} {ergonomic}
     uint G1ConcRefinementThreads                  = 8                                         {product} {ergonomic}
   size_t G1HeapRegionSize                         = 2097152                                   {product} {ergonomic}
    uintx GCDrainStackTargetSize                   = 64                                        {product} {ergonomic}
   size_t InitialHeapSize                          = 264241152                                 {product} {ergonomic}
   size_t MarkStackSize                            = 4194304                                   {product} {ergonomic}
   size_t MaxHeapSize                              = 4215275520                                {product} {ergonomic}
   size_t MaxNewSize                               = 2529165312                                {product} {ergonomic}
   size_t MinHeapDeltaBytes                        = 2097152                                   {product} {ergonomic}
   size_t MinHeapSize                              = 8388608                                   {product} {ergonomic}
    uintx NonNMethodCodeHeapSize                   = 5839372                                {pd product} {ergonomic}
    uintx NonProfiledCodeHeapSize                  = 122909434                              {pd product} {ergonomic}
    uintx ProfiledCodeHeapSize                     = 122909434                              {pd product} {ergonomic}
    uintx ReservedCodeCacheSize                    = 251658240                              {pd product} {ergonomic}
     bool SegmentedCodeCache                       = true                                      {product} {ergonomic}
   size_t SoftMaxHeapSize                          = 4215275520                             {manageable} {ergonomic}
     bool UseCompressedClassPointers               = true                           {product lp64_product} {ergonomic}
     bool UseCompressedOops                        = true                           {product lp64_product} {ergonomic}
     bool UseG1GC                                  = true                                      {product} {ergonomic}
     bool UseLargePagesIndividualAllocation        = false                                  {pd product} {ergonomic}

Logging:
Log output configuration:
 #0: stdout all=off uptime,level,tags foldmultilines=false
 #1: stderr all=off uptime,level,tags foldmultilines=false

Environment Variables:
PATH=C:\WINDOWS\system32;C:\WINDOWS;C:\WINDOWS\System32\Wbem;C:\WINDOWS\System32\WindowsPowerShell\v1.0\;C:\WINDOWS\System32\OpenSSH\;C:\Program Files\Git\cmd;C:\Program Files\PowerShell\7\;C:\Program Files\Cloudflare\Cloudflare WARP\;C:\Users\Алекс\AppData\Local\Programs\Python\Python311\Scripts\;C:\Users\Алекс\AppData\Local\Programs\Python\Python311\;C:\Users\Алекс\AppData\Local\Microsoft\WindowsApps;C:\Users\Алекс\AppData\Local\GitHubDesktop\bin;C:\Users\Алекс\AppData\Local\Programs\Microsoft VS Code\bin
USERNAME=Алекс
OS=Windows_NT
PROCESSOR_IDENTIFIER=Intel64 Family 6 Model 140 Stepping 1, GenuineIntel
TMP=C:\Users\E47B~1\AppData\Local\Temp
TEMP=C:\Users\E47B~1\AppData\Local\Temp



---------------  S Y S T E M  ---------------

OS:
 Windows 11 , 64 bit Build 22621 (10.0.22621.2428)
OS uptime: 11 days 17:54 hours
Hyper-V role detected

CPU: total 8 (initial active 8) (4 cores per cpu, 2 threads per core) family 6 model 140 stepping 1 microcode 0x86, cx8, cmov, fxsr, ht, mmx, 3dnowpref, sse, sse2, sse3, ssse3, sse4.1, sse4.2, popcnt, lzcnt, tsc, tscinvbit, avx, avx2, aes, erms, clmul, bmi1, bmi2, adx, avx512f, avx512dq, avx512cd, avx512bw, avx512vl, sha, fma, vzeroupper, avx512_vpopcntdq, avx512_vpclmulqdq, avx512_vaes, avx512_vnni, clflush, clflushopt, clwb, avx512_vbmi2, avx512_vbmi, hv, rdtscp, rdpid, fsrm, gfni, avx512_bitalg

Memory: 4k page, system-wide physical 16075M (5766M free)
TotalPageFile size 17700M (AvailPageFile size 2885M)
current process WorkingSet (physical memory assigned to process): 169M, peak: 192M
current process commit charge ("private bytes"): 414M, peak: 438M

vm_info: OpenJDK 64-Bit Server VM (19.0.1+10-21) for windows-amd64 JRE (19.0.1+10-21), built on 2022-09-14T12:45:06Z by "mach5one" with MS VC++ 17.1 (VS2022)

END.
