#
# A fatal error has been detected by the Java Runtime Environment:
#
#  EXCEPTION_ACCESS_VIOLATION (0xc0000005) at pc=0x00007ffaaeeb63b7, pid=16212, tid=13128
#
# JRE version: Java(TM) SE Runtime Environment (21.0.1+12) (build 21.0.1+12-LTS-29)
# Java VM: Java HotSpot(TM) 64-Bit Server VM (21.0.1+12-LTS-29, mixed mode, sharing, tiered, compressed oops, compressed class ptrs, g1 gc, windows-amd64)
# Problematic frame:
# C  [glass.dll+0x263b7]
#
# No core dump will be written. Minidumps are not enabled by default on client versions of Windows
#
# If you would like to submit a bug report, please visit:
#   https://bugreport.java.com/bugreport/crash.jsp
#

---------------  S U M M A R Y ------------

Command Line: -javaagent:C:\Program Files\JetBrains\IntelliJ IDEA 2022.3.1\lib\idea_rt.jar=52615:C:\Program Files\JetBrains\IntelliJ IDEA 2022.3.1\bin -Dfile.encoding=UTF-8 -Dsun.stdout.encoding=UTF-8 -Dsun.stderr.encoding=UTF-8 --module-path=C:\Users\Алекс\.m2\repository\org\openjfx\javafx-controls\19\javafx-controls-19-win.jar;C:\Users\Алекс\.m2\repository\org\openjfx\javafx-fxml\19\javafx-fxml-19-win.jar;C:\Users\Алекс\IdeaProjects\FirstApp\target\classes;C:\Users\Алекс\.m2\repository\org\openjfx\javafx-base\19\javafx-base-19-win.jar;C:\Users\Алекс\.m2\repository\org\openjfx\javafx-graphics\19\javafx-graphics-19-win.jar -Djdk.module.main=com.example.firstapp com.example.firstapp/com.example.firstapp.HelloApplication

Host: 11th Gen Intel(R) Core(TM) i5-11300H @ 3.10GHz, 8 cores, 15G,  Windows 11 , 64 bit Build 22621 (10.0.22621.2428)
Time: Tue Nov  7 15:35:28 2023  Windows 11 , 64 bit Build 22621 (10.0.22621.2428) elapsed time: 131.936682 seconds (0d 0h 2m 11s)

---------------  T H R E A D  ---------------

Current thread (0x0000027b24c36250):  VMThread "VM Thread"          [id=13128, stack(0x00000096e8300000,0x00000096e8400000) (1024K)]

Stack: [0x00000096e8300000,0x00000096e8400000],  sp=0x00000096e83fecd0,  free space=1019k
Native frames: (J=compiled Java code, j=interpreted, Vv=VM code, C=native code)
C  [glass.dll+0x263b7]


siginfo: EXCEPTION_ACCESS_VIOLATION (0xc0000005), reading address 0x0000000000000000


Registers:
RAX=0x0000000000000000, RBX=0x0000027b24c421ea, RCX=0x0000027b24c36250, RDX=0x00000096e83fecd0
RSP=0x00000096e83fecd0, RBP=0x0000027b6a979c68, RSI=0x00000096e83fedd8, RDI=0x0000027b6a979c40
R8 =0x0000000000010002, R9 =0x0000027b6a979c40, R10=0x85f13e9656da4870, R11=0x00000096e83fec60
R12=0x00007ffaaeeb3cf0, R13=0x00007ffa8d4a1fa0, R14=0x0000cb608763c8e9, R15=0x0000027b6a979c40
RIP=0x00007ffaaeeb63b7, EFLAGS=0x0000000000010202


Register to memory mapping:

RAX=0x0 is null
RBX=0x0000027b24c421ea is a global jni handle
RCX=0x0000027b24c36250 points into unknown readable memory: 0x00007ffa8d2b3f88 | 88 3f 2b 8d fa 7f 00 00
RDX=0x00000096e83fecd0 points into unknown readable memory: 0x0000000000000000 | 00 00 00 00 00 00 00 00
RSP=0x00000096e83fecd0 points into unknown readable memory: 0x0000000000000000 | 00 00 00 00 00 00 00 00
RBP=0x0000027b6a979c68 points into unknown readable memory: 0x0000cb608763c8e9 | e9 c8 63 87 60 cb 00 00
RSI=0x00000096e83fedd8 points into unknown readable memory: 0x00000096e83fedc0 | c0 ed 3f e8 96 00 00 00
RDI=0x0000027b6a979c40 points into unknown readable memory: 0xd670db60879c3db4 | b4 3d 9c 87 60 db 70 d6
R8 =0x0000000000010002 is an unknown value
R9 =0x0000027b6a979c40 points into unknown readable memory: 0xd670db60879c3db4 | b4 3d 9c 87 60 db 70 d6
R10=0x85f13e9656da4870 is an unknown value
R11=0x00000096e83fec60 points into unknown readable memory: 0x0000027b6a979c40 | 40 9c 97 6a 7b 02 00 00
R12=0x00007ffaaeeb3cf0 glass.dll
R13=0x00007ffa8d4a1fa0 jvm.dll
R14=0x0000cb608763c8e9 is an unknown value
R15=0x0000027b6a979c40 points into unknown readable memory: 0xd670db60879c3db4 | b4 3d 9c 87 60 db 70 d6

Top of Stack: (sp=0x00000096e83fecd0)
0x00000096e83fecd0:   0000000000000000 00000096e83fedd8
0x00000096e83fece0:   00007ffa8d4a1fa0 00007ffaaeeb3cf0
0x00000096e83fecf0:   0000027b6a979c48 00007ffad26f3a83
0x00000096e83fed00:   0000027b6a979c40 0000027b00000000
0x00000096e83fed10:   0000027b6a979c68 00000096e83fedd8
0x00000096e83fed20:   fffffffffffffffe 0000000000000000
0x00000096e83fed30:   0000000000000001 00007ffaaee90000
0x00000096e83fed40:   00000096e83fedc8 00007ffad26c006e
0x00000096e83fed50:   0000000000000000 00000096e83fedd8
0x00000096e83fed60:   00000096e83ff0c0 0000000000000001
0x00000096e83fed70:   0000000000000001 00007ffad26bda1d
0x00000096e83fed80:   0000000000000000 00007ffaaeeb34e9
0x00000096e83fed90:   0000000000000000 00000096e83fedc8
0x00000096e83feda0:   fffffffffffffffe 00000096e83ff000
0x00000096e83fedb0:   0000000000000000 00007ffaaeeb3b7d
0x00000096e83fedc0:   00007ffaaeec9f88 00007ffa00000002
0x00000096e83fedd0:   0000000000000002 00000096e83fedc0
0x00000096e83fede0:   0000000000000000 00007ffad4ab85f3
0x00000096e83fedf0:   0000000000000000 00007ffaaeeb3ca2
0x00000096e83fee00:   0000000000000001 0000000000000001
0x00000096e83fee10:   00000096e83ff0c0 0000000000000001
0x00000096e83fee20:   0000000000000001 00007ffad1612223
0x00000096e83fee30:   00007ffa00000001 0000000000000000
0x00000096e83fee40:   00007ffaaee90000 000000007ffe0384
0x00000096e83fee50:   0000000000000000 00007ffad4ab868f
0x00000096e83fee60:   00007ffaaee90000 0000000000000000
0x00000096e83fee70:   0000000000000001 000000007ffe0385
0x00000096e83fee80:   00007ffad4bc7a20 00007ffabdbcd880
0x00000096e83fee90:   0000f4a370170800 00007ffabc8d0000
0x00000096e83feea0:   00007ffaaeeb3cf0 0000000000000000
0x00000096e83feeb0:   0000000000000000 00000096e7766000
0x00000096e83feec0:   0000027b6a97ae30 00007ffad4ae1096 

Instructions: (pc=0x00007ffaaeeb63b7)
0x00007ffaaeeb62b7:   8b 4d 58 e8 7d cf ff ff 48 8b 4d 60 e8 74 cf ff
0x00007ffaaeeb62c7:   ff 48 8b 95 80 00 00 00 48 8b 8d 18 01 00 00 e8
0x00007ffaaeeb62d7:   66 c4 ff ff 33 d2 33 c9 e8 bc e1 ff ff 90 48 89
0x00007ffaaeeb62e7:   54 24 10 55 48 83 ec 20 48 8b ea 48 b8 00 00 00
0x00007ffaaeeb62f7:   00 00 00 00 00 48 83 c4 20 5d c3 cc 40 55 48 8b
0x00007ffaaeeb6307:   ea 48 8b 01 33 c9 81 38 05 00 00 c0 0f 94 c1 8b
0x00007ffaaeeb6317:   c1 5d c3 cc 40 55 48 83 ec 20 48 8b ea 8a 4d 40
0x00007ffaaeeb6327:   48 83 c4 20 5d e9 63 d3 ff ff cc 40 55 48 83 ec
0x00007ffaaeeb6337:   20 48 8b ea 8a 4d 20 e8 51 d3 ff ff 90 48 83 c4
0x00007ffaaeeb6347:   20 5d c3 cc 40 55 48 83 ec 20 48 8b ea 48 83 c4
0x00007ffaaeeb6357:   20 5d e9 b2 d1 ff ff cc 40 55 48 83 ec 30 48 8b
0x00007ffaaeeb6367:   ea 48 8b 01 8b 10 48 89 4c 24 28 89 54 24 20 4c
0x00007ffaaeeb6377:   8d 0d 53 d6 ff ff 4c 8b 45 70 8b 55 68 48 8b 4d
0x00007ffaaeeb6387:   60 e8 f3 d0 ff ff 90 48 83 c4 30 5d c3 cc cc cc
0x00007ffaaeeb6397:   cc cc cc cc cc cc cc cc cc 40 53 48 83 ec 20 48
0x00007ffaaeeb63a7:   8b 1d db 35 01 00 48 85 db 74 16 e8 79 8b ff ff
0x00007ffaaeeb63b7:   4c 8b 00 48 8b d3 48 8b c8 41 ff 90 b0 00 00 00
0x00007ffaaeeb63c7:   90 48 83 c4 20 5b c3 cc cc 40 53 48 83 ec 20 48
0x00007ffaaeeb63d7:   8b 1d 4b 37 01 00 48 85 db 74 57 b8 ff ff ff ff
0x00007ffaaeeb63e7:   f0 0f c1 43 10 83 f8 01 75 3d 48 85 db 74 38 48
0x00007ffaaeeb63f7:   8b 0b 48 85 c9 74 0d ff 15 a4 0e 00 00 48 c7 03
0x00007ffaaeeb6407:   00 00 00 00 48 8b 4b 08 48 85 c9 74 0d e8 23 ce
0x00007ffaaeeb6417:   ff ff 48 c7 43 08 00 00 00 00 ba 18 00 00 00 48
0x00007ffaaeeb6427:   8b cb e8 0e ce ff ff 48 c7 05 ef 36 01 00 00 00
0x00007ffaaeeb6437:   00 00 48 83 c4 20 5b c3 cc 40 53 48 83 ec 20 48
0x00007ffaaeeb6447:   8b 1d bb 36 01 00 48 85 db 74 57 b8 ff ff ff ff
0x00007ffaaeeb6457:   f0 0f c1 43 10 83 f8 01 75 3d 48 85 db 74 38 48
0x00007ffaaeeb6467:   8b 0b 48 85 c9 74 0d ff 15 34 0e 00 00 48 c7 03
0x00007ffaaeeb6477:   00 00 00 00 48 8b 4b 08 48 85 c9 74 0d e8 b3 cd
0x00007ffaaeeb6487:   ff ff 48 c7 43 08 00 00 00 00 ba 18 00 00 00 48
0x00007ffaaeeb6497:   8b cb e8 9e cd ff ff 48 c7 05 5f 36 01 00 00 00
0x00007ffaaeeb64a7:   00 00 48 83 c4 20 5b c3 cc 40 53 48 83 ec 20 48 


Stack slot to memory mapping:

stack at sp + 0 slots: 0x0 is null
stack at sp + 1 slots: 0x00000096e83fedd8 points into unknown readable memory: 0x00000096e83fedc0 | c0 ed 3f e8 96 00 00 00
stack at sp + 2 slots: 0x00007ffa8d4a1fa0 jvm.dll
stack at sp + 3 slots: 0x00007ffaaeeb3cf0 glass.dll
stack at sp + 4 slots: 0x0000027b6a979c48 points into unknown readable memory: 0x0000cb608763c8e9 | e9 c8 63 87 60 cb 00 00
stack at sp + 5 slots: 0x00007ffad26f3a83 ucrtbase.dll
stack at sp + 6 slots: 0x0000027b6a979c40 points into unknown readable memory: 0xd670db60879c3db4 | b4 3d 9c 87 60 db 70 d6
stack at sp + 7 slots: 0x0000027b00000000 is an unknown value

VM_Operation (0x00000096e79ff470): Exit, mode: safepoint, requested by thread 0x0000027b6b24ffd0


---------------  P R O C E S S  ---------------

Threads class SMR info:
_java_thread_list=0x0000027b6b001590, length=20, elements={
0x0000027b03b1fc10, 0x0000027b24c55600, 0x0000027b24c56500, 0x0000027b24c57400,
0x0000027b24c5a3c0, 0x0000027b24c5b270, 0x0000027b24c65d00, 0x0000027b24c69410,
0x0000027b24c6f570, 0x0000027b6a0a1a70, 0x0000027b6a0a41d0, 0x0000027b6a0a3b40,
0x0000027b6a0a4860, 0x0000027b6a0a13e0, 0x0000027b6a0a2100, 0x0000027b6a0a2790,
0x0000027b6a0a2e20, 0x0000027b6a0a34b0, 0x0000027b6b250660, 0x0000027b6b24ffd0
}

Java Threads: ( => current thread )
  0x0000027b03b1fc10 JavaThread "main"                              [_thread_blocked, id=10204, stack(0x00000096e7c00000,0x00000096e7d00000) (1024K)]
  0x0000027b24c55600 JavaThread "Reference Handler"          daemon [_thread_blocked, id=8420, stack(0x00000096e8400000,0x00000096e8500000) (1024K)]
  0x0000027b24c56500 JavaThread "Finalizer"                  daemon [_thread_blocked, id=11176, stack(0x00000096e8500000,0x00000096e8600000) (1024K)]
  0x0000027b24c57400 JavaThread "Signal Dispatcher"          daemon [_thread_blocked, id=6272, stack(0x00000096e8600000,0x00000096e8700000) (1024K)]
  0x0000027b24c5a3c0 JavaThread "Attach Listener"            daemon [_thread_blocked, id=5804, stack(0x00000096e8700000,0x00000096e8800000) (1024K)]
  0x0000027b24c5b270 JavaThread "Service Thread"             daemon [_thread_blocked, id=13444, stack(0x00000096e8800000,0x00000096e8900000) (1024K)]
  0x0000027b24c65d00 JavaThread "Monitor Deflation Thread"   daemon [_thread_blocked, id=1576, stack(0x00000096e8900000,0x00000096e8a00000) (1024K)]
  0x0000027b24c69410 JavaThread "C2 CompilerThread0"         daemon [_thread_blocked, id=1748, stack(0x00000096e8a00000,0x00000096e8b00000) (1024K)]
  0x0000027b24c6f570 JavaThread "C1 CompilerThread0"         daemon [_thread_blocked, id=14020, stack(0x00000096e8b00000,0x00000096e8c00000) (1024K)]
  0x0000027b6a0a1a70 JavaThread "Common-Cleaner"             daemon [_thread_blocked, id=120, stack(0x00000096e8c00000,0x00000096e8d00000) (1024K)]
  0x0000027b6a0a41d0 JavaThread "Monitor Ctrl-Break"         daemon [_thread_in_native, id=10704, stack(0x00000096e8f00000,0x00000096e9000000) (1024K)]
  0x0000027b6a0a3b40 JavaThread "Notification Thread"        daemon [_thread_blocked, id=18712, stack(0x00000096e9000000,0x00000096e9100000) (1024K)]
  0x0000027b6a0a4860 JavaThread "QuantumRenderer-0"          daemon [_thread_blocked, id=19336, stack(0x00000096e9100000,0x00000096e9200000) (1024K)]
  0x0000027b6a0a13e0 JavaThread "InvokeLaterDispatcher"      daemon [_thread_blocked, id=19024, stack(0x00000096e9200000,0x00000096e9300000) (1024K)]
  0x0000027b6a0a2100 JavaThread "JavaFX Application Thread"         [_thread_in_native, id=15656, stack(0x00000096e9300000,0x00000096e9400000) (1024K)]
  0x0000027b6a0a2790 JavaThread "JavaFX-Launcher"                   [_thread_blocked, id=620, stack(0x00000096e9800000,0x00000096e9900000) (1024K)]
  0x0000027b6a0a2e20 JavaThread "Thread-2"                   daemon [_thread_in_native, id=19372, stack(0x00000096e9700000,0x00000096e9800000) (1024K)]
  0x0000027b6a0a34b0 JavaThread "Prism Font Disposer"        daemon [_thread_blocked, id=13088, stack(0x00000096e9e00000,0x00000096e9f00000) (1024K)]
  0x0000027b6b250660 JavaThread "Cleaner-0"                  daemon [_thread_blocked, id=15236, stack(0x00000096ea500000,0x00000096ea600000) (1024K)]
  0x0000027b6b24ffd0 JavaThread "SIGINT handler"             daemon [_thread_blocked, id=7600, stack(0x00000096e7900000,0x00000096e7a00000) (1024K)]
Total: 20

Other Threads:
=>0x0000027b24c36250 VMThread "VM Thread"                           [id=13128, stack(0x00000096e8300000,0x00000096e8400000) (1024K)]
  0x0000027b05c78130 WorkerThread "GC Thread#0"                     [id=18284, stack(0x00000096e7d00000,0x00000096e7e00000) (1024K)]
  0x0000027b6afda520 WorkerThread "GC Thread#1"                     [id=16348, stack(0x00000096e9900000,0x00000096e9a00000) (1024K)]
  0x0000027b6b099810 WorkerThread "GC Thread#2"                     [id=18260, stack(0x00000096e9a00000,0x00000096e9b00000) (1024K)]
  0x0000027b6b0271e0 WorkerThread "GC Thread#3"                     [id=17636, stack(0x00000096e9b00000,0x00000096e9c00000) (1024K)]
  0x0000027b6b01b440 WorkerThread "GC Thread#4"                     [id=7924, stack(0x00000096e9c00000,0x00000096e9d00000) (1024K)]
  0x0000027b6b01b7e0 WorkerThread "GC Thread#5"                     [id=2896, stack(0x00000096e9d00000,0x00000096e9e00000) (1024K)]
  0x0000027b6b614170 WorkerThread "GC Thread#6"                     [id=17456, stack(0x00000096ea600000,0x00000096ea700000) (1024K)]
  0x0000027b6b612bb0 WorkerThread "GC Thread#7"                     [id=20016, stack(0x00000096ea700000,0x00000096ea800000) (1024K)]
  0x0000027b05c8a210 ConcurrentGCThread "G1 Main Marker"            terminated
  0x0000027b05c8b4b0 WorkerThread "G1 Conc#0"                       [id=7044, stack(0x00000096e7f00000,0x00000096e8000000) (1024K)]
  0x0000027b05cdea30 ConcurrentGCThread "G1 Refine#0"               terminated
  0x0000027b24af3730 ConcurrentGCThread "G1 Service"                terminated
Total: 13

Threads with active compile tasks:
Total: 0

VM state: at safepoint (shutting down)

VM Mutex/Monitor currently owned by a thread:  ([mutex/lock_event])
[0x00007ffa8d47a5f8] Threads_lock - owner thread: 0x0000027b24c36250
[0x00007ffa8d47a6f8] Heap_lock - owner thread: 0x0000027b6b24ffd0

Heap address: 0x0000000704c00000, size: 4020 MB, Compressed Oops mode: Zero based, Oop shift amount: 3

CDS archive(s) mapped at: [0x0000027b25000000-0x0000027b25c90000-0x0000027b25c90000), size 13172736, SharedBaseAddress: 0x0000027b25000000, ArchiveRelocationMode: 1.
Compressed class space mapped at: 0x0000027b26000000-0x0000027b66000000, reserved size: 1073741824
Narrow klass base: 0x0000027b25000000, Narrow klass shift: 0, Narrow klass range: 0x100000000

GC Precious Log:
 CardTable entry size: 512
 Card Set container configuration: InlinePtr #cards 4 size 8 Array Of Cards #cards 16 size 48 Howl #buckets 8 coarsen threshold 3686 Howl Bitmap #cards 512 size 80 coarsen threshold 460 Card regions per heap region 1 cards per card region 4096
 CPUs: 8 total, 8 available
 Memory: 16075M
 Large Page Support: Disabled
 NUMA Support: Disabled
 Compressed Oops: Enabled (Zero based)
 Heap Region Size: 2M
 Heap Min Capacity: 8M
 Heap Initial Capacity: 252M
 Heap Max Capacity: 4020M
 Pre-touch: Disabled
 Parallel Workers: 8
 Concurrent Workers: 2
 Concurrent Refinement Workers: 8
 Periodic GC: Disabled

Heap:
 garbage-first heap   total 258048K, used 21333K [0x0000000704c00000, 0x0000000800000000)
  region size 2048K, 9 young (18432K), 3 survivors (6144K)
 Metaspace       used 14647K, committed 14976K, reserved 1114112K
  class space    used 1926K, committed 2048K, reserved 1048576K

Heap Regions: E=young(eden), S=young(survivor), O=old, HS=humongous(starts), HC=humongous(continues), CS=collection set, F=free, TAMS=top-at-mark-start, PB=parsable bottom
|   0|0x0000000704c00000, 0x0000000704e00000, 0x0000000704e00000|100%|HS|  |TAMS 0x0000000704c00000| PB 0x0000000704c00000| Complete 
|   1|0x0000000704e00000, 0x0000000704ed57d8, 0x0000000705000000| 41%| O|  |TAMS 0x0000000704e00000| PB 0x0000000704e00000| Untracked 
|   2|0x0000000705000000, 0x0000000705200000, 0x0000000705200000|100%|HS|  |TAMS 0x0000000705000000| PB 0x0000000705000000| Complete 
|   3|0x0000000705200000, 0x0000000705400000, 0x0000000705400000|100%|HC|  |TAMS 0x0000000705200000| PB 0x0000000705200000| Complete 
|   4|0x0000000705400000, 0x0000000705400000, 0x0000000705600000|  0%| F|  |TAMS 0x0000000705400000| PB 0x0000000705400000| Untracked 
|   5|0x0000000705600000, 0x0000000705600000, 0x0000000705800000|  0%| F|  |TAMS 0x0000000705600000| PB 0x0000000705600000| Untracked 
|   6|0x0000000705800000, 0x0000000705800000, 0x0000000705a00000|  0%| F|  |TAMS 0x0000000705800000| PB 0x0000000705800000| Untracked 
|   7|0x0000000705a00000, 0x0000000705a00000, 0x0000000705c00000|  0%| F|  |TAMS 0x0000000705a00000| PB 0x0000000705a00000| Untracked 
|   8|0x0000000705c00000, 0x0000000705c00000, 0x0000000705e00000|  0%| F|  |TAMS 0x0000000705c00000| PB 0x0000000705c00000| Untracked 
|   9|0x0000000705e00000, 0x0000000705e00000, 0x0000000706000000|  0%| F|  |TAMS 0x0000000705e00000| PB 0x0000000705e00000| Untracked 
|  10|0x0000000706000000, 0x0000000706000000, 0x0000000706200000|  0%| F|  |TAMS 0x0000000706000000| PB 0x0000000706000000| Untracked 
|  11|0x0000000706200000, 0x0000000706200000, 0x0000000706400000|  0%| F|  |TAMS 0x0000000706200000| PB 0x0000000706200000| Untracked 
|  12|0x0000000706400000, 0x0000000706400000, 0x0000000706600000|  0%| F|  |TAMS 0x0000000706400000| PB 0x0000000706400000| Untracked 
|  13|0x0000000706600000, 0x0000000706600000, 0x0000000706800000|  0%| F|  |TAMS 0x0000000706600000| PB 0x0000000706600000| Untracked 
|  14|0x0000000706800000, 0x0000000706800000, 0x0000000706a00000|  0%| F|  |TAMS 0x0000000706800000| PB 0x0000000706800000| Untracked 
|  15|0x0000000706a00000, 0x0000000706a00000, 0x0000000706c00000|  0%| F|  |TAMS 0x0000000706a00000| PB 0x0000000706a00000| Untracked 
|  16|0x0000000706c00000, 0x0000000706c00000, 0x0000000706e00000|  0%| F|  |TAMS 0x0000000706c00000| PB 0x0000000706c00000| Untracked 
|  17|0x0000000706e00000, 0x0000000706e00000, 0x0000000707000000|  0%| F|  |TAMS 0x0000000706e00000| PB 0x0000000706e00000| Untracked 
|  18|0x0000000707000000, 0x0000000707000000, 0x0000000707200000|  0%| F|  |TAMS 0x0000000707000000| PB 0x0000000707000000| Untracked 
|  19|0x0000000707200000, 0x0000000707200000, 0x0000000707400000|  0%| F|  |TAMS 0x0000000707200000| PB 0x0000000707200000| Untracked 
|  20|0x0000000707400000, 0x0000000707400000, 0x0000000707600000|  0%| F|  |TAMS 0x0000000707400000| PB 0x0000000707400000| Untracked 
|  21|0x0000000707600000, 0x0000000707600000, 0x0000000707800000|  0%| F|  |TAMS 0x0000000707600000| PB 0x0000000707600000| Untracked 
|  22|0x0000000707800000, 0x0000000707800000, 0x0000000707a00000|  0%| F|  |TAMS 0x0000000707800000| PB 0x0000000707800000| Untracked 
|  23|0x0000000707a00000, 0x0000000707a00000, 0x0000000707c00000|  0%| F|  |TAMS 0x0000000707a00000| PB 0x0000000707a00000| Untracked 
|  24|0x0000000707c00000, 0x0000000707c00000, 0x0000000707e00000|  0%| F|  |TAMS 0x0000000707c00000| PB 0x0000000707c00000| Untracked 
|  25|0x0000000707e00000, 0x0000000707e00000, 0x0000000708000000|  0%| F|  |TAMS 0x0000000707e00000| PB 0x0000000707e00000| Untracked 
|  26|0x0000000708000000, 0x0000000708000000, 0x0000000708200000|  0%| F|  |TAMS 0x0000000708000000| PB 0x0000000708000000| Untracked 
|  27|0x0000000708200000, 0x0000000708200000, 0x0000000708400000|  0%| F|  |TAMS 0x0000000708200000| PB 0x0000000708200000| Untracked 
|  28|0x0000000708400000, 0x0000000708400000, 0x0000000708600000|  0%| F|  |TAMS 0x0000000708400000| PB 0x0000000708400000| Untracked 
|  29|0x0000000708600000, 0x0000000708600000, 0x0000000708800000|  0%| F|  |TAMS 0x0000000708600000| PB 0x0000000708600000| Untracked 
|  30|0x0000000708800000, 0x0000000708800000, 0x0000000708a00000|  0%| F|  |TAMS 0x0000000708800000| PB 0x0000000708800000| Untracked 
|  31|0x0000000708a00000, 0x0000000708a00000, 0x0000000708c00000|  0%| F|  |TAMS 0x0000000708a00000| PB 0x0000000708a00000| Untracked 
|  32|0x0000000708c00000, 0x0000000708c00000, 0x0000000708e00000|  0%| F|  |TAMS 0x0000000708c00000| PB 0x0000000708c00000| Untracked 
|  33|0x0000000708e00000, 0x0000000708e00000, 0x0000000709000000|  0%| F|  |TAMS 0x0000000708e00000| PB 0x0000000708e00000| Untracked 
|  34|0x0000000709000000, 0x0000000709000000, 0x0000000709200000|  0%| F|  |TAMS 0x0000000709000000| PB 0x0000000709000000| Untracked 
|  35|0x0000000709200000, 0x0000000709200000, 0x0000000709400000|  0%| F|  |TAMS 0x0000000709200000| PB 0x0000000709200000| Untracked 
|  36|0x0000000709400000, 0x0000000709400000, 0x0000000709600000|  0%| F|  |TAMS 0x0000000709400000| PB 0x0000000709400000| Untracked 
|  37|0x0000000709600000, 0x0000000709600000, 0x0000000709800000|  0%| F|  |TAMS 0x0000000709600000| PB 0x0000000709600000| Untracked 
|  38|0x0000000709800000, 0x0000000709800000, 0x0000000709a00000|  0%| F|  |TAMS 0x0000000709800000| PB 0x0000000709800000| Untracked 
|  39|0x0000000709a00000, 0x0000000709a00000, 0x0000000709c00000|  0%| F|  |TAMS 0x0000000709a00000| PB 0x0000000709a00000| Untracked 
|  40|0x0000000709c00000, 0x0000000709c00000, 0x0000000709e00000|  0%| F|  |TAMS 0x0000000709c00000| PB 0x0000000709c00000| Untracked 
|  41|0x0000000709e00000, 0x0000000709e00000, 0x000000070a000000|  0%| F|  |TAMS 0x0000000709e00000| PB 0x0000000709e00000| Untracked 
|  42|0x000000070a000000, 0x000000070a000000, 0x000000070a200000|  0%| F|  |TAMS 0x000000070a000000| PB 0x000000070a000000| Untracked 
|  43|0x000000070a200000, 0x000000070a200000, 0x000000070a400000|  0%| F|  |TAMS 0x000000070a200000| PB 0x000000070a200000| Untracked 
|  44|0x000000070a400000, 0x000000070a400000, 0x000000070a600000|  0%| F|  |TAMS 0x000000070a400000| PB 0x000000070a400000| Untracked 
|  45|0x000000070a600000, 0x000000070a600000, 0x000000070a800000|  0%| F|  |TAMS 0x000000070a600000| PB 0x000000070a600000| Untracked 
|  46|0x000000070a800000, 0x000000070a800000, 0x000000070aa00000|  0%| F|  |TAMS 0x000000070a800000| PB 0x000000070a800000| Untracked 
|  47|0x000000070aa00000, 0x000000070aa00000, 0x000000070ac00000|  0%| F|  |TAMS 0x000000070aa00000| PB 0x000000070aa00000| Untracked 
|  48|0x000000070ac00000, 0x000000070ac00000, 0x000000070ae00000|  0%| F|  |TAMS 0x000000070ac00000| PB 0x000000070ac00000| Untracked 
|  49|0x000000070ae00000, 0x000000070ae00000, 0x000000070b000000|  0%| F|  |TAMS 0x000000070ae00000| PB 0x000000070ae00000| Untracked 
|  50|0x000000070b000000, 0x000000070b000000, 0x000000070b200000|  0%| F|  |TAMS 0x000000070b000000| PB 0x000000070b000000| Untracked 
|  51|0x000000070b200000, 0x000000070b200000, 0x000000070b400000|  0%| F|  |TAMS 0x000000070b200000| PB 0x000000070b200000| Untracked 
|  52|0x000000070b400000, 0x000000070b400000, 0x000000070b600000|  0%| F|  |TAMS 0x000000070b400000| PB 0x000000070b400000| Untracked 
|  53|0x000000070b600000, 0x000000070b600000, 0x000000070b800000|  0%| F|  |TAMS 0x000000070b600000| PB 0x000000070b600000| Untracked 
|  54|0x000000070b800000, 0x000000070b800000, 0x000000070ba00000|  0%| F|  |TAMS 0x000000070b800000| PB 0x000000070b800000| Untracked 
|  55|0x000000070ba00000, 0x000000070ba00000, 0x000000070bc00000|  0%| F|  |TAMS 0x000000070ba00000| PB 0x000000070ba00000| Untracked 
|  56|0x000000070bc00000, 0x000000070bc00000, 0x000000070be00000|  0%| F|  |TAMS 0x000000070bc00000| PB 0x000000070bc00000| Untracked 
|  57|0x000000070be00000, 0x000000070be00000, 0x000000070c000000|  0%| F|  |TAMS 0x000000070be00000| PB 0x000000070be00000| Untracked 
|  58|0x000000070c000000, 0x000000070c000000, 0x000000070c200000|  0%| F|  |TAMS 0x000000070c000000| PB 0x000000070c000000| Untracked 
|  59|0x000000070c200000, 0x000000070c200000, 0x000000070c400000|  0%| F|  |TAMS 0x000000070c200000| PB 0x000000070c200000| Untracked 
|  60|0x000000070c400000, 0x000000070c400000, 0x000000070c600000|  0%| F|  |TAMS 0x000000070c400000| PB 0x000000070c400000| Untracked 
|  61|0x000000070c600000, 0x000000070c600000, 0x000000070c800000|  0%| F|  |TAMS 0x000000070c600000| PB 0x000000070c600000| Untracked 
|  62|0x000000070c800000, 0x000000070c800000, 0x000000070ca00000|  0%| F|  |TAMS 0x000000070c800000| PB 0x000000070c800000| Untracked 
|  63|0x000000070ca00000, 0x000000070ca00000, 0x000000070cc00000|  0%| F|  |TAMS 0x000000070ca00000| PB 0x000000070ca00000| Untracked 
|  64|0x000000070cc00000, 0x000000070cc00000, 0x000000070ce00000|  0%| F|  |TAMS 0x000000070cc00000| PB 0x000000070cc00000| Untracked 
|  65|0x000000070ce00000, 0x000000070ce00000, 0x000000070d000000|  0%| F|  |TAMS 0x000000070ce00000| PB 0x000000070ce00000| Untracked 
|  66|0x000000070d000000, 0x000000070d000000, 0x000000070d200000|  0%| F|  |TAMS 0x000000070d000000| PB 0x000000070d000000| Untracked 
|  67|0x000000070d200000, 0x000000070d200000, 0x000000070d400000|  0%| F|  |TAMS 0x000000070d200000| PB 0x000000070d200000| Untracked 
|  68|0x000000070d400000, 0x000000070d400000, 0x000000070d600000|  0%| F|  |TAMS 0x000000070d400000| PB 0x000000070d400000| Untracked 
|  69|0x000000070d600000, 0x000000070d600000, 0x000000070d800000|  0%| F|  |TAMS 0x000000070d600000| PB 0x000000070d600000| Untracked 
|  70|0x000000070d800000, 0x000000070d800000, 0x000000070da00000|  0%| F|  |TAMS 0x000000070d800000| PB 0x000000070d800000| Untracked 
|  71|0x000000070da00000, 0x000000070da00000, 0x000000070dc00000|  0%| F|  |TAMS 0x000000070da00000| PB 0x000000070da00000| Untracked 
|  72|0x000000070dc00000, 0x000000070dc00000, 0x000000070de00000|  0%| F|  |TAMS 0x000000070dc00000| PB 0x000000070dc00000| Untracked 
|  73|0x000000070de00000, 0x000000070de00000, 0x000000070e000000|  0%| F|  |TAMS 0x000000070de00000| PB 0x000000070de00000| Untracked 
|  74|0x000000070e000000, 0x000000070e000000, 0x000000070e200000|  0%| F|  |TAMS 0x000000070e000000| PB 0x000000070e000000| Untracked 
|  75|0x000000070e200000, 0x000000070e200000, 0x000000070e400000|  0%| F|  |TAMS 0x000000070e200000| PB 0x000000070e200000| Untracked 
|  76|0x000000070e400000, 0x000000070e400000, 0x000000070e600000|  0%| F|  |TAMS 0x000000070e400000| PB 0x000000070e400000| Untracked 
|  77|0x000000070e600000, 0x000000070e600000, 0x000000070e800000|  0%| F|  |TAMS 0x000000070e600000| PB 0x000000070e600000| Untracked 
|  78|0x000000070e800000, 0x000000070e800000, 0x000000070ea00000|  0%| F|  |TAMS 0x000000070e800000| PB 0x000000070e800000| Untracked 
|  79|0x000000070ea00000, 0x000000070ea00000, 0x000000070ec00000|  0%| F|  |TAMS 0x000000070ea00000| PB 0x000000070ea00000| Untracked 
|  80|0x000000070ec00000, 0x000000070ec00000, 0x000000070ee00000|  0%| F|  |TAMS 0x000000070ec00000| PB 0x000000070ec00000| Untracked 
|  81|0x000000070ee00000, 0x000000070ee00000, 0x000000070f000000|  0%| F|  |TAMS 0x000000070ee00000| PB 0x000000070ee00000| Untracked 
|  82|0x000000070f000000, 0x000000070f000000, 0x000000070f200000|  0%| F|  |TAMS 0x000000070f000000| PB 0x000000070f000000| Untracked 
|  83|0x000000070f200000, 0x000000070f200000, 0x000000070f400000|  0%| F|  |TAMS 0x000000070f200000| PB 0x000000070f200000| Untracked 
|  84|0x000000070f400000, 0x000000070f400000, 0x000000070f600000|  0%| F|  |TAMS 0x000000070f400000| PB 0x000000070f400000| Untracked 
|  85|0x000000070f600000, 0x000000070f600000, 0x000000070f800000|  0%| F|  |TAMS 0x000000070f600000| PB 0x000000070f600000| Untracked 
|  86|0x000000070f800000, 0x000000070f800000, 0x000000070fa00000|  0%| F|  |TAMS 0x000000070f800000| PB 0x000000070f800000| Untracked 
|  87|0x000000070fa00000, 0x000000070fa00000, 0x000000070fc00000|  0%| F|  |TAMS 0x000000070fa00000| PB 0x000000070fa00000| Untracked 
|  88|0x000000070fc00000, 0x000000070fc00000, 0x000000070fe00000|  0%| F|  |TAMS 0x000000070fc00000| PB 0x000000070fc00000| Untracked 
|  89|0x000000070fe00000, 0x000000070fe00000, 0x0000000710000000|  0%| F|  |TAMS 0x000000070fe00000| PB 0x000000070fe00000| Untracked 
|  90|0x0000000710000000, 0x0000000710000000, 0x0000000710200000|  0%| F|  |TAMS 0x0000000710000000| PB 0x0000000710000000| Untracked 
|  91|0x0000000710200000, 0x0000000710200000, 0x0000000710400000|  0%| F|  |TAMS 0x0000000710200000| PB 0x0000000710200000| Untracked 
|  92|0x0000000710400000, 0x0000000710400000, 0x0000000710600000|  0%| F|  |TAMS 0x0000000710400000| PB 0x0000000710400000| Untracked 
|  93|0x0000000710600000, 0x0000000710600000, 0x0000000710800000|  0%| F|  |TAMS 0x0000000710600000| PB 0x0000000710600000| Untracked 
|  94|0x0000000710800000, 0x0000000710800000, 0x0000000710a00000|  0%| F|  |TAMS 0x0000000710800000| PB 0x0000000710800000| Untracked 
|  95|0x0000000710a00000, 0x0000000710a00000, 0x0000000710c00000|  0%| F|  |TAMS 0x0000000710a00000| PB 0x0000000710a00000| Untracked 
|  96|0x0000000710c00000, 0x0000000710c00000, 0x0000000710e00000|  0%| F|  |TAMS 0x0000000710c00000| PB 0x0000000710c00000| Untracked 
|  97|0x0000000710e00000, 0x0000000710e00000, 0x0000000711000000|  0%| F|  |TAMS 0x0000000710e00000| PB 0x0000000710e00000| Untracked 
|  98|0x0000000711000000, 0x0000000711000000, 0x0000000711200000|  0%| F|  |TAMS 0x0000000711000000| PB 0x0000000711000000| Untracked 
|  99|0x0000000711200000, 0x0000000711200000, 0x0000000711400000|  0%| F|  |TAMS 0x0000000711200000| PB 0x0000000711200000| Untracked 
| 100|0x0000000711400000, 0x0000000711400000, 0x0000000711600000|  0%| F|  |TAMS 0x0000000711400000| PB 0x0000000711400000| Untracked 
| 101|0x0000000711600000, 0x0000000711600000, 0x0000000711800000|  0%| F|  |TAMS 0x0000000711600000| PB 0x0000000711600000| Untracked 
| 102|0x0000000711800000, 0x0000000711a00000, 0x0000000711a00000|100%| S|CS|TAMS 0x0000000711800000| PB 0x0000000711800000| Complete 
| 103|0x0000000711a00000, 0x0000000711c00000, 0x0000000711c00000|100%| S|CS|TAMS 0x0000000711a00000| PB 0x0000000711a00000| Complete 
| 104|0x0000000711c00000, 0x0000000711e00000, 0x0000000711e00000|100%| S|CS|TAMS 0x0000000711c00000| PB 0x0000000711c00000| Complete 
| 105|0x0000000711e00000, 0x0000000711e00000, 0x0000000712000000|  0%| F|  |TAMS 0x0000000711e00000| PB 0x0000000711e00000| Untracked 
| 106|0x0000000712000000, 0x0000000712000000, 0x0000000712200000|  0%| F|  |TAMS 0x0000000712000000| PB 0x0000000712000000| Untracked 
| 107|0x0000000712200000, 0x0000000712200000, 0x0000000712400000|  0%| F|  |TAMS 0x0000000712200000| PB 0x0000000712200000| Untracked 
| 108|0x0000000712400000, 0x0000000712400000, 0x0000000712600000|  0%| F|  |TAMS 0x0000000712400000| PB 0x0000000712400000| Untracked 
| 109|0x0000000712600000, 0x0000000712600000, 0x0000000712800000|  0%| F|  |TAMS 0x0000000712600000| PB 0x0000000712600000| Untracked 
| 110|0x0000000712800000, 0x0000000712800000, 0x0000000712a00000|  0%| F|  |TAMS 0x0000000712800000| PB 0x0000000712800000| Untracked 
| 111|0x0000000712a00000, 0x0000000712a00000, 0x0000000712c00000|  0%| F|  |TAMS 0x0000000712a00000| PB 0x0000000712a00000| Untracked 
| 112|0x0000000712c00000, 0x0000000712c00000, 0x0000000712e00000|  0%| F|  |TAMS 0x0000000712c00000| PB 0x0000000712c00000| Untracked 
| 113|0x0000000712e00000, 0x0000000712e00000, 0x0000000713000000|  0%| F|  |TAMS 0x0000000712e00000| PB 0x0000000712e00000| Untracked 
| 114|0x0000000713000000, 0x0000000713000000, 0x0000000713200000|  0%| F|  |TAMS 0x0000000713000000| PB 0x0000000713000000| Untracked 
| 115|0x0000000713200000, 0x0000000713200000, 0x0000000713400000|  0%| F|  |TAMS 0x0000000713200000| PB 0x0000000713200000| Untracked 
| 116|0x0000000713400000, 0x0000000713400000, 0x0000000713600000|  0%| F|  |TAMS 0x0000000713400000| PB 0x0000000713400000| Untracked 
| 117|0x0000000713600000, 0x0000000713600000, 0x0000000713800000|  0%| F|  |TAMS 0x0000000713600000| PB 0x0000000713600000| Untracked 
| 118|0x0000000713800000, 0x0000000713800000, 0x0000000713a00000|  0%| F|  |TAMS 0x0000000713800000| PB 0x0000000713800000| Untracked 
| 119|0x0000000713a00000, 0x0000000713a00000, 0x0000000713c00000|  0%| F|  |TAMS 0x0000000713a00000| PB 0x0000000713a00000| Untracked 
| 120|0x0000000713c00000, 0x0000000713df4d78, 0x0000000713e00000| 97%| E|  |TAMS 0x0000000713c00000| PB 0x0000000713c00000| Complete 
| 121|0x0000000713e00000, 0x0000000714000000, 0x0000000714000000|100%| E|CS|TAMS 0x0000000713e00000| PB 0x0000000713e00000| Complete 
| 122|0x0000000714000000, 0x0000000714200000, 0x0000000714200000|100%| E|  |TAMS 0x0000000714000000| PB 0x0000000714000000| Complete 
| 123|0x0000000714200000, 0x0000000714400000, 0x0000000714400000|100%| E|CS|TAMS 0x0000000714200000| PB 0x0000000714200000| Complete 
| 124|0x0000000714400000, 0x0000000714600000, 0x0000000714600000|100%| E|CS|TAMS 0x0000000714400000| PB 0x0000000714400000| Complete 
| 125|0x0000000714600000, 0x0000000714800000, 0x0000000714800000|100%| E|CS|TAMS 0x0000000714600000| PB 0x0000000714600000| Complete 

Card table byte_map: [0x0000027b1db80000,0x0000027b1e360000] _byte_map_base: 0x0000027b1a35a000

Marking Bits: (CMBitMap*) 0x0000027b05c78830
 Bits: [0x0000027b1e360000, 0x0000027b22230000)

Polling page: 0x0000027b053e0000

Metaspace:

Usage:
  Non-class:     12.42 MB used.
      Class:      1.88 MB used.
       Both:     14.30 MB used.

Virtual space:
  Non-class space:       64.00 MB reserved,      12.62 MB ( 20%) committed,  1 nodes.
      Class space:        1.00 GB reserved,       2.00 MB ( <1%) committed,  1 nodes.
             Both:        1.06 GB reserved,      14.62 MB (  1%) committed. 

Chunk freelists:
   Non-Class:  2.98 MB
       Class:  13.95 MB
        Both:  16.93 MB

MaxMetaspaceSize: unlimited
CompressedClassSpaceSize: 1.00 GB
Initial GC threshold: 21.00 MB
Current GC threshold: 21.00 MB
CDS: on
 - commit_granule_bytes: 65536.
 - commit_granule_words: 8192.
 - virtual_space_node_default_size: 8388608.
 - enlarge_chunks_in_place: 1.
 - use_allocation_guard: 0.


Internal statistics:

num_allocs_failed_limit: 0.
num_arena_births: 344.
num_arena_deaths: 0.
num_vsnodes_births: 2.
num_vsnodes_deaths: 0.
num_space_committed: 234.
num_space_uncommitted: 0.
num_chunks_returned_to_freelist: 0.
num_chunks_taken_from_freelist: 796.
num_chunk_merges: 0.
num_chunk_splits: 541.
num_chunks_enlarged: 394.
num_inconsistent_stats: 0.

CodeHeap 'non-profiled nmethods': size=120000Kb used=1121Kb max_used=1121Kb free=118878Kb
 bounds [0x0000027b15b40000, 0x0000027b15db0000, 0x0000027b1d070000]
CodeHeap 'profiled nmethods': size=120000Kb used=5015Kb max_used=5015Kb free=114984Kb
 bounds [0x0000027b0e070000, 0x0000027b0e560000, 0x0000027b155a0000]
CodeHeap 'non-nmethods': size=5760Kb used=2023Kb max_used=2042Kb free=3736Kb
 bounds [0x0000027b155a0000, 0x0000027b15810000, 0x0000027b15b40000]
 total_blobs=3540 nmethods=2733 adapters=711
 compilation: enabled
              stopped_count=0, restarted_count=0
 full_count=0

Compilation events (20 events):
Event: 17.091 Thread 0x0000027b24c6f570 2725       3       com.sun.javafx.util.Utils::assertionEnabled (24 bytes)
Event: 17.092 Thread 0x0000027b24c6f570 nmethod 2725 0x0000027b0e553c10 code [0x0000027b0e553da0, 0x0000027b0e553ea0]
Event: 28.777 Thread 0x0000027b24c69410 2726       4       com.sun.glass.ui.Application::checkEventThread (35 bytes)
Event: 28.778 Thread 0x0000027b24c69410 nmethod 2726 0x0000027b15c56b10 code [0x0000027b15c56ca0, 0x0000027b15c56d48]
Event: 53.265 Thread 0x0000027b24c6f570 2727       1       javafx.scene.input.KeyCode::getCode (5 bytes)
Event: 53.265 Thread 0x0000027b24c6f570 nmethod 2727 0x0000027b15c56e10 code [0x0000027b15c56fa0, 0x0000027b15c57068]
Event: 86.328 Thread 0x0000027b24c69410 2728       4       com.sun.javafx.tk.quantum.QuantumToolkit::postPulse (133 bytes)
Event: 86.330 Thread 0x0000027b24c69410 nmethod 2728 0x0000027b15c57110 code [0x0000027b15c57300, 0x0000027b15c57630]
Event: 86.531 Thread 0x0000027b24c69410 2729       4       com.sun.javafx.tk.quantum.QuantumToolkit$$Lambda/0x0000027b2603d1a0::run (8 bytes)
Event: 86.533 Thread 0x0000027b24c69410 nmethod 2729 0x0000027b15c57910 code [0x0000027b15c57b00, 0x0000027b15c57e98]
Event: 131.412 Thread 0x0000027b24c6f570 2730       3       java.util.ArrayList::fastRemove (44 bytes)
Event: 131.412 Thread 0x0000027b24c6f570 nmethod 2730 0x0000027b0e553f10 code [0x0000027b0e5540e0, 0x0000027b0e5544e8]
Event: 131.412 Thread 0x0000027b24c6f570 2731       1       java.util.logging.LogManager$LoggerContext::getOwner (5 bytes)
Event: 131.412 Thread 0x0000027b24c6f570 nmethod 2731 0x0000027b15c58210 code [0x0000027b15c583a0, 0x0000027b15c58470]
Event: 131.413 Thread 0x0000027b24c6f570 2732       3       jdk.internal.org.objectweb.asm.FieldWriter::<init> (69 bytes)
Event: 131.413 Thread 0x0000027b24c6f570 nmethod 2732 0x0000027b0e554610 code [0x0000027b0e554800, 0x0000027b0e554be8]
Event: 131.413 Thread 0x0000027b24c6f570 2733       3       jdk.internal.org.objectweb.asm.FieldVisitor::<init> (7 bytes)
Event: 131.413 Thread 0x0000027b24c6f570 nmethod 2733 0x0000027b0e554e10 code [0x0000027b0e554fc0, 0x0000027b0e555108]
Event: 131.413 Thread 0x0000027b24c6f570 2734       3       jdk.internal.org.objectweb.asm.FieldVisitor::<init> (78 bytes)
Event: 131.413 Thread 0x0000027b24c6f570 nmethod 2734 0x0000027b0e555190 code [0x0000027b0e5553c0, 0x0000027b0e555ba0]

GC Heap History (4 events):
Event: 0.522 GC heap before
{Heap before GC invocations=0 (full 0):
 garbage-first heap   total 258048K, used 22528K [0x0000000704c00000, 0x0000000800000000)
  region size 2048K, 11 young (22528K), 0 survivors (0K)
 Metaspace       used 4455K, committed 4608K, reserved 1114112K
  class space    used 482K, committed 576K, reserved 1048576K
}
Event: 0.525 GC heap after
{Heap after GC invocations=1 (full 0):
 garbage-first heap   total 258048K, used 2742K [0x0000000704c00000, 0x0000000800000000)
  region size 2048K, 2 young (4096K), 2 survivors (4096K)
 Metaspace       used 4455K, committed 4608K, reserved 1114112K
  class space    used 482K, committed 576K, reserved 1048576K
}
Event: 1.154 GC heap before
{Heap before GC invocations=1 (full 0):
 garbage-first heap   total 258048K, used 41654K [0x0000000704c00000, 0x0000000800000000)
  region size 2048K, 21 young (43008K), 2 survivors (4096K)
 Metaspace       used 13349K, committed 13632K, reserved 1114112K
  class space    used 1801K, committed 1920K, reserved 1048576K
}
Event: 1.158 GC heap after
{Heap after GC invocations=2 (full 0):
 garbage-first heap   total 258048K, used 9045K [0x0000000704c00000, 0x0000000800000000)
  region size 2048K, 3 young (6144K), 3 survivors (6144K)
 Metaspace       used 13349K, committed 13632K, reserved 1114112K
  class space    used 1801K, committed 1920K, reserved 1048576K
}

Dll operation events (20 events):
Event: 0.349 Loaded shared library C:\Users\Алекс\.openjfx\cache\19+11\amd64\api-ms-win-crt-math-l1-1-0.dll
Event: 0.350 Loaded shared library C:\Users\Алекс\.openjfx\cache\19+11\amd64\api-ms-win-crt-multibyte-l1-1-0.dll
Event: 0.353 Loaded shared library C:\Users\Алекс\.openjfx\cache\19+11\amd64\api-ms-win-crt-private-l1-1-0.dll
Event: 0.355 Loaded shared library C:\Users\Алекс\.openjfx\cache\19+11\amd64\api-ms-win-crt-process-l1-1-0.dll
Event: 0.357 Loaded shared library C:\Users\Алекс\.openjfx\cache\19+11\amd64\api-ms-win-crt-runtime-l1-1-0.dll
Event: 0.359 Loaded shared library C:\Users\Алекс\.openjfx\cache\19+11\amd64\api-ms-win-crt-stdio-l1-1-0.dll
Event: 0.362 Loaded shared library C:\Users\Алекс\.openjfx\cache\19+11\amd64\api-ms-win-crt-string-l1-1-0.dll
Event: 0.365 Loaded shared library C:\Users\Алекс\.openjfx\cache\19+11\amd64\api-ms-win-crt-time-l1-1-0.dll
Event: 0.367 Loaded shared library C:\Users\Алекс\.openjfx\cache\19+11\amd64\api-ms-win-crt-utility-l1-1-0.dll
Event: 0.378 Loaded shared library C:\Users\Алекс\.openjfx\cache\19+11\amd64\ucrtbase.dll
Event: 0.382 Loaded shared library C:\Users\Алекс\.openjfx\cache\19+11\amd64\vcruntime140.dll
Event: 0.386 Loaded shared library C:\Users\Алекс\.openjfx\cache\19+11\amd64\vcruntime140_1.dll
Event: 0.391 Loaded shared library C:\Users\Алекс\.openjfx\cache\19+11\amd64\msvcp140.dll
Event: 0.394 Loaded shared library C:\Users\Алекс\.openjfx\cache\19+11\amd64\msvcp140_1.dll
Event: 0.397 Loaded shared library C:\Users\Алекс\.openjfx\cache\19+11\amd64\msvcp140_2.dll
Event: 0.426 Loaded shared library C:\Users\Алекс\.openjfx\cache\19+11\amd64\prism_d3d.dll
Event: 0.462 Loaded shared library C:\Users\Алекс\.openjfx\cache\19+11\amd64\glass.dll
Event: 0.551 Loaded shared library C:\Program Files\Java\jdk-21\bin\jimage.dll
Event: 0.705 Loaded shared library C:\Users\Алекс\.openjfx\cache\19+11\amd64\javafx_font.dll
Event: 14.298 Loaded shared library C:\Users\Алекс\.openjfx\cache\19+11\amd64\javafx_iio.dll

Deoptimization events (20 events):
Event: 10.946 Thread 0x0000027b6a0a2100 Uncommon trap: trap_request=0xffffff45 fr.pc=0x0000027b15bd09b0 relative=0x0000000000000190
Event: 10.946 Thread 0x0000027b6a0a2100 Uncommon trap: reason=unstable_if action=reinterpret pc=0x0000027b15bd09b0 method=java.lang.String.equals(Ljava/lang/Object;)Z @ 33 c2
Event: 10.946 Thread 0x0000027b6a0a2100 DEOPT PACKING pc=0x0000027b15bd09b0 sp=0x00000096e93f6250
Event: 10.946 Thread 0x0000027b6a0a2100 DEOPT UNPACKING pc=0x0000027b155f7da2 sp=0x00000096e93f61e0 mode 2
Event: 12.807 Thread 0x0000027b6a0a4860 DEOPT PACKING pc=0x0000027b0e41fe84 sp=0x00000096e91fe090
Event: 12.807 Thread 0x0000027b6a0a4860 DEOPT UNPACKING pc=0x0000027b155f88e2 sp=0x00000096e91fd4c8 mode 0
Event: 12.807 Thread 0x0000027b6a0a4860 DEOPT PACKING pc=0x0000027b0e3bf1da sp=0x00000096e91fe1b0
Event: 12.807 Thread 0x0000027b6a0a4860 DEOPT UNPACKING pc=0x0000027b155f88e2 sp=0x00000096e91fd640 mode 0
Event: 14.289 Thread 0x0000027b6a0a2100 Uncommon trap: trap_request=0xffffff45 fr.pc=0x0000027b15b4bda0 relative=0x00000000000001e0
Event: 14.289 Thread 0x0000027b6a0a2100 Uncommon trap: reason=unstable_if action=reinterpret pc=0x0000027b15b4bda0 method=jdk.internal.util.ArraysSupport.vectorizedHashCode(Ljava/lang/Object;IIII)I @ 2 c2
Event: 14.289 Thread 0x0000027b6a0a2100 DEOPT PACKING pc=0x0000027b15b4bda0 sp=0x00000096e93f2f30
Event: 14.289 Thread 0x0000027b6a0a2100 DEOPT UNPACKING pc=0x0000027b155f7da2 sp=0x00000096e93f2ee0 mode 2
Event: 14.299 Thread 0x0000027b6a0a2100 Uncommon trap: trap_request=0xffffff45 fr.pc=0x0000027b15bc3a48 relative=0x0000000000000388
Event: 14.299 Thread 0x0000027b6a0a2100 Uncommon trap: reason=unstable_if action=reinterpret pc=0x0000027b15bc3a48 method=java.io.ByteArrayInputStream.read([BII)I @ 35 c2
Event: 14.300 Thread 0x0000027b6a0a2100 DEOPT PACKING pc=0x0000027b15bc3a48 sp=0x00000096e93f29d0
Event: 14.300 Thread 0x0000027b6a0a2100 DEOPT UNPACKING pc=0x0000027b155f7da2 sp=0x00000096e93f2990 mode 2
Event: 14.332 Thread 0x0000027b6a0a2100 Uncommon trap: trap_request=0xffffff45 fr.pc=0x0000027b15c1b8a0 relative=0x00000000000003c0
Event: 14.332 Thread 0x0000027b6a0a2100 Uncommon trap: reason=unstable_if action=reinterpret pc=0x0000027b15c1b8a0 method=java.util.regex.Pattern$BmpCharPropertyGreedy.match(Ljava/util/regex/Matcher;ILjava/lang/CharSequence;)Z @ 73 c2
Event: 14.332 Thread 0x0000027b6a0a2100 DEOPT PACKING pc=0x0000027b15c1b8a0 sp=0x00000096e93f2c50
Event: 14.332 Thread 0x0000027b6a0a2100 DEOPT UNPACKING pc=0x0000027b155f7da2 sp=0x00000096e93f2bf0 mode 2

Classes loaded (20 events):
Event: 1.131 Loading class java/lang/invoke/DirectMethodHandle$StaticAccessor
Event: 1.131 Loading class java/lang/invoke/DirectMethodHandle$StaticAccessor done
Event: 1.150 Loading class java/nio/DirectFloatBufferU
Event: 1.150 Loading class java/nio/DirectFloatBufferU done
Event: 1.160 Loading class java/lang/FdLibm$Atan2
Event: 1.160 Loading class java/lang/FdLibm$Atan2 done
Event: 1.160 Loading class java/lang/FdLibm
Event: 1.160 Loading class java/lang/FdLibm done
Event: 2.229 Loading class java/io/UnsupportedEncodingException
Event: 2.229 Loading class java/io/UnsupportedEncodingException done
Event: 14.287 Loading class java/io/SequenceInputStream
Event: 14.287 Loading class java/io/SequenceInputStream done
Event: 14.294 Loading class sun/nio/fs/WindowsChannelFactory$2
Event: 14.294 Loading class sun/nio/fs/WindowsChannelFactory$2 done
Event: 14.294 Loading class sun/nio/ch/ChannelOutputStream
Event: 14.294 Loading class sun/nio/ch/ChannelOutputStream done
Event: 14.331 Loading class java/util/ComparableTimSort
Event: 14.331 Loading class java/util/ComparableTimSort done
Event: 131.411 Loading class jdk/internal/misc/Signal$1
Event: 131.411 Loading class jdk/internal/misc/Signal$1 done

Classes unloaded (0 events):
No events

Classes redefined (0 events):
No events

Internal exceptions (20 events):
Event: 0.757 Thread 0x0000027b6a0a2100 Exception <a 'java/lang/ClassNotFoundException'{0x0000000713470588}: com/sun/glass/ui/win/themes_ru> (0x0000000713470588) 
thrown [s\open\src\hotspot\share\prims\jni.cpp, line 539]
Event: 0.757 Thread 0x0000027b6a0a2100 Exception <a 'java/lang/ClassNotFoundException'{0x0000000713471360}: com/sun/glass/ui/win/themes_ru_RU> (0x0000000713471360) 
thrown [s\open\src\hotspot\share\prims\jni.cpp, line 539]
Event: 0.816 Thread 0x0000027b6a0a2100 Exception <a 'java/lang/NoSuchMethodError'{0x0000000712c27330}: 'void java.lang.invoke.DirectMethodHandle$Holder.invokeStaticInit(java.lang.Object, java.lang.Object)'> (0x0000000712c27330) 
thrown [s\open\src\hotspot\share\interpreter\linkResolver.cpp, line 773]
Event: 0.824 Thread 0x0000027b6a0a2100 Exception <a 'java/lang/NoSuchMethodError'{0x0000000712c95e38}: 'void java.lang.invoke.DirectMethodHandle$Holder.invokeSpecial(java.lang.Object, java.lang.Object, int)'> (0x0000000712c95e38) 
thrown [s\open\src\hotspot\share\interpreter\linkResolver.cpp, line 773]
Event: 0.824 Thread 0x0000027b6a0a2100 Exception <a 'java/lang/NoSuchMethodError'{0x0000000712c9a070}: 'int java.lang.invoke.DirectMethodHandle$Holder.invokeSpecial(java.lang.Object, java.lang.Object, java.lang.Object, int)'> (0x0000000712c9a070) 
thrown [s\open\src\hotspot\share\interpreter\linkResolver.cpp, line 773]
Event: 0.825 Thread 0x0000027b6a0a2100 Exception <a 'java/lang/NoSuchMethodError'{0x0000000712ca41f8}: 'void java.lang.invoke.DelegatingMethodHandle$Holder.reinvoke_L(java.lang.Object, java.lang.Object, int)'> (0x0000000712ca41f8) 
thrown [s\open\src\hotspot\share\interpreter\linkResolver.cpp, line 773]
Event: 0.826 Thread 0x0000027b6a0a2100 Exception <a 'java/lang/NoSuchMethodError'{0x0000000712caaed8}: 'int java.lang.invoke.DirectMethodHandle$Holder.invokeSpecial(java.lang.Object, java.lang.Object, java.lang.Object)'> (0x0000000712caaed8) 
thrown [s\open\src\hotspot\share\interpreter\linkResolver.cpp, line 773]
Event: 0.852 Thread 0x0000027b6a0a2100 Implicit null exception at 0x0000027b15bbb962 to 0x0000027b15bbbcac
Event: 0.853 Thread 0x0000027b6a0a2100 Implicit null exception at 0x0000027b15bbb13d to 0x0000027b15bbb394
Event: 0.861 Thread 0x0000027b6a0a2100 Implicit null exception at 0x0000027b15b5f7bd to 0x0000027b15b5f841
Event: 0.989 Thread 0x0000027b6a0a2100 Exception <a 'java/lang/IncompatibleClassChangeError'{0x0000000712445b30}: Found class java.lang.Object, but interface was expected> (0x0000000712445b30) 
thrown [s\open\src\hotspot\share\interpreter\linkResolver.cpp, line 840]
Event: 1.020 Thread 0x0000027b6a0a2100 Exception <a 'java/lang/NoSuchMethodError'{0x0000000712555588}: 'int java.lang.invoke.DirectMethodHandle$Holder.invokeSpecial(java.lang.Object, java.lang.Object, int)'> (0x0000000712555588) 
thrown [s\open\src\hotspot\share\interpreter\linkResolver.cpp, line 773]
Event: 1.035 Thread 0x0000027b6a0a2100 Exception <a 'java/lang/NoSuchMethodError'{0x00000007125fd008}: 'java.lang.Object java.lang.invoke.DirectMethodHandle$Holder.newInvokeSpecial(java.lang.Object, java.lang.Object, int)'> (0x00000007125fd008) 
thrown [s\open\src\hotspot\share\interpreter\linkResolver.cpp, line 773]
Event: 1.054 Thread 0x0000027b6a0a4860 Exception <a 'java/lang/NoSuchMethodError'{0x0000000712286de0}: 'int java.lang.invoke.DirectMethodHandle$Holder.invokeStaticInit(java.lang.Object, java.lang.Object)'> (0x0000000712286de0) 
thrown [s\open\src\hotspot\share\interpreter\linkResolver.cpp, line 773]
Event: 2.251 Thread 0x0000027b6a0a2100 Exception <a 'java/lang/NoSuchMethodError'{0x00000007144ce4d0}: 'long java.lang.invoke.DirectMethodHandle$Holder.invokeStatic(java.lang.Object, java.lang.Object, java.lang.Object)'> (0x00000007144ce4d0) 
thrown [s\open\src\hotspot\share\interpreter\linkResolver.cpp, line 773]
Event: 2.251 Thread 0x0000027b6a0a2100 Exception <a 'java/lang/NoSuchMethodError'{0x00000007144d18a0}: 'long java.lang.invoke.DirectMethodHandle$Holder.invokeStaticInit(java.lang.Object, java.lang.Object, java.lang.Object)'> (0x00000007144d18a0) 
thrown [s\open\src\hotspot\share\interpreter\linkResolver.cpp, line 773]
Event: 2.252 Thread 0x0000027b6a0a2100 Exception <a 'java/lang/NoSuchMethodError'{0x00000007144e5e98}: 'java.lang.Object java.lang.invoke.DirectMethodHandle$Holder.newInvokeSpecial(java.lang.Object, java.lang.Object, long)'> (0x00000007144e5e98) 
thrown [s\open\src\hotspot\share\interpreter\linkResolver.cpp, line 773]
Event: 2.252 Thread 0x0000027b6a0a2100 Exception <a 'java/lang/NoSuchMethodError'{0x00000007144e9790}: 'java.lang.Object java.lang.invoke.Invokers$Holder.linkToTargetMethod(java.lang.Object, long, java.lang.Object)'> (0x00000007144e9790) 
thrown [s\open\src\hotspot\share\interpreter\linkResolver.cpp, line 773]
Event: 10.930 Thread 0x0000027b6a0a2100 Exception <a 'sun/nio/fs/WindowsException'{0x00000007143bf928}> (0x00000007143bf928) 
thrown [s\open\src\hotspot\share\prims\jni.cpp, line 520]
Event: 14.329 Thread 0x0000027b6a0a2100 Exception <a 'java/lang/ClassCastException'{0x0000000713f93bf0}: class java.lang.String cannot be cast to class javafx.scene.paint.Paint (java.lang.String is in module java.base of loader 'bootstrap'; javafx.scene.paint.Paint is in module javafx.graphics@19 of loader 'app')> (0x0000000713f93bf0) 
thrown [s\open\src\hotspot\share\interpreter\interpreterRuntime.cpp, line 455]

ZGC Phase Switch (0 events):
No events

VM Operations (20 events):
Event: 10.163 Executing VM operation: Cleanup done
Event: 12.164 Executing VM operation: Cleanup
Event: 12.164 Executing VM operation: Cleanup done
Event: 13.164 Executing VM operation: Cleanup
Event: 13.164 Executing VM operation: Cleanup done
Event: 14.165 Executing VM operation: Cleanup
Event: 14.165 Executing VM operation: Cleanup done
Event: 15.166 Executing VM operation: Cleanup
Event: 15.166 Executing VM operation: Cleanup done
Event: 16.166 Executing VM operation: Cleanup
Event: 16.166 Executing VM operation: Cleanup done
Event: 28.173 Executing VM operation: Cleanup
Event: 28.173 Executing VM operation: Cleanup done
Event: 53.385 Executing VM operation: Cleanup
Event: 53.385 Executing VM operation: Cleanup done
Event: 60.182 Executing VM operation: HandshakeAllThreads (HandshakeForDeflation)
Event: 60.182 Executing VM operation: HandshakeAllThreads (HandshakeForDeflation) done
Event: 60.182 Executing VM operation: RendezvousGCThreads
Event: 60.182 Executing VM operation: RendezvousGCThreads done
Event: 131.413 Executing VM operation: Exit

Events (20 events):
Event: 0.172 Thread 0x0000027b6a0a41d0 Thread added: 0x0000027b6a0a41d0
Event: 0.172 Thread 0x0000027b6a0a3b40 Thread added: 0x0000027b6a0a3b40
Event: 0.419 Thread 0x0000027b6a0a4860 Thread added: 0x0000027b6a0a4860
Event: 0.465 Thread 0x0000027b6a0a13e0 Thread added: 0x0000027b6a0a13e0
Event: 0.468 Thread 0x0000027b6a0a2100 Thread added: 0x0000027b6a0a2100
Event: 0.521 Thread 0x0000027b6a0a2790 Thread added: 0x0000027b6a0a2790
Event: 0.522 Thread 0x0000027b6a0a2e20 Thread added: 0x0000027b6a0a2e20
Event: 0.723 Thread 0x0000027b6a0a34b0 Thread added: 0x0000027b6a0a34b0
Event: 1.126 Thread 0x0000027b6b250660 Thread added: 0x0000027b6b250660
Event: 1.644 Thread 0x0000027b6a26f620 Thread exited: 0x0000027b6a26f620
Event: 1.644 Thread 0x0000027b6a1e8e20 Thread exited: 0x0000027b6a1e8e20
Event: 4.686 Thread 0x0000027b6b4e5470 Thread added: 0x0000027b6b4e5470
Event: 5.195 Thread 0x0000027b6b4e5470 Thread exited: 0x0000027b6b4e5470
Event: 10.949 Thread 0x0000027b6bc9e930 Thread added: 0x0000027b6bc9e930
Event: 11.547 Thread 0x0000027b6bc9e930 Thread exited: 0x0000027b6bc9e930
Event: 131.411 Thread 0x0000027b6b24ffd0 Thread added: 0x0000027b6b24ffd0
Event: 131.412 Thread 0x0000027b6b250cf0 Thread added: 0x0000027b6b250cf0
Event: 131.412 Thread 0x0000027b6b256240 Thread added: 0x0000027b6b256240
Event: 131.412 Thread 0x0000027b6b256240 Thread exited: 0x0000027b6b256240
Event: 131.413 Thread 0x0000027b6b250cf0 Thread exited: 0x0000027b6b250cf0


Dynamic libraries:
0x00007ff7e33c0000 - 0x00007ff7e33d0000 	C:\Program Files\Java\jdk-21\bin\java.exe
0x00007ffad4a90000 - 0x00007ffad4ca7000 	C:\WINDOWS\SYSTEM32\ntdll.dll
0x00007ffad4630000 - 0x00007ffad46f4000 	C:\WINDOWS\System32\KERNEL32.DLL
0x00007ffad2150000 - 0x00007ffad24f6000 	C:\WINDOWS\System32\KERNELBASE.dll
0x00007ffad26a0000 - 0x00007ffad27b1000 	C:\WINDOWS\System32\ucrtbase.dll
0x00007ffabc860000 - 0x00007ffabc87b000 	C:\Program Files\Java\jdk-21\bin\VCRUNTIME140.dll
0x00007ffac0190000 - 0x00007ffac01a9000 	C:\Program Files\Java\jdk-21\bin\jli.dll
0x00007ffad31b0000 - 0x00007ffad3260000 	C:\WINDOWS\System32\ADVAPI32.dll
0x00007ffad43b0000 - 0x00007ffad4457000 	C:\WINDOWS\System32\msvcrt.dll
0x00007ffad44d0000 - 0x00007ffad4576000 	C:\WINDOWS\System32\sechost.dll
0x00007ffad3260000 - 0x00007ffad3377000 	C:\WINDOWS\System32\RPCRT4.dll
0x00007ffad4080000 - 0x00007ffad422d000 	C:\WINDOWS\System32\USER32.dll
0x00007ffad27c0000 - 0x00007ffad27e6000 	C:\WINDOWS\System32\win32u.dll
0x00007ffad4580000 - 0x00007ffad45a9000 	C:\WINDOWS\System32\GDI32.dll
0x00007ffab1200000 - 0x00007ffab1493000 	C:\WINDOWS\WinSxS\amd64_microsoft.windows.common-controls_6595b64144ccf1df_6.0.22621.2361_none_2712ced57382f843\COMCTL32.dll
0x00007ffad2500000 - 0x00007ffad2618000 	C:\WINDOWS\System32\gdi32full.dll
0x00007ffad20b0000 - 0x00007ffad214a000 	C:\WINDOWS\System32\msvcp_win.dll
0x00007ffac6850000 - 0x00007ffac685a000 	C:\WINDOWS\SYSTEM32\VERSION.dll
0x00007ffad30c0000 - 0x00007ffad30f1000 	C:\WINDOWS\System32\IMM32.DLL
0x00007ffaca4c0000 - 0x00007ffaca4cc000 	C:\Program Files\Java\jdk-21\bin\vcruntime140_1.dll
0x00007ffaa8090000 - 0x00007ffaa811e000 	C:\Program Files\Java\jdk-21\bin\msvcp140.dll
0x00007ffa8c840000 - 0x00007ffa8d555000 	C:\Program Files\Java\jdk-21\bin\server\jvm.dll
0x00007ffad4760000 - 0x00007ffad47d1000 	C:\WINDOWS\System32\WS2_32.dll
0x00007ffad0ca0000 - 0x00007ffad0ced000 	C:\WINDOWS\SYSTEM32\POWRPROF.dll
0x00007ffac00b0000 - 0x00007ffac00e4000 	C:\WINDOWS\SYSTEM32\WINMM.dll
0x00007ffad0c80000 - 0x00007ffad0c93000 	C:\WINDOWS\SYSTEM32\UMPDC.dll
0x00007ffad0f40000 - 0x00007ffad0f58000 	C:\WINDOWS\SYSTEM32\kernel.appcore.dll
0x00007ffac7b60000 - 0x00007ffac7b6a000 	C:\Program Files\Java\jdk-21\bin\jimage.dll
0x00007ffacf2b0000 - 0x00007ffacf4de000 	C:\WINDOWS\SYSTEM32\DBGHELP.DLL
0x00007ffad2d30000 - 0x00007ffad30ba000 	C:\WINDOWS\System32\combase.dll
0x00007ffad2c50000 - 0x00007ffad2d27000 	C:\WINDOWS\System32\OLEAUT32.dll
0x00007ffac3480000 - 0x00007ffac34b2000 	C:\WINDOWS\SYSTEM32\dbgcore.DLL
0x00007ffad2620000 - 0x00007ffad269a000 	C:\WINDOWS\System32\bcryptPrimitives.dll
0x00007ffabc850000 - 0x00007ffabc85f000 	C:\Program Files\Java\jdk-21\bin\instrument.dll
0x00007ffabc720000 - 0x00007ffabc73f000 	C:\Program Files\Java\jdk-21\bin\java.dll
0x00007ffad3820000 - 0x00007ffad4078000 	C:\WINDOWS\System32\SHELL32.dll
0x00007ffacfd40000 - 0x00007ffad0632000 	C:\WINDOWS\SYSTEM32\windows.storage.dll
0x00007ffacfc00000 - 0x00007ffacfd3e000 	C:\WINDOWS\SYSTEM32\wintypes.dll
0x00007ffad42b0000 - 0x00007ffad43a3000 	C:\WINDOWS\System32\SHCORE.dll
0x00007ffad4470000 - 0x00007ffad44ce000 	C:\WINDOWS\System32\shlwapi.dll
0x00007ffad1d40000 - 0x00007ffad1d66000 	C:\WINDOWS\SYSTEM32\profapi.dll
0x00007ffa99f20000 - 0x00007ffa99ff7000 	C:\Program Files\Java\jdk-21\bin\jsvml.dll
0x00007ffabc840000 - 0x00007ffabc850000 	C:\Program Files\Java\jdk-21\bin\net.dll
0x00007ffac8790000 - 0x00007ffac88c7000 	C:\WINDOWS\SYSTEM32\WINHTTP.dll
0x00007ffad13c0000 - 0x00007ffad1429000 	C:\WINDOWS\system32\mswsock.dll
0x00007ffab9fb0000 - 0x00007ffab9fc6000 	C:\Program Files\Java\jdk-21\bin\nio.dll
0x00007ffab9f90000 - 0x00007ffab9fa8000 	C:\Program Files\Java\jdk-21\bin\zip.dll
0x00007ffab9f70000 - 0x00007ffab9f8a000 	C:\Program Files\JetBrains\IntelliJ IDEA 2022.3.1\bin\breakgen64.dll
0x0000027b24dd0000 - 0x0000027b24dd3000 	C:\Users\Алекс\.openjfx\cache\19+11\amd64\api-ms-win-core-console-l1-1-0.dll
0x0000027b24de0000 - 0x0000027b24de3000 	C:\Users\Алекс\.openjfx\cache\19+11\amd64\api-ms-win-core-console-l1-2-0.dll
0x0000027b24df0000 - 0x0000027b24df3000 	C:\Users\Алекс\.openjfx\cache\19+11\amd64\api-ms-win-core-datetime-l1-1-0.dll
0x0000027b24e00000 - 0x0000027b24e03000 	C:\Users\Алекс\.openjfx\cache\19+11\amd64\api-ms-win-core-debug-l1-1-0.dll
0x0000027b24e10000 - 0x0000027b24e13000 	C:\Users\Алекс\.openjfx\cache\19+11\amd64\api-ms-win-core-errorhandling-l1-1-0.dll
0x0000027b24e20000 - 0x0000027b24e24000 	C:\Users\Алекс\.openjfx\cache\19+11\amd64\api-ms-win-core-file-l1-1-0.dll
0x0000027b24e30000 - 0x0000027b24e33000 	C:\Users\Алекс\.openjfx\cache\19+11\amd64\api-ms-win-core-file-l1-2-0.dll
0x0000027b24e40000 - 0x0000027b24e43000 	C:\Users\Алекс\.openjfx\cache\19+11\amd64\api-ms-win-core-file-l2-1-0.dll
0x0000027b24e50000 - 0x0000027b24e53000 	C:\Users\Алекс\.openjfx\cache\19+11\amd64\api-ms-win-core-handle-l1-1-0.dll
0x0000027b24e60000 - 0x0000027b24e63000 	C:\Users\Алекс\.openjfx\cache\19+11\amd64\api-ms-win-core-heap-l1-1-0.dll
0x0000027b24e70000 - 0x0000027b24e73000 	C:\Users\Алекс\.openjfx\cache\19+11\amd64\api-ms-win-core-interlocked-l1-1-0.dll
0x0000027b24e80000 - 0x0000027b24e83000 	C:\Users\Алекс\.openjfx\cache\19+11\amd64\api-ms-win-core-libraryloader-l1-1-0.dll
0x0000027b24e90000 - 0x0000027b24e93000 	C:\Users\Алекс\.openjfx\cache\19+11\amd64\api-ms-win-core-localization-l1-2-0.dll
0x0000027b24ea0000 - 0x0000027b24ea3000 	C:\Users\Алекс\.openjfx\cache\19+11\amd64\api-ms-win-core-memory-l1-1-0.dll
0x0000027b24eb0000 - 0x0000027b24eb3000 	C:\Users\Алекс\.openjfx\cache\19+11\amd64\api-ms-win-core-namedpipe-l1-1-0.dll
0x0000027b24ec0000 - 0x0000027b24ec3000 	C:\Users\Алекс\.openjfx\cache\19+11\amd64\api-ms-win-core-processenvironment-l1-1-0.dll
0x0000027b24ed0000 - 0x0000027b24ed3000 	C:\Users\Алекс\.openjfx\cache\19+11\amd64\api-ms-win-core-processthreads-l1-1-0.dll
0x0000027b24ee0000 - 0x0000027b24ee3000 	C:\Users\Алекс\.openjfx\cache\19+11\amd64\api-ms-win-core-processthreads-l1-1-1.dll
0x0000027b24ef0000 - 0x0000027b24ef3000 	C:\Users\Алекс\.openjfx\cache\19+11\amd64\api-ms-win-core-profile-l1-1-0.dll
0x0000027b24f00000 - 0x0000027b24f03000 	C:\Users\Алекс\.openjfx\cache\19+11\amd64\api-ms-win-core-rtlsupport-l1-1-0.dll
0x0000027b24f10000 - 0x0000027b24f13000 	C:\Users\Алекс\.openjfx\cache\19+11\amd64\api-ms-win-core-string-l1-1-0.dll
0x0000027b24f20000 - 0x0000027b24f23000 	C:\Users\Алекс\.openjfx\cache\19+11\amd64\api-ms-win-core-synch-l1-1-0.dll
0x0000027b24f30000 - 0x0000027b24f33000 	C:\Users\Алекс\.openjfx\cache\19+11\amd64\api-ms-win-core-synch-l1-2-0.dll
0x0000027b24f40000 - 0x0000027b24f43000 	C:\Users\Алекс\.openjfx\cache\19+11\amd64\api-ms-win-core-sysinfo-l1-1-0.dll
0x0000027b24f50000 - 0x0000027b24f53000 	C:\Users\Алекс\.openjfx\cache\19+11\amd64\api-ms-win-core-timezone-l1-1-0.dll
0x0000027b24f60000 - 0x0000027b24f63000 	C:\Users\Алекс\.openjfx\cache\19+11\amd64\api-ms-win-core-util-l1-1-0.dll
0x0000027b24f70000 - 0x0000027b24f73000 	C:\Users\Алекс\.openjfx\cache\19+11\amd64\api-ms-win-crt-conio-l1-1-0.dll
0x0000027b24f80000 - 0x0000027b24f84000 	C:\Users\Алекс\.openjfx\cache\19+11\amd64\api-ms-win-crt-convert-l1-1-0.dll
0x0000027b24f90000 - 0x0000027b24f93000 	C:\Users\Алекс\.openjfx\cache\19+11\amd64\api-ms-win-crt-environment-l1-1-0.dll
0x0000027b24fa0000 - 0x0000027b24fa3000 	C:\Users\Алекс\.openjfx\cache\19+11\amd64\api-ms-win-crt-filesystem-l1-1-0.dll
0x0000027b24fb0000 - 0x0000027b24fb3000 	C:\Users\Алекс\.openjfx\cache\19+11\amd64\api-ms-win-crt-heap-l1-1-0.dll
0x0000027b24fc0000 - 0x0000027b24fc3000 	C:\Users\Алекс\.openjfx\cache\19+11\amd64\api-ms-win-crt-locale-l1-1-0.dll
0x0000027b24fd0000 - 0x0000027b24fd5000 	C:\Users\Алекс\.openjfx\cache\19+11\amd64\api-ms-win-crt-math-l1-1-0.dll
0x0000027b24fe0000 - 0x0000027b24fe5000 	C:\Users\Алекс\.openjfx\cache\19+11\amd64\api-ms-win-crt-multibyte-l1-1-0.dll
0x0000027b24ff0000 - 0x0000027b25000000 	C:\Users\Алекс\.openjfx\cache\19+11\amd64\api-ms-win-crt-private-l1-1-0.dll
0x0000027b6ac00000 - 0x0000027b6ac03000 	C:\Users\Алекс\.openjfx\cache\19+11\amd64\api-ms-win-crt-process-l1-1-0.dll
0x0000027b6ac10000 - 0x0000027b6ac14000 	C:\Users\Алекс\.openjfx\cache\19+11\amd64\api-ms-win-crt-runtime-l1-1-0.dll
0x0000027b6ac20000 - 0x0000027b6ac24000 	C:\Users\Алекс\.openjfx\cache\19+11\amd64\api-ms-win-crt-stdio-l1-1-0.dll
0x0000027b6ac30000 - 0x0000027b6ac34000 	C:\Users\Алекс\.openjfx\cache\19+11\amd64\api-ms-win-crt-string-l1-1-0.dll
0x0000027b6ac40000 - 0x0000027b6ac43000 	C:\Users\Алекс\.openjfx\cache\19+11\amd64\api-ms-win-crt-time-l1-1-0.dll
0x0000027b6ac50000 - 0x0000027b6ac53000 	C:\Users\Алекс\.openjfx\cache\19+11\amd64\api-ms-win-crt-utility-l1-1-0.dll
0x00007ffa959a0000 - 0x00007ffa95a9c000 	C:\Users\Алекс\.openjfx\cache\19+11\amd64\ucrtbase.dll
0x00007ffab8030000 - 0x00007ffab804b000 	C:\Users\Алекс\.openjfx\cache\19+11\amd64\vcruntime140.dll
0x00007ffabc710000 - 0x00007ffabc71c000 	C:\Users\Алекс\.openjfx\cache\19+11\amd64\vcruntime140_1.dll
0x00007ffa95050000 - 0x00007ffa950de000 	C:\Users\Алекс\.openjfx\cache\19+11\amd64\msvcp140.dll
0x00007ffab9f50000 - 0x00007ffab9f59000 	C:\Users\Алекс\.openjfx\cache\19+11\amd64\msvcp140_1.dll
0x00007ffab7d90000 - 0x00007ffab7dc0000 	C:\Users\Алекс\.openjfx\cache\19+11\amd64\msvcp140_2.dll
0x00007ffaaeee0000 - 0x00007ffaaef0c000 	C:\Users\Алекс\.openjfx\cache\19+11\amd64\prism_d3d.dll
0x00007ffac1130000 - 0x00007ffac12d9000 	C:\WINDOWS\system32\d3d9.dll
0x00007ffacc7a0000 - 0x00007ffacc7cb000 	C:\WINDOWS\SYSTEM32\dwmapi.dll
0x00007ffacef70000 - 0x00007ffacefa6000 	C:\WINDOWS\SYSTEM32\dxcore.dll
0x00007ffacc560000 - 0x00007ffacc60b000 	C:\WINDOWS\system32\uxtheme.dll
0x00007ffac0330000 - 0x00007ffac04d8000 	C:\WINDOWS\System32\DriverStore\FileRepository\iigd_dch.inf_amd64_e04d20469f199b2b\igdumdim64.dll
0x00007ffad2ab0000 - 0x00007ffad2c4f000 	C:\WINDOWS\System32\ole32.dll
0x00007ffa592b0000 - 0x00007ffa5ced1000 	C:\WINDOWS\System32\DriverStore\FileRepository\iigd_dch.inf_amd64_e04d20469f199b2b\igd9dxva64.dll
0x00007ffad33a0000 - 0x00007ffad3814000 	C:\WINDOWS\System32\SETUPAPI.dll
0x00007ffad1b00000 - 0x00007ffad1b4e000 	C:\WINDOWS\SYSTEM32\cfgmgr32.dll
0x00007ffac34c0000 - 0x00007ffac3888000 	C:\WINDOWS\System32\DriverStore\FileRepository\iigd_dch.inf_amd64_e04d20469f199b2b\igdgmm64.dll
0x00007ffac9a20000 - 0x00007ffac9a6a000 	C:\WINDOWS\SYSTEM32\directxdatabasehelper.dll
0x00007ffaaee90000 - 0x00007ffaaeed2000 	C:\Users\Алекс\.openjfx\cache\19+11\amd64\glass.dll
0x00007ffad29b0000 - 0x00007ffad2aa9000 	C:\WINDOWS\System32\COMDLG32.dll
0x00007ffad47e0000 - 0x00007ffad492c000 	C:\WINDOWS\System32\MSCTF.dll
0x00007ffa7d380000 - 0x00007ffa7d3a7000 	C:\WINDOWS\System32\DriverStore\FileRepository\iigd_dch.inf_amd64_e04d20469f199b2b\igdinfo64.dll
0x00007ffabc8d0000 - 0x00007ffabfed5000 	C:\WINDOWS\System32\DriverStore\FileRepository\iigd_dch.inf_amd64_e04d20469f199b2b\igc64.dll
0x00007ffaaaf60000 - 0x00007ffaaaf74000 	C:\Users\Алекс\.openjfx\cache\19+11\amd64\javafx_font.dll
0x00007ffacb000000 - 0x00007ffacb273000 	C:\WINDOWS\SYSTEM32\dwrite.dll
0x00007ffad3100000 - 0x00007ffad31b0000 	C:\WINDOWS\System32\clbcatq.dll
0x00007ffacaa60000 - 0x00007ffacac10000 	C:\WINDOWS\SYSTEM32\WindowsCodecs.dll
0x00007ffa994d0000 - 0x00007ffa9952e000 	C:\WINDOWS\system32\dataexchange.dll
0x00007ffac6470000 - 0x00007ffac66f5000 	C:\WINDOWS\system32\twinapi.appcore.dll
0x00007ffab9fd0000 - 0x00007ffaba002000 	C:\Program Files\Common Files\Microsoft Shared\Ink\rtscom.dll
0x00007ffab7400000 - 0x00007ffab754a000 	C:\WINDOWS\SYSTEM32\textinputframework.dll
0x00007ffacc140000 - 0x00007ffacc273000 	C:\WINDOWS\SYSTEM32\CoreMessaging.dll
0x00007ffac74c0000 - 0x00007ffac782c000 	C:\WINDOWS\SYSTEM32\CoreUIComponents.dll
0x00007ffad1610000 - 0x00007ffad161c000 	C:\WINDOWS\SYSTEM32\CRYPTBASE.DLL
0x00007ffacb280000 - 0x00007ffacb86e000 	C:\WINDOWS\SYSTEM32\d2d1.dll
0x00007ffacb870000 - 0x00007ffacbac7000 	C:\WINDOWS\SYSTEM32\d3d11.dll
0x00007ffacc690000 - 0x00007ffacc788000 	C:\WINDOWS\SYSTEM32\dxgi.dll
0x00007ffac6b00000 - 0x00007ffac7211000 	C:\WINDOWS\SYSTEM32\D3D10Warp.dll
0x00007ffaa95d0000 - 0x00007ffaa95fd000 	C:\Users\Алекс\.openjfx\cache\19+11\amd64\javafx_iio.dll

dbghelp: loaded successfully - version: 4.0.5 - missing functions: none
symbol engine: initialized successfully - sym options: 0x614 - pdb path: .;C:\Program Files\Java\jdk-21\bin;C:\WINDOWS\SYSTEM32;C:\WINDOWS\WinSxS\amd64_microsoft.windows.common-controls_6595b64144ccf1df_6.0.22621.2361_none_2712ced57382f843;C:\Program Files\Java\jdk-21\bin\server;C:\Program Files\JetBrains\IntelliJ IDEA 2022.3.1\bin;C:\Users\Алекс\.openjfx\cache\19+11\amd64;C:\WINDOWS\System32\DriverStore\FileRepository\iigd_dch.inf_amd64_e04d20469f199b2b;C:\Program Files\Common Files\Microsoft Shared\Ink

VM Arguments:
jvm_args: -javaagent:C:\Program Files\JetBrains\IntelliJ IDEA 2022.3.1\lib\idea_rt.jar=52615:C:\Program Files\JetBrains\IntelliJ IDEA 2022.3.1\bin -Dfile.encoding=UTF-8 -Dsun.stdout.encoding=UTF-8 -Dsun.stderr.encoding=UTF-8 --module-path=C:\Users\Алекс\.m2\repository\org\openjfx\javafx-controls\19\javafx-controls-19-win.jar;C:\Users\Алекс\.m2\repository\org\openjfx\javafx-fxml\19\javafx-fxml-19-win.jar;C:\Users\Алекс\IdeaProjects\FirstApp\target\classes;C:\Users\Алекс\.m2\repository\org\openjfx\javafx-base\19\javafx-base-19-win.jar;C:\Users\Алекс\.m2\repository\org\openjfx\javafx-graphics\19\javafx-graphics-19-win.jar -Djdk.module.main=com.example.firstapp 
java_command: com.example.firstapp/com.example.firstapp.HelloApplication
java_class_path (initial): C:\Users\Алекс\.m2\repository\org\openjfx\javafx-controls\19\javafx-controls-19.jar;C:\Users\Алекс\.m2\repository\org\openjfx\javafx-graphics\19\javafx-graphics-19.jar;C:\Users\Алекс\.m2\repository\org\openjfx\javafx-base\19\javafx-base-19.jar;C:\Users\Алекс\.m2\repository\org\openjfx\javafx-fxml\19\javafx-fxml-19.jar
Launcher Type: SUN_STANDARD

[Global flags]
     intx CICompilerCount                          = 4                                         {product} {ergonomic}
     uint ConcGCThreads                            = 2                                         {product} {ergonomic}
     uint G1ConcRefinementThreads                  = 8                                         {product} {ergonomic}
   size_t G1HeapRegionSize                         = 2097152                                   {product} {ergonomic}
    uintx GCDrainStackTargetSize                   = 64                                        {product} {ergonomic}
   size_t InitialHeapSize                          = 264241152                                 {product} {ergonomic}
   size_t MarkStackSize                            = 4194304                                   {product} {ergonomic}
   size_t MaxHeapSize                              = 4215275520                                {product} {ergonomic}
   size_t MaxNewSize                               = 2529165312                                {product} {ergonomic}
   size_t MinHeapDeltaBytes                        = 2097152                                   {product} {ergonomic}
   size_t MinHeapSize                              = 8388608                                   {product} {ergonomic}
    uintx NonNMethodCodeHeapSize                   = 5839372                                {pd product} {ergonomic}
    uintx NonProfiledCodeHeapSize                  = 122909434                              {pd product} {ergonomic}
    uintx ProfiledCodeHeapSize                     = 122909434                              {pd product} {ergonomic}
    uintx ReservedCodeCacheSize                    = 251658240                              {pd product} {ergonomic}
     bool SegmentedCodeCache                       = true                                      {product} {ergonomic}
   size_t SoftMaxHeapSize                          = 4215275520                             {manageable} {ergonomic}
     bool UseCompressedOops                        = true                           {product lp64_product} {ergonomic}
     bool UseG1GC                                  = true                                      {product} {ergonomic}
     bool UseLargePagesIndividualAllocation        = false                                  {pd product} {ergonomic}

Logging:
Log output configuration:
 #0: stdout all=off uptime,level,tags foldmultilines=false
 #1: stderr all=off uptime,level,tags foldmultilines=false

Environment Variables:
JAVA_HOME=C:\Program Files\Java\jdk-21
PATH=C:\WINDOWS\system32;C:\WINDOWS;C:\WINDOWS\System32\Wbem;C:\WINDOWS\System32\WindowsPowerShell\v1.0\;C:\WINDOWS\System32\OpenSSH\;C:\Program Files\Git\cmd;C:\Program Files\Cloudflare\Cloudflare WARP\;C:\apache-tomcat-10\bin;C:\Program Files\Java\jdk-21\bin;C:\Program Files\PowerShell\7\;C:\Users\Алекс\AppData\Local\Programs\Python\Python311\Scripts\;C:\Users\Алекс\AppData\Local\Programs\Python\Python311\;C:\Users\Алекс\AppData\Local\Microsoft\WindowsApps;C:\Users\Алекс\AppData\Local\GitHubDesktop\bin;C:\Users\Алекс\AppData\Local\Programs\Microsoft VS Code\bin;
USERNAME=Алекс
OS=Windows_NT
PROCESSOR_IDENTIFIER=Intel64 Family 6 Model 140 Stepping 1, GenuineIntel
TMP=C:\Users\E47B~1\AppData\Local\Temp
TEMP=C:\Users\E47B~1\AppData\Local\Temp




Periodic native trim disabled

---------------  S Y S T E M  ---------------

OS:
 Windows 11 , 64 bit Build 22621 (10.0.22621.2428)
OS uptime: 0 days 4:09 hours
Hyper-V role detected

CPU: total 8 (initial active 8) (4 cores per cpu, 2 threads per core) family 6 model 140 stepping 1 microcode 0x86, cx8, cmov, fxsr, ht, mmx, 3dnowpref, sse, sse2, sse3, ssse3, sse4.1, sse4.2, popcnt, lzcnt, tsc, tscinvbit, avx, avx2, aes, erms, clmul, bmi1, bmi2, adx, avx512f, avx512dq, avx512cd, avx512bw, avx512vl, sha, fma, vzeroupper, avx512_vpopcntdq, avx512_vpclmulqdq, avx512_vaes, avx512_vnni, clflush, clflushopt, clwb, avx512_vbmi2, avx512_vbmi, hv, rdtscp, rdpid, fsrm, gfni, avx512_bitalg, f16c, cet_ibt, cet_ss, avx512_ifma
Processor Information for all 8 processors :
  Max Mhz: 3110, Current Mhz: 3110, Mhz Limit: 3110

Memory: 4k page, system-wide physical 16075M (6319M free)
TotalPageFile size 17803M (AvailPageFile size 4392M)
current process WorkingSet (physical memory assigned to process): 195M, peak: 218M
current process commit charge ("private bytes"): 430M, peak: 453M

vm_info: Java HotSpot(TM) 64-Bit Server VM (21.0.1+12-LTS-29) for windows-amd64 JRE (21.0.1+12-LTS-29), built on 2023-10-05T13:27:09Z by "mach5one" with MS VC++ 17.1 (VS2022)

END.
