#
# A fatal error has been detected by the Java Runtime Environment:
#
#  EXCEPTION_ACCESS_VIOLATION (0xc0000005) at pc=0x00007ffbdc5063b7, pid=14036, tid=20392
#
# JRE version: OpenJDK Runtime Environment (19.0.1+10) (build 19.0.1+10-21)
# Java VM: OpenJDK 64-Bit Server VM (19.0.1+10-21, mixed mode, sharing, tiered, compressed oops, compressed class ptrs, g1 gc, windows-amd64)
# Problematic frame:
# C  [glass.dll+0x263b7]
#
# No core dump will be written. Minidumps are not enabled by default on client versions of Windows
#
# If you would like to submit a bug report, please visit:
#   https://bugreport.java.com/bugreport/crash.jsp
#

---------------  S U M M A R Y ------------

Command Line: -javaagent:C:\Program Files\JetBrains\IntelliJ IDEA 2022.3.1\lib\idea_rt.jar=61808:C:\Program Files\JetBrains\IntelliJ IDEA 2022.3.1\bin -Dfile.encoding=UTF-8 -Dsun.stdout.encoding=UTF-8 -Dsun.stderr.encoding=UTF-8 --module-path=C:\Users\Алекс\IdeaProjects\FirstApp\target\classes;C:\Users\Алекс\.m2\repository\org\openjfx\javafx-controls\19\javafx-controls-19-win.jar;C:\Users\Алекс\.m2\repository\org\openjfx\javafx-graphics\19\javafx-graphics-19-win.jar;C:\Users\Алекс\.m2\repository\org\openjfx\javafx-base\19\javafx-base-19-win.jar;C:\Users\Алекс\.m2\repository\org\openjfx\javafx-fxml\19\javafx-fxml-19-win.jar -Djdk.module.main=com.example.firstapp com.example.firstapp/com.example.firstapp.HelloApplication

Host: 11th Gen Intel(R) Core(TM) i5-11300H @ 3.10GHz, 8 cores, 15G,  Windows 11 , 64 bit Build 22621 (10.0.22621.2428)
Time: Thu Oct 26 18:25:43 2023  Windows 11 , 64 bit Build 22621 (10.0.22621.2428) elapsed time: 425.235072 seconds (0d 0h 7m 5s)

---------------  T H R E A D  ---------------

Current thread (0x0000015160fed7c0):  VMThread "VM Thread" [stack: 0x000000395cf00000,0x000000395d000000] [id=20392]

Stack: [0x000000395cf00000,0x000000395d000000],  sp=0x000000395cfff2d0,  free space=1020k
Native frames: (J=compiled Java code, j=interpreted, Vv=VM code, C=native code)
C  [glass.dll+0x263b7]


siginfo: EXCEPTION_ACCESS_VIOLATION (0xc0000005), reading address 0x0000000000000000


Registers:
RAX=0x0000000000000000, RBX=0x0000015160ffe768, RCX=0x0000015160fed7c0, RDX=0x000000395cfff2d0
RSP=0x000000395cfff2d0, RBP=0x0000015165e5f308, RSI=0x000000395cfff3d8, RDI=0x0000015165e5f2e0
R8 =0x0000000000010002, R9 =0x0000015165e5f2e0, R10=0x85f13e9656da4870, R11=0x000000395cfff260
R12=0x00007ffbdc503cf0, R13=0x00007ffbb7c572a0, R14=0x000067ffe9ef0dd5, R15=0x0000015165e5f2e0
RIP=0x00007ffbdc5063b7, EFLAGS=0x0000000000010202


Register to memory mapping:

RIP=0x00007ffbdc5063b7 glass.dll
RAX=0x0 is NULL
RBX=0x0000015160ffe768 is a global jni handle
RCX=0x0000015160fed7c0 points into unknown readable memory: 0x00007ffbb7a645d8 | d8 45 a6 b7 fb 7f 00 00
RDX=0x000000395cfff2d0 points into unknown readable memory: 0x0000000000000000 | 00 00 00 00 00 00 00 00
RSP=0x000000395cfff2d0 points into unknown readable memory: 0x0000000000000000 | 00 00 00 00 00 00 00 00
RBP=0x0000015165e5f308 points into unknown readable memory: 0x000067ffe9ef0dd5 | d5 0d ef e9 ff 67 00 00
RSI=0x000000395cfff3d8 points into unknown readable memory: 0x000000395cfff3c0 | c0 f3 ff 5c 39 00 00 00
RDI=0x0000015165e5f2e0 points into unknown readable memory: 0xff7bedf8e8ef0dda | da 0d ef e8 f8 ed 7b ff
R8 =0x0000000000010002 is an unknown value
R9 =0x0000015165e5f2e0 points into unknown readable memory: 0xff7bedf8e8ef0dda | da 0d ef e8 f8 ed 7b ff
R10=0x85f13e9656da4870 is an unknown value
R11=0x000000395cfff260 points into unknown readable memory: 0x0000015165e5f2e0 | e0 f2 e5 65 51 01 00 00
R12=0x00007ffbdc503cf0 glass.dll
R13=0x00007ffbb7c572a0 jvm.dll
R14=0x000067ffe9ef0dd5 is an unknown value
R15=0x0000015165e5f2e0 points into unknown readable memory: 0xff7bedf8e8ef0dda | da 0d ef e8 f8 ed 7b ff


Top of Stack: (sp=0x000000395cfff2d0)
0x000000395cfff2d0:   0000000000000000 000000395cfff3d8
0x000000395cfff2e0:   00007ffbb7c572a0 00007ffbdc503cf0
0x000000395cfff2f0:   0000015165e5f2e8 00007ffc3aac3a83
0x000000395cfff300:   0000015165e5f2e0 0000015100000000
0x000000395cfff310:   0000015165e5f308 000000395cfff3d8
0x000000395cfff320:   fffffffffffffffe 0000000000000000
0x000000395cfff330:   0000000000000001 00007ffbdc4e0000
0x000000395cfff340:   000000395cfff3c8 00007ffc3aa9006e
0x000000395cfff350:   0000000000000000 000000395cfff3d8
0x000000395cfff360:   000000395cfff6c0 0000000000000001
0x000000395cfff370:   0000000000000001 00007ffc3aa8da1d
0x000000395cfff380:   0000000000000000 00007ffbdc5034e9
0x000000395cfff390:   0000000000000000 000000395cfff3c8
0x000000395cfff3a0:   fffffffffffffffe 000000395cfff600
0x000000395cfff3b0:   0000000000000000 00007ffbdc503b7d
0x000000395cfff3c0:   00007ffbdc519f88 00007ffb00000002 

Instructions: (pc=0x00007ffbdc5063b7)
0x00007ffbdc5062b7:   8b 4d 58 e8 7d cf ff ff 48 8b 4d 60 e8 74 cf ff
0x00007ffbdc5062c7:   ff 48 8b 95 80 00 00 00 48 8b 8d 18 01 00 00 e8
0x00007ffbdc5062d7:   66 c4 ff ff 33 d2 33 c9 e8 bc e1 ff ff 90 48 89
0x00007ffbdc5062e7:   54 24 10 55 48 83 ec 20 48 8b ea 48 b8 00 00 00
0x00007ffbdc5062f7:   00 00 00 00 00 48 83 c4 20 5d c3 cc 40 55 48 8b
0x00007ffbdc506307:   ea 48 8b 01 33 c9 81 38 05 00 00 c0 0f 94 c1 8b
0x00007ffbdc506317:   c1 5d c3 cc 40 55 48 83 ec 20 48 8b ea 8a 4d 40
0x00007ffbdc506327:   48 83 c4 20 5d e9 63 d3 ff ff cc 40 55 48 83 ec
0x00007ffbdc506337:   20 48 8b ea 8a 4d 20 e8 51 d3 ff ff 90 48 83 c4
0x00007ffbdc506347:   20 5d c3 cc 40 55 48 83 ec 20 48 8b ea 48 83 c4
0x00007ffbdc506357:   20 5d e9 b2 d1 ff ff cc 40 55 48 83 ec 30 48 8b
0x00007ffbdc506367:   ea 48 8b 01 8b 10 48 89 4c 24 28 89 54 24 20 4c
0x00007ffbdc506377:   8d 0d 53 d6 ff ff 4c 8b 45 70 8b 55 68 48 8b 4d
0x00007ffbdc506387:   60 e8 f3 d0 ff ff 90 48 83 c4 30 5d c3 cc cc cc
0x00007ffbdc506397:   cc cc cc cc cc cc cc cc cc 40 53 48 83 ec 20 48
0x00007ffbdc5063a7:   8b 1d db 35 01 00 48 85 db 74 16 e8 79 8b ff ff
0x00007ffbdc5063b7:   4c 8b 00 48 8b d3 48 8b c8 41 ff 90 b0 00 00 00
0x00007ffbdc5063c7:   90 48 83 c4 20 5b c3 cc cc 40 53 48 83 ec 20 48
0x00007ffbdc5063d7:   8b 1d 4b 37 01 00 48 85 db 74 57 b8 ff ff ff ff
0x00007ffbdc5063e7:   f0 0f c1 43 10 83 f8 01 75 3d 48 85 db 74 38 48
0x00007ffbdc5063f7:   8b 0b 48 85 c9 74 0d ff 15 a4 0e 00 00 48 c7 03
0x00007ffbdc506407:   00 00 00 00 48 8b 4b 08 48 85 c9 74 0d e8 23 ce
0x00007ffbdc506417:   ff ff 48 c7 43 08 00 00 00 00 ba 18 00 00 00 48
0x00007ffbdc506427:   8b cb e8 0e ce ff ff 48 c7 05 ef 36 01 00 00 00
0x00007ffbdc506437:   00 00 48 83 c4 20 5b c3 cc 40 53 48 83 ec 20 48
0x00007ffbdc506447:   8b 1d bb 36 01 00 48 85 db 74 57 b8 ff ff ff ff
0x00007ffbdc506457:   f0 0f c1 43 10 83 f8 01 75 3d 48 85 db 74 38 48
0x00007ffbdc506467:   8b 0b 48 85 c9 74 0d ff 15 34 0e 00 00 48 c7 03
0x00007ffbdc506477:   00 00 00 00 48 8b 4b 08 48 85 c9 74 0d e8 b3 cd
0x00007ffbdc506487:   ff ff 48 c7 43 08 00 00 00 00 ba 18 00 00 00 48
0x00007ffbdc506497:   8b cb e8 9e cd ff ff 48 c7 05 5f 36 01 00 00 00
0x00007ffbdc5064a7:   00 00 48 83 c4 20 5b c3 cc 40 53 48 83 ec 20 48 


Stack slot to memory mapping:
stack at sp + 0 slots: 0x0 is NULL
stack at sp + 1 slots: 0x000000395cfff3d8 points into unknown readable memory: 0x000000395cfff3c0 | c0 f3 ff 5c 39 00 00 00
stack at sp + 2 slots: 0x00007ffbb7c572a0 jvm.dll
stack at sp + 3 slots: 0x00007ffbdc503cf0 glass.dll
stack at sp + 4 slots: 0x0000015165e5f2e8 points into unknown readable memory: 0x000067ffe9ef0dd5 | d5 0d ef e9 ff 67 00 00
stack at sp + 5 slots: 0x00007ffc3aac3a83 ucrtbase.dll
stack at sp + 6 slots: 0x0000015165e5f2e0 points into unknown readable memory: 0xff7bedf8e8ef0dda | da 0d ef e8 f8 ed 7b ff
stack at sp + 7 slots: 0x0000015100000000 is an unknown value

VM_Operation (0x000000395c7ff2f0): Exit, mode: safepoint, requested by thread 0x0000015165f14ad0


---------------  P R O C E S S  ---------------

Threads class SMR info:
_java_thread_list=0x0000015166a38db0, length=20, elements={
0x000001513e0fc0e0, 0x0000015161006b00, 0x0000015161007d30, 0x000001516100ab10,
0x000001516100b530, 0x000001516100df60, 0x00000151655193d0, 0x000001516101cf50,
0x000001516101e0a0, 0x0000015160fda9a0, 0x00000151658c3bb0, 0x000001516590d420,
0x0000015165d2ac40, 0x0000015165fd8170, 0x0000015165f15570, 0x0000015165f16010,
0x0000015165f12af0, 0x0000015165f13040, 0x0000015165f13590, 0x0000015165f14ad0
}

Java Threads: ( => current thread )
  0x000001513e0fc0e0 JavaThread "main" [_thread_blocked, id=15532, stack(0x000000395c900000,0x000000395ca00000)]
  0x0000015161006b00 JavaThread "Reference Handler" daemon [_thread_blocked, id=15712, stack(0x000000395d000000,0x000000395d100000)]
  0x0000015161007d30 JavaThread "Finalizer" daemon [_thread_blocked, id=13116, stack(0x000000395d100000,0x000000395d200000)]
  0x000001516100ab10 JavaThread "Attach Listener" daemon [_thread_blocked, id=11908, stack(0x000000395d300000,0x000000395d400000)]
  0x000001516100b530 JavaThread "Service Thread" daemon [_thread_blocked, id=24056, stack(0x000000395d400000,0x000000395d500000)]
  0x000001516100df60 JavaThread "Monitor Deflation Thread" daemon [_thread_blocked, id=16864, stack(0x000000395d500000,0x000000395d600000)]
  0x00000151655193d0 JavaThread "C2 CompilerThread0" daemon [_thread_blocked, id=3184, stack(0x000000395d600000,0x000000395d700000)]
  0x000001516101cf50 JavaThread "C1 CompilerThread0" daemon [_thread_blocked, id=22124, stack(0x000000395d700000,0x000000395d800000)]
  0x000001516101e0a0 JavaThread "Sweeper thread" daemon [_thread_blocked, id=22568, stack(0x000000395d800000,0x000000395d900000)]
  0x0000015160fda9a0 JavaThread "Common-Cleaner" daemon [_thread_blocked, id=9892, stack(0x000000395d900000,0x000000395da00000)]
  0x00000151658c3bb0 JavaThread "Monitor Ctrl-Break" daemon [_thread_in_native, id=11360, stack(0x000000395dc00000,0x000000395dd00000)]
  0x000001516590d420 JavaThread "Notification Thread" daemon [_thread_blocked, id=10896, stack(0x000000395dd00000,0x000000395de00000)]
  0x0000015165d2ac40 JavaThread "QuantumRenderer-0" daemon [_thread_blocked, id=15340, stack(0x000000395df00000,0x000000395e000000)]
  0x0000015165fd8170 JavaThread "InvokeLaterDispatcher" daemon [_thread_blocked, id=21020, stack(0x000000395db00000,0x000000395dc00000)]
  0x0000015165f15570 JavaThread "JavaFX Application Thread" [_thread_in_native, id=15776, stack(0x000000395e000000,0x000000395e100000)]
  0x0000015165f16010 JavaThread "Thread-1" daemon [_thread_in_native, id=12436, stack(0x000000395e400000,0x000000395e500000)]
  0x0000015165f12af0 JavaThread "JavaFX-Launcher" [_thread_blocked, id=22156, stack(0x000000395e500000,0x000000395e600000)]
  0x0000015165f13040 JavaThread "Prism Font Disposer" daemon [_thread_blocked, id=1228, stack(0x000000395eb00000,0x000000395ec00000)]
  0x0000015165f13590 JavaThread "Cleaner-0" daemon [_thread_blocked, id=17572, stack(0x000000395da00000,0x000000395db00000)]
  0x0000015165f14ad0 JavaThread "SIGINT handler" daemon [_thread_blocked, id=1032, stack(0x000000395c700000,0x000000395c800000)]

Other Threads:
=>0x0000015160fed7c0 VMThread "VM Thread" [stack: 0x000000395cf00000,0x000000395d000000] [id=20392]
  0x000001513e16c300 WorkerThread "GC Thread#0" [stack: 0x000000395ca00000,0x000000395cb00000] [id=2896]
  0x0000015166092fa0 WorkerThread "GC Thread#1" [stack: 0x000000395e600000,0x000000395e700000] [id=11900]
  0x0000015166039b30 WorkerThread "GC Thread#2" [stack: 0x000000395e700000,0x000000395e800000] [id=19900]
  0x00000151665ee240 WorkerThread "GC Thread#3" [stack: 0x000000395e800000,0x000000395e900000] [id=3156]
  0x00000151665ef5f0 WorkerThread "GC Thread#4" [stack: 0x000000395e900000,0x000000395ea00000] [id=2260]
  0x00000151665eeab0 WorkerThread "GC Thread#5" [stack: 0x000000395ea00000,0x000000395eb00000] [id=5996]
  0x000001513e17cf40 ConcurrentGCThread "G1 Main Marker" terminated
  0x000001513e17d970 WorkerThread "G1 Conc#0" [stack: 0x000000395cc00000,0x000000395cd00000] [id=12940]
  0x000001513e1be0b0 ConcurrentGCThread "G1 Refine#0" terminated
  0x000001513e1bebf0 ConcurrentGCThread "G1 Service" terminated

Threads with active compile tasks:

VM state: at safepoint (shutting down)

VM Mutex/Monitor currently owned by a thread:  ([mutex/lock_event])
[0x000001513e0f6c50] Threads_lock - owner thread: 0x0000015160fed7c0
[0x000001513e0f6e90] Heap_lock - owner thread: 0x0000015165f14ad0

Heap address: 0x0000000704c00000, size: 4020 MB, Compressed Oops mode: Zero based, Oop shift amount: 3

CDS archive(s) mapped at: [0x0000000800000000-0x0000000800c30000-0x0000000800c30000), size 12779520, SharedBaseAddress: 0x0000000800000000, ArchiveRelocationMode: 0.
Compressed class space mapped at: 0x0000000801000000-0x0000000841000000, reserved size: 1073741824
Narrow klass base: 0x0000000800000000, Narrow klass shift: 0, Narrow klass range: 0x100000000

GC Precious Log:
 CardTable entry size: 512
 Card Set container configuration: InlinePtr #cards 4 size 8 Array Of Cards #cards 16 size 48 Howl #buckets 8 coarsen threshold 3686 Howl Bitmap #cards 512 size 80 coarsen threshold 460 Card regions per heap region 1 cards per card region 4096
 CPUs: 8 total, 8 available
 Memory: 16075M
 Large Page Support: Disabled
 NUMA Support: Disabled
 Compressed Oops: Enabled (Zero based)
 Heap Region Size: 2M
 Heap Min Capacity: 8M
 Heap Initial Capacity: 252M
 Heap Max Capacity: 4020M
 Pre-touch: Disabled
 Parallel Workers: 8
 Concurrent Workers: 2
 Concurrent Refinement Workers: 8
 Periodic GC: Disabled

Heap:
 garbage-first heap   total 258048K, used 39591K [0x0000000704c00000, 0x0000000800000000)
  region size 2048K, 20 young (40960K), 2 survivors (4096K)
 Metaspace       used 14747K, committed 15040K, reserved 1114112K
  class space    used 1846K, committed 1984K, reserved 1048576K

Heap Regions: E=young(eden), S=young(survivor), O=old, HS=humongous(starts), HC=humongous(continues), CS=collection set, F=free, OA=open archive, CA=closed archive, TAMS=top-at-mark-start (previous, next)
|   0|0x0000000704c00000, 0x0000000704e00000, 0x0000000704e00000|100%|HS|  |TAMS 0x0000000704c00000, 0x0000000704c00000| Complete 
|   1|0x0000000704e00000, 0x0000000704e00000, 0x0000000705000000|  0%| F|  |TAMS 0x0000000704e00000, 0x0000000704e00000| Untracked 
|   2|0x0000000705000000, 0x0000000705000000, 0x0000000705200000|  0%| F|  |TAMS 0x0000000705000000, 0x0000000705000000| Untracked 
|   3|0x0000000705200000, 0x0000000705200000, 0x0000000705400000|  0%| F|  |TAMS 0x0000000705200000, 0x0000000705200000| Untracked 
|   4|0x0000000705400000, 0x0000000705400000, 0x0000000705600000|  0%| F|  |TAMS 0x0000000705400000, 0x0000000705400000| Untracked 
|   5|0x0000000705600000, 0x0000000705600000, 0x0000000705800000|  0%| F|  |TAMS 0x0000000705600000, 0x0000000705600000| Untracked 
|   6|0x0000000705800000, 0x0000000705800000, 0x0000000705a00000|  0%| F|  |TAMS 0x0000000705800000, 0x0000000705800000| Untracked 
|   7|0x0000000705a00000, 0x0000000705a00000, 0x0000000705c00000|  0%| F|  |TAMS 0x0000000705a00000, 0x0000000705a00000| Untracked 
|   8|0x0000000705c00000, 0x0000000705c00000, 0x0000000705e00000|  0%| F|  |TAMS 0x0000000705c00000, 0x0000000705c00000| Untracked 
|   9|0x0000000705e00000, 0x0000000705e00000, 0x0000000706000000|  0%| F|  |TAMS 0x0000000705e00000, 0x0000000705e00000| Untracked 
|  10|0x0000000706000000, 0x0000000706000000, 0x0000000706200000|  0%| F|  |TAMS 0x0000000706000000, 0x0000000706000000| Untracked 
|  11|0x0000000706200000, 0x0000000706200000, 0x0000000706400000|  0%| F|  |TAMS 0x0000000706200000, 0x0000000706200000| Untracked 
|  12|0x0000000706400000, 0x0000000706400000, 0x0000000706600000|  0%| F|  |TAMS 0x0000000706400000, 0x0000000706400000| Untracked 
|  13|0x0000000706600000, 0x0000000706600000, 0x0000000706800000|  0%| F|  |TAMS 0x0000000706600000, 0x0000000706600000| Untracked 
|  14|0x0000000706800000, 0x0000000706800000, 0x0000000706a00000|  0%| F|  |TAMS 0x0000000706800000, 0x0000000706800000| Untracked 
|  15|0x0000000706a00000, 0x0000000706a00000, 0x0000000706c00000|  0%| F|  |TAMS 0x0000000706a00000, 0x0000000706a00000| Untracked 
|  16|0x0000000706c00000, 0x0000000706c00000, 0x0000000706e00000|  0%| F|  |TAMS 0x0000000706c00000, 0x0000000706c00000| Untracked 
|  17|0x0000000706e00000, 0x0000000706e00000, 0x0000000707000000|  0%| F|  |TAMS 0x0000000706e00000, 0x0000000706e00000| Untracked 
|  18|0x0000000707000000, 0x0000000707000000, 0x0000000707200000|  0%| F|  |TAMS 0x0000000707000000, 0x0000000707000000| Untracked 
|  19|0x0000000707200000, 0x0000000707200000, 0x0000000707400000|  0%| F|  |TAMS 0x0000000707200000, 0x0000000707200000| Untracked 
|  20|0x0000000707400000, 0x0000000707400000, 0x0000000707600000|  0%| F|  |TAMS 0x0000000707400000, 0x0000000707400000| Untracked 
|  21|0x0000000707600000, 0x0000000707600000, 0x0000000707800000|  0%| F|  |TAMS 0x0000000707600000, 0x0000000707600000| Untracked 
|  22|0x0000000707800000, 0x0000000707800000, 0x0000000707a00000|  0%| F|  |TAMS 0x0000000707800000, 0x0000000707800000| Untracked 
|  23|0x0000000707a00000, 0x0000000707a00000, 0x0000000707c00000|  0%| F|  |TAMS 0x0000000707a00000, 0x0000000707a00000| Untracked 
|  24|0x0000000707c00000, 0x0000000707c00000, 0x0000000707e00000|  0%| F|  |TAMS 0x0000000707c00000, 0x0000000707c00000| Untracked 
|  25|0x0000000707e00000, 0x0000000707e00000, 0x0000000708000000|  0%| F|  |TAMS 0x0000000707e00000, 0x0000000707e00000| Untracked 
|  26|0x0000000708000000, 0x0000000708000000, 0x0000000708200000|  0%| F|  |TAMS 0x0000000708000000, 0x0000000708000000| Untracked 
|  27|0x0000000708200000, 0x0000000708200000, 0x0000000708400000|  0%| F|  |TAMS 0x0000000708200000, 0x0000000708200000| Untracked 
|  28|0x0000000708400000, 0x0000000708400000, 0x0000000708600000|  0%| F|  |TAMS 0x0000000708400000, 0x0000000708400000| Untracked 
|  29|0x0000000708600000, 0x0000000708600000, 0x0000000708800000|  0%| F|  |TAMS 0x0000000708600000, 0x0000000708600000| Untracked 
|  30|0x0000000708800000, 0x0000000708800000, 0x0000000708a00000|  0%| F|  |TAMS 0x0000000708800000, 0x0000000708800000| Untracked 
|  31|0x0000000708a00000, 0x0000000708a00000, 0x0000000708c00000|  0%| F|  |TAMS 0x0000000708a00000, 0x0000000708a00000| Untracked 
|  32|0x0000000708c00000, 0x0000000708c00000, 0x0000000708e00000|  0%| F|  |TAMS 0x0000000708c00000, 0x0000000708c00000| Untracked 
|  33|0x0000000708e00000, 0x0000000708e00000, 0x0000000709000000|  0%| F|  |TAMS 0x0000000708e00000, 0x0000000708e00000| Untracked 
|  34|0x0000000709000000, 0x0000000709000000, 0x0000000709200000|  0%| F|  |TAMS 0x0000000709000000, 0x0000000709000000| Untracked 
|  35|0x0000000709200000, 0x0000000709200000, 0x0000000709400000|  0%| F|  |TAMS 0x0000000709200000, 0x0000000709200000| Untracked 
|  36|0x0000000709400000, 0x0000000709400000, 0x0000000709600000|  0%| F|  |TAMS 0x0000000709400000, 0x0000000709400000| Untracked 
|  37|0x0000000709600000, 0x0000000709600000, 0x0000000709800000|  0%| F|  |TAMS 0x0000000709600000, 0x0000000709600000| Untracked 
|  38|0x0000000709800000, 0x0000000709800000, 0x0000000709a00000|  0%| F|  |TAMS 0x0000000709800000, 0x0000000709800000| Untracked 
|  39|0x0000000709a00000, 0x0000000709a00000, 0x0000000709c00000|  0%| F|  |TAMS 0x0000000709a00000, 0x0000000709a00000| Untracked 
|  40|0x0000000709c00000, 0x0000000709c00000, 0x0000000709e00000|  0%| F|  |TAMS 0x0000000709c00000, 0x0000000709c00000| Untracked 
|  41|0x0000000709e00000, 0x0000000709e00000, 0x000000070a000000|  0%| F|  |TAMS 0x0000000709e00000, 0x0000000709e00000| Untracked 
|  42|0x000000070a000000, 0x000000070a000000, 0x000000070a200000|  0%| F|  |TAMS 0x000000070a000000, 0x000000070a000000| Untracked 
|  43|0x000000070a200000, 0x000000070a200000, 0x000000070a400000|  0%| F|  |TAMS 0x000000070a200000, 0x000000070a200000| Untracked 
|  44|0x000000070a400000, 0x000000070a400000, 0x000000070a600000|  0%| F|  |TAMS 0x000000070a400000, 0x000000070a400000| Untracked 
|  45|0x000000070a600000, 0x000000070a600000, 0x000000070a800000|  0%| F|  |TAMS 0x000000070a600000, 0x000000070a600000| Untracked 
|  46|0x000000070a800000, 0x000000070a800000, 0x000000070aa00000|  0%| F|  |TAMS 0x000000070a800000, 0x000000070a800000| Untracked 
|  47|0x000000070aa00000, 0x000000070aa00000, 0x000000070ac00000|  0%| F|  |TAMS 0x000000070aa00000, 0x000000070aa00000| Untracked 
|  48|0x000000070ac00000, 0x000000070ac00000, 0x000000070ae00000|  0%| F|  |TAMS 0x000000070ac00000, 0x000000070ac00000| Untracked 
|  49|0x000000070ae00000, 0x000000070ae00000, 0x000000070b000000|  0%| F|  |TAMS 0x000000070ae00000, 0x000000070ae00000| Untracked 
|  50|0x000000070b000000, 0x000000070b000000, 0x000000070b200000|  0%| F|  |TAMS 0x000000070b000000, 0x000000070b000000| Untracked 
|  51|0x000000070b200000, 0x000000070b200000, 0x000000070b400000|  0%| F|  |TAMS 0x000000070b200000, 0x000000070b200000| Untracked 
|  52|0x000000070b400000, 0x000000070b400000, 0x000000070b600000|  0%| F|  |TAMS 0x000000070b400000, 0x000000070b400000| Untracked 
|  53|0x000000070b600000, 0x000000070b600000, 0x000000070b800000|  0%| F|  |TAMS 0x000000070b600000, 0x000000070b600000| Untracked 
|  54|0x000000070b800000, 0x000000070b800000, 0x000000070ba00000|  0%| F|  |TAMS 0x000000070b800000, 0x000000070b800000| Untracked 
|  55|0x000000070ba00000, 0x000000070ba00000, 0x000000070bc00000|  0%| F|  |TAMS 0x000000070ba00000, 0x000000070ba00000| Untracked 
|  56|0x000000070bc00000, 0x000000070bc00000, 0x000000070be00000|  0%| F|  |TAMS 0x000000070bc00000, 0x000000070bc00000| Untracked 
|  57|0x000000070be00000, 0x000000070be00000, 0x000000070c000000|  0%| F|  |TAMS 0x000000070be00000, 0x000000070be00000| Untracked 
|  58|0x000000070c000000, 0x000000070c000000, 0x000000070c200000|  0%| F|  |TAMS 0x000000070c000000, 0x000000070c000000| Untracked 
|  59|0x000000070c200000, 0x000000070c200000, 0x000000070c400000|  0%| F|  |TAMS 0x000000070c200000, 0x000000070c200000| Untracked 
|  60|0x000000070c400000, 0x000000070c400000, 0x000000070c600000|  0%| F|  |TAMS 0x000000070c400000, 0x000000070c400000| Untracked 
|  61|0x000000070c600000, 0x000000070c600000, 0x000000070c800000|  0%| F|  |TAMS 0x000000070c600000, 0x000000070c600000| Untracked 
|  62|0x000000070c800000, 0x000000070c800000, 0x000000070ca00000|  0%| F|  |TAMS 0x000000070c800000, 0x000000070c800000| Untracked 
|  63|0x000000070ca00000, 0x000000070ca00000, 0x000000070cc00000|  0%| F|  |TAMS 0x000000070ca00000, 0x000000070ca00000| Untracked 
|  64|0x000000070cc00000, 0x000000070cc00000, 0x000000070ce00000|  0%| F|  |TAMS 0x000000070cc00000, 0x000000070cc00000| Untracked 
|  65|0x000000070ce00000, 0x000000070ce00000, 0x000000070d000000|  0%| F|  |TAMS 0x000000070ce00000, 0x000000070ce00000| Untracked 
|  66|0x000000070d000000, 0x000000070d000000, 0x000000070d200000|  0%| F|  |TAMS 0x000000070d000000, 0x000000070d000000| Untracked 
|  67|0x000000070d200000, 0x000000070d200000, 0x000000070d400000|  0%| F|  |TAMS 0x000000070d200000, 0x000000070d200000| Untracked 
|  68|0x000000070d400000, 0x000000070d400000, 0x000000070d600000|  0%| F|  |TAMS 0x000000070d400000, 0x000000070d400000| Untracked 
|  69|0x000000070d600000, 0x000000070d600000, 0x000000070d800000|  0%| F|  |TAMS 0x000000070d600000, 0x000000070d600000| Untracked 
|  70|0x000000070d800000, 0x000000070d800000, 0x000000070da00000|  0%| F|  |TAMS 0x000000070d800000, 0x000000070d800000| Untracked 
|  71|0x000000070da00000, 0x000000070da00000, 0x000000070dc00000|  0%| F|  |TAMS 0x000000070da00000, 0x000000070da00000| Untracked 
|  72|0x000000070dc00000, 0x000000070dc00000, 0x000000070de00000|  0%| F|  |TAMS 0x000000070dc00000, 0x000000070dc00000| Untracked 
|  73|0x000000070de00000, 0x000000070de00000, 0x000000070e000000|  0%| F|  |TAMS 0x000000070de00000, 0x000000070de00000| Untracked 
|  74|0x000000070e000000, 0x000000070e000000, 0x000000070e200000|  0%| F|  |TAMS 0x000000070e000000, 0x000000070e000000| Untracked 
|  75|0x000000070e200000, 0x000000070e200000, 0x000000070e400000|  0%| F|  |TAMS 0x000000070e200000, 0x000000070e200000| Untracked 
|  76|0x000000070e400000, 0x000000070e400000, 0x000000070e600000|  0%| F|  |TAMS 0x000000070e400000, 0x000000070e400000| Untracked 
|  77|0x000000070e600000, 0x000000070e600000, 0x000000070e800000|  0%| F|  |TAMS 0x000000070e600000, 0x000000070e600000| Untracked 
|  78|0x000000070e800000, 0x000000070e800000, 0x000000070ea00000|  0%| F|  |TAMS 0x000000070e800000, 0x000000070e800000| Untracked 
|  79|0x000000070ea00000, 0x000000070ea00000, 0x000000070ec00000|  0%| F|  |TAMS 0x000000070ea00000, 0x000000070ea00000| Untracked 
|  80|0x000000070ec00000, 0x000000070ec00000, 0x000000070ee00000|  0%| F|  |TAMS 0x000000070ec00000, 0x000000070ec00000| Untracked 
|  81|0x000000070ee00000, 0x000000070ee00000, 0x000000070f000000|  0%| F|  |TAMS 0x000000070ee00000, 0x000000070ee00000| Untracked 
|  82|0x000000070f000000, 0x000000070f000000, 0x000000070f200000|  0%| F|  |TAMS 0x000000070f000000, 0x000000070f000000| Untracked 
|  83|0x000000070f200000, 0x000000070f200000, 0x000000070f400000|  0%| F|  |TAMS 0x000000070f200000, 0x000000070f200000| Untracked 
|  84|0x000000070f400000, 0x000000070f400000, 0x000000070f600000|  0%| F|  |TAMS 0x000000070f400000, 0x000000070f400000| Untracked 
|  85|0x000000070f600000, 0x000000070f600000, 0x000000070f800000|  0%| F|  |TAMS 0x000000070f600000, 0x000000070f600000| Untracked 
|  86|0x000000070f800000, 0x000000070f800000, 0x000000070fa00000|  0%| F|  |TAMS 0x000000070f800000, 0x000000070f800000| Untracked 
|  87|0x000000070fa00000, 0x000000070fa00000, 0x000000070fc00000|  0%| F|  |TAMS 0x000000070fa00000, 0x000000070fa00000| Untracked 
|  88|0x000000070fc00000, 0x000000070fc00000, 0x000000070fe00000|  0%| F|  |TAMS 0x000000070fc00000, 0x000000070fc00000| Untracked 
|  89|0x000000070fe00000, 0x000000070fe00000, 0x0000000710000000|  0%| F|  |TAMS 0x000000070fe00000, 0x000000070fe00000| Untracked 
|  90|0x0000000710000000, 0x0000000710000000, 0x0000000710200000|  0%| F|  |TAMS 0x0000000710000000, 0x0000000710000000| Untracked 
|  91|0x0000000710200000, 0x0000000710200000, 0x0000000710400000|  0%| F|  |TAMS 0x0000000710200000, 0x0000000710200000| Untracked 
|  92|0x0000000710400000, 0x0000000710400000, 0x0000000710600000|  0%| F|  |TAMS 0x0000000710400000, 0x0000000710400000| Untracked 
|  93|0x0000000710600000, 0x0000000710600000, 0x0000000710800000|  0%| F|  |TAMS 0x0000000710600000, 0x0000000710600000| Untracked 
|  94|0x0000000710800000, 0x0000000710800000, 0x0000000710a00000|  0%| F|  |TAMS 0x0000000710800000, 0x0000000710800000| Untracked 
|  95|0x0000000710a00000, 0x0000000710a00000, 0x0000000710c00000|  0%| F|  |TAMS 0x0000000710a00000, 0x0000000710a00000| Untracked 
|  96|0x0000000710c00000, 0x0000000710c00000, 0x0000000710e00000|  0%| F|  |TAMS 0x0000000710c00000, 0x0000000710c00000| Untracked 
|  97|0x0000000710e00000, 0x0000000710e00000, 0x0000000711000000|  0%| F|  |TAMS 0x0000000710e00000, 0x0000000710e00000| Untracked 
|  98|0x0000000711000000, 0x0000000711000000, 0x0000000711200000|  0%| F|  |TAMS 0x0000000711000000, 0x0000000711000000| Untracked 
|  99|0x0000000711200000, 0x0000000711200000, 0x0000000711400000|  0%| F|  |TAMS 0x0000000711200000, 0x0000000711200000| Untracked 
| 100|0x0000000711400000, 0x0000000711400000, 0x0000000711600000|  0%| F|  |TAMS 0x0000000711400000, 0x0000000711400000| Untracked 
| 101|0x0000000711600000, 0x0000000711600000, 0x0000000711800000|  0%| F|  |TAMS 0x0000000711600000, 0x0000000711600000| Untracked 
| 102|0x0000000711800000, 0x0000000711800000, 0x0000000711a00000|  0%| F|  |TAMS 0x0000000711800000, 0x0000000711800000| Untracked 
| 103|0x0000000711a00000, 0x0000000711a00000, 0x0000000711c00000|  0%| F|  |TAMS 0x0000000711a00000, 0x0000000711a00000| Untracked 
| 104|0x0000000711c00000, 0x0000000711c00000, 0x0000000711e00000|  0%| F|  |TAMS 0x0000000711c00000, 0x0000000711c00000| Untracked 
| 105|0x0000000711e00000, 0x0000000711e00000, 0x0000000712000000|  0%| F|  |TAMS 0x0000000711e00000, 0x0000000711e00000| Untracked 
| 106|0x0000000712000000, 0x0000000712125180, 0x0000000712200000| 57%| E|  |TAMS 0x0000000712000000, 0x0000000712000000| Complete 
| 107|0x0000000712200000, 0x0000000712400000, 0x0000000712400000|100%| E|CS|TAMS 0x0000000712200000, 0x0000000712200000| Complete 
| 108|0x0000000712400000, 0x0000000712600000, 0x0000000712600000|100%| E|CS|TAMS 0x0000000712400000, 0x0000000712400000| Complete 
| 109|0x0000000712600000, 0x0000000712800000, 0x0000000712800000|100%| E|CS|TAMS 0x0000000712600000, 0x0000000712600000| Complete 
| 110|0x0000000712800000, 0x0000000712a00000, 0x0000000712a00000|100%| E|CS|TAMS 0x0000000712800000, 0x0000000712800000| Complete 
| 111|0x0000000712a00000, 0x0000000712c00000, 0x0000000712c00000|100%| E|CS|TAMS 0x0000000712a00000, 0x0000000712a00000| Complete 
| 112|0x0000000712c00000, 0x0000000712e00000, 0x0000000712e00000|100%| E|CS|TAMS 0x0000000712c00000, 0x0000000712c00000| Complete 
| 113|0x0000000712e00000, 0x0000000712ea9c58, 0x0000000713000000| 33%| S|CS|TAMS 0x0000000712e00000, 0x0000000712e00000| Complete 
| 114|0x0000000713000000, 0x0000000713200000, 0x0000000713200000|100%| S|CS|TAMS 0x0000000713000000, 0x0000000713000000| Complete 
| 115|0x0000000713200000, 0x0000000713400000, 0x0000000713400000|100%| E|CS|TAMS 0x0000000713200000, 0x0000000713200000| Complete 
| 116|0x0000000713400000, 0x0000000713600000, 0x0000000713600000|100%| E|CS|TAMS 0x0000000713400000, 0x0000000713400000| Complete 
| 117|0x0000000713600000, 0x0000000713800000, 0x0000000713800000|100%| E|CS|TAMS 0x0000000713600000, 0x0000000713600000| Complete 
| 118|0x0000000713800000, 0x0000000713a00000, 0x0000000713a00000|100%| E|CS|TAMS 0x0000000713800000, 0x0000000713800000| Complete 
| 119|0x0000000713a00000, 0x0000000713c00000, 0x0000000713c00000|100%| E|CS|TAMS 0x0000000713a00000, 0x0000000713a00000| Complete 
| 120|0x0000000713c00000, 0x0000000713e00000, 0x0000000713e00000|100%| E|CS|TAMS 0x0000000713c00000, 0x0000000713c00000| Complete 
| 121|0x0000000713e00000, 0x0000000714000000, 0x0000000714000000|100%| E|CS|TAMS 0x0000000713e00000, 0x0000000713e00000| Complete 
| 122|0x0000000714000000, 0x0000000714200000, 0x0000000714200000|100%| E|CS|TAMS 0x0000000714000000, 0x0000000714000000| Complete 
| 123|0x0000000714200000, 0x0000000714400000, 0x0000000714400000|100%| E|CS|TAMS 0x0000000714200000, 0x0000000714200000| Complete 
| 124|0x0000000714400000, 0x0000000714600000, 0x0000000714600000|100%| E|CS|TAMS 0x0000000714400000, 0x0000000714400000| Complete 
| 125|0x0000000714600000, 0x0000000714800000, 0x0000000714800000|100%| E|CS|TAMS 0x0000000714600000, 0x0000000714600000| Complete 

Card table byte_map: [0x0000015155b70000,0x0000015156350000] _byte_map_base: 0x000001515234a000

Marking Bits (Prev, Next): (CMBitMap*) 0x000001513e16c930, (CMBitMap*) 0x000001513e16c970
 Prev Bits: [0x0000015156b30000, 0x000001515aa00000)
 Next Bits: [0x000001515aa00000, 0x000001515e8d0000)

Polling page: 0x000001513c0e0000

Metaspace:

Usage:
  Non-class:     12.60 MB used.
      Class:      1.80 MB used.
       Both:     14.40 MB used.

Virtual space:
  Non-class space:       64.00 MB reserved,      12.75 MB ( 20%) committed,  1 nodes.
      Class space:        1.00 GB reserved,       1.94 MB ( <1%) committed,  1 nodes.
             Both:        1.06 GB reserved,      14.69 MB (  1%) committed. 

Chunk freelists:
   Non-Class:  2.81 MB
       Class:  2.03 MB
        Both:  4.84 MB

MaxMetaspaceSize: unlimited
CompressedClassSpaceSize: 1.00 GB
Initial GC threshold: 21.00 MB
Current GC threshold: 21.00 MB
CDS: on
MetaspaceReclaimPolicy: balanced
 - commit_granule_bytes: 65536.
 - commit_granule_words: 8192.
 - virtual_space_node_default_size: 8388608.
 - enlarge_chunks_in_place: 1.
 - new_chunks_are_fully_committed: 0.
 - uncommit_free_chunks: 1.
 - use_allocation_guard: 0.


Internal statistics:

num_allocs_failed_limit: 0.
num_arena_births: 378.
num_arena_deaths: 0.
num_vsnodes_births: 2.
num_vsnodes_deaths: 0.
num_space_committed: 235.
num_space_uncommitted: 0.
num_chunks_returned_to_freelist: 0.
num_chunks_taken_from_freelist: 816.
num_chunk_merges: 0.
num_chunk_splits: 562.
num_chunks_enlarged: 418.
num_inconsistent_stats: 0.

CodeHeap 'non-profiled nmethods': size=120000Kb used=1232Kb max_used=1232Kb free=118767Kb
 bounds [0x000001514db20000, 0x000001514dd90000, 0x0000015155050000]
CodeHeap 'profiled nmethods': size=120000Kb used=5239Kb max_used=5239Kb free=114760Kb
 bounds [0x0000015146050000, 0x0000015146570000, 0x000001514d580000]
CodeHeap 'non-nmethods': size=5760Kb used=1532Kb max_used=1562Kb free=4227Kb
 bounds [0x000001514d580000, 0x000001514d7f0000, 0x000001514db20000]
 total_blobs=3702 nmethods=2907 adapters=705
 compilation: enabled
              stopped_count=0, restarted_count=0
 full_count=0

Compilation events (20 events):
Event: 38.449 Thread 0x000001516101cf50 2896       3       javafx.beans.property.BooleanPropertyBase::set (76 bytes)
Event: 38.449 Thread 0x000001516101cf50 nmethod 2896 0x000001514656c390 code [0x000001514656c600, 0x000001514656d098]
Event: 39.598 Thread 0x000001516101cf50 2897       1       javafx.scene.Node$FocusPropertyBase::set (6 bytes)
Event: 39.598 Thread 0x000001516101cf50 nmethod 2897 0x000001514dc50c10 code [0x000001514dc50da0, 0x000001514dc50e78]
Event: 86.415 Thread 0x00000151655193d0 2899       4       com.sun.javafx.tk.quantum.QuantumToolkit::postPulse (133 bytes)
Event: 86.417 Thread 0x00000151655193d0 nmethod 2899 0x000001514dc51310 code [0x000001514dc514c0, 0x000001514dc51718]
Event: 86.647 Thread 0x00000151655193d0 2900       4       com.sun.javafx.tk.quantum.QuantumToolkit$$Lambda$80/0x000000080103c1a8::run (8 bytes)
Event: 86.649 Thread 0x00000151655193d0 nmethod 2900 0x000001514dc51a10 code [0x000001514dc51be0, 0x000001514dc51ea8]
Event: 241.313 Thread 0x000001516101cf50 2901       3       jdk.internal.misc.Unsafe::putIntOpaque (9 bytes)
Event: 241.313 Thread 0x000001516101cf50 nmethod 2901 0x000001514656d310 code [0x000001514656d4a0, 0x000001514656d5b8]
Event: 421.416 Thread 0x000001516101cf50 2903       3       javafx.scene.input.KeyEvent::getEventType (5 bytes)
Event: 421.417 Thread 0x000001516101cf50 nmethod 2903 0x000001514656d690 code [0x000001514656d840, 0x000001514656d9b8]
Event: 421.821 Thread 0x00000151655193d0 2904       4       com.sun.javafx.scene.input.InputEventUtils::recomputeCoordinates (220 bytes)
Event: 421.829 Thread 0x00000151655193d0 nmethod 2904 0x000001514dc52610 code [0x000001514dc52840, 0x000001514dc53200]
Event: 421.829 Thread 0x00000151655193d0 2905       4       com.sun.javafx.geom.transform.Identity::transform (20 bytes)
Event: 421.830 Thread 0x00000151655193d0 nmethod 2905 0x000001514dc53c90 code [0x000001514dc53e20, 0x000001514dc53ef8]
Event: 421.944 Thread 0x000001516101cf50 2906       3       com.sun.javafx.scene.control.inputmap.InputMap::testInterceptor (20 bytes)
Event: 421.944 Thread 0x000001516101cf50 nmethod 2906 0x000001514656da90 code [0x000001514656dc40, 0x000001514656dea8]
Event: 421.944 Thread 0x000001516101cf50 2907       1       javafx.scene.input.KeyEvent::getCode (5 bytes)
Event: 421.944 Thread 0x000001516101cf50 nmethod 2907 0x000001514dc54010 code [0x000001514dc541a0, 0x000001514dc54278]

GC Heap History (2 events):
Event: 0.665 GC heap before
{Heap before GC invocations=0 (full 0):
 garbage-first heap   total 258048K, used 20480K [0x0000000704c00000, 0x0000000800000000)
  region size 2048K, 11 young (22528K), 0 survivors (0K)
 Metaspace       used 5176K, committed 5440K, reserved 1114112K
  class space    used 587K, committed 704K, reserved 1048576K
}
Event: 0.668 GC heap after
{Heap after GC invocations=1 (full 0):
 garbage-first heap   total 258048K, used 2727K [0x0000000704c00000, 0x0000000800000000)
  region size 2048K, 2 young (4096K), 2 survivors (4096K)
 Metaspace       used 5176K, committed 5440K, reserved 1114112K
  class space    used 587K, committed 704K, reserved 1048576K
}

Dll operation events (20 events):
Event: 0.375 Loaded shared library C:\Users\Алекс\.openjfx\cache\19+11\amd64\api-ms-win-crt-locale-l1-1-0.dll
Event: 0.378 Loaded shared library C:\Users\Алекс\.openjfx\cache\19+11\amd64\api-ms-win-crt-math-l1-1-0.dll
Event: 0.381 Loaded shared library C:\Users\Алекс\.openjfx\cache\19+11\amd64\api-ms-win-crt-multibyte-l1-1-0.dll
Event: 0.384 Loaded shared library C:\Users\Алекс\.openjfx\cache\19+11\amd64\api-ms-win-crt-private-l1-1-0.dll
Event: 0.387 Loaded shared library C:\Users\Алекс\.openjfx\cache\19+11\amd64\api-ms-win-crt-process-l1-1-0.dll
Event: 0.389 Loaded shared library C:\Users\Алекс\.openjfx\cache\19+11\amd64\api-ms-win-crt-runtime-l1-1-0.dll
Event: 0.392 Loaded shared library C:\Users\Алекс\.openjfx\cache\19+11\amd64\api-ms-win-crt-stdio-l1-1-0.dll
Event: 0.395 Loaded shared library C:\Users\Алекс\.openjfx\cache\19+11\amd64\api-ms-win-crt-string-l1-1-0.dll
Event: 0.397 Loaded shared library C:\Users\Алекс\.openjfx\cache\19+11\amd64\api-ms-win-crt-time-l1-1-0.dll
Event: 0.400 Loaded shared library C:\Users\Алекс\.openjfx\cache\19+11\amd64\api-ms-win-crt-utility-l1-1-0.dll
Event: 0.413 Loaded shared library C:\Users\Алекс\.openjfx\cache\19+11\amd64\ucrtbase.dll
Event: 0.417 Loaded shared library C:\Users\Алекс\.openjfx\cache\19+11\amd64\vcruntime140.dll
Event: 0.419 Loaded shared library C:\Users\Алекс\.openjfx\cache\19+11\amd64\vcruntime140_1.dll
Event: 0.426 Loaded shared library C:\Users\Алекс\.openjfx\cache\19+11\amd64\msvcp140.dll
Event: 0.429 Loaded shared library C:\Users\Алекс\.openjfx\cache\19+11\amd64\msvcp140_1.dll
Event: 0.438 Loaded shared library C:\Users\Алекс\.openjfx\cache\19+11\amd64\msvcp140_2.dll
Event: 0.494 Loaded shared library C:\Users\Алекс\.openjfx\cache\19+11\amd64\prism_d3d.dll
Event: 0.563 Loaded shared library C:\Users\Алекс\.openjfx\cache\19+11\amd64\glass.dll
Event: 0.663 Loaded shared library C:\Users\Алекс\.jdks\openjdk-19.0.1\bin\jimage.dll
Event: 0.862 Loaded shared library C:\Users\Алекс\.openjfx\cache\19+11\amd64\javafx_font.dll

Deoptimization events (20 events):
Event: 14.856 Thread 0x0000015165f15570 Uncommon trap: trap_request=0xffffff45 fr.pc=0x000001514dbd51f8 relative=0x0000000000000058
Event: 14.856 Thread 0x0000015165f15570 Uncommon trap: reason=unstable_if action=reinterpret pc=0x000001514dbd51f8 method=java.util.HashMap.isEmpty()Z @ 4 c2
Event: 14.856 Thread 0x0000015165f15570 DEOPT PACKING pc=0x000001514dbd51f8 sp=0x000000395e0fc7e0
Event: 14.856 Thread 0x0000015165f15570 DEOPT UNPACKING pc=0x000001514d5ea5a3 sp=0x000000395e0fc770 mode 2
Event: 14.858 Thread 0x0000015165f15570 Uncommon trap: trap_request=0xffffff45 fr.pc=0x000001514dc20404 relative=0x0000000000000064
Event: 14.858 Thread 0x0000015165f15570 Uncommon trap: reason=unstable_if action=reinterpret pc=0x000001514dc20404 method=javafx.beans.property.DoublePropertyBase.get()D @ 9 c2
Event: 14.858 Thread 0x0000015165f15570 DEOPT PACKING pc=0x000001514dc20404 sp=0x000000395e0fc7b0
Event: 14.858 Thread 0x0000015165f15570 DEOPT UNPACKING pc=0x000001514d5ea5a3 sp=0x000000395e0fc750 mode 2
Event: 14.879 Thread 0x0000015165d2ac40 Uncommon trap: trap_request=0xffffff45 fr.pc=0x000001514dc1eb44 relative=0x0000000000000124
Event: 14.879 Thread 0x0000015165d2ac40 Uncommon trap: reason=unstable_if action=reinterpret pc=0x000001514dc1eb44 method=com.sun.javafx.text.TextRun.getPosX(I)F @ 29 c2
Event: 14.880 Thread 0x0000015165d2ac40 DEOPT PACKING pc=0x000001514dc1eb44 sp=0x000000395dffe000
Event: 14.880 Thread 0x0000015165d2ac40 DEOPT UNPACKING pc=0x000001514d5ea5a3 sp=0x000000395dffdf88 mode 2
Event: 14.880 Thread 0x0000015165d2ac40 Uncommon trap: trap_request=0xffffff45 fr.pc=0x000001514dc23684 relative=0x0000000000000324
Event: 14.880 Thread 0x0000015165d2ac40 Uncommon trap: reason=unstable_if action=reinterpret pc=0x000001514dc23684 method=com.sun.prism.impl.GlyphCache.getCachedGlyph(II)Lcom/sun/prism/impl/GlyphCache$GlyphData; @ 43 c2
Event: 14.880 Thread 0x0000015165d2ac40 DEOPT PACKING pc=0x000001514dc23684 sp=0x000000395dffdff0
Event: 14.880 Thread 0x0000015165d2ac40 DEOPT UNPACKING pc=0x000001514d5ea5a3 sp=0x000000395dffdef0 mode 2
Event: 14.881 Thread 0x0000015165d2ac40 Uncommon trap: trap_request=0xffffff45 fr.pc=0x000001514dc22948 relative=0x00000000000000a8
Event: 14.881 Thread 0x0000015165d2ac40 Uncommon trap: reason=unstable_if action=reinterpret pc=0x000001514dc22948 method=com.sun.javafx.geom.transform.AffineBase.transform(Lcom/sun/javafx/geom/Point2D;Lcom/sun/javafx/geom/Point2D;)Lcom/sun/javafx/geom/Point2D; @ 32 c2
Event: 14.881 Thread 0x0000015165d2ac40 DEOPT PACKING pc=0x000001514dc22948 sp=0x000000395dffddc0
Event: 14.881 Thread 0x0000015165d2ac40 DEOPT UNPACKING pc=0x000001514d5ea5a3 sp=0x000000395dffdd50 mode 2

Classes loaded (20 events):
Event: 1.308 Loading class sun/util/resources/TimeZoneNamesBundle done
Event: 1.308 Loading class sun/util/resources/cldr/TimeZoneNames done
Event: 1.308 Loading class sun/util/resources/cldr/TimeZoneNames_en
Event: 1.309 Loading class sun/util/resources/cldr/TimeZoneNames_en done
Event: 1.309 Loading class sun/util/resources/cldr/TimeZoneNames_en_US
Event: 1.309 Loading class sun/util/resources/cldr/TimeZoneNames_en_US done
Event: 1.311 Loading class sun/util/cldr/CLDRBaseLocaleDataMetaInfo$TZCanonicalIDMapHolder
Event: 1.312 Loading class sun/util/cldr/CLDRBaseLocaleDataMetaInfo$TZCanonicalIDMapHolder done
Event: 1.313 Loading class java/nio/DirectFloatBufferU
Event: 1.314 Loading class java/nio/DirectFloatBufferU done
Event: 1.314 Loading class sun/util/resources/TimeZoneNames
Event: 1.315 Loading class sun/util/resources/TimeZoneNames done
Event: 1.315 Loading class sun/util/resources/TimeZoneNames_en
Event: 1.315 Loading class sun/util/resources/TimeZoneNames_en done
Event: 1.339 Loading class jdk/internal/foreign/MemorySessionImpl
Event: 1.339 Loading class jdk/internal/foreign/MemorySessionImpl done
Event: 14.638 Loading class java/io/UnsupportedEncodingException
Event: 14.638 Loading class java/io/UnsupportedEncodingException done
Event: 424.716 Loading class jdk/internal/misc/Signal$1
Event: 424.716 Loading class jdk/internal/misc/Signal$1 done

Classes unloaded (0 events):
No events

Classes redefined (0 events):
No events

Internal exceptions (20 events):
Event: 0.901 Thread 0x0000015165f15570 Exception <a 'java/lang/ClassNotFoundException'{0x0000000713aea2d8}: com/sun/glass/ui/win/themes_ru_RU> (0x0000000713aea2d8) 
thrown [s\open\src\hotspot\share\prims\jni.cpp, line 536]
Event: 0.943 Thread 0x0000015165f15570 Exception <a 'java/lang/NoSuchMethodError'{0x0000000713640438}: 'void java.lang.invoke.DirectMethodHandle$Holder.invokeStaticInit(java.lang.Object, java.lang.Object)'> (0x0000000713640438) 
thrown [s\open\src\hotspot\share\interpreter\linkResolver.cpp, line 774]
Event: 0.949 Thread 0x0000015165f15570 Exception <a 'java/lang/NoSuchMethodError'{0x00000007136988e8}: 'void java.lang.invoke.DirectMethodHandle$Holder.invokeSpecial(java.lang.Object, java.lang.Object, int)'> (0x00000007136988e8) 
thrown [s\open\src\hotspot\share\interpreter\linkResolver.cpp, line 774]
Event: 0.950 Thread 0x0000015165f15570 Exception <a 'java/lang/NoSuchMethodError'{0x000000071369fdb0}: 'void java.lang.invoke.DelegatingMethodHandle$Holder.reinvoke_L(java.lang.Object, java.lang.Object, int)'> (0x000000071369fdb0) 
thrown [s\open\src\hotspot\share\interpreter\linkResolver.cpp, line 774]
Event: 0.968 Thread 0x0000015165f15570 Implicit null exception at 0x000001514db9e3b4 to 0x000001514db9e804
Event: 0.975 Thread 0x0000015165f15570 Implicit null exception at 0x000001514db9d64f to 0x000001514db9d914
Event: 0.975 Thread 0x0000015165f15570 Implicit null exception at 0x000001514db4202f to 0x000001514db421ec
Event: 1.068 Thread 0x0000015165f15570 Implicit null exception at 0x000001514db99314 to 0x000001514db99994
Event: 1.136 Thread 0x0000015165f15570 Exception <a 'java/lang/NoSuchMethodError'{0x0000000712c78e18}: 'java.lang.Object java.lang.invoke.DirectMethodHandle$Holder.invokeInterface(java.lang.Object, java.lang.Object, java.lang.Object)'> (0x0000000712c78e18) 
thrown [s\open\src\hotspot\share\interpreter\linkResolver.cpp, line 774]
Event: 1.137 Thread 0x0000015165f15570 Exception <a 'java/lang/IncompatibleClassChangeError'{0x0000000712c7c7a8}: Found class java.lang.Object, but interface was expected> (0x0000000712c7c7a8) 
thrown [s\open\src\hotspot\share\interpreter\linkResolver.cpp, line 841]
Event: 1.174 Thread 0x0000015165f15570 Exception <a 'java/lang/NoSuchMethodError'{0x0000000712d8d188}: 'int java.lang.invoke.DirectMethodHandle$Holder.invokeSpecial(java.lang.Object, java.lang.Object, int)'> (0x0000000712d8d188) 
thrown [s\open\src\hotspot\share\interpreter\linkResolver.cpp, line 774]
Event: 1.189 Thread 0x0000015165f15570 Exception <a 'java/lang/NoSuchMethodError'{0x0000000712a13140}: 'java.lang.Object java.lang.invoke.DirectMethodHandle$Holder.newInvokeSpecial(java.lang.Object, java.lang.Object, int)'> (0x0000000712a13140) 
thrown [s\open\src\hotspot\share\interpreter\linkResolver.cpp, line 774]
Event: 1.208 Thread 0x0000015165d2ac40 Exception <a 'java/lang/NoSuchMethodError'{0x0000000712ae1828}: 'int java.lang.invoke.DirectMethodHandle$Holder.invokeStaticInit(java.lang.Object, java.lang.Object)'> (0x0000000712ae1828) 
thrown [s\open\src\hotspot\share\interpreter\linkResolver.cpp, line 774]
Event: 14.655 Thread 0x0000015165f15570 Exception <a 'java/lang/NoSuchMethodError'{0x000000071256d5e0}: 'long java.lang.invoke.DirectMethodHandle$Holder.invokeStatic(java.lang.Object, java.lang.Object, java.lang.Object)'> (0x000000071256d5e0) 
thrown [s\open\src\hotspot\share\interpreter\linkResolver.cpp, line 774]
Event: 14.656 Thread 0x0000015165f15570 Exception <a 'java/lang/NoSuchMethodError'{0x0000000712570c58}: 'long java.lang.invoke.DirectMethodHandle$Holder.invokeStaticInit(java.lang.Object, java.lang.Object, java.lang.Object)'> (0x0000000712570c58) 
thrown [s\open\src\hotspot\share\interpreter\linkResolver.cpp, line 774]
Event: 14.657 Thread 0x0000015165f15570 Exception <a 'java/lang/NoSuchMethodError'{0x0000000712589278}: 'java.lang.Object java.lang.invoke.DirectMethodHandle$Holder.newInvokeSpecial(java.lang.Object, java.lang.Object, long)'> (0x0000000712589278) 
thrown [s\open\src\hotspot\share\interpreter\linkResolver.cpp, line 774]
Event: 14.657 Thread 0x0000015165f15570 Exception <a 'java/lang/NoSuchMethodError'{0x000000071258ce00}: 'java.lang.Object java.lang.invoke.Invokers$Holder.linkToTargetMethod(java.lang.Object, long, java.lang.Object)'> (0x000000071258ce00) 
thrown [s\open\src\hotspot\share\interpreter\linkResolver.cpp, line 774]
Event: 14.881 Thread 0x0000015165f15570 Exception <a 'java/lang/NoSuchMethodError'{0x0000000712222eb0}: 'java.lang.Object java.lang.invoke.DirectMethodHandle$Holder.newInvokeSpecial(java.lang.Object, java.lang.Object, int, int, int, int, int, java.lang.Object)'> (0x0000000712222eb0) 
thrown [s\open\src\hotspot\share\interpreter\linkResolver.cpp, line 774]
Event: 14.882 Thread 0x0000015165f15570 Exception <a 'java/lang/NoSuchMethodError'{0x0000000712236640}: 'java.lang.Object java.lang.invoke.DirectMethodHandle$Holder.newInvokeSpecial(java.lang.Object, java.lang.Object, java.lang.Object, int, int, int, int, int)'> (0x0000000712236640) 
thrown [s\open\src\hotspot\share\interpreter\linkResolver.cpp, line 774]
Event: 14.883 Thread 0x0000015165f15570 Exception <a 'java/lang/NoSuchMethodError'{0x000000071223e410}: 'java.lang.Object java.lang.invoke.Invokers$Holder.linkToTargetMethod(java.lang.Object, java.lang.Object, int, int, int, int, int, java.lang.Object)'> (0x000000071223e410) 
thrown [s\open\src\hotspot\share\interpreter\linkResolver.cpp, line 774]

VM Operations (20 events):
Event: 26.275 Executing VM operation: Cleanup done
Event: 27.276 Executing VM operation: Cleanup
Event: 27.276 Executing VM operation: Cleanup done
Event: 29.277 Executing VM operation: Cleanup
Event: 29.277 Executing VM operation: Cleanup done
Event: 32.279 Executing VM operation: Cleanup
Event: 32.279 Executing VM operation: Cleanup done
Event: 34.280 Executing VM operation: Cleanup
Event: 34.281 Executing VM operation: Cleanup done
Event: 35.281 Executing VM operation: Cleanup
Event: 35.281 Executing VM operation: Cleanup done
Event: 38.283 Executing VM operation: Cleanup
Event: 38.284 Executing VM operation: Cleanup done
Event: 39.284 Executing VM operation: Cleanup
Event: 39.284 Executing VM operation: Cleanup done
Event: 40.284 Executing VM operation: Cleanup
Event: 40.284 Executing VM operation: Cleanup done
Event: 422.638 Executing VM operation: Cleanup
Event: 422.638 Executing VM operation: Cleanup done
Event: 424.719 Executing VM operation: Exit

Events (20 events):
Event: 0.514 Thread 0x0000015165625bf0 Thread exited: 0x0000015165625bf0
Event: 0.565 Thread 0x0000015165fd8170 Thread added: 0x0000015165fd8170
Event: 0.567 Thread 0x0000015165f15570 Thread added: 0x0000015165f15570
Event: 0.637 Thread 0x0000015165f16010 Thread added: 0x0000015165f16010
Event: 0.639 Thread 0x0000015165f12af0 Thread added: 0x0000015165f12af0
Event: 0.877 Thread 0x0000015165f13040 Thread added: 0x0000015165f13040
Event: 0.941 Thread 0x000001516674e6c0 Thread added: 0x000001516674e6c0
Event: 1.068 Thread 0x000001516674e6c0 Thread exited: 0x000001516674e6c0
Event: 1.076 Thread 0x0000015165626640 Thread exited: 0x0000015165626640
Event: 1.283 Thread 0x0000015165f13590 Thread added: 0x0000015165f13590
Event: 4.601 Thread 0x00000151668f7420 Thread added: 0x00000151668f7420
Event: 4.929 Thread 0x00000151668f7420 Thread exited: 0x00000151668f7420
Event: 18.499 Thread 0x0000015166f50a50 Thread added: 0x0000015166f50a50
Event: 19.329 Thread 0x0000015166f50a50 Thread exited: 0x0000015166f50a50
Event: 424.717 Thread 0x0000015165f14ad0 Thread added: 0x0000015165f14ad0
Event: 424.717 Thread 0x0000015165f15020 Thread added: 0x0000015165f15020
Event: 424.717 Thread 0x0000015166818950 Thread added: 0x0000015166818950
Event: 424.717 Thread 0x0000015165f15020 Thread exited: 0x0000015165f15020
Event: 424.718 Thread 0x0000015166818950 Thread exited: 0x0000015166818950
Event: 424.719 Thread 0x0000015161009ff0 Thread exited: 0x0000015161009ff0


Dynamic libraries:
0x00007ff72d380000 - 0x00007ff72d38e000 	C:\Users\Алекс\.jdks\openjdk-19.0.1\bin\java.exe
0x00007ffc3ced0000 - 0x00007ffc3d0e7000 	C:\WINDOWS\SYSTEM32\ntdll.dll
0x00007ffc3c9c0000 - 0x00007ffc3ca84000 	C:\WINDOWS\System32\KERNEL32.DLL
0x00007ffc3a590000 - 0x00007ffc3a936000 	C:\WINDOWS\System32\KERNELBASE.dll
0x00007ffc3aa70000 - 0x00007ffc3ab81000 	C:\WINDOWS\System32\ucrtbase.dll
0x00007ffc259a0000 - 0x00007ffc259b7000 	C:\Users\Алекс\.jdks\openjdk-19.0.1\bin\jli.dll
0x00007ffc25c40000 - 0x00007ffc25c5b000 	C:\Users\Алекс\.jdks\openjdk-19.0.1\bin\VCRUNTIME140.dll
0x00007ffc3bd30000 - 0x00007ffc3bedd000 	C:\WINDOWS\System32\USER32.dll
0x00007ffc3a250000 - 0x00007ffc3a276000 	C:\WINDOWS\System32\win32u.dll
0x00007ffc3cc90000 - 0x00007ffc3ccb9000 	C:\WINDOWS\System32\GDI32.dll
0x00007ffc3a280000 - 0x00007ffc3a398000 	C:\WINDOWS\System32\gdi32full.dll
0x00007ffc39440000 - 0x00007ffc396d3000 	C:\WINDOWS\WinSxS\amd64_microsoft.windows.common-controls_6595b64144ccf1df_6.0.22621.2361_none_2712ced57382f843\COMCTL32.dll
0x00007ffc3ab90000 - 0x00007ffc3ac2a000 	C:\WINDOWS\System32\msvcp_win.dll
0x00007ffc3cbe0000 - 0x00007ffc3cc87000 	C:\WINDOWS\System32\msvcrt.dll
0x00007ffc3bee0000 - 0x00007ffc3bf11000 	C:\WINDOWS\System32\IMM32.DLL
0x00007ffc268f0000 - 0x00007ffc268fc000 	C:\Users\Алекс\.jdks\openjdk-19.0.1\bin\vcruntime140_1.dll
0x00007ffbe1510000 - 0x00007ffbe159e000 	C:\Users\Алекс\.jdks\openjdk-19.0.1\bin\msvcp140.dll
0x00007ffbb7040000 - 0x00007ffbb7d00000 	C:\Users\Алекс\.jdks\openjdk-19.0.1\bin\server\jvm.dll
0x00007ffc3bf20000 - 0x00007ffc3bfd0000 	C:\WINDOWS\System32\ADVAPI32.dll
0x00007ffc3c910000 - 0x00007ffc3c9b6000 	C:\WINDOWS\System32\sechost.dll
0x00007ffc3c770000 - 0x00007ffc3c887000 	C:\WINDOWS\System32\RPCRT4.dll
0x00007ffc25620000 - 0x00007ffc25654000 	C:\WINDOWS\SYSTEM32\WINMM.dll
0x00007ffc1bc80000 - 0x00007ffc1bc89000 	C:\WINDOWS\SYSTEM32\WSOCK32.dll
0x00007ffc30750000 - 0x00007ffc3075a000 	C:\WINDOWS\SYSTEM32\VERSION.dll
0x00007ffc3c640000 - 0x00007ffc3c6b1000 	C:\WINDOWS\System32\WS2_32.dll
0x00007ffc38e20000 - 0x00007ffc38e38000 	C:\WINDOWS\SYSTEM32\kernel.appcore.dll
0x00007ffc267c0000 - 0x00007ffc267ca000 	C:\Users\Алекс\.jdks\openjdk-19.0.1\bin\jimage.dll
0x00007ffc39b80000 - 0x00007ffc39dae000 	C:\WINDOWS\SYSTEM32\DBGHELP.DLL
0x00007ffc3c0d0000 - 0x00007ffc3c45a000 	C:\WINDOWS\System32\combase.dll
0x00007ffc3bad0000 - 0x00007ffc3bba7000 	C:\WINDOWS\System32\OLEAUT32.dll
0x00007ffc39a40000 - 0x00007ffc39a72000 	C:\WINDOWS\SYSTEM32\dbgcore.DLL
0x00007ffc3a510000 - 0x00007ffc3a58a000 	C:\WINDOWS\System32\bcryptPrimitives.dll
0x00007ffc19fd0000 - 0x00007ffc19fde000 	C:\Users\Алекс\.jdks\openjdk-19.0.1\bin\instrument.dll
0x00007ffc256d0000 - 0x00007ffc256f6000 	C:\Users\Алекс\.jdks\openjdk-19.0.1\bin\java.dll
0x00007ffbe0610000 - 0x00007ffbe06e7000 	C:\Users\Алекс\.jdks\openjdk-19.0.1\bin\jsvml.dll
0x00007ffc3b270000 - 0x00007ffc3bac8000 	C:\WINDOWS\System32\SHELL32.dll
0x00007ffc377b0000 - 0x00007ffc380a2000 	C:\WINDOWS\SYSTEM32\windows.storage.dll
0x00007ffc37640000 - 0x00007ffc3777e000 	C:\WINDOWS\SYSTEM32\wintypes.dll
0x00007ffc3c460000 - 0x00007ffc3c553000 	C:\WINDOWS\System32\SHCORE.dll
0x00007ffc3c560000 - 0x00007ffc3c5be000 	C:\WINDOWS\System32\shlwapi.dll
0x00007ffc3a180000 - 0x00007ffc3a1a6000 	C:\WINDOWS\SYSTEM32\profapi.dll
0x00007ffc25160000 - 0x00007ffc25173000 	C:\Users\Алекс\.jdks\openjdk-19.0.1\bin\net.dll
0x00007ffc30d60000 - 0x00007ffc30e97000 	C:\WINDOWS\SYSTEM32\WINHTTP.dll
0x00007ffc39080000 - 0x00007ffc390e9000 	C:\WINDOWS\system32\mswsock.dll
0x00007ffc206e0000 - 0x00007ffc206f6000 	C:\Users\Алекс\.jdks\openjdk-19.0.1\bin\nio.dll
0x00007ffc0adb0000 - 0x00007ffc0adc8000 	C:\Users\Алекс\.jdks\openjdk-19.0.1\bin\zip.dll
0x00007ffbe1140000 - 0x00007ffbe115a000 	C:\Program Files\JetBrains\IntelliJ IDEA 2022.3.1\bin\breakgen64.dll
0x000001513e0b0000 - 0x000001513e0b3000 	C:\Users\Алекс\.openjfx\cache\19+11\amd64\api-ms-win-core-console-l1-1-0.dll
0x0000015161360000 - 0x0000015161363000 	C:\Users\Алекс\.openjfx\cache\19+11\amd64\api-ms-win-core-console-l1-2-0.dll
0x0000015161370000 - 0x0000015161373000 	C:\Users\Алекс\.openjfx\cache\19+11\amd64\api-ms-win-core-datetime-l1-1-0.dll
0x0000015161380000 - 0x0000015161383000 	C:\Users\Алекс\.openjfx\cache\19+11\amd64\api-ms-win-core-debug-l1-1-0.dll
0x0000015161390000 - 0x0000015161393000 	C:\Users\Алекс\.openjfx\cache\19+11\amd64\api-ms-win-core-errorhandling-l1-1-0.dll
0x00000151613a0000 - 0x00000151613a4000 	C:\Users\Алекс\.openjfx\cache\19+11\amd64\api-ms-win-core-file-l1-1-0.dll
0x00000151613b0000 - 0x00000151613b3000 	C:\Users\Алекс\.openjfx\cache\19+11\amd64\api-ms-win-core-file-l1-2-0.dll
0x00000151613c0000 - 0x00000151613c3000 	C:\Users\Алекс\.openjfx\cache\19+11\amd64\api-ms-win-core-file-l2-1-0.dll
0x00000151613d0000 - 0x00000151613d3000 	C:\Users\Алекс\.openjfx\cache\19+11\amd64\api-ms-win-core-handle-l1-1-0.dll
0x00000151613e0000 - 0x00000151613e3000 	C:\Users\Алекс\.openjfx\cache\19+11\amd64\api-ms-win-core-heap-l1-1-0.dll
0x00000151613f0000 - 0x00000151613f3000 	C:\Users\Алекс\.openjfx\cache\19+11\amd64\api-ms-win-core-interlocked-l1-1-0.dll
0x0000015166110000 - 0x0000015166113000 	C:\Users\Алекс\.openjfx\cache\19+11\amd64\api-ms-win-core-libraryloader-l1-1-0.dll
0x0000015166120000 - 0x0000015166123000 	C:\Users\Алекс\.openjfx\cache\19+11\amd64\api-ms-win-core-localization-l1-2-0.dll
0x0000015166130000 - 0x0000015166133000 	C:\Users\Алекс\.openjfx\cache\19+11\amd64\api-ms-win-core-memory-l1-1-0.dll
0x0000015166140000 - 0x0000015166143000 	C:\Users\Алекс\.openjfx\cache\19+11\amd64\api-ms-win-core-namedpipe-l1-1-0.dll
0x0000015166150000 - 0x0000015166153000 	C:\Users\Алекс\.openjfx\cache\19+11\amd64\api-ms-win-core-processenvironment-l1-1-0.dll
0x0000015166160000 - 0x0000015166163000 	C:\Users\Алекс\.openjfx\cache\19+11\amd64\api-ms-win-core-processthreads-l1-1-0.dll
0x0000015166170000 - 0x0000015166173000 	C:\Users\Алекс\.openjfx\cache\19+11\amd64\api-ms-win-core-processthreads-l1-1-1.dll
0x0000015166180000 - 0x0000015166183000 	C:\Users\Алекс\.openjfx\cache\19+11\amd64\api-ms-win-core-profile-l1-1-0.dll
0x0000015166190000 - 0x0000015166193000 	C:\Users\Алекс\.openjfx\cache\19+11\amd64\api-ms-win-core-rtlsupport-l1-1-0.dll
0x00000151661a0000 - 0x00000151661a3000 	C:\Users\Алекс\.openjfx\cache\19+11\amd64\api-ms-win-core-string-l1-1-0.dll
0x00000151661b0000 - 0x00000151661b3000 	C:\Users\Алекс\.openjfx\cache\19+11\amd64\api-ms-win-core-synch-l1-1-0.dll
0x00000151661c0000 - 0x00000151661c3000 	C:\Users\Алекс\.openjfx\cache\19+11\amd64\api-ms-win-core-synch-l1-2-0.dll
0x00000151661d0000 - 0x00000151661d3000 	C:\Users\Алекс\.openjfx\cache\19+11\amd64\api-ms-win-core-sysinfo-l1-1-0.dll
0x00000151661e0000 - 0x00000151661e3000 	C:\Users\Алекс\.openjfx\cache\19+11\amd64\api-ms-win-core-timezone-l1-1-0.dll
0x00000151661f0000 - 0x00000151661f3000 	C:\Users\Алекс\.openjfx\cache\19+11\amd64\api-ms-win-core-util-l1-1-0.dll
0x0000015166200000 - 0x0000015166203000 	C:\Users\Алекс\.openjfx\cache\19+11\amd64\api-ms-win-crt-conio-l1-1-0.dll
0x0000015166210000 - 0x0000015166214000 	C:\Users\Алекс\.openjfx\cache\19+11\amd64\api-ms-win-crt-convert-l1-1-0.dll
0x0000015166220000 - 0x0000015166223000 	C:\Users\Алекс\.openjfx\cache\19+11\amd64\api-ms-win-crt-environment-l1-1-0.dll
0x0000015166230000 - 0x0000015166233000 	C:\Users\Алекс\.openjfx\cache\19+11\amd64\api-ms-win-crt-filesystem-l1-1-0.dll
0x0000015166240000 - 0x0000015166243000 	C:\Users\Алекс\.openjfx\cache\19+11\amd64\api-ms-win-crt-heap-l1-1-0.dll
0x0000015166250000 - 0x0000015166253000 	C:\Users\Алекс\.openjfx\cache\19+11\amd64\api-ms-win-crt-locale-l1-1-0.dll
0x0000015166260000 - 0x0000015166265000 	C:\Users\Алекс\.openjfx\cache\19+11\amd64\api-ms-win-crt-math-l1-1-0.dll
0x0000015166270000 - 0x0000015166275000 	C:\Users\Алекс\.openjfx\cache\19+11\amd64\api-ms-win-crt-multibyte-l1-1-0.dll
0x0000015166280000 - 0x0000015166290000 	C:\Users\Алекс\.openjfx\cache\19+11\amd64\api-ms-win-crt-private-l1-1-0.dll
0x0000015166290000 - 0x0000015166293000 	C:\Users\Алекс\.openjfx\cache\19+11\amd64\api-ms-win-crt-process-l1-1-0.dll
0x00000151662a0000 - 0x00000151662a4000 	C:\Users\Алекс\.openjfx\cache\19+11\amd64\api-ms-win-crt-runtime-l1-1-0.dll
0x00000151662b0000 - 0x00000151662b4000 	C:\Users\Алекс\.openjfx\cache\19+11\amd64\api-ms-win-crt-stdio-l1-1-0.dll
0x00000151662c0000 - 0x00000151662c4000 	C:\Users\Алекс\.openjfx\cache\19+11\amd64\api-ms-win-crt-string-l1-1-0.dll
0x00000151662d0000 - 0x00000151662d3000 	C:\Users\Алекс\.openjfx\cache\19+11\amd64\api-ms-win-crt-time-l1-1-0.dll
0x00000151662e0000 - 0x00000151662e3000 	C:\Users\Алекс\.openjfx\cache\19+11\amd64\api-ms-win-crt-utility-l1-1-0.dll
0x00007ffbcf180000 - 0x00007ffbcf27c000 	C:\Users\Алекс\.openjfx\cache\19+11\amd64\ucrtbase.dll
0x00007ffbe0720000 - 0x00007ffbe073b000 	C:\Users\Алекс\.openjfx\cache\19+11\amd64\vcruntime140.dll
0x00007ffc18c90000 - 0x00007ffc18c9c000 	C:\Users\Алекс\.openjfx\cache\19+11\amd64\vcruntime140_1.dll
0x00007ffbdfe70000 - 0x00007ffbdfefe000 	C:\Users\Алекс\.openjfx\cache\19+11\amd64\msvcp140.dll
0x00007ffc17f00000 - 0x00007ffc17f09000 	C:\Users\Алекс\.openjfx\cache\19+11\amd64\msvcp140_1.dll
0x00007ffbe06f0000 - 0x00007ffbe0720000 	C:\Users\Алекс\.openjfx\cache\19+11\amd64\msvcp140_2.dll
0x00007ffbe05e0000 - 0x00007ffbe060c000 	C:\Users\Алекс\.openjfx\cache\19+11\amd64\prism_d3d.dll
0x00007ffc20700000 - 0x00007ffc208a9000 	C:\WINDOWS\system32\d3d9.dll
0x00007ffc34170000 - 0x00007ffc3419b000 	C:\WINDOWS\SYSTEM32\dwmapi.dll
0x00007ffc36940000 - 0x00007ffc36976000 	C:\WINDOWS\SYSTEM32\dxcore.dll
0x00007ffc33ef0000 - 0x00007ffc33f9b000 	C:\WINDOWS\system32\uxtheme.dll
0x00007ffbe79d0000 - 0x00007ffbe7b78000 	C:\WINDOWS\System32\DriverStore\FileRepository\iigd_dch.inf_amd64_e04d20469f199b2b\igdumdim64.dll
0x00007ffc3b0d0000 - 0x00007ffc3b26f000 	C:\WINDOWS\System32\ole32.dll
0x00007ffbe2d20000 - 0x00007ffbe6941000 	C:\WINDOWS\System32\DriverStore\FileRepository\iigd_dch.inf_amd64_e04d20469f199b2b\igd9dxva64.dll
0x00007ffc3ac30000 - 0x00007ffc3b0a4000 	C:\WINDOWS\System32\SETUPAPI.dll
0x00007ffc39f40000 - 0x00007ffc39f8e000 	C:\WINDOWS\SYSTEM32\cfgmgr32.dll
0x00007ffc2c3f0000 - 0x00007ffc2c7b8000 	C:\WINDOWS\System32\DriverStore\FileRepository\iigd_dch.inf_amd64_e04d20469f199b2b\igdgmm64.dll
0x00007ffc317f0000 - 0x00007ffc3183a000 	C:\WINDOWS\SYSTEM32\directxdatabasehelper.dll
0x00007ffbdc4e0000 - 0x00007ffbdc522000 	C:\Users\Алекс\.openjfx\cache\19+11\amd64\glass.dll
0x00007ffc3bfd0000 - 0x00007ffc3c0c9000 	C:\WINDOWS\System32\COMDLG32.dll
0x00007ffc3bbd0000 - 0x00007ffc3bd1c000 	C:\WINDOWS\System32\MSCTF.dll
0x00007ffbe9b80000 - 0x00007ffbe9ba7000 	C:\WINDOWS\System32\DriverStore\FileRepository\iigd_dch.inf_amd64_e04d20469f199b2b\igdinfo64.dll
0x00007ffc28be0000 - 0x00007ffc2c1e5000 	C:\WINDOWS\System32\DriverStore\FileRepository\iigd_dch.inf_amd64_e04d20469f199b2b\igc64.dll
0x00007ffbdffc0000 - 0x00007ffbdffd4000 	C:\Users\Алекс\.openjfx\cache\19+11\amd64\javafx_font.dll
0x00007ffc33210000 - 0x00007ffc33483000 	C:\WINDOWS\SYSTEM32\dwrite.dll
0x00007ffc3cb30000 - 0x00007ffc3cbe0000 	C:\WINDOWS\System32\clbcatq.dll
0x00007ffc32420000 - 0x00007ffc325d0000 	C:\WINDOWS\SYSTEM32\WindowsCodecs.dll
0x00007ffc16a30000 - 0x00007ffc16a8e000 	C:\WINDOWS\system32\dataexchange.dll
0x00007ffc2e4e0000 - 0x00007ffc2e765000 	C:\WINDOWS\system32\twinapi.appcore.dll
0x00007ffbde030000 - 0x00007ffbde062000 	C:\Program Files\Common Files\Microsoft Shared\Ink\rtscom.dll
0x00007ffc21370000 - 0x00007ffc214ba000 	C:\WINDOWS\SYSTEM32\textinputframework.dll
0x00007ffc33b00000 - 0x00007ffc33c33000 	C:\WINDOWS\SYSTEM32\CoreMessaging.dll
0x00007ffc2fcd0000 - 0x00007ffc3003c000 	C:\WINDOWS\SYSTEM32\CoreUIComponents.dll
0x00007ffc39320000 - 0x00007ffc3932c000 	C:\WINDOWS\SYSTEM32\CRYPTBASE.DLL
0x00007ffc32c20000 - 0x00007ffc3320e000 	C:\WINDOWS\SYSTEM32\d2d1.dll
0x00007ffc329c0000 - 0x00007ffc32c17000 	C:\WINDOWS\SYSTEM32\d3d11.dll
0x00007ffc34060000 - 0x00007ffc34158000 	C:\WINDOWS\SYSTEM32\dxgi.dll
0x00007ffc2ed20000 - 0x00007ffc2f431000 	C:\WINDOWS\SYSTEM32\D3D10Warp.dll

dbghelp: loaded successfully - version: 4.0.5 - missing functions: none
symbol engine: initialized successfully - sym options: 0x614 - pdb path: .;C:\Users\Алекс\.jdks\openjdk-19.0.1\bin;C:\WINDOWS\SYSTEM32;C:\WINDOWS\WinSxS\amd64_microsoft.windows.common-controls_6595b64144ccf1df_6.0.22621.2361_none_2712ced57382f843;C:\Users\Алекс\.jdks\openjdk-19.0.1\bin\server;C:\Program Files\JetBrains\IntelliJ IDEA 2022.3.1\bin;C:\Users\Алекс\.openjfx\cache\19+11\amd64;C:\WINDOWS\System32\DriverStore\FileRepository\iigd_dch.inf_amd64_e04d20469f199b2b;C:\Program Files\Common Files\Microsoft Shared\Ink

VM Arguments:
jvm_args: -javaagent:C:\Program Files\JetBrains\IntelliJ IDEA 2022.3.1\lib\idea_rt.jar=61808:C:\Program Files\JetBrains\IntelliJ IDEA 2022.3.1\bin -Dfile.encoding=UTF-8 -Dsun.stdout.encoding=UTF-8 -Dsun.stderr.encoding=UTF-8 --module-path=C:\Users\Алекс\IdeaProjects\FirstApp\target\classes;C:\Users\Алекс\.m2\repository\org\openjfx\javafx-controls\19\javafx-controls-19-win.jar;C:\Users\Алекс\.m2\repository\org\openjfx\javafx-graphics\19\javafx-graphics-19-win.jar;C:\Users\Алекс\.m2\repository\org\openjfx\javafx-base\19\javafx-base-19-win.jar;C:\Users\Алекс\.m2\repository\org\openjfx\javafx-fxml\19\javafx-fxml-19-win.jar -Djdk.module.main=com.example.firstapp 
java_command: com.example.firstapp/com.example.firstapp.HelloApplication
java_class_path (initial): C:\Users\Алекс\.m2\repository\org\openjfx\javafx-controls\19\javafx-controls-19.jar;C:\Users\Алекс\.m2\repository\org\openjfx\javafx-graphics\19\javafx-graphics-19.jar;C:\Users\Алекс\.m2\repository\org\openjfx\javafx-base\19\javafx-base-19.jar;C:\Users\Алекс\.m2\repository\org\openjfx\javafx-fxml\19\javafx-fxml-19.jar
Launcher Type: SUN_STANDARD

[Global flags]
     intx CICompilerCount                          = 4                                         {product} {ergonomic}
     uint ConcGCThreads                            = 2                                         {product} {ergonomic}
     uint G1ConcRefinementThreads                  = 8                                         {product} {ergonomic}
   size_t G1HeapRegionSize                         = 2097152                                   {product} {ergonomic}
    uintx GCDrainStackTargetSize                   = 64                                        {product} {ergonomic}
   size_t InitialHeapSize                          = 264241152                                 {product} {ergonomic}
   size_t MarkStackSize                            = 4194304                                   {product} {ergonomic}
   size_t MaxHeapSize                              = 4215275520                                {product} {ergonomic}
   size_t MaxNewSize                               = 2529165312                                {product} {ergonomic}
   size_t MinHeapDeltaBytes                        = 2097152                                   {product} {ergonomic}
   size_t MinHeapSize                              = 8388608                                   {product} {ergonomic}
    uintx NonNMethodCodeHeapSize                   = 5839372                                {pd product} {ergonomic}
    uintx NonProfiledCodeHeapSize                  = 122909434                              {pd product} {ergonomic}
    uintx ProfiledCodeHeapSize                     = 122909434                              {pd product} {ergonomic}
    uintx ReservedCodeCacheSize                    = 251658240                              {pd product} {ergonomic}
     bool SegmentedCodeCache                       = true                                      {product} {ergonomic}
   size_t SoftMaxHeapSize                          = 4215275520                             {manageable} {ergonomic}
     bool UseCompressedClassPointers               = true                           {product lp64_product} {ergonomic}
     bool UseCompressedOops                        = true                           {product lp64_product} {ergonomic}
     bool UseG1GC                                  = true                                      {product} {ergonomic}
     bool UseLargePagesIndividualAllocation        = false                                  {pd product} {ergonomic}

Logging:
Log output configuration:
 #0: stdout all=off uptime,level,tags foldmultilines=false
 #1: stderr all=off uptime,level,tags foldmultilines=false

Environment Variables:
PATH=C:\WINDOWS\system32;C:\WINDOWS;C:\WINDOWS\System32\Wbem;C:\WINDOWS\System32\WindowsPowerShell\v1.0\;C:\WINDOWS\System32\OpenSSH\;C:\Program Files\Git\cmd;C:\Program Files\PowerShell\7\;C:\Program Files\Cloudflare\Cloudflare WARP\;C:\Users\Алекс\AppData\Local\Programs\Python\Python311\Scripts\;C:\Users\Алекс\AppData\Local\Programs\Python\Python311\;C:\Users\Алекс\AppData\Local\Microsoft\WindowsApps;C:\Users\Алекс\AppData\Local\GitHubDesktop\bin;C:\Users\Алекс\AppData\Local\Programs\Microsoft VS Code\bin
USERNAME=Алекс
OS=Windows_NT
PROCESSOR_IDENTIFIER=Intel64 Family 6 Model 140 Stepping 1, GenuineIntel
TMP=C:\Users\E47B~1\AppData\Local\Temp
TEMP=C:\Users\E47B~1\AppData\Local\Temp



---------------  S Y S T E M  ---------------

OS:
 Windows 11 , 64 bit Build 22621 (10.0.22621.2428)
OS uptime: 6 days 21:12 hours
Hyper-V role detected

CPU: total 8 (initial active 8) (4 cores per cpu, 2 threads per core) family 6 model 140 stepping 1 microcode 0x86, cx8, cmov, fxsr, ht, mmx, 3dnowpref, sse, sse2, sse3, ssse3, sse4.1, sse4.2, popcnt, lzcnt, tsc, tscinvbit, avx, avx2, aes, erms, clmul, bmi1, bmi2, adx, avx512f, avx512dq, avx512cd, avx512bw, avx512vl, sha, fma, vzeroupper, avx512_vpopcntdq, avx512_vpclmulqdq, avx512_vaes, avx512_vnni, clflush, clflushopt, clwb, avx512_vbmi2, avx512_vbmi, hv, rdtscp, rdpid, fsrm, gfni, avx512_bitalg

Memory: 4k page, system-wide physical 16075M (5571M free)
TotalPageFile size 17227M (AvailPageFile size 3394M)
current process WorkingSet (physical memory assigned to process): 163M, peak: 174M
current process commit charge ("private bytes"): 416M, peak: 433M

vm_info: OpenJDK 64-Bit Server VM (19.0.1+10-21) for windows-amd64 JRE (19.0.1+10-21), built on 2022-09-14T12:45:06Z by "mach5one" with MS VC++ 17.1 (VS2022)

END.
