#
# A fatal error has been detected by the Java Runtime Environment:
#
#  EXCEPTION_ACCESS_VIOLATION (0xc0000005) at pc=0x00007ff8545e63b7, pid=5508, tid=20228
#
# JRE version: OpenJDK Runtime Environment (19.0.1+10) (build 19.0.1+10-21)
# Java VM: OpenJDK 64-Bit Server VM (19.0.1+10-21, mixed mode, sharing, tiered, compressed oops, compressed class ptrs, g1 gc, windows-amd64)
# Problematic frame:
# C  [glass.dll+0x263b7]
#
# No core dump will be written. Minidumps are not enabled by default on client versions of Windows
#
# If you would like to submit a bug report, please visit:
#   https://bugreport.java.com/bugreport/crash.jsp
#

---------------  S U M M A R Y ------------

Command Line: -javaagent:C:\Program Files\JetBrains\IntelliJ IDEA 2022.3.1\lib\idea_rt.jar=51262:C:\Program Files\JetBrains\IntelliJ IDEA 2022.3.1\bin -Dfile.encoding=UTF-8 -Dsun.stdout.encoding=UTF-8 -Dsun.stderr.encoding=UTF-8 --module-path=C:\Users\Алекс\.m2\repository\org\openjfx\javafx-base\19\javafx-base-19-win.jar;C:\Users\Алекс\.m2\repository\org\openjfx\javafx-fxml\19\javafx-fxml-19-win.jar;C:\Users\Алекс\.m2\repository\org\openjfx\javafx-graphics\19\javafx-graphics-19-win.jar;C:\Users\Алекс\.m2\repository\org\openjfx\javafx-controls\19\javafx-controls-19-win.jar;C:\Users\Алекс\IdeaProjects\FirstApp\target\classes -Djdk.module.main=com.example.firstapp com.example.firstapp/com.example.firstapp.HelloApplication

Host: 11th Gen Intel(R) Core(TM) i5-11300H @ 3.10GHz, 8 cores, 15G,  Windows 11 , 64 bit Build 22621 (10.0.22621.2428)
Time: Mon Nov  6 19:04:29 2023  Windows 11 , 64 bit Build 22621 (10.0.22621.2428) elapsed time: 589.751109 seconds (0d 0h 9m 49s)

---------------  T H R E A D  ---------------

Current thread (0x00000192fc3ea9f0):  VMThread "VM Thread" [stack: 0x0000004234e00000,0x0000004234f00000] [id=20228]

Stack: [0x0000004234e00000,0x0000004234f00000],  sp=0x0000004234efed10,  free space=1019k
Native frames: (J=compiled Java code, j=interpreted, Vv=VM code, C=native code)
C  [glass.dll+0x263b7]


siginfo: EXCEPTION_ACCESS_VIOLATION (0xc0000005), reading address 0x0000000000000000


Registers:
RAX=0x0000000000000000, RBX=0x00000192fc3f2eb0, RCX=0x00000192fc3ea9f0, RDX=0x0000004234efed10
RSP=0x0000004234efed10, RBP=0x00000192fda277b8, RSI=0x0000004234efee18, RDI=0x00000192fda27790
R8 =0x0000000000010002, R9 =0x00000192fda27790, R10=0x85f13e9656da4870, R11=0x0000004234efeca0
R12=0x00007ff8545e3cf0, R13=0x00007ff82f6a72a0, R14=0x000050813c94ffd9, R15=0x00000192fda27790
RIP=0x00007ff8545e63b7, EFLAGS=0x0000000000010202


Register to memory mapping:

RIP=0x00007ff8545e63b7 glass.dll
RAX=0x0 is NULL
RBX=0x00000192fc3f2eb0 is a global jni handle
RCX=0x00000192fc3ea9f0 points into unknown readable memory: 0x00007ff82f4b45d8 | d8 45 4b 2f f8 7f 00 00
RDX=0x0000004234efed10 points into unknown readable memory: 0x0000000000000000 | 00 00 00 00 00 00 00 00
RSP=0x0000004234efed10 points into unknown readable memory: 0x0000000000000000 | 00 00 00 00 00 00 00 00
RBP=0x00000192fda277b8 points into unknown readable memory: 0x000050813c94ffd9 | d9 ff 94 3c 81 50 00 00
RSI=0x0000004234efee18 points into unknown readable memory: 0x0000004234efee00 | 00 ee ef 34 42 00 00 00
RDI=0x00000192fda27790 points into unknown readable memory: 0xf0a8ecf12c94ff26 | 26 ff 94 2c f1 ec a8 f0
R8 =0x0000000000010002 is an unknown value
R9 =0x00000192fda27790 points into unknown readable memory: 0xf0a8ecf12c94ff26 | 26 ff 94 2c f1 ec a8 f0
R10=0x85f13e9656da4870 is an unknown value
R11=0x0000004234efeca0 points into unknown readable memory: 0x00000192fda27790 | 90 77 a2 fd 92 01 00 00
R12=0x00007ff8545e3cf0 glass.dll
R13=0x00007ff82f6a72a0 jvm.dll
R14=0x000050813c94ffd9 is an unknown value
R15=0x00000192fda27790 points into unknown readable memory: 0xf0a8ecf12c94ff26 | 26 ff 94 2c f1 ec a8 f0


Top of Stack: (sp=0x0000004234efed10)
0x0000004234efed10:   0000000000000000 0000004234efee18
0x0000004234efed20:   00007ff82f6a72a0 00007ff8545e3cf0
0x0000004234efed30:   00000192fda27798 00007ff898ec3a83
0x0000004234efed40:   00000192fda27790 0000019200000000
0x0000004234efed50:   00000192fda277b8 0000004234efee18
0x0000004234efed60:   fffffffffffffffe 0000000000000000
0x0000004234efed70:   0000000000000001 00007ff8545c0000
0x0000004234efed80:   0000004234efee08 00007ff898e9006e
0x0000004234efed90:   0000000000000000 0000004234efee18
0x0000004234efeda0:   0000004234eff100 0000000000000001
0x0000004234efedb0:   0000000000000001 00007ff898e8da1d
0x0000004234efedc0:   0000000000000000 00007ff8545e34e9
0x0000004234efedd0:   0000000000000000 0000004234efee08
0x0000004234efede0:   fffffffffffffffe 0000004234eff100
0x0000004234efedf0:   0000000000000000 00007ff8545e3b7d
0x0000004234efee00:   00007ff8545f9f88 00007ff800000002 

Instructions: (pc=0x00007ff8545e63b7)
0x00007ff8545e62b7:   8b 4d 58 e8 7d cf ff ff 48 8b 4d 60 e8 74 cf ff
0x00007ff8545e62c7:   ff 48 8b 95 80 00 00 00 48 8b 8d 18 01 00 00 e8
0x00007ff8545e62d7:   66 c4 ff ff 33 d2 33 c9 e8 bc e1 ff ff 90 48 89
0x00007ff8545e62e7:   54 24 10 55 48 83 ec 20 48 8b ea 48 b8 00 00 00
0x00007ff8545e62f7:   00 00 00 00 00 48 83 c4 20 5d c3 cc 40 55 48 8b
0x00007ff8545e6307:   ea 48 8b 01 33 c9 81 38 05 00 00 c0 0f 94 c1 8b
0x00007ff8545e6317:   c1 5d c3 cc 40 55 48 83 ec 20 48 8b ea 8a 4d 40
0x00007ff8545e6327:   48 83 c4 20 5d e9 63 d3 ff ff cc 40 55 48 83 ec
0x00007ff8545e6337:   20 48 8b ea 8a 4d 20 e8 51 d3 ff ff 90 48 83 c4
0x00007ff8545e6347:   20 5d c3 cc 40 55 48 83 ec 20 48 8b ea 48 83 c4
0x00007ff8545e6357:   20 5d e9 b2 d1 ff ff cc 40 55 48 83 ec 30 48 8b
0x00007ff8545e6367:   ea 48 8b 01 8b 10 48 89 4c 24 28 89 54 24 20 4c
0x00007ff8545e6377:   8d 0d 53 d6 ff ff 4c 8b 45 70 8b 55 68 48 8b 4d
0x00007ff8545e6387:   60 e8 f3 d0 ff ff 90 48 83 c4 30 5d c3 cc cc cc
0x00007ff8545e6397:   cc cc cc cc cc cc cc cc cc 40 53 48 83 ec 20 48
0x00007ff8545e63a7:   8b 1d db 35 01 00 48 85 db 74 16 e8 79 8b ff ff
0x00007ff8545e63b7:   4c 8b 00 48 8b d3 48 8b c8 41 ff 90 b0 00 00 00
0x00007ff8545e63c7:   90 48 83 c4 20 5b c3 cc cc 40 53 48 83 ec 20 48
0x00007ff8545e63d7:   8b 1d 4b 37 01 00 48 85 db 74 57 b8 ff ff ff ff
0x00007ff8545e63e7:   f0 0f c1 43 10 83 f8 01 75 3d 48 85 db 74 38 48
0x00007ff8545e63f7:   8b 0b 48 85 c9 74 0d ff 15 a4 0e 00 00 48 c7 03
0x00007ff8545e6407:   00 00 00 00 48 8b 4b 08 48 85 c9 74 0d e8 23 ce
0x00007ff8545e6417:   ff ff 48 c7 43 08 00 00 00 00 ba 18 00 00 00 48
0x00007ff8545e6427:   8b cb e8 0e ce ff ff 48 c7 05 ef 36 01 00 00 00
0x00007ff8545e6437:   00 00 48 83 c4 20 5b c3 cc 40 53 48 83 ec 20 48
0x00007ff8545e6447:   8b 1d bb 36 01 00 48 85 db 74 57 b8 ff ff ff ff
0x00007ff8545e6457:   f0 0f c1 43 10 83 f8 01 75 3d 48 85 db 74 38 48
0x00007ff8545e6467:   8b 0b 48 85 c9 74 0d ff 15 34 0e 00 00 48 c7 03
0x00007ff8545e6477:   00 00 00 00 48 8b 4b 08 48 85 c9 74 0d e8 b3 cd
0x00007ff8545e6487:   ff ff 48 c7 43 08 00 00 00 00 ba 18 00 00 00 48
0x00007ff8545e6497:   8b cb e8 9e cd ff ff 48 c7 05 5f 36 01 00 00 00
0x00007ff8545e64a7:   00 00 48 83 c4 20 5b c3 cc 40 53 48 83 ec 20 48 


Stack slot to memory mapping:
stack at sp + 0 slots: 0x0 is NULL
stack at sp + 1 slots: 0x0000004234efee18 points into unknown readable memory: 0x0000004234efee00 | 00 ee ef 34 42 00 00 00
stack at sp + 2 slots: 0x00007ff82f6a72a0 jvm.dll
stack at sp + 3 slots: 0x00007ff8545e3cf0 glass.dll
stack at sp + 4 slots: 0x00000192fda27798 points into unknown readable memory: 0x000050813c94ffd9 | d9 ff 94 3c 81 50 00 00
stack at sp + 5 slots: 0x00007ff898ec3a83 ucrtbase.dll
stack at sp + 6 slots: 0x00000192fda27790 points into unknown readable memory: 0xf0a8ecf12c94ff26 | 26 ff 94 2c f1 ec a8 f0
stack at sp + 7 slots: 0x0000019200000000 is an unknown value

VM_Operation (0x00000042345ff220): Exit, mode: safepoint, requested by thread 0x00000192fe1443e0


---------------  P R O C E S S  ---------------

Threads class SMR info:
_java_thread_list=0x00000192fdf3d9f0, length=20, elements={
0x00000192d92cbdb0, 0x00000192fc4031f0, 0x00000192fc403d20, 0x00000192fc40a2b0,
0x00000192fc40af40, 0x00000192fc40b870, 0x00000192fc63ab80, 0x00000192fc65f920,
0x00000192fc670a50, 0x00000192fc3d65d0, 0x00000192fd1efcb0, 0x00000192fd2500a0,
0x00000192fd92be90, 0x00000192fd570080, 0x00000192fd3f4a50, 0x00000192fd456b00,
0x00000192fd4565b0, 0x00000192fd457050, 0x00000192fe146e60, 0x00000192fe1443e0
}

Java Threads: ( => current thread )
  0x00000192d92cbdb0 JavaThread "main" [_thread_blocked, id=18436, stack(0x0000004234800000,0x0000004234900000)]
  0x00000192fc4031f0 JavaThread "Reference Handler" daemon [_thread_blocked, id=19948, stack(0x0000004234f00000,0x0000004235000000)]
  0x00000192fc403d20 JavaThread "Finalizer" daemon [_thread_blocked, id=6948, stack(0x0000004235000000,0x0000004235100000)]
  0x00000192fc40a2b0 JavaThread "Attach Listener" daemon [_thread_blocked, id=20160, stack(0x0000004235200000,0x0000004235300000)]
  0x00000192fc40af40 JavaThread "Service Thread" daemon [_thread_blocked, id=26532, stack(0x0000004235300000,0x0000004235400000)]
  0x00000192fc40b870 JavaThread "Monitor Deflation Thread" daemon [_thread_blocked, id=16612, stack(0x0000004235400000,0x0000004235500000)]
  0x00000192fc63ab80 JavaThread "C2 CompilerThread0" daemon [_thread_blocked, id=27540, stack(0x0000004235500000,0x0000004235600000)]
  0x00000192fc65f920 JavaThread "C1 CompilerThread0" daemon [_thread_blocked, id=17284, stack(0x0000004235600000,0x0000004235700000)]
  0x00000192fc670a50 JavaThread "Sweeper thread" daemon [_thread_blocked, id=15356, stack(0x0000004235700000,0x0000004235800000)]
  0x00000192fc3d65d0 JavaThread "Common-Cleaner" daemon [_thread_blocked, id=12548, stack(0x0000004235800000,0x0000004235900000)]
  0x00000192fd1efcb0 JavaThread "Monitor Ctrl-Break" daemon [_thread_in_native, id=14428, stack(0x0000004235b00000,0x0000004235c00000)]
  0x00000192fd2500a0 JavaThread "Notification Thread" daemon [_thread_blocked, id=14956, stack(0x0000004235c00000,0x0000004235d00000)]
  0x00000192fd92be90 JavaThread "QuantumRenderer-0" daemon [_thread_blocked, id=24652, stack(0x0000004235e00000,0x0000004235f00000)]
  0x00000192fd570080 JavaThread "InvokeLaterDispatcher" daemon [_thread_blocked, id=14396, stack(0x0000004235f00000,0x0000004236000000)]
  0x00000192fd3f4a50 JavaThread "JavaFX Application Thread" [_thread_in_native, id=19404, stack(0x0000004236000000,0x0000004236100000)]
  0x00000192fd456b00 JavaThread "JavaFX-Launcher" [_thread_blocked, id=5668, stack(0x0000004236500000,0x0000004236600000)]
  0x00000192fd4565b0 JavaThread "Thread-2" daemon [_thread_in_native, id=10852, stack(0x0000004236400000,0x0000004236500000)]
  0x00000192fd457050 JavaThread "Prism Font Disposer" daemon [_thread_blocked, id=25968, stack(0x0000004236b00000,0x0000004236c00000)]
  0x00000192fe146e60 JavaThread "Cleaner-0" daemon [_thread_blocked, id=25416, stack(0x0000004237000000,0x0000004237100000)]
  0x00000192fe1443e0 JavaThread "SIGINT handler" daemon [_thread_blocked, id=20780, stack(0x0000004234500000,0x0000004234600000)]

Other Threads:
=>0x00000192fc3ea9f0 VMThread "VM Thread" [stack: 0x0000004234e00000,0x0000004234f00000] [id=20228]
  0x00000192d933ab80 WorkerThread "GC Thread#0" [stack: 0x0000004234900000,0x0000004234a00000] [id=24908]
  0x00000192fdd4e170 WorkerThread "GC Thread#1" [stack: 0x0000004236600000,0x0000004236700000] [id=27452]
  0x00000192fdd511d0 WorkerThread "GC Thread#2" [stack: 0x0000004236700000,0x0000004236800000] [id=1192]
  0x00000192fdd5ac00 WorkerThread "GC Thread#3" [stack: 0x0000004236800000,0x0000004236900000] [id=26812]
  0x00000192fdd5c280 WorkerThread "GC Thread#4" [stack: 0x0000004236900000,0x0000004236a00000] [id=20240]
  0x00000192fdd5ba10 WorkerThread "GC Thread#5" [stack: 0x0000004236a00000,0x0000004236b00000] [id=18680]
  0x00000192fdd5b1a0 WorkerThread "GC Thread#6" [stack: 0x0000004235900000,0x0000004235a00000] [id=10588]
  0x00000192fdd5b740 WorkerThread "GC Thread#7" [stack: 0x0000004235a00000,0x0000004235b00000] [id=3288]
  0x00000192d934b6d0 ConcurrentGCThread "G1 Main Marker" terminated
  0x00000192d934c010 WorkerThread "G1 Conc#0" [stack: 0x0000004234b00000,0x0000004234c00000] [id=28616]
  0x00000192d938e440 ConcurrentGCThread "G1 Refine#0" terminated
  0x00000192fc2a0070 ConcurrentGCThread "G1 Service" terminated

Threads with active compile tasks:

VM state: at safepoint (shutting down)

VM Mutex/Monitor currently owned by a thread:  ([mutex/lock_event])
[0x00000192d92ca660] Threads_lock - owner thread: 0x00000192fc3ea9f0
[0x00000192d92cb350] Heap_lock - owner thread: 0x00000192fe1443e0

Heap address: 0x0000000704c00000, size: 4020 MB, Compressed Oops mode: Zero based, Oop shift amount: 3

CDS archive(s) mapped at: [0x0000000800000000-0x0000000800c30000-0x0000000800c30000), size 12779520, SharedBaseAddress: 0x0000000800000000, ArchiveRelocationMode: 0.
Compressed class space mapped at: 0x0000000801000000-0x0000000841000000, reserved size: 1073741824
Narrow klass base: 0x0000000800000000, Narrow klass shift: 0, Narrow klass range: 0x100000000

GC Precious Log:
 CardTable entry size: 512
 Card Set container configuration: InlinePtr #cards 4 size 8 Array Of Cards #cards 16 size 48 Howl #buckets 8 coarsen threshold 3686 Howl Bitmap #cards 512 size 80 coarsen threshold 460 Card regions per heap region 1 cards per card region 4096
 CPUs: 8 total, 8 available
 Memory: 16075M
 Large Page Support: Disabled
 NUMA Support: Disabled
 Compressed Oops: Enabled (Zero based)
 Heap Region Size: 2M
 Heap Min Capacity: 8M
 Heap Initial Capacity: 252M
 Heap Max Capacity: 4020M
 Pre-touch: Disabled
 Parallel Workers: 8
 Concurrent Workers: 2
 Concurrent Refinement Workers: 8
 Periodic GC: Disabled

Heap:
 garbage-first heap   total 258048K, used 13505K [0x0000000704c00000, 0x0000000800000000)
  region size 2048K, 6 young (12288K), 3 survivors (6144K)
 Metaspace       used 15952K, committed 16320K, reserved 1114112K
  class space    used 2272K, committed 2432K, reserved 1048576K

Heap Regions: E=young(eden), S=young(survivor), O=old, HS=humongous(starts), HC=humongous(continues), CS=collection set, F=free, OA=open archive, CA=closed archive, TAMS=top-at-mark-start (previous, next)
|   0|0x0000000704c00000, 0x0000000704e00000, 0x0000000704e00000|100%|HS|  |TAMS 0x0000000704c00000, 0x0000000704c00000| Complete 
|   1|0x0000000704e00000, 0x0000000704f30400, 0x0000000705000000| 59%| O|  |TAMS 0x0000000704e00000, 0x0000000704e00000| Untracked 
|   2|0x0000000705000000, 0x0000000705000000, 0x0000000705200000|  0%| F|  |TAMS 0x0000000705000000, 0x0000000705000000| Untracked 
|   3|0x0000000705200000, 0x0000000705200000, 0x0000000705400000|  0%| F|  |TAMS 0x0000000705200000, 0x0000000705200000| Untracked 
|   4|0x0000000705400000, 0x0000000705400000, 0x0000000705600000|  0%| F|  |TAMS 0x0000000705400000, 0x0000000705400000| Untracked 
|   5|0x0000000705600000, 0x0000000705600000, 0x0000000705800000|  0%| F|  |TAMS 0x0000000705600000, 0x0000000705600000| Untracked 
|   6|0x0000000705800000, 0x0000000705800000, 0x0000000705a00000|  0%| F|  |TAMS 0x0000000705800000, 0x0000000705800000| Untracked 
|   7|0x0000000705a00000, 0x0000000705a00000, 0x0000000705c00000|  0%| F|  |TAMS 0x0000000705a00000, 0x0000000705a00000| Untracked 
|   8|0x0000000705c00000, 0x0000000705c00000, 0x0000000705e00000|  0%| F|  |TAMS 0x0000000705c00000, 0x0000000705c00000| Untracked 
|   9|0x0000000705e00000, 0x0000000705e00000, 0x0000000706000000|  0%| F|  |TAMS 0x0000000705e00000, 0x0000000705e00000| Untracked 
|  10|0x0000000706000000, 0x0000000706000000, 0x0000000706200000|  0%| F|  |TAMS 0x0000000706000000, 0x0000000706000000| Untracked 
|  11|0x0000000706200000, 0x0000000706200000, 0x0000000706400000|  0%| F|  |TAMS 0x0000000706200000, 0x0000000706200000| Untracked 
|  12|0x0000000706400000, 0x0000000706400000, 0x0000000706600000|  0%| F|  |TAMS 0x0000000706400000, 0x0000000706400000| Untracked 
|  13|0x0000000706600000, 0x0000000706600000, 0x0000000706800000|  0%| F|  |TAMS 0x0000000706600000, 0x0000000706600000| Untracked 
|  14|0x0000000706800000, 0x0000000706800000, 0x0000000706a00000|  0%| F|  |TAMS 0x0000000706800000, 0x0000000706800000| Untracked 
|  15|0x0000000706a00000, 0x0000000706a00000, 0x0000000706c00000|  0%| F|  |TAMS 0x0000000706a00000, 0x0000000706a00000| Untracked 
|  16|0x0000000706c00000, 0x0000000706c00000, 0x0000000706e00000|  0%| F|  |TAMS 0x0000000706c00000, 0x0000000706c00000| Untracked 
|  17|0x0000000706e00000, 0x0000000706e00000, 0x0000000707000000|  0%| F|  |TAMS 0x0000000706e00000, 0x0000000706e00000| Untracked 
|  18|0x0000000707000000, 0x0000000707000000, 0x0000000707200000|  0%| F|  |TAMS 0x0000000707000000, 0x0000000707000000| Untracked 
|  19|0x0000000707200000, 0x0000000707200000, 0x0000000707400000|  0%| F|  |TAMS 0x0000000707200000, 0x0000000707200000| Untracked 
|  20|0x0000000707400000, 0x0000000707400000, 0x0000000707600000|  0%| F|  |TAMS 0x0000000707400000, 0x0000000707400000| Untracked 
|  21|0x0000000707600000, 0x0000000707600000, 0x0000000707800000|  0%| F|  |TAMS 0x0000000707600000, 0x0000000707600000| Untracked 
|  22|0x0000000707800000, 0x0000000707800000, 0x0000000707a00000|  0%| F|  |TAMS 0x0000000707800000, 0x0000000707800000| Untracked 
|  23|0x0000000707a00000, 0x0000000707a00000, 0x0000000707c00000|  0%| F|  |TAMS 0x0000000707a00000, 0x0000000707a00000| Untracked 
|  24|0x0000000707c00000, 0x0000000707c00000, 0x0000000707e00000|  0%| F|  |TAMS 0x0000000707c00000, 0x0000000707c00000| Untracked 
|  25|0x0000000707e00000, 0x0000000707e00000, 0x0000000708000000|  0%| F|  |TAMS 0x0000000707e00000, 0x0000000707e00000| Untracked 
|  26|0x0000000708000000, 0x0000000708000000, 0x0000000708200000|  0%| F|  |TAMS 0x0000000708000000, 0x0000000708000000| Untracked 
|  27|0x0000000708200000, 0x0000000708200000, 0x0000000708400000|  0%| F|  |TAMS 0x0000000708200000, 0x0000000708200000| Untracked 
|  28|0x0000000708400000, 0x0000000708400000, 0x0000000708600000|  0%| F|  |TAMS 0x0000000708400000, 0x0000000708400000| Untracked 
|  29|0x0000000708600000, 0x0000000708600000, 0x0000000708800000|  0%| F|  |TAMS 0x0000000708600000, 0x0000000708600000| Untracked 
|  30|0x0000000708800000, 0x0000000708800000, 0x0000000708a00000|  0%| F|  |TAMS 0x0000000708800000, 0x0000000708800000| Untracked 
|  31|0x0000000708a00000, 0x0000000708a00000, 0x0000000708c00000|  0%| F|  |TAMS 0x0000000708a00000, 0x0000000708a00000| Untracked 
|  32|0x0000000708c00000, 0x0000000708c00000, 0x0000000708e00000|  0%| F|  |TAMS 0x0000000708c00000, 0x0000000708c00000| Untracked 
|  33|0x0000000708e00000, 0x0000000708e00000, 0x0000000709000000|  0%| F|  |TAMS 0x0000000708e00000, 0x0000000708e00000| Untracked 
|  34|0x0000000709000000, 0x0000000709000000, 0x0000000709200000|  0%| F|  |TAMS 0x0000000709000000, 0x0000000709000000| Untracked 
|  35|0x0000000709200000, 0x0000000709200000, 0x0000000709400000|  0%| F|  |TAMS 0x0000000709200000, 0x0000000709200000| Untracked 
|  36|0x0000000709400000, 0x0000000709400000, 0x0000000709600000|  0%| F|  |TAMS 0x0000000709400000, 0x0000000709400000| Untracked 
|  37|0x0000000709600000, 0x0000000709600000, 0x0000000709800000|  0%| F|  |TAMS 0x0000000709600000, 0x0000000709600000| Untracked 
|  38|0x0000000709800000, 0x0000000709800000, 0x0000000709a00000|  0%| F|  |TAMS 0x0000000709800000, 0x0000000709800000| Untracked 
|  39|0x0000000709a00000, 0x0000000709a00000, 0x0000000709c00000|  0%| F|  |TAMS 0x0000000709a00000, 0x0000000709a00000| Untracked 
|  40|0x0000000709c00000, 0x0000000709c00000, 0x0000000709e00000|  0%| F|  |TAMS 0x0000000709c00000, 0x0000000709c00000| Untracked 
|  41|0x0000000709e00000, 0x0000000709e00000, 0x000000070a000000|  0%| F|  |TAMS 0x0000000709e00000, 0x0000000709e00000| Untracked 
|  42|0x000000070a000000, 0x000000070a000000, 0x000000070a200000|  0%| F|  |TAMS 0x000000070a000000, 0x000000070a000000| Untracked 
|  43|0x000000070a200000, 0x000000070a200000, 0x000000070a400000|  0%| F|  |TAMS 0x000000070a200000, 0x000000070a200000| Untracked 
|  44|0x000000070a400000, 0x000000070a400000, 0x000000070a600000|  0%| F|  |TAMS 0x000000070a400000, 0x000000070a400000| Untracked 
|  45|0x000000070a600000, 0x000000070a600000, 0x000000070a800000|  0%| F|  |TAMS 0x000000070a600000, 0x000000070a600000| Untracked 
|  46|0x000000070a800000, 0x000000070a800000, 0x000000070aa00000|  0%| F|  |TAMS 0x000000070a800000, 0x000000070a800000| Untracked 
|  47|0x000000070aa00000, 0x000000070aa00000, 0x000000070ac00000|  0%| F|  |TAMS 0x000000070aa00000, 0x000000070aa00000| Untracked 
|  48|0x000000070ac00000, 0x000000070ac00000, 0x000000070ae00000|  0%| F|  |TAMS 0x000000070ac00000, 0x000000070ac00000| Untracked 
|  49|0x000000070ae00000, 0x000000070ae00000, 0x000000070b000000|  0%| F|  |TAMS 0x000000070ae00000, 0x000000070ae00000| Untracked 
|  50|0x000000070b000000, 0x000000070b000000, 0x000000070b200000|  0%| F|  |TAMS 0x000000070b000000, 0x000000070b000000| Untracked 
|  51|0x000000070b200000, 0x000000070b200000, 0x000000070b400000|  0%| F|  |TAMS 0x000000070b200000, 0x000000070b200000| Untracked 
|  52|0x000000070b400000, 0x000000070b400000, 0x000000070b600000|  0%| F|  |TAMS 0x000000070b400000, 0x000000070b400000| Untracked 
|  53|0x000000070b600000, 0x000000070b600000, 0x000000070b800000|  0%| F|  |TAMS 0x000000070b600000, 0x000000070b600000| Untracked 
|  54|0x000000070b800000, 0x000000070b800000, 0x000000070ba00000|  0%| F|  |TAMS 0x000000070b800000, 0x000000070b800000| Untracked 
|  55|0x000000070ba00000, 0x000000070ba00000, 0x000000070bc00000|  0%| F|  |TAMS 0x000000070ba00000, 0x000000070ba00000| Untracked 
|  56|0x000000070bc00000, 0x000000070bc00000, 0x000000070be00000|  0%| F|  |TAMS 0x000000070bc00000, 0x000000070bc00000| Untracked 
|  57|0x000000070be00000, 0x000000070be00000, 0x000000070c000000|  0%| F|  |TAMS 0x000000070be00000, 0x000000070be00000| Untracked 
|  58|0x000000070c000000, 0x000000070c000000, 0x000000070c200000|  0%| F|  |TAMS 0x000000070c000000, 0x000000070c000000| Untracked 
|  59|0x000000070c200000, 0x000000070c200000, 0x000000070c400000|  0%| F|  |TAMS 0x000000070c200000, 0x000000070c200000| Untracked 
|  60|0x000000070c400000, 0x000000070c400000, 0x000000070c600000|  0%| F|  |TAMS 0x000000070c400000, 0x000000070c400000| Untracked 
|  61|0x000000070c600000, 0x000000070c600000, 0x000000070c800000|  0%| F|  |TAMS 0x000000070c600000, 0x000000070c600000| Untracked 
|  62|0x000000070c800000, 0x000000070c800000, 0x000000070ca00000|  0%| F|  |TAMS 0x000000070c800000, 0x000000070c800000| Untracked 
|  63|0x000000070ca00000, 0x000000070ca00000, 0x000000070cc00000|  0%| F|  |TAMS 0x000000070ca00000, 0x000000070ca00000| Untracked 
|  64|0x000000070cc00000, 0x000000070cc00000, 0x000000070ce00000|  0%| F|  |TAMS 0x000000070cc00000, 0x000000070cc00000| Untracked 
|  65|0x000000070ce00000, 0x000000070ce00000, 0x000000070d000000|  0%| F|  |TAMS 0x000000070ce00000, 0x000000070ce00000| Untracked 
|  66|0x000000070d000000, 0x000000070d000000, 0x000000070d200000|  0%| F|  |TAMS 0x000000070d000000, 0x000000070d000000| Untracked 
|  67|0x000000070d200000, 0x000000070d200000, 0x000000070d400000|  0%| F|  |TAMS 0x000000070d200000, 0x000000070d200000| Untracked 
|  68|0x000000070d400000, 0x000000070d400000, 0x000000070d600000|  0%| F|  |TAMS 0x000000070d400000, 0x000000070d400000| Untracked 
|  69|0x000000070d600000, 0x000000070d600000, 0x000000070d800000|  0%| F|  |TAMS 0x000000070d600000, 0x000000070d600000| Untracked 
|  70|0x000000070d800000, 0x000000070d800000, 0x000000070da00000|  0%| F|  |TAMS 0x000000070d800000, 0x000000070d800000| Untracked 
|  71|0x000000070da00000, 0x000000070da00000, 0x000000070dc00000|  0%| F|  |TAMS 0x000000070da00000, 0x000000070da00000| Untracked 
|  72|0x000000070dc00000, 0x000000070dc00000, 0x000000070de00000|  0%| F|  |TAMS 0x000000070dc00000, 0x000000070dc00000| Untracked 
|  73|0x000000070de00000, 0x000000070de00000, 0x000000070e000000|  0%| F|  |TAMS 0x000000070de00000, 0x000000070de00000| Untracked 
|  74|0x000000070e000000, 0x000000070e000000, 0x000000070e200000|  0%| F|  |TAMS 0x000000070e000000, 0x000000070e000000| Untracked 
|  75|0x000000070e200000, 0x000000070e200000, 0x000000070e400000|  0%| F|  |TAMS 0x000000070e200000, 0x000000070e200000| Untracked 
|  76|0x000000070e400000, 0x000000070e400000, 0x000000070e600000|  0%| F|  |TAMS 0x000000070e400000, 0x000000070e400000| Untracked 
|  77|0x000000070e600000, 0x000000070e600000, 0x000000070e800000|  0%| F|  |TAMS 0x000000070e600000, 0x000000070e600000| Untracked 
|  78|0x000000070e800000, 0x000000070e800000, 0x000000070ea00000|  0%| F|  |TAMS 0x000000070e800000, 0x000000070e800000| Untracked 
|  79|0x000000070ea00000, 0x000000070ea00000, 0x000000070ec00000|  0%| F|  |TAMS 0x000000070ea00000, 0x000000070ea00000| Untracked 
|  80|0x000000070ec00000, 0x000000070ec00000, 0x000000070ee00000|  0%| F|  |TAMS 0x000000070ec00000, 0x000000070ec00000| Untracked 
|  81|0x000000070ee00000, 0x000000070ee00000, 0x000000070f000000|  0%| F|  |TAMS 0x000000070ee00000, 0x000000070ee00000| Untracked 
|  82|0x000000070f000000, 0x000000070f000000, 0x000000070f200000|  0%| F|  |TAMS 0x000000070f000000, 0x000000070f000000| Untracked 
|  83|0x000000070f200000, 0x000000070f200000, 0x000000070f400000|  0%| F|  |TAMS 0x000000070f200000, 0x000000070f200000| Untracked 
|  84|0x000000070f400000, 0x000000070f400000, 0x000000070f600000|  0%| F|  |TAMS 0x000000070f400000, 0x000000070f400000| Untracked 
|  85|0x000000070f600000, 0x000000070f600000, 0x000000070f800000|  0%| F|  |TAMS 0x000000070f600000, 0x000000070f600000| Untracked 
|  86|0x000000070f800000, 0x000000070f800000, 0x000000070fa00000|  0%| F|  |TAMS 0x000000070f800000, 0x000000070f800000| Untracked 
|  87|0x000000070fa00000, 0x000000070fa00000, 0x000000070fc00000|  0%| F|  |TAMS 0x000000070fa00000, 0x000000070fa00000| Untracked 
|  88|0x000000070fc00000, 0x000000070fc00000, 0x000000070fe00000|  0%| F|  |TAMS 0x000000070fc00000, 0x000000070fc00000| Untracked 
|  89|0x000000070fe00000, 0x000000070fe00000, 0x0000000710000000|  0%| F|  |TAMS 0x000000070fe00000, 0x000000070fe00000| Untracked 
|  90|0x0000000710000000, 0x0000000710000000, 0x0000000710200000|  0%| F|  |TAMS 0x0000000710000000, 0x0000000710000000| Untracked 
|  91|0x0000000710200000, 0x0000000710200000, 0x0000000710400000|  0%| F|  |TAMS 0x0000000710200000, 0x0000000710200000| Untracked 
|  92|0x0000000710400000, 0x0000000710400000, 0x0000000710600000|  0%| F|  |TAMS 0x0000000710400000, 0x0000000710400000| Untracked 
|  93|0x0000000710600000, 0x0000000710600000, 0x0000000710800000|  0%| F|  |TAMS 0x0000000710600000, 0x0000000710600000| Untracked 
|  94|0x0000000710800000, 0x0000000710800000, 0x0000000710a00000|  0%| F|  |TAMS 0x0000000710800000, 0x0000000710800000| Untracked 
|  95|0x0000000710a00000, 0x0000000710a00000, 0x0000000710c00000|  0%| F|  |TAMS 0x0000000710a00000, 0x0000000710a00000| Untracked 
|  96|0x0000000710c00000, 0x0000000710c00000, 0x0000000710e00000|  0%| F|  |TAMS 0x0000000710c00000, 0x0000000710c00000| Untracked 
|  97|0x0000000710e00000, 0x0000000710e00000, 0x0000000711000000|  0%| F|  |TAMS 0x0000000710e00000, 0x0000000710e00000| Untracked 
|  98|0x0000000711000000, 0x0000000711000000, 0x0000000711200000|  0%| F|  |TAMS 0x0000000711000000, 0x0000000711000000| Untracked 
|  99|0x0000000711200000, 0x0000000711200000, 0x0000000711400000|  0%| F|  |TAMS 0x0000000711200000, 0x0000000711200000| Untracked 
| 100|0x0000000711400000, 0x0000000711400000, 0x0000000711600000|  0%| F|  |TAMS 0x0000000711400000, 0x0000000711400000| Untracked 
| 101|0x0000000711600000, 0x0000000711600000, 0x0000000711800000|  0%| F|  |TAMS 0x0000000711600000, 0x0000000711600000| Untracked 
| 102|0x0000000711800000, 0x0000000711800000, 0x0000000711a00000|  0%| F|  |TAMS 0x0000000711800000, 0x0000000711800000| Untracked 
| 103|0x0000000711a00000, 0x0000000711c00000, 0x0000000711c00000|100%| S|CS|TAMS 0x0000000711a00000, 0x0000000711a00000| Complete 
| 104|0x0000000711c00000, 0x0000000711e00000, 0x0000000711e00000|100%| S|CS|TAMS 0x0000000711c00000, 0x0000000711c00000| Complete 
| 105|0x0000000711e00000, 0x0000000712000000, 0x0000000712000000|100%| S|CS|TAMS 0x0000000711e00000, 0x0000000711e00000| Complete 
| 106|0x0000000712000000, 0x0000000712000000, 0x0000000712200000|  0%| F|  |TAMS 0x0000000712000000, 0x0000000712000000| Untracked 
| 107|0x0000000712200000, 0x0000000712200000, 0x0000000712400000|  0%| F|  |TAMS 0x0000000712200000, 0x0000000712200000| Untracked 
| 108|0x0000000712400000, 0x0000000712400000, 0x0000000712600000|  0%| F|  |TAMS 0x0000000712400000, 0x0000000712400000| Untracked 
| 109|0x0000000712600000, 0x0000000712600000, 0x0000000712800000|  0%| F|  |TAMS 0x0000000712600000, 0x0000000712600000| Untracked 
| 110|0x0000000712800000, 0x0000000712800000, 0x0000000712a00000|  0%| F|  |TAMS 0x0000000712800000, 0x0000000712800000| Untracked 
| 111|0x0000000712a00000, 0x0000000712a00000, 0x0000000712c00000|  0%| F|  |TAMS 0x0000000712a00000, 0x0000000712a00000| Untracked 
| 112|0x0000000712c00000, 0x0000000712c00000, 0x0000000712e00000|  0%| F|  |TAMS 0x0000000712c00000, 0x0000000712c00000| Untracked 
| 113|0x0000000712e00000, 0x0000000712e00000, 0x0000000713000000|  0%| F|  |TAMS 0x0000000712e00000, 0x0000000712e00000| Untracked 
| 114|0x0000000713000000, 0x0000000713000000, 0x0000000713200000|  0%| F|  |TAMS 0x0000000713000000, 0x0000000713000000| Untracked 
| 115|0x0000000713200000, 0x0000000713200000, 0x0000000713400000|  0%| F|  |TAMS 0x0000000713200000, 0x0000000713200000| Untracked 
| 116|0x0000000713400000, 0x0000000713400000, 0x0000000713600000|  0%| F|  |TAMS 0x0000000713400000, 0x0000000713400000| Untracked 
| 117|0x0000000713600000, 0x0000000713600000, 0x0000000713800000|  0%| F|  |TAMS 0x0000000713600000, 0x0000000713600000| Untracked 
| 118|0x0000000713800000, 0x0000000713800000, 0x0000000713a00000|  0%| F|  |TAMS 0x0000000713800000, 0x0000000713800000| Untracked 
| 119|0x0000000713a00000, 0x0000000713a00000, 0x0000000713c00000|  0%| F|  |TAMS 0x0000000713a00000, 0x0000000713a00000| Untracked 
| 120|0x0000000713c00000, 0x0000000713c00000, 0x0000000713e00000|  0%| F|  |TAMS 0x0000000713c00000, 0x0000000713c00000| Untracked 
| 121|0x0000000713e00000, 0x0000000713e00000, 0x0000000714000000|  0%| F|  |TAMS 0x0000000713e00000, 0x0000000713e00000| Untracked 
| 122|0x0000000714000000, 0x0000000714000000, 0x0000000714200000|  0%| F|  |TAMS 0x0000000714000000, 0x0000000714000000| Untracked 
| 123|0x0000000714200000, 0x0000000714400000, 0x0000000714400000|100%| E|  |TAMS 0x0000000714200000, 0x0000000714200000| Complete 
| 124|0x0000000714400000, 0x0000000714600000, 0x0000000714600000|100%| E|CS|TAMS 0x0000000714400000, 0x0000000714400000| Complete 
| 125|0x0000000714600000, 0x0000000714800000, 0x0000000714800000|100%| E|CS|TAMS 0x0000000714600000, 0x0000000714600000| Complete 

Card table byte_map: [0x00000192f0d40000,0x00000192f1520000] _byte_map_base: 0x00000192ed51a000

Marking Bits (Prev, Next): (CMBitMap*) 0x00000192d933b0c0, (CMBitMap*) 0x00000192d933b100
 Prev Bits: [0x00000192f1d00000, 0x00000192f5bd0000)
 Next Bits: [0x00000192f5bd0000, 0x00000192f9aa0000)

Polling page: 0x00000192d7270000

Metaspace:

Usage:
  Non-class:     13.36 MB used.
      Class:      2.22 MB used.
       Both:     15.58 MB used.

Virtual space:
  Non-class space:       64.00 MB reserved,      13.56 MB ( 21%) committed,  1 nodes.
      Class space:        1.00 GB reserved,       2.38 MB ( <1%) committed,  1 nodes.
             Both:        1.06 GB reserved,      15.94 MB (  1%) committed. 

Chunk freelists:
   Non-Class:  2.11 MB
       Class:  1.60 MB
        Both:  3.71 MB

MaxMetaspaceSize: unlimited
CompressedClassSpaceSize: 1.00 GB
Initial GC threshold: 21.00 MB
Current GC threshold: 21.00 MB
CDS: on
MetaspaceReclaimPolicy: balanced
 - commit_granule_bytes: 65536.
 - commit_granule_words: 8192.
 - virtual_space_node_default_size: 8388608.
 - enlarge_chunks_in_place: 1.
 - new_chunks_are_fully_committed: 0.
 - uncommit_free_chunks: 1.
 - use_allocation_guard: 0.


Internal statistics:

num_allocs_failed_limit: 0.
num_arena_births: 380.
num_arena_deaths: 0.
num_vsnodes_births: 2.
num_vsnodes_deaths: 0.
num_space_committed: 255.
num_space_uncommitted: 0.
num_chunks_returned_to_freelist: 0.
num_chunks_taken_from_freelist: 861.
num_chunk_merges: 0.
num_chunk_splits: 602.
num_chunks_enlarged: 458.
num_inconsistent_stats: 0.

CodeHeap 'non-profiled nmethods': size=120000Kb used=1090Kb max_used=1090Kb free=118910Kb
 bounds [0x00000192e8cf0000, 0x00000192e8f60000, 0x00000192f0220000]
CodeHeap 'profiled nmethods': size=120000Kb used=4627Kb max_used=4627Kb free=115372Kb
 bounds [0x00000192e1220000, 0x00000192e16b0000, 0x00000192e8750000]
CodeHeap 'non-nmethods': size=5760Kb used=1537Kb max_used=1573Kb free=4223Kb
 bounds [0x00000192e8750000, 0x00000192e89c0000, 0x00000192e8cf0000]
 total_blobs=3409 nmethods=2604 adapters=715
 compilation: enabled
              stopped_count=0, restarted_count=0
 full_count=0

Compilation events (20 events):
Event: 420.847 Thread 0x00000192fc65f920 2595       3       javafx.scene.control.SkinBase::lambda$static$0 (5 bytes)
Event: 420.847 Thread 0x00000192fc65f920 nmethod 2595 0x00000192e16a1f10 code [0x00000192e16a20c0, 0x00000192e16a2298]
Event: 420.888 Thread 0x00000192fc63ab80 2596       4       com.sun.javafx.event.EventHandlerManager::dispatchBubblingEvent (41 bytes)
Event: 420.892 Thread 0x00000192fc63ab80 nmethod 2596 0x00000192e8dff390 code [0x00000192e8dff560, 0x00000192e8dff980]
Event: 421.092 Thread 0x00000192fc65f920 2597       3       java.util.concurrent.locks.AbstractQueuedSynchronizer$Node::clearStatus (12 bytes)
Event: 421.092 Thread 0x00000192fc65f920 nmethod 2597 0x00000192e16a2390 code [0x00000192e16a2540, 0x00000192e16a26a8]
Event: 427.397 Thread 0x00000192fc65f920 2598       1       javafx.scene.input.KeyEvent::getCode (5 bytes)
Event: 427.397 Thread 0x00000192fc65f920 nmethod 2598 0x00000192e8dffe10 code [0x00000192e8dfffa0, 0x00000192e8e00078]
Event: 434.264 Thread 0x00000192fc65f920 2599       3       com.sun.javafx.event.CompositeEventHandler::dispatchBubblingEvent (57 bytes)
Event: 434.264 Thread 0x00000192fc65f920 nmethod 2599 0x00000192e16a2790 code [0x00000192e16a2980, 0x00000192e16a2e78]
Event: 436.224 Thread 0x00000192fc63ab80 2600       4       com.sun.glass.ui.Application::checkEventThread (35 bytes)
Event: 436.224 Thread 0x00000192fc65f920 2601       3       com.sun.javafx.scene.control.inputmap.InputMap::testInterceptor (20 bytes)
Event: 436.224 Thread 0x00000192fc65f920 nmethod 2601 0x00000192e16a3010 code [0x00000192e16a31c0, 0x00000192e16a3428]
Event: 436.224 Thread 0x00000192fc63ab80 nmethod 2600 0x00000192e8e00110 code [0x00000192e8e002a0, 0x00000192e8e00338]
Event: 436.240 Thread 0x00000192fc65f920 2602       3       javafx.scene.Node::pseudoClassStateChanged (59 bytes)
Event: 436.240 Thread 0x00000192fc65f920 nmethod 2602 0x00000192e16a3510 code [0x00000192e16a3700, 0x00000192e16a3c18]
Event: 436.375 Thread 0x00000192fc65f920 2603       3       javafx.scene.input.MouseEvent::copyFor (17 bytes)
Event: 436.375 Thread 0x00000192fc65f920 nmethod 2603 0x00000192e16a3e10 code [0x00000192e16a3fc0, 0x00000192e16a41e8]
Event: 589.236 Thread 0x00000192fc65f920 2604   !   3       java.lang.Object::wait (50 bytes)
Event: 589.236 Thread 0x00000192fc65f920 nmethod 2604 0x00000192e16a4310 code [0x00000192e16a4520, 0x00000192e16a4aa8]

GC Heap History (4 events):
Event: 0.494 GC heap before
{Heap before GC invocations=0 (full 0):
 garbage-first heap   total 258048K, used 20480K [0x0000000704c00000, 0x0000000800000000)
  region size 2048K, 11 young (22528K), 0 survivors (0K)
 Metaspace       used 5300K, committed 5568K, reserved 1114112K
  class space    used 603K, committed 704K, reserved 1048576K
}
Event: 0.498 GC heap after
{Heap after GC invocations=1 (full 0):
 garbage-first heap   total 258048K, used 2656K [0x0000000704c00000, 0x0000000800000000)
  region size 2048K, 2 young (4096K), 2 survivors (4096K)
 Metaspace       used 5300K, committed 5568K, reserved 1114112K
  class space    used 603K, committed 704K, reserved 1048576K
}
Event: 3.009 GC heap before
{Heap before GC invocations=1 (full 0):
 garbage-first heap   total 258048K, used 39520K [0x0000000704c00000, 0x0000000800000000)
  region size 2048K, 20 young (40960K), 2 survivors (4096K)
 Metaspace       used 15408K, committed 15744K, reserved 1114112K
  class space    used 2240K, committed 2368K, reserved 1048576K
}
Event: 3.016 GC heap after
{Heap after GC invocations=2 (full 0):
 garbage-first heap   total 258048K, used 9409K [0x0000000704c00000, 0x0000000800000000)
  region size 2048K, 3 young (6144K), 3 survivors (6144K)
 Metaspace       used 15408K, committed 15744K, reserved 1114112K
  class space    used 2240K, committed 2368K, reserved 1048576K
}

Dll operation events (20 events):
Event: 0.301 Loaded shared library C:\Users\Алекс\.openjfx\cache\19+11\amd64\api-ms-win-crt-locale-l1-1-0.dll
Event: 0.303 Loaded shared library C:\Users\Алекс\.openjfx\cache\19+11\amd64\api-ms-win-crt-math-l1-1-0.dll
Event: 0.306 Loaded shared library C:\Users\Алекс\.openjfx\cache\19+11\amd64\api-ms-win-crt-multibyte-l1-1-0.dll
Event: 0.309 Loaded shared library C:\Users\Алекс\.openjfx\cache\19+11\amd64\api-ms-win-crt-private-l1-1-0.dll
Event: 0.311 Loaded shared library C:\Users\Алекс\.openjfx\cache\19+11\amd64\api-ms-win-crt-process-l1-1-0.dll
Event: 0.313 Loaded shared library C:\Users\Алекс\.openjfx\cache\19+11\amd64\api-ms-win-crt-runtime-l1-1-0.dll
Event: 0.315 Loaded shared library C:\Users\Алекс\.openjfx\cache\19+11\amd64\api-ms-win-crt-stdio-l1-1-0.dll
Event: 0.318 Loaded shared library C:\Users\Алекс\.openjfx\cache\19+11\amd64\api-ms-win-crt-string-l1-1-0.dll
Event: 0.320 Loaded shared library C:\Users\Алекс\.openjfx\cache\19+11\amd64\api-ms-win-crt-time-l1-1-0.dll
Event: 0.322 Loaded shared library C:\Users\Алекс\.openjfx\cache\19+11\amd64\api-ms-win-crt-utility-l1-1-0.dll
Event: 0.335 Loaded shared library C:\Users\Алекс\.openjfx\cache\19+11\amd64\ucrtbase.dll
Event: 0.338 Loaded shared library C:\Users\Алекс\.openjfx\cache\19+11\amd64\vcruntime140.dll
Event: 0.340 Loaded shared library C:\Users\Алекс\.openjfx\cache\19+11\amd64\vcruntime140_1.dll
Event: 0.345 Loaded shared library C:\Users\Алекс\.openjfx\cache\19+11\amd64\msvcp140.dll
Event: 0.347 Loaded shared library C:\Users\Алекс\.openjfx\cache\19+11\amd64\msvcp140_1.dll
Event: 0.350 Loaded shared library C:\Users\Алекс\.openjfx\cache\19+11\amd64\msvcp140_2.dll
Event: 0.375 Loaded shared library C:\Users\Алекс\.openjfx\cache\19+11\amd64\prism_d3d.dll
Event: 0.408 Loaded shared library C:\Users\Алекс\.openjfx\cache\19+11\amd64\glass.dll
Event: 0.487 Loaded shared library C:\Users\Алекс\.jdks\openjdk-19.0.1\bin\jimage.dll
Event: 0.676 Loaded shared library C:\Users\Алекс\.openjfx\cache\19+11\amd64\javafx_font.dll

Deoptimization events (20 events):
Event: 2.915 Thread 0x00000192fd3f4a50 DEOPT PACKING pc=0x00000192e8da336c sp=0x00000042360fc490
Event: 2.915 Thread 0x00000192fd3f4a50 DEOPT UNPACKING pc=0x00000192e87ba5a3 sp=0x00000042360fc400 mode 2
Event: 2.915 Thread 0x00000192fd3f4a50 Uncommon trap: trap_request=0xffffffc6 fr.pc=0x00000192e8da2408 relative=0x00000000000003a8
Event: 2.915 Thread 0x00000192fd3f4a50 Uncommon trap: reason=bimorphic_or_optimized_type_check action=maybe_recompile pc=0x00000192e8da2408 method=java.util.regex.Pattern$BmpCharPropertyGreedy.match(Ljava/util/regex/Matcher;ILjava/lang/CharSequence;)Z @ 26 c2
Event: 2.915 Thread 0x00000192fd3f4a50 DEOPT PACKING pc=0x00000192e8da2408 sp=0x00000042360fbf20
Event: 2.915 Thread 0x00000192fd3f4a50 DEOPT UNPACKING pc=0x00000192e87ba5a3 sp=0x00000042360fbed8 mode 2
Event: 2.915 Thread 0x00000192fd3f4a50 Uncommon trap: trap_request=0xffffffc6 fr.pc=0x00000192e8da336c relative=0x000000000000086c
Event: 2.915 Thread 0x00000192fd3f4a50 Uncommon trap: reason=bimorphic_or_optimized_type_check action=maybe_recompile pc=0x00000192e8da336c method=java.util.regex.Pattern$Start.match(Ljava/util/regex/Matcher;ILjava/lang/CharSequence;)Z @ 44 c2
Event: 2.915 Thread 0x00000192fd3f4a50 DEOPT PACKING pc=0x00000192e8da336c sp=0x00000042360fc490
Event: 2.915 Thread 0x00000192fd3f4a50 DEOPT UNPACKING pc=0x00000192e87ba5a3 sp=0x00000042360fc400 mode 2
Event: 2.915 Thread 0x00000192fd3f4a50 Uncommon trap: trap_request=0xffffffc6 fr.pc=0x00000192e8da2408 relative=0x00000000000003a8
Event: 2.915 Thread 0x00000192fd3f4a50 Uncommon trap: reason=bimorphic_or_optimized_type_check action=maybe_recompile pc=0x00000192e8da2408 method=java.util.regex.Pattern$BmpCharPropertyGreedy.match(Ljava/util/regex/Matcher;ILjava/lang/CharSequence;)Z @ 26 c2
Event: 2.915 Thread 0x00000192fd3f4a50 DEOPT PACKING pc=0x00000192e8da2408 sp=0x00000042360fbf20
Event: 2.915 Thread 0x00000192fd3f4a50 DEOPT UNPACKING pc=0x00000192e87ba5a3 sp=0x00000042360fbed8 mode 2
Event: 2.963 Thread 0x00000192fd3f4a50 DEOPT PACKING pc=0x00000192e12b61d7 sp=0x00000042360fb3c0
Event: 2.963 Thread 0x00000192fd3f4a50 DEOPT UNPACKING pc=0x00000192e87bb0e3 sp=0x00000042360fa858 mode 0
Event: 13.619 Thread 0x00000192fd92be90 DEOPT PACKING pc=0x00000192e15ce4b0 sp=0x0000004235efe200
Event: 13.619 Thread 0x00000192fd92be90 DEOPT UNPACKING pc=0x00000192e87bb0e3 sp=0x0000004235efd5b8 mode 0
Event: 13.619 Thread 0x00000192fd92be90 DEOPT PACKING pc=0x00000192e1536883 sp=0x0000004235efe480
Event: 13.619 Thread 0x00000192fd92be90 DEOPT UNPACKING pc=0x00000192e87bb0e3 sp=0x0000004235efd8a0 mode 0

Classes loaded (20 events):
Event: 1.118 Loading class sun/util/resources/TimeZoneNamesBundle done
Event: 1.118 Loading class sun/util/resources/cldr/TimeZoneNames done
Event: 1.118 Loading class sun/util/resources/cldr/TimeZoneNames_en
Event: 1.119 Loading class sun/util/resources/cldr/TimeZoneNames_en done
Event: 1.119 Loading class sun/util/resources/cldr/TimeZoneNames_en_US
Event: 1.119 Loading class sun/util/resources/cldr/TimeZoneNames_en_US done
Event: 1.120 Loading class sun/util/cldr/CLDRBaseLocaleDataMetaInfo$TZCanonicalIDMapHolder
Event: 1.121 Loading class sun/util/cldr/CLDRBaseLocaleDataMetaInfo$TZCanonicalIDMapHolder done
Event: 1.122 Loading class sun/util/resources/TimeZoneNames
Event: 1.123 Loading class sun/util/resources/TimeZoneNames done
Event: 1.123 Loading class sun/util/resources/TimeZoneNames_en
Event: 1.123 Loading class sun/util/resources/TimeZoneNames_en done
Event: 2.769 Loading class java/io/UnsupportedEncodingException
Event: 2.769 Loading class java/io/UnsupportedEncodingException done
Event: 3.020 Loading class java/lang/FdLibm$Hypot
Event: 3.020 Loading class java/lang/FdLibm$Hypot done
Event: 3.020 Loading class java/lang/FdLibm
Event: 3.020 Loading class java/lang/FdLibm done
Event: 589.234 Loading class jdk/internal/misc/Signal$1
Event: 589.234 Loading class jdk/internal/misc/Signal$1 done

Classes unloaded (0 events):
No events

Classes redefined (0 events):
No events

Internal exceptions (20 events):
Event: 0.798 Thread 0x00000192fd3f4a50 Implicit null exception at 0x00000192e8d73954 to 0x00000192e8d73c54
Event: 0.799 Thread 0x00000192fd3f4a50 Implicit null exception at 0x00000192e8d72554 to 0x00000192e8d72844
Event: 0.804 Thread 0x00000192fd3f4a50 Implicit null exception at 0x00000192e8d1072f to 0x00000192e8d107a9
Event: 0.847 Thread 0x00000192fd3f4a50 Implicit null exception at 0x00000192e8d6878c to 0x00000192e8d68dcc
Event: 0.904 Thread 0x00000192fd3f4a50 Exception <a 'java/lang/NoSuchMethodError'{0x0000000712c06618}: 'java.lang.Object java.lang.invoke.DirectMethodHandle$Holder.invokeInterface(java.lang.Object, java.lang.Object, java.lang.Object)'> (0x0000000712c06618) 
thrown [s\open\src\hotspot\share\interpreter\linkResolver.cpp, line 774]
Event: 0.905 Thread 0x00000192fd3f4a50 Exception <a 'java/lang/IncompatibleClassChangeError'{0x0000000712c09fa8}: Found class java.lang.Object, but interface was expected> (0x0000000712c09fa8) 
thrown [s\open\src\hotspot\share\interpreter\linkResolver.cpp, line 841]
Event: 0.940 Thread 0x00000192fd3f4a50 Exception <a 'java/lang/NoSuchMethodError'{0x0000000712d06770}: 'int java.lang.invoke.DirectMethodHandle$Holder.invokeSpecial(java.lang.Object, java.lang.Object, int)'> (0x0000000712d06770) 
thrown [s\open\src\hotspot\share\interpreter\linkResolver.cpp, line 774]
Event: 0.953 Thread 0x00000192fd3f4a50 Exception <a 'java/lang/NoSuchMethodError'{0x0000000712d9d438}: 'java.lang.Object java.lang.invoke.DirectMethodHandle$Holder.newInvokeSpecial(java.lang.Object, java.lang.Object, int)'> (0x0000000712d9d438) 
thrown [s\open\src\hotspot\share\interpreter\linkResolver.cpp, line 774]
Event: 0.972 Thread 0x00000192fd92be90 Exception <a 'java/lang/NoSuchMethodError'{0x0000000712a4f3a0}: 'int java.lang.invoke.DirectMethodHandle$Holder.invokeStaticInit(java.lang.Object, java.lang.Object)'> (0x0000000712a4f3a0) 
thrown [s\open\src\hotspot\share\interpreter\linkResolver.cpp, line 774]
Event: 2.790 Thread 0x00000192fd3f4a50 Exception <a 'java/lang/NoSuchMethodError'{0x00000007127b7f28}: 'long java.lang.invoke.DirectMethodHandle$Holder.invokeStatic(java.lang.Object, java.lang.Object, java.lang.Object)'> (0x00000007127b7f28) 
thrown [s\open\src\hotspot\share\interpreter\linkResolver.cpp, line 774]
Event: 2.790 Thread 0x00000192fd3f4a50 Exception <a 'java/lang/NoSuchMethodError'{0x00000007127bb5a0}: 'long java.lang.invoke.DirectMethodHandle$Holder.invokeStaticInit(java.lang.Object, java.lang.Object, java.lang.Object)'> (0x00000007127bb5a0) 
thrown [s\open\src\hotspot\share\interpreter\linkResolver.cpp, line 774]
Event: 2.791 Thread 0x00000192fd3f4a50 Exception <a 'java/lang/NoSuchMethodError'{0x00000007127d3b88}: 'java.lang.Object java.lang.invoke.DirectMethodHandle$Holder.newInvokeSpecial(java.lang.Object, java.lang.Object, long)'> (0x00000007127d3b88) 
thrown [s\open\src\hotspot\share\interpreter\linkResolver.cpp, line 774]
Event: 2.791 Thread 0x00000192fd3f4a50 Exception <a 'java/lang/NoSuchMethodError'{0x00000007127d7710}: 'java.lang.Object java.lang.invoke.Invokers$Holder.linkToTargetMethod(java.lang.Object, long, java.lang.Object)'> (0x00000007127d7710) 
thrown [s\open\src\hotspot\share\interpreter\linkResolver.cpp, line 774]
Event: 2.963 Thread 0x00000192fd3f4a50 Exception <a 'java/lang/ClassNotFoundException'{0x0000000712202108}: com/sun/javafx/scene/control/skin/resources/controls> (0x0000000712202108) 
thrown [s\open\src\hotspot\share\prims\jni.cpp, line 536]
Event: 2.963 Thread 0x00000192fd3f4a50 Exception <a 'java/lang/ClassNotFoundException'{0x00000007122101b8}: com/sun/javafx/scene/control/skin/resources/controls_ru> (0x00000007122101b8) 
thrown [s\open\src\hotspot\share\prims\jni.cpp, line 536]
Event: 2.963 Thread 0x00000192fd3f4a50 Exception <a 'java/lang/ClassNotFoundException'{0x0000000712211438}: com/sun/javafx/scene/control/skin/resources/controls_ru_RU> (0x0000000712211438) 
thrown [s\open\src\hotspot\share\prims\jni.cpp, line 536]
Event: 2.990 Thread 0x00000192fd3f4a50 Exception <a 'java/lang/NoSuchMethodError'{0x00000007123e54b0}: 'void java.lang.invoke.DirectMethodHandle$Holder.invokeSpecial(java.lang.Object, java.lang.Object, java.lang.Object, java.lang.Object, java.lang.Object, java.lang.Object)'> (0x00000007123e54b0) 
thrown [s\open\src\hotspot\share\interpreter\linkResolver.cpp, line 774]
Event: 3.048 Thread 0x00000192fd3f4a50 Exception <a 'java/lang/NoSuchMethodError'{0x0000000714768750}: 'java.lang.Object java.lang.invoke.DirectMethodHandle$Holder.newInvokeSpecial(java.lang.Object, java.lang.Object, int, int, int, int, int, java.lang.Object)'> (0x0000000714768750) 
thrown [s\open\src\hotspot\share\interpreter\linkResolver.cpp, line 774]
Event: 3.049 Thread 0x00000192fd3f4a50 Exception <a 'java/lang/NoSuchMethodError'{0x000000071477bc98}: 'java.lang.Object java.lang.invoke.DirectMethodHandle$Holder.newInvokeSpecial(java.lang.Object, java.lang.Object, java.lang.Object, int, int, int, int, int)'> (0x000000071477bc98) 
thrown [s\open\src\hotspot\share\interpreter\linkResolver.cpp, line 774]
Event: 3.050 Thread 0x00000192fd3f4a50 Exception <a 'java/lang/NoSuchMethodError'{0x0000000714783a68}: 'java.lang.Object java.lang.invoke.Invokers$Holder.linkToTargetMethod(java.lang.Object, java.lang.Object, int, int, int, int, int, java.lang.Object)'> (0x0000000714783a68) 
thrown [s\open\src\hotspot\share\interpreter\linkResolver.cpp, line 774]

VM Operations (20 events):
Event: 16.022 Executing VM operation: Cleanup done
Event: 17.023 Executing VM operation: Cleanup
Event: 17.023 Executing VM operation: Cleanup done
Event: 19.024 Executing VM operation: Cleanup
Event: 19.024 Executing VM operation: Cleanup done
Event: 23.025 Executing VM operation: Cleanup
Event: 23.026 Executing VM operation: Cleanup done
Event: 323.108 Executing VM operation: Cleanup
Event: 323.108 Executing VM operation: Cleanup done
Event: 412.983 Executing VM operation: Cleanup
Event: 412.983 Executing VM operation: Cleanup done
Event: 413.986 Executing VM operation: Cleanup
Event: 413.987 Executing VM operation: Cleanup done
Event: 423.085 Executing VM operation: Cleanup
Event: 423.085 Executing VM operation: Cleanup done
Event: 435.204 Executing VM operation: Cleanup
Event: 435.204 Executing VM operation: Cleanup done
Event: 437.213 Executing VM operation: Cleanup
Event: 437.213 Executing VM operation: Cleanup done
Event: 589.237 Executing VM operation: Exit

Events (20 events):
Event: 0.099 Thread 0x00000192fc7a4a60 Thread added: 0x00000192fc7a4a60
Event: 0.160 Thread 0x00000192fd1efcb0 Thread added: 0x00000192fd1efcb0
Event: 0.160 Thread 0x00000192fd2500a0 Thread added: 0x00000192fd2500a0
Event: 0.370 Thread 0x00000192fd92be90 Thread added: 0x00000192fd92be90
Event: 0.410 Thread 0x00000192fd570080 Thread added: 0x00000192fd570080
Event: 0.412 Thread 0x00000192fd3f4a50 Thread added: 0x00000192fd3f4a50
Event: 0.468 Thread 0x00000192fd456b00 Thread added: 0x00000192fd456b00
Event: 0.468 Thread 0x00000192fd4565b0 Thread added: 0x00000192fd4565b0
Event: 0.696 Thread 0x00000192fd457050 Thread added: 0x00000192fd457050
Event: 1.029 Thread 0x00000192fe146e60 Thread added: 0x00000192fe146e60
Event: 1.645 Thread 0x00000192fc7a3c30 Thread exited: 0x00000192fc7a3c30
Event: 1.645 Thread 0x00000192fc7a4a60 Thread exited: 0x00000192fc7a4a60
Event: 3.017 Thread 0x00000192fdffb550 Thread added: 0x00000192fdffb550
Event: 3.221 Thread 0x00000192fdffb550 Thread exited: 0x00000192fdffb550
Event: 589.235 Thread 0x00000192fe1443e0 Thread added: 0x00000192fe1443e0
Event: 589.235 Thread 0x00000192fe1453d0 Thread added: 0x00000192fe1453d0
Event: 589.236 Thread 0x00000192fe146910 Thread added: 0x00000192fe146910
Event: 589.236 Thread 0x00000192fe1453d0 Thread exited: 0x00000192fe1453d0
Event: 589.237 Thread 0x00000192fe146910 Thread exited: 0x00000192fe146910
Event: 589.237 Thread 0x00000192fc405860 Thread exited: 0x00000192fc405860


Dynamic libraries:
0x00007ff619600000 - 0x00007ff61960e000 	C:\Users\Алекс\.jdks\openjdk-19.0.1\bin\java.exe
0x00007ff89b2f0000 - 0x00007ff89b507000 	C:\WINDOWS\SYSTEM32\ntdll.dll
0x00007ff89a930000 - 0x00007ff89a9f4000 	C:\WINDOWS\System32\KERNEL32.DLL
0x00007ff8988b0000 - 0x00007ff898c56000 	C:\WINDOWS\System32\KERNELBASE.dll
0x00007ff898e70000 - 0x00007ff898f81000 	C:\WINDOWS\System32\ucrtbase.dll
0x00007ff87bdf0000 - 0x00007ff87be07000 	C:\Users\Алекс\.jdks\openjdk-19.0.1\bin\jli.dll
0x00007ff87b7d0000 - 0x00007ff87b7eb000 	C:\Users\Алекс\.jdks\openjdk-19.0.1\bin\VCRUNTIME140.dll
0x00007ff89abc0000 - 0x00007ff89ad6d000 	C:\WINDOWS\System32\USER32.dll
0x00007ff898710000 - 0x00007ff898736000 	C:\WINDOWS\System32\win32u.dll
0x00007ff87f2b0000 - 0x00007ff87f543000 	C:\WINDOWS\WinSxS\amd64_microsoft.windows.common-controls_6595b64144ccf1df_6.0.22621.2361_none_2712ced57382f843\COMCTL32.dll
0x00007ff89a1e0000 - 0x00007ff89a209000 	C:\WINDOWS\System32\GDI32.dll
0x00007ff89ab10000 - 0x00007ff89abb7000 	C:\WINDOWS\System32\msvcrt.dll
0x00007ff898c60000 - 0x00007ff898d78000 	C:\WINDOWS\System32\gdi32full.dll
0x00007ff898670000 - 0x00007ff89870a000 	C:\WINDOWS\System32\msvcp_win.dll
0x00007ff89afc0000 - 0x00007ff89aff1000 	C:\WINDOWS\System32\IMM32.DLL
0x00007ff892bc0000 - 0x00007ff892bcc000 	C:\Users\Алекс\.jdks\openjdk-19.0.1\bin\vcruntime140_1.dll
0x00007ff84a040000 - 0x00007ff84a0ce000 	C:\Users\Алекс\.jdks\openjdk-19.0.1\bin\msvcp140.dll
0x00007ff82ea90000 - 0x00007ff82f750000 	C:\Users\Алекс\.jdks\openjdk-19.0.1\bin\server\jvm.dll
0x00007ff89af10000 - 0x00007ff89afc0000 	C:\WINDOWS\System32\ADVAPI32.dll
0x00007ff89b200000 - 0x00007ff89b2a6000 	C:\WINDOWS\System32\sechost.dll
0x00007ff89adf0000 - 0x00007ff89af07000 	C:\WINDOWS\System32\RPCRT4.dll
0x00007ff86e8e0000 - 0x00007ff86e8e9000 	C:\WINDOWS\SYSTEM32\WSOCK32.dll
0x00007ff8865a0000 - 0x00007ff8865d4000 	C:\WINDOWS\SYSTEM32\WINMM.dll
0x00007ff89a500000 - 0x00007ff89a571000 	C:\WINDOWS\System32\WS2_32.dll
0x00007ff88e3b0000 - 0x00007ff88e3ba000 	C:\WINDOWS\SYSTEM32\VERSION.dll
0x00007ff8977a0000 - 0x00007ff8977b8000 	C:\WINDOWS\SYSTEM32\kernel.appcore.dll
0x00007ff87bb20000 - 0x00007ff87bb2a000 	C:\Users\Алекс\.jdks\openjdk-19.0.1\bin\jimage.dll
0x00007ff895b10000 - 0x00007ff895d3e000 	C:\WINDOWS\SYSTEM32\DBGHELP.DLL
0x00007ff89a590000 - 0x00007ff89a91a000 	C:\WINDOWS\System32\combase.dll
0x00007ff899fa0000 - 0x00007ff89a077000 	C:\WINDOWS\System32\OLEAUT32.dll
0x00007ff8873d0000 - 0x00007ff887402000 	C:\WINDOWS\SYSTEM32\dbgcore.DLL
0x00007ff898d80000 - 0x00007ff898dfa000 	C:\WINDOWS\System32\bcryptPrimitives.dll
0x00007ff87e450000 - 0x00007ff87e45e000 	C:\Users\Алекс\.jdks\openjdk-19.0.1\bin\instrument.dll
0x00007ff85b140000 - 0x00007ff85b166000 	C:\Users\Алекс\.jdks\openjdk-19.0.1\bin\java.dll
0x00007ff8444f0000 - 0x00007ff8445c7000 	C:\Users\Алекс\.jdks\openjdk-19.0.1\bin\jsvml.dll
0x00007ff899740000 - 0x00007ff899f98000 	C:\WINDOWS\System32\SHELL32.dll
0x00007ff8965a0000 - 0x00007ff896e92000 	C:\WINDOWS\SYSTEM32\windows.storage.dll
0x00007ff896460000 - 0x00007ff89659e000 	C:\WINDOWS\SYSTEM32\wintypes.dll
0x00007ff89a210000 - 0x00007ff89a303000 	C:\WINDOWS\System32\SHCORE.dll
0x00007ff89b000000 - 0x00007ff89b05e000 	C:\WINDOWS\System32\shlwapi.dll
0x00007ff8985a0000 - 0x00007ff8985c6000 	C:\WINDOWS\SYSTEM32\profapi.dll
0x00007ff87b420000 - 0x00007ff87b433000 	C:\Users\Алекс\.jdks\openjdk-19.0.1\bin\net.dll
0x00007ff88f4e0000 - 0x00007ff88f617000 	C:\WINDOWS\SYSTEM32\WINHTTP.dll
0x00007ff897c20000 - 0x00007ff897c89000 	C:\WINDOWS\system32\mswsock.dll
0x00007ff879ff0000 - 0x00007ff87a006000 	C:\Users\Алекс\.jdks\openjdk-19.0.1\bin\nio.dll
0x00007ff864770000 - 0x00007ff864788000 	C:\Users\Алекс\.jdks\openjdk-19.0.1\bin\zip.dll
0x00007ff87d8a0000 - 0x00007ff87d8ba000 	C:\Program Files\JetBrains\IntelliJ IDEA 2022.3.1\bin\breakgen64.dll
0x00000192d72c0000 - 0x00000192d72c3000 	C:\Users\Алекс\.openjfx\cache\19+11\amd64\api-ms-win-core-console-l1-1-0.dll
0x00000192d72d0000 - 0x00000192d72d3000 	C:\Users\Алекс\.openjfx\cache\19+11\amd64\api-ms-win-core-console-l1-2-0.dll
0x00000192d9250000 - 0x00000192d9253000 	C:\Users\Алекс\.openjfx\cache\19+11\amd64\api-ms-win-core-datetime-l1-1-0.dll
0x00000192d9260000 - 0x00000192d9263000 	C:\Users\Алекс\.openjfx\cache\19+11\amd64\api-ms-win-core-debug-l1-1-0.dll
0x00000192d9270000 - 0x00000192d9273000 	C:\Users\Алекс\.openjfx\cache\19+11\amd64\api-ms-win-core-errorhandling-l1-1-0.dll
0x00000192d9280000 - 0x00000192d9284000 	C:\Users\Алекс\.openjfx\cache\19+11\amd64\api-ms-win-core-file-l1-1-0.dll
0x00000192fe550000 - 0x00000192fe553000 	C:\Users\Алекс\.openjfx\cache\19+11\amd64\api-ms-win-core-file-l1-2-0.dll
0x00000192fe200000 - 0x00000192fe203000 	C:\Users\Алекс\.openjfx\cache\19+11\amd64\api-ms-win-core-file-l2-1-0.dll
0x00000192fe210000 - 0x00000192fe213000 	C:\Users\Алекс\.openjfx\cache\19+11\amd64\api-ms-win-core-handle-l1-1-0.dll
0x00000192fe220000 - 0x00000192fe223000 	C:\Users\Алекс\.openjfx\cache\19+11\amd64\api-ms-win-core-heap-l1-1-0.dll
0x00000192fe230000 - 0x00000192fe233000 	C:\Users\Алекс\.openjfx\cache\19+11\amd64\api-ms-win-core-interlocked-l1-1-0.dll
0x00000192fe240000 - 0x00000192fe243000 	C:\Users\Алекс\.openjfx\cache\19+11\amd64\api-ms-win-core-libraryloader-l1-1-0.dll
0x00000192fe250000 - 0x00000192fe253000 	C:\Users\Алекс\.openjfx\cache\19+11\amd64\api-ms-win-core-localization-l1-2-0.dll
0x00000192fe260000 - 0x00000192fe263000 	C:\Users\Алекс\.openjfx\cache\19+11\amd64\api-ms-win-core-memory-l1-1-0.dll
0x00000192fe270000 - 0x00000192fe273000 	C:\Users\Алекс\.openjfx\cache\19+11\amd64\api-ms-win-core-namedpipe-l1-1-0.dll
0x00000192fe280000 - 0x00000192fe283000 	C:\Users\Алекс\.openjfx\cache\19+11\amd64\api-ms-win-core-processenvironment-l1-1-0.dll
0x00000192fe290000 - 0x00000192fe293000 	C:\Users\Алекс\.openjfx\cache\19+11\amd64\api-ms-win-core-processthreads-l1-1-0.dll
0x00000192fe2a0000 - 0x00000192fe2a3000 	C:\Users\Алекс\.openjfx\cache\19+11\amd64\api-ms-win-core-processthreads-l1-1-1.dll
0x00000192fe2b0000 - 0x00000192fe2b3000 	C:\Users\Алекс\.openjfx\cache\19+11\amd64\api-ms-win-core-profile-l1-1-0.dll
0x00000192fe2c0000 - 0x00000192fe2c3000 	C:\Users\Алекс\.openjfx\cache\19+11\amd64\api-ms-win-core-rtlsupport-l1-1-0.dll
0x00000192fe2d0000 - 0x00000192fe2d3000 	C:\Users\Алекс\.openjfx\cache\19+11\amd64\api-ms-win-core-string-l1-1-0.dll
0x00000192fe2e0000 - 0x00000192fe2e3000 	C:\Users\Алекс\.openjfx\cache\19+11\amd64\api-ms-win-core-synch-l1-1-0.dll
0x00000192fe2f0000 - 0x00000192fe2f3000 	C:\Users\Алекс\.openjfx\cache\19+11\amd64\api-ms-win-core-synch-l1-2-0.dll
0x00000192fe300000 - 0x00000192fe303000 	C:\Users\Алекс\.openjfx\cache\19+11\amd64\api-ms-win-core-sysinfo-l1-1-0.dll
0x00000192fe310000 - 0x00000192fe313000 	C:\Users\Алекс\.openjfx\cache\19+11\amd64\api-ms-win-core-timezone-l1-1-0.dll
0x00000192fe320000 - 0x00000192fe323000 	C:\Users\Алекс\.openjfx\cache\19+11\amd64\api-ms-win-core-util-l1-1-0.dll
0x00000192fe330000 - 0x00000192fe333000 	C:\Users\Алекс\.openjfx\cache\19+11\amd64\api-ms-win-crt-conio-l1-1-0.dll
0x00000192fe340000 - 0x00000192fe344000 	C:\Users\Алекс\.openjfx\cache\19+11\amd64\api-ms-win-crt-convert-l1-1-0.dll
0x00000192fe470000 - 0x00000192fe473000 	C:\Users\Алекс\.openjfx\cache\19+11\amd64\api-ms-win-crt-environment-l1-1-0.dll
0x00000192fe480000 - 0x00000192fe483000 	C:\Users\Алекс\.openjfx\cache\19+11\amd64\api-ms-win-crt-filesystem-l1-1-0.dll
0x00000192fe490000 - 0x00000192fe493000 	C:\Users\Алекс\.openjfx\cache\19+11\amd64\api-ms-win-crt-heap-l1-1-0.dll
0x00000192fe4a0000 - 0x00000192fe4a3000 	C:\Users\Алекс\.openjfx\cache\19+11\amd64\api-ms-win-crt-locale-l1-1-0.dll
0x00000192fe4b0000 - 0x00000192fe4b5000 	C:\Users\Алекс\.openjfx\cache\19+11\amd64\api-ms-win-crt-math-l1-1-0.dll
0x00000192fe4c0000 - 0x00000192fe4c5000 	C:\Users\Алекс\.openjfx\cache\19+11\amd64\api-ms-win-crt-multibyte-l1-1-0.dll
0x00000192fe460000 - 0x00000192fe470000 	C:\Users\Алекс\.openjfx\cache\19+11\amd64\api-ms-win-crt-private-l1-1-0.dll
0x00000192fe4d0000 - 0x00000192fe4d3000 	C:\Users\Алекс\.openjfx\cache\19+11\amd64\api-ms-win-crt-process-l1-1-0.dll
0x00000192fe4e0000 - 0x00000192fe4e4000 	C:\Users\Алекс\.openjfx\cache\19+11\amd64\api-ms-win-crt-runtime-l1-1-0.dll
0x00000192fe4f0000 - 0x00000192fe4f4000 	C:\Users\Алекс\.openjfx\cache\19+11\amd64\api-ms-win-crt-stdio-l1-1-0.dll
0x00000192fe500000 - 0x00000192fe504000 	C:\Users\Алекс\.openjfx\cache\19+11\amd64\api-ms-win-crt-string-l1-1-0.dll
0x00000192fe510000 - 0x00000192fe513000 	C:\Users\Алекс\.openjfx\cache\19+11\amd64\api-ms-win-crt-time-l1-1-0.dll
0x00000192fe520000 - 0x00000192fe523000 	C:\Users\Алекс\.openjfx\cache\19+11\amd64\api-ms-win-crt-utility-l1-1-0.dll
0x00007ff8446b0000 - 0x00007ff8447ac000 	C:\Users\Алекс\.openjfx\cache\19+11\amd64\ucrtbase.dll
0x00007ff861d50000 - 0x00007ff861d6b000 	C:\Users\Алекс\.openjfx\cache\19+11\amd64\vcruntime140.dll
0x00007ff867bd0000 - 0x00007ff867bdc000 	C:\Users\Алекс\.openjfx\cache\19+11\amd64\vcruntime140_1.dll
0x00007ff8549b0000 - 0x00007ff854a3e000 	C:\Users\Алекс\.openjfx\cache\19+11\amd64\msvcp140.dll
0x00007ff8621a0000 - 0x00007ff8621a9000 	C:\Users\Алекс\.openjfx\cache\19+11\amd64\msvcp140_1.dll
0x00007ff861d20000 - 0x00007ff861d50000 	C:\Users\Алекс\.openjfx\cache\19+11\amd64\msvcp140_2.dll
0x00007ff8599c0000 - 0x00007ff8599ec000 	C:\Users\Алекс\.openjfx\cache\19+11\amd64\prism_d3d.dll
0x00007ff886600000 - 0x00007ff8867a9000 	C:\WINDOWS\system32\d3d9.dll
0x00007ff893000000 - 0x00007ff89302b000 	C:\WINDOWS\SYSTEM32\dwmapi.dll
0x00007ff8957d0000 - 0x00007ff895806000 	C:\WINDOWS\SYSTEM32\dxcore.dll
0x00007ff892d80000 - 0x00007ff892e2b000 	C:\WINDOWS\system32\uxtheme.dll
0x00007ff83e7c0000 - 0x00007ff83e968000 	C:\WINDOWS\System32\DriverStore\FileRepository\iigd_dch.inf_amd64_e04d20469f199b2b\igdumdim64.dll
0x00007ff89b060000 - 0x00007ff89b1ff000 	C:\WINDOWS\System32\ole32.dll
0x00007ff823b40000 - 0x00007ff827761000 	C:\WINDOWS\System32\DriverStore\FileRepository\iigd_dch.inf_amd64_e04d20469f199b2b\igd9dxva64.dll
0x00007ff899210000 - 0x00007ff899684000 	C:\WINDOWS\System32\SETUPAPI.dll
0x00007ff898360000 - 0x00007ff8983ae000 	C:\WINDOWS\SYSTEM32\cfgmgr32.dll
0x00007ff888b80000 - 0x00007ff888f48000 	C:\WINDOWS\System32\DriverStore\FileRepository\iigd_dch.inf_amd64_e04d20469f199b2b\igdgmm64.dll
0x00007ff88f7f0000 - 0x00007ff88f83a000 	C:\WINDOWS\SYSTEM32\directxdatabasehelper.dll
0x00007ff8545c0000 - 0x00007ff854602000 	C:\Users\Алекс\.openjfx\cache\19+11\amd64\glass.dll
0x00007ff8990a0000 - 0x00007ff899199000 	C:\WINDOWS\System32\COMDLG32.dll
0x00007ff89a080000 - 0x00007ff89a1cc000 	C:\WINDOWS\System32\MSCTF.dll
0x00007ff8530c0000 - 0x00007ff8530e7000 	C:\WINDOWS\System32\DriverStore\FileRepository\iigd_dch.inf_amd64_e04d20469f199b2b\igdinfo64.dll
0x00007ff881f50000 - 0x00007ff885555000 	C:\WINDOWS\System32\DriverStore\FileRepository\iigd_dch.inf_amd64_e04d20469f199b2b\igc64.dll
0x00007ff861590000 - 0x00007ff8615a4000 	C:\Users\Алекс\.openjfx\cache\19+11\amd64\javafx_font.dll
0x00007ff891280000 - 0x00007ff8914f3000 	C:\WINDOWS\SYSTEM32\dwrite.dll
0x00007ff899690000 - 0x00007ff899740000 	C:\WINDOWS\System32\clbcatq.dll
0x00007ff8910d0000 - 0x00007ff891280000 	C:\WINDOWS\SYSTEM32\WindowsCodecs.dll
0x00007ff88e150000 - 0x00007ff88e1ae000 	C:\WINDOWS\system32\dataexchange.dll
0x00007ff88c160000 - 0x00007ff88c3e5000 	C:\WINDOWS\system32\twinapi.appcore.dll
0x00007ff854970000 - 0x00007ff8549a2000 	C:\Program Files\Common Files\Microsoft Shared\Ink\rtscom.dll
0x00007ff87cba0000 - 0x00007ff87ccea000 	C:\WINDOWS\SYSTEM32\textinputframework.dll
0x00007ff892580000 - 0x00007ff8926b3000 	C:\WINDOWS\SYSTEM32\CoreMessaging.dll
0x00007ff88da70000 - 0x00007ff88dddc000 	C:\WINDOWS\SYSTEM32\CoreUIComponents.dll
0x00007ff897e90000 - 0x00007ff897e9c000 	C:\WINDOWS\SYSTEM32\CRYPTBASE.DLL
0x00007ff891500000 - 0x00007ff891aee000 	C:\WINDOWS\SYSTEM32\d2d1.dll
0x00007ff891af0000 - 0x00007ff891d47000 	C:\WINDOWS\SYSTEM32\d3d11.dll
0x00007ff892ef0000 - 0x00007ff892fe8000 	C:\WINDOWS\SYSTEM32\dxgi.dll
0x00007ff88c650000 - 0x00007ff88cd61000 	C:\WINDOWS\SYSTEM32\D3D10Warp.dll

dbghelp: loaded successfully - version: 4.0.5 - missing functions: none
symbol engine: initialized successfully - sym options: 0x614 - pdb path: .;C:\Users\Алекс\.jdks\openjdk-19.0.1\bin;C:\WINDOWS\SYSTEM32;C:\WINDOWS\WinSxS\amd64_microsoft.windows.common-controls_6595b64144ccf1df_6.0.22621.2361_none_2712ced57382f843;C:\Users\Алекс\.jdks\openjdk-19.0.1\bin\server;C:\Program Files\JetBrains\IntelliJ IDEA 2022.3.1\bin;C:\Users\Алекс\.openjfx\cache\19+11\amd64;C:\WINDOWS\System32\DriverStore\FileRepository\iigd_dch.inf_amd64_e04d20469f199b2b;C:\Program Files\Common Files\Microsoft Shared\Ink

VM Arguments:
jvm_args: -javaagent:C:\Program Files\JetBrains\IntelliJ IDEA 2022.3.1\lib\idea_rt.jar=51262:C:\Program Files\JetBrains\IntelliJ IDEA 2022.3.1\bin -Dfile.encoding=UTF-8 -Dsun.stdout.encoding=UTF-8 -Dsun.stderr.encoding=UTF-8 --module-path=C:\Users\Алекс\.m2\repository\org\openjfx\javafx-base\19\javafx-base-19-win.jar;C:\Users\Алекс\.m2\repository\org\openjfx\javafx-fxml\19\javafx-fxml-19-win.jar;C:\Users\Алекс\.m2\repository\org\openjfx\javafx-graphics\19\javafx-graphics-19-win.jar;C:\Users\Алекс\.m2\repository\org\openjfx\javafx-controls\19\javafx-controls-19-win.jar;C:\Users\Алекс\IdeaProjects\FirstApp\target\classes -Djdk.module.main=com.example.firstapp 
java_command: com.example.firstapp/com.example.firstapp.HelloApplication
java_class_path (initial): C:\Users\Алекс\.m2\repository\org\openjfx\javafx-controls\19\javafx-controls-19.jar;C:\Users\Алекс\.m2\repository\org\openjfx\javafx-graphics\19\javafx-graphics-19.jar;C:\Users\Алекс\.m2\repository\org\openjfx\javafx-base\19\javafx-base-19.jar;C:\Users\Алекс\.m2\repository\org\openjfx\javafx-fxml\19\javafx-fxml-19.jar
Launcher Type: SUN_STANDARD

[Global flags]
     intx CICompilerCount                          = 4                                         {product} {ergonomic}
     uint ConcGCThreads                            = 2                                         {product} {ergonomic}
     uint G1ConcRefinementThreads                  = 8                                         {product} {ergonomic}
   size_t G1HeapRegionSize                         = 2097152                                   {product} {ergonomic}
    uintx GCDrainStackTargetSize                   = 64                                        {product} {ergonomic}
   size_t InitialHeapSize                          = 264241152                                 {product} {ergonomic}
   size_t MarkStackSize                            = 4194304                                   {product} {ergonomic}
   size_t MaxHeapSize                              = 4215275520                                {product} {ergonomic}
   size_t MaxNewSize                               = 2529165312                                {product} {ergonomic}
   size_t MinHeapDeltaBytes                        = 2097152                                   {product} {ergonomic}
   size_t MinHeapSize                              = 8388608                                   {product} {ergonomic}
    uintx NonNMethodCodeHeapSize                   = 5839372                                {pd product} {ergonomic}
    uintx NonProfiledCodeHeapSize                  = 122909434                              {pd product} {ergonomic}
    uintx ProfiledCodeHeapSize                     = 122909434                              {pd product} {ergonomic}
    uintx ReservedCodeCacheSize                    = 251658240                              {pd product} {ergonomic}
     bool SegmentedCodeCache                       = true                                      {product} {ergonomic}
   size_t SoftMaxHeapSize                          = 4215275520                             {manageable} {ergonomic}
     bool UseCompressedClassPointers               = true                           {product lp64_product} {ergonomic}
     bool UseCompressedOops                        = true                           {product lp64_product} {ergonomic}
     bool UseG1GC                                  = true                                      {product} {ergonomic}
     bool UseLargePagesIndividualAllocation        = false                                  {pd product} {ergonomic}

Logging:
Log output configuration:
 #0: stdout all=off uptime,level,tags foldmultilines=false
 #1: stderr all=off uptime,level,tags foldmultilines=false

Environment Variables:
JAVA_HOME=C:\Program Files\Java\jdk-21
PATH=C:\WINDOWS\system32;C:\WINDOWS;C:\WINDOWS\System32\Wbem;C:\WINDOWS\System32\WindowsPowerShell\v1.0\;C:\WINDOWS\System32\OpenSSH\;C:\Program Files\Git\cmd;C:\Program Files\Cloudflare\Cloudflare WARP\;C:\apache-tomcat-10\bin;C:\Program Files\Java\jdk-21\bin;C:\Program Files\PowerShell\7\;C:\Users\Алекс\AppData\Local\Programs\Python\Python311\Scripts\;C:\Users\Алекс\AppData\Local\Programs\Python\Python311\;C:\Users\Алекс\AppData\Local\Microsoft\WindowsApps;C:\Users\Алекс\AppData\Local\GitHubDesktop\bin;C:\Users\Алекс\AppData\Local\Programs\Microsoft VS Code\bin;
USERNAME=Алекс
OS=Windows_NT
PROCESSOR_IDENTIFIER=Intel64 Family 6 Model 140 Stepping 1, GenuineIntel
TMP=C:\Users\E47B~1\AppData\Local\Temp
TEMP=C:\Users\E47B~1\AppData\Local\Temp



---------------  S Y S T E M  ---------------

OS:
 Windows 11 , 64 bit Build 22621 (10.0.22621.2428)
OS uptime: 3 days 17:24 hours
Hyper-V role detected

CPU: total 8 (initial active 8) (4 cores per cpu, 2 threads per core) family 6 model 140 stepping 1 microcode 0x86, cx8, cmov, fxsr, ht, mmx, 3dnowpref, sse, sse2, sse3, ssse3, sse4.1, sse4.2, popcnt, lzcnt, tsc, tscinvbit, avx, avx2, aes, erms, clmul, bmi1, bmi2, adx, avx512f, avx512dq, avx512cd, avx512bw, avx512vl, sha, fma, vzeroupper, avx512_vpopcntdq, avx512_vpclmulqdq, avx512_vaes, avx512_vnni, clflush, clflushopt, clwb, avx512_vbmi2, avx512_vbmi, hv, rdtscp, rdpid, fsrm, gfni, avx512_bitalg

Memory: 4k page, system-wide physical 16075M (3727M free)
TotalPageFile size 19294M (AvailPageFile size 2909M)
current process WorkingSet (physical memory assigned to process): 177M, peak: 201M
current process commit charge ("private bytes"): 422M, peak: 448M

vm_info: OpenJDK 64-Bit Server VM (19.0.1+10-21) for windows-amd64 JRE (19.0.1+10-21), built on 2022-09-14T12:45:06Z by "mach5one" with MS VC++ 17.1 (VS2022)

END.
