#
# A fatal error has been detected by the Java Runtime Environment:
#
#  EXCEPTION_ACCESS_VIOLATION (0xc0000005) at pc=0x00007ffbe39763b7, pid=19048, tid=4356
#
# JRE version: OpenJDK Runtime Environment (19.0.1+10) (build 19.0.1+10-21)
# Java VM: OpenJDK 64-Bit Server VM (19.0.1+10-21, mixed mode, sharing, tiered, compressed oops, compressed class ptrs, g1 gc, windows-amd64)
# Problematic frame:
# C  [glass.dll+0x263b7]
#
# No core dump will be written. Minidumps are not enabled by default on client versions of Windows
#
# If you would like to submit a bug report, please visit:
#   https://bugreport.java.com/bugreport/crash.jsp
#

---------------  S U M M A R Y ------------

Command Line: -javaagent:C:\Program Files\JetBrains\IntelliJ IDEA 2022.3.1\lib\idea_rt.jar=65074:C:\Program Files\JetBrains\IntelliJ IDEA 2022.3.1\bin -Dfile.encoding=UTF-8 -Dsun.stdout.encoding=UTF-8 -Dsun.stderr.encoding=UTF-8 --module-path=C:\Users\Алекс\.m2\repository\org\openjfx\javafx-fxml\19\javafx-fxml-19-win.jar;C:\Users\Алекс\.m2\repository\org\openjfx\javafx-graphics\19\javafx-graphics-19-win.jar;C:\Users\Алекс\.m2\repository\org\openjfx\javafx-base\19\javafx-base-19-win.jar;C:\Users\Алекс\IdeaProjects\FirstApp\target\classes;C:\Users\Алекс\.m2\repository\org\openjfx\javafx-controls\19\javafx-controls-19-win.jar -Djdk.module.main=com.example.firstapp com.example.firstapp/com.example.firstapp.HelloApplication

Host: 11th Gen Intel(R) Core(TM) i5-11300H @ 3.10GHz, 8 cores, 15G,  Windows 11 , 64 bit Build 22621 (10.0.22621.2428)
Time: Tue Oct 24 14:22:06 2023  Windows 11 , 64 bit Build 22621 (10.0.22621.2428) elapsed time: 580.938307 seconds (0d 0h 9m 40s)

---------------  T H R E A D  ---------------

Current thread (0x000002342ccc7b30):  VMThread "VM Thread" [stack: 0x000000c0a0e00000,0x000000c0a0f00000] [id=4356]

Stack: [0x000000c0a0e00000,0x000000c0a0f00000],  sp=0x000000c0a0eff3d0,  free space=1020k
Native frames: (J=compiled Java code, j=interpreted, Vv=VM code, C=native code)
C  [glass.dll+0x263b7]


siginfo: EXCEPTION_ACCESS_VIOLATION (0xc0000005), reading address 0x0000000000000000


Registers:
RAX=0x0000000000000000, RBX=0x000002342ccd17b8, RCX=0x000002342ccc7b30, RDX=0x000000c0a0eff3d0
RSP=0x000000c0a0eff3d0, RBP=0x0000023431d0d1a8, RSI=0x000000c0a0eff4d8, RDI=0x0000023431d0d180
R8 =0x0000000000010002, R9 =0x0000023431d0d180, R10=0x85f13e9656da4870, R11=0x000000c0a0eff360
R12=0x00007ffbe3973cf0, R13=0x00007ffbda7c72a0, R14=0x0000e602a6e07e08, R15=0x0000023431d0d180
RIP=0x00007ffbe39763b7, EFLAGS=0x0000000000010202


Register to memory mapping:

RIP=0x00007ffbe39763b7 glass.dll
RAX=0x0 is NULL
RBX=0x000002342ccd17b8 is a global jni handle
RCX=0x000002342ccc7b30 points into unknown readable memory: 0x00007ffbda5d45d8 | d8 45 5d da fb 7f 00 00
RDX=0x000000c0a0eff3d0 points into unknown readable memory: 0x0000000000000000 | 00 00 00 00 00 00 00 00
RSP=0x000000c0a0eff3d0 points into unknown readable memory: 0x0000000000000000 | 00 00 00 00 00 00 00 00
RBP=0x0000023431d0d1a8 points into unknown readable memory: 0x0000e602a6e07e08 | 08 7e e0 a6 02 e6 00 00
RSI=0x000000c0a0eff4d8 points into unknown readable memory: 0x000000c0a0eff4c0 | c0 f4 ef a0 c0 00 00 00
RDI=0x0000023431d0d180 points into unknown readable memory: 0x007f1de131d87608 | 08 76 d8 31 e1 1d 7f 00
R8 =0x0000000000010002 is an unknown value
R9 =0x0000023431d0d180 points into unknown readable memory: 0x007f1de131d87608 | 08 76 d8 31 e1 1d 7f 00
R10=0x85f13e9656da4870 is an unknown value
R11=0x000000c0a0eff360 points into unknown readable memory: 0x0000023431d0d180 | 80 d1 d0 31 34 02 00 00
R12=0x00007ffbe3973cf0 glass.dll
R13=0x00007ffbda7c72a0 jvm.dll
R14=0x0000e602a6e07e08 is an unknown value
R15=0x0000023431d0d180 points into unknown readable memory: 0x007f1de131d87608 | 08 76 d8 31 e1 1d 7f 00


Top of Stack: (sp=0x000000c0a0eff3d0)
0x000000c0a0eff3d0:   0000000000000000 000000c0a0eff4d8
0x000000c0a0eff3e0:   00007ffbda7c72a0 00007ffbe3973cf0
0x000000c0a0eff3f0:   0000023431d0d188 00007ffc3aac3a83
0x000000c0a0eff400:   0000023431d0d180 0000023400000000
0x000000c0a0eff410:   0000023431d0d1a8 000000c0a0eff4d8
0x000000c0a0eff420:   fffffffffffffffe 0000000000000000
0x000000c0a0eff430:   0000000000000001 00007ffbe3950000
0x000000c0a0eff440:   000000c0a0eff4c8 00007ffc3aa9006e
0x000000c0a0eff450:   0000000000000000 000000c0a0eff4d8
0x000000c0a0eff460:   000000c0a0eff7c0 0000000000000001
0x000000c0a0eff470:   0000000000000001 00007ffc3aa8da1d
0x000000c0a0eff480:   0000000000000000 00007ffbe39734e9
0x000000c0a0eff490:   0000000000000000 000000c0a0eff4c8
0x000000c0a0eff4a0:   fffffffffffffffe 000000c0a0eff700
0x000000c0a0eff4b0:   0000000000000000 00007ffbe3973b7d
0x000000c0a0eff4c0:   00007ffbe3989f88 00007ffc00000002 

Instructions: (pc=0x00007ffbe39763b7)
0x00007ffbe39762b7:   8b 4d 58 e8 7d cf ff ff 48 8b 4d 60 e8 74 cf ff
0x00007ffbe39762c7:   ff 48 8b 95 80 00 00 00 48 8b 8d 18 01 00 00 e8
0x00007ffbe39762d7:   66 c4 ff ff 33 d2 33 c9 e8 bc e1 ff ff 90 48 89
0x00007ffbe39762e7:   54 24 10 55 48 83 ec 20 48 8b ea 48 b8 00 00 00
0x00007ffbe39762f7:   00 00 00 00 00 48 83 c4 20 5d c3 cc 40 55 48 8b
0x00007ffbe3976307:   ea 48 8b 01 33 c9 81 38 05 00 00 c0 0f 94 c1 8b
0x00007ffbe3976317:   c1 5d c3 cc 40 55 48 83 ec 20 48 8b ea 8a 4d 40
0x00007ffbe3976327:   48 83 c4 20 5d e9 63 d3 ff ff cc 40 55 48 83 ec
0x00007ffbe3976337:   20 48 8b ea 8a 4d 20 e8 51 d3 ff ff 90 48 83 c4
0x00007ffbe3976347:   20 5d c3 cc 40 55 48 83 ec 20 48 8b ea 48 83 c4
0x00007ffbe3976357:   20 5d e9 b2 d1 ff ff cc 40 55 48 83 ec 30 48 8b
0x00007ffbe3976367:   ea 48 8b 01 8b 10 48 89 4c 24 28 89 54 24 20 4c
0x00007ffbe3976377:   8d 0d 53 d6 ff ff 4c 8b 45 70 8b 55 68 48 8b 4d
0x00007ffbe3976387:   60 e8 f3 d0 ff ff 90 48 83 c4 30 5d c3 cc cc cc
0x00007ffbe3976397:   cc cc cc cc cc cc cc cc cc 40 53 48 83 ec 20 48
0x00007ffbe39763a7:   8b 1d db 35 01 00 48 85 db 74 16 e8 79 8b ff ff
0x00007ffbe39763b7:   4c 8b 00 48 8b d3 48 8b c8 41 ff 90 b0 00 00 00
0x00007ffbe39763c7:   90 48 83 c4 20 5b c3 cc cc 40 53 48 83 ec 20 48
0x00007ffbe39763d7:   8b 1d 4b 37 01 00 48 85 db 74 57 b8 ff ff ff ff
0x00007ffbe39763e7:   f0 0f c1 43 10 83 f8 01 75 3d 48 85 db 74 38 48
0x00007ffbe39763f7:   8b 0b 48 85 c9 74 0d ff 15 a4 0e 00 00 48 c7 03
0x00007ffbe3976407:   00 00 00 00 48 8b 4b 08 48 85 c9 74 0d e8 23 ce
0x00007ffbe3976417:   ff ff 48 c7 43 08 00 00 00 00 ba 18 00 00 00 48
0x00007ffbe3976427:   8b cb e8 0e ce ff ff 48 c7 05 ef 36 01 00 00 00
0x00007ffbe3976437:   00 00 48 83 c4 20 5b c3 cc 40 53 48 83 ec 20 48
0x00007ffbe3976447:   8b 1d bb 36 01 00 48 85 db 74 57 b8 ff ff ff ff
0x00007ffbe3976457:   f0 0f c1 43 10 83 f8 01 75 3d 48 85 db 74 38 48
0x00007ffbe3976467:   8b 0b 48 85 c9 74 0d ff 15 34 0e 00 00 48 c7 03
0x00007ffbe3976477:   00 00 00 00 48 8b 4b 08 48 85 c9 74 0d e8 b3 cd
0x00007ffbe3976487:   ff ff 48 c7 43 08 00 00 00 00 ba 18 00 00 00 48
0x00007ffbe3976497:   8b cb e8 9e cd ff ff 48 c7 05 5f 36 01 00 00 00
0x00007ffbe39764a7:   00 00 48 83 c4 20 5b c3 cc 40 53 48 83 ec 20 48 


Stack slot to memory mapping:
stack at sp + 0 slots: 0x0 is NULL
stack at sp + 1 slots: 0x000000c0a0eff4d8 points into unknown readable memory: 0x000000c0a0eff4c0 | c0 f4 ef a0 c0 00 00 00
stack at sp + 2 slots: 0x00007ffbda7c72a0 jvm.dll
stack at sp + 3 slots: 0x00007ffbe3973cf0 glass.dll
stack at sp + 4 slots: 0x0000023431d0d188 points into unknown readable memory: 0x0000e602a6e07e08 | 08 7e e0 a6 02 e6 00 00
stack at sp + 5 slots: 0x00007ffc3aac3a83 ucrtbase.dll
stack at sp + 6 slots: 0x0000023431d0d180 points into unknown readable memory: 0x007f1de131d87608 | 08 76 d8 31 e1 1d 7f 00
stack at sp + 7 slots: 0x0000023400000000 is an unknown value

VM_Operation (0x000000c0a05ff2c0): Exit, mode: safepoint, requested by thread 0x00000234324055b0


---------------  P R O C E S S  ---------------

Threads class SMR info:
_java_thread_list=0x00000234326c50b0, length=20, elements={
0x0000023409efa730, 0x000002342cce1bf0, 0x000002342cce2c20, 0x000002342cce66e0,
0x000002342cce9110, 0x000002342cceb0c0, 0x0000023431408490, 0x000002342ccfe4f0,
0x000002342cce9b80, 0x000002342ccea620, 0x000002342cceb610, 0x000002342ccea0d0,
0x000002342ccec600, 0x000002342cced0a0, 0x000002342cceab70, 0x000002342ccebb60,
0x0000023432404070, 0x00000234324000b0, 0x00000234324045c0, 0x00000234324055b0
}

Java Threads: ( => current thread )
  0x0000023409efa730 JavaThread "main" [_thread_blocked, id=22644, stack(0x000000c0a0800000,0x000000c0a0900000)]
  0x000002342cce1bf0 JavaThread "Reference Handler" daemon [_thread_blocked, id=20136, stack(0x000000c0a0f00000,0x000000c0a1000000)]
  0x000002342cce2c20 JavaThread "Finalizer" daemon [_thread_blocked, id=20624, stack(0x000000c0a1000000,0x000000c0a1100000)]
  0x000002342cce66e0 JavaThread "Attach Listener" daemon [_thread_blocked, id=9296, stack(0x000000c0a1200000,0x000000c0a1300000)]
  0x000002342cce9110 JavaThread "Service Thread" daemon [_thread_blocked, id=15944, stack(0x000000c0a1300000,0x000000c0a1400000)]
  0x000002342cceb0c0 JavaThread "Monitor Deflation Thread" daemon [_thread_blocked, id=8172, stack(0x000000c0a1400000,0x000000c0a1500000)]
  0x0000023431408490 JavaThread "C2 CompilerThread0" daemon [_thread_blocked, id=1572, stack(0x000000c0a1500000,0x000000c0a1600000)]
  0x000002342ccfe4f0 JavaThread "C1 CompilerThread0" daemon [_thread_blocked, id=5808, stack(0x000000c0a1600000,0x000000c0a1700000)]
  0x000002342cce9b80 JavaThread "Sweeper thread" daemon [_thread_blocked, id=19468, stack(0x000000c0a1700000,0x000000c0a1800000)]
  0x000002342ccea620 JavaThread "Common-Cleaner" daemon [_thread_blocked, id=22472, stack(0x000000c0a1800000,0x000000c0a1900000)]
  0x000002342cceb610 JavaThread "Monitor Ctrl-Break" daemon [_thread_in_native, id=23128, stack(0x000000c0a1b00000,0x000000c0a1c00000)]
  0x000002342ccea0d0 JavaThread "Notification Thread" daemon [_thread_blocked, id=23576, stack(0x000000c0a1c00000,0x000000c0a1d00000)]
  0x000002342ccec600 JavaThread "QuantumRenderer-0" daemon [_thread_blocked, id=22456, stack(0x000000c0a1e00000,0x000000c0a1f00000)]
  0x000002342cced0a0 JavaThread "InvokeLaterDispatcher" daemon [_thread_blocked, id=7688, stack(0x000000c0a1f00000,0x000000c0a2000000)]
  0x000002342cceab70 JavaThread "JavaFX Application Thread" [_thread_in_native, id=16752, stack(0x000000c0a2000000,0x000000c0a2100000)]
  0x000002342ccebb60 JavaThread "Thread-1" daemon [_thread_in_native, id=4648, stack(0x000000c0a2400000,0x000000c0a2500000)]
  0x0000023432404070 JavaThread "JavaFX-Launcher" [_thread_blocked, id=4848, stack(0x000000c0a2500000,0x000000c0a2600000)]
  0x00000234324000b0 JavaThread "Prism Font Disposer" daemon [_thread_blocked, id=24212, stack(0x000000c0a2b00000,0x000000c0a2c00000)]
  0x00000234324045c0 JavaThread "Cleaner-0" daemon [_thread_blocked, id=15108, stack(0x000000c0a3000000,0x000000c0a3100000)]
  0x00000234324055b0 JavaThread "SIGINT handler" daemon [_thread_blocked, id=12576, stack(0x000000c0a0500000,0x000000c0a0600000)]

Other Threads:
=>0x000002342ccc7b30 VMThread "VM Thread" [stack: 0x000000c0a0e00000,0x000000c0a0f00000] [id=4356]
  0x0000023409f69680 WorkerThread "GC Thread#0" [stack: 0x000000c0a0900000,0x000000c0a0a00000] [id=21176]
  0x0000023432385730 WorkerThread "GC Thread#1" [stack: 0x000000c0a2600000,0x000000c0a2700000] [id=11452]
  0x00000234323b5480 WorkerThread "GC Thread#2" [stack: 0x000000c0a2700000,0x000000c0a2800000] [id=10780]
  0x0000023432445570 WorkerThread "GC Thread#3" [stack: 0x000000c0a2800000,0x000000c0a2900000] [id=7876]
  0x0000023432445840 WorkerThread "GC Thread#4" [stack: 0x000000c0a2900000,0x000000c0a2a00000] [id=3364]
  0x0000023432445b10 WorkerThread "GC Thread#5" [stack: 0x000000c0a2a00000,0x000000c0a2b00000] [id=3604]
  0x0000023409f7b2d0 ConcurrentGCThread "G1 Main Marker" terminated
  0x0000023409f7bd00 WorkerThread "G1 Conc#0" [stack: 0x000000c0a0b00000,0x000000c0a0c00000] [id=23176]
  0x000002342cb80400 ConcurrentGCThread "G1 Refine#0" terminated
  0x000002342cb80d50 ConcurrentGCThread "G1 Service" terminated

Threads with active compile tasks:
C1 CompilerThread0  
[error occurred during error reporting (printing all threads), id 0xc0000005, EXCEPTION_ACCESS_VIOLATION (0xc0000005) at pc=0x00007ffbda3c0753]

VM state: at safepoint (shutting down)

VM Mutex/Monitor currently owned by a thread:  ([mutex/lock_event])
[0x0000023409ef5e70] Threads_lock - owner thread: 0x000002342ccc7b30
[0x0000023409ef5060] Heap_lock - owner thread: 0x00000234324055b0

Heap address: 0x0000000704c00000, size: 4020 MB, Compressed Oops mode: Zero based, Oop shift amount: 3

CDS archive(s) mapped at: [0x0000000800000000-0x0000000800c30000-0x0000000800c30000), size 12779520, SharedBaseAddress: 0x0000000800000000, ArchiveRelocationMode: 0.
Compressed class space mapped at: 0x0000000801000000-0x0000000841000000, reserved size: 1073741824
Narrow klass base: 0x0000000800000000, Narrow klass shift: 0, Narrow klass range: 0x100000000

GC Precious Log:
 CardTable entry size: 512
 Card Set container configuration: InlinePtr #cards 4 size 8 Array Of Cards #cards 16 size 48 Howl #buckets 8 coarsen threshold 3686 Howl Bitmap #cards 512 size 80 coarsen threshold 460 Card regions per heap region 1 cards per card region 4096
 CPUs: 8 total, 8 available
 Memory: 16075M
 Large Page Support: Disabled
 NUMA Support: Disabled
 Compressed Oops: Enabled (Zero based)
 Heap Region Size: 2M
 Heap Min Capacity: 8M
 Heap Initial Capacity: 252M
 Heap Max Capacity: 4020M
 Pre-touch: Disabled
 Parallel Workers: 8
 Concurrent Workers: 2
 Concurrent Refinement Workers: 8
 Periodic GC: Disabled

Heap:
 garbage-first heap   total 258048K, used 35467K [0x0000000704c00000, 0x0000000800000000)
  region size 2048K, 19 young (38912K), 2 survivors (4096K)
 Metaspace       used 14573K, committed 14912K, reserved 1114112K
  class space    used 1796K, committed 1920K, reserved 1048576K

Heap Regions: E=young(eden), S=young(survivor), O=old, HS=humongous(starts), HC=humongous(continues), CS=collection set, F=free, OA=open archive, CA=closed archive, TAMS=top-at-mark-start (previous, next)
|   0|0x0000000704c00000, 0x0000000704e00000, 0x0000000704e00000|100%|HS|  |TAMS 0x0000000704c00000, 0x0000000704c00000| Complete 
|   1|0x0000000704e00000, 0x0000000704e00000, 0x0000000705000000|  0%| F|  |TAMS 0x0000000704e00000, 0x0000000704e00000| Untracked 
|   2|0x0000000705000000, 0x0000000705000000, 0x0000000705200000|  0%| F|  |TAMS 0x0000000705000000, 0x0000000705000000| Untracked 
|   3|0x0000000705200000, 0x0000000705200000, 0x0000000705400000|  0%| F|  |TAMS 0x0000000705200000, 0x0000000705200000| Untracked 
|   4|0x0000000705400000, 0x0000000705400000, 0x0000000705600000|  0%| F|  |TAMS 0x0000000705400000, 0x0000000705400000| Untracked 
|   5|0x0000000705600000, 0x0000000705600000, 0x0000000705800000|  0%| F|  |TAMS 0x0000000705600000, 0x0000000705600000| Untracked 
|   6|0x0000000705800000, 0x0000000705800000, 0x0000000705a00000|  0%| F|  |TAMS 0x0000000705800000, 0x0000000705800000| Untracked 
|   7|0x0000000705a00000, 0x0000000705a00000, 0x0000000705c00000|  0%| F|  |TAMS 0x0000000705a00000, 0x0000000705a00000| Untracked 
|   8|0x0000000705c00000, 0x0000000705c00000, 0x0000000705e00000|  0%| F|  |TAMS 0x0000000705c00000, 0x0000000705c00000| Untracked 
|   9|0x0000000705e00000, 0x0000000705e00000, 0x0000000706000000|  0%| F|  |TAMS 0x0000000705e00000, 0x0000000705e00000| Untracked 
|  10|0x0000000706000000, 0x0000000706000000, 0x0000000706200000|  0%| F|  |TAMS 0x0000000706000000, 0x0000000706000000| Untracked 
|  11|0x0000000706200000, 0x0000000706200000, 0x0000000706400000|  0%| F|  |TAMS 0x0000000706200000, 0x0000000706200000| Untracked 
|  12|0x0000000706400000, 0x0000000706400000, 0x0000000706600000|  0%| F|  |TAMS 0x0000000706400000, 0x0000000706400000| Untracked 
|  13|0x0000000706600000, 0x0000000706600000, 0x0000000706800000|  0%| F|  |TAMS 0x0000000706600000, 0x0000000706600000| Untracked 
|  14|0x0000000706800000, 0x0000000706800000, 0x0000000706a00000|  0%| F|  |TAMS 0x0000000706800000, 0x0000000706800000| Untracked 
|  15|0x0000000706a00000, 0x0000000706a00000, 0x0000000706c00000|  0%| F|  |TAMS 0x0000000706a00000, 0x0000000706a00000| Untracked 
|  16|0x0000000706c00000, 0x0000000706c00000, 0x0000000706e00000|  0%| F|  |TAMS 0x0000000706c00000, 0x0000000706c00000| Untracked 
|  17|0x0000000706e00000, 0x0000000706e00000, 0x0000000707000000|  0%| F|  |TAMS 0x0000000706e00000, 0x0000000706e00000| Untracked 
|  18|0x0000000707000000, 0x0000000707000000, 0x0000000707200000|  0%| F|  |TAMS 0x0000000707000000, 0x0000000707000000| Untracked 
|  19|0x0000000707200000, 0x0000000707200000, 0x0000000707400000|  0%| F|  |TAMS 0x0000000707200000, 0x0000000707200000| Untracked 
|  20|0x0000000707400000, 0x0000000707400000, 0x0000000707600000|  0%| F|  |TAMS 0x0000000707400000, 0x0000000707400000| Untracked 
|  21|0x0000000707600000, 0x0000000707600000, 0x0000000707800000|  0%| F|  |TAMS 0x0000000707600000, 0x0000000707600000| Untracked 
|  22|0x0000000707800000, 0x0000000707800000, 0x0000000707a00000|  0%| F|  |TAMS 0x0000000707800000, 0x0000000707800000| Untracked 
|  23|0x0000000707a00000, 0x0000000707a00000, 0x0000000707c00000|  0%| F|  |TAMS 0x0000000707a00000, 0x0000000707a00000| Untracked 
|  24|0x0000000707c00000, 0x0000000707c00000, 0x0000000707e00000|  0%| F|  |TAMS 0x0000000707c00000, 0x0000000707c00000| Untracked 
|  25|0x0000000707e00000, 0x0000000707e00000, 0x0000000708000000|  0%| F|  |TAMS 0x0000000707e00000, 0x0000000707e00000| Untracked 
|  26|0x0000000708000000, 0x0000000708000000, 0x0000000708200000|  0%| F|  |TAMS 0x0000000708000000, 0x0000000708000000| Untracked 
|  27|0x0000000708200000, 0x0000000708200000, 0x0000000708400000|  0%| F|  |TAMS 0x0000000708200000, 0x0000000708200000| Untracked 
|  28|0x0000000708400000, 0x0000000708400000, 0x0000000708600000|  0%| F|  |TAMS 0x0000000708400000, 0x0000000708400000| Untracked 
|  29|0x0000000708600000, 0x0000000708600000, 0x0000000708800000|  0%| F|  |TAMS 0x0000000708600000, 0x0000000708600000| Untracked 
|  30|0x0000000708800000, 0x0000000708800000, 0x0000000708a00000|  0%| F|  |TAMS 0x0000000708800000, 0x0000000708800000| Untracked 
|  31|0x0000000708a00000, 0x0000000708a00000, 0x0000000708c00000|  0%| F|  |TAMS 0x0000000708a00000, 0x0000000708a00000| Untracked 
|  32|0x0000000708c00000, 0x0000000708c00000, 0x0000000708e00000|  0%| F|  |TAMS 0x0000000708c00000, 0x0000000708c00000| Untracked 
|  33|0x0000000708e00000, 0x0000000708e00000, 0x0000000709000000|  0%| F|  |TAMS 0x0000000708e00000, 0x0000000708e00000| Untracked 
|  34|0x0000000709000000, 0x0000000709000000, 0x0000000709200000|  0%| F|  |TAMS 0x0000000709000000, 0x0000000709000000| Untracked 
|  35|0x0000000709200000, 0x0000000709200000, 0x0000000709400000|  0%| F|  |TAMS 0x0000000709200000, 0x0000000709200000| Untracked 
|  36|0x0000000709400000, 0x0000000709400000, 0x0000000709600000|  0%| F|  |TAMS 0x0000000709400000, 0x0000000709400000| Untracked 
|  37|0x0000000709600000, 0x0000000709600000, 0x0000000709800000|  0%| F|  |TAMS 0x0000000709600000, 0x0000000709600000| Untracked 
|  38|0x0000000709800000, 0x0000000709800000, 0x0000000709a00000|  0%| F|  |TAMS 0x0000000709800000, 0x0000000709800000| Untracked 
|  39|0x0000000709a00000, 0x0000000709a00000, 0x0000000709c00000|  0%| F|  |TAMS 0x0000000709a00000, 0x0000000709a00000| Untracked 
|  40|0x0000000709c00000, 0x0000000709c00000, 0x0000000709e00000|  0%| F|  |TAMS 0x0000000709c00000, 0x0000000709c00000| Untracked 
|  41|0x0000000709e00000, 0x0000000709e00000, 0x000000070a000000|  0%| F|  |TAMS 0x0000000709e00000, 0x0000000709e00000| Untracked 
|  42|0x000000070a000000, 0x000000070a000000, 0x000000070a200000|  0%| F|  |TAMS 0x000000070a000000, 0x000000070a000000| Untracked 
|  43|0x000000070a200000, 0x000000070a200000, 0x000000070a400000|  0%| F|  |TAMS 0x000000070a200000, 0x000000070a200000| Untracked 
|  44|0x000000070a400000, 0x000000070a400000, 0x000000070a600000|  0%| F|  |TAMS 0x000000070a400000, 0x000000070a400000| Untracked 
|  45|0x000000070a600000, 0x000000070a600000, 0x000000070a800000|  0%| F|  |TAMS 0x000000070a600000, 0x000000070a600000| Untracked 
|  46|0x000000070a800000, 0x000000070a800000, 0x000000070aa00000|  0%| F|  |TAMS 0x000000070a800000, 0x000000070a800000| Untracked 
|  47|0x000000070aa00000, 0x000000070aa00000, 0x000000070ac00000|  0%| F|  |TAMS 0x000000070aa00000, 0x000000070aa00000| Untracked 
|  48|0x000000070ac00000, 0x000000070ac00000, 0x000000070ae00000|  0%| F|  |TAMS 0x000000070ac00000, 0x000000070ac00000| Untracked 
|  49|0x000000070ae00000, 0x000000070ae00000, 0x000000070b000000|  0%| F|  |TAMS 0x000000070ae00000, 0x000000070ae00000| Untracked 
|  50|0x000000070b000000, 0x000000070b000000, 0x000000070b200000|  0%| F|  |TAMS 0x000000070b000000, 0x000000070b000000| Untracked 
|  51|0x000000070b200000, 0x000000070b200000, 0x000000070b400000|  0%| F|  |TAMS 0x000000070b200000, 0x000000070b200000| Untracked 
|  52|0x000000070b400000, 0x000000070b400000, 0x000000070b600000|  0%| F|  |TAMS 0x000000070b400000, 0x000000070b400000| Untracked 
|  53|0x000000070b600000, 0x000000070b600000, 0x000000070b800000|  0%| F|  |TAMS 0x000000070b600000, 0x000000070b600000| Untracked 
|  54|0x000000070b800000, 0x000000070b800000, 0x000000070ba00000|  0%| F|  |TAMS 0x000000070b800000, 0x000000070b800000| Untracked 
|  55|0x000000070ba00000, 0x000000070ba00000, 0x000000070bc00000|  0%| F|  |TAMS 0x000000070ba00000, 0x000000070ba00000| Untracked 
|  56|0x000000070bc00000, 0x000000070bc00000, 0x000000070be00000|  0%| F|  |TAMS 0x000000070bc00000, 0x000000070bc00000| Untracked 
|  57|0x000000070be00000, 0x000000070be00000, 0x000000070c000000|  0%| F|  |TAMS 0x000000070be00000, 0x000000070be00000| Untracked 
|  58|0x000000070c000000, 0x000000070c000000, 0x000000070c200000|  0%| F|  |TAMS 0x000000070c000000, 0x000000070c000000| Untracked 
|  59|0x000000070c200000, 0x000000070c200000, 0x000000070c400000|  0%| F|  |TAMS 0x000000070c200000, 0x000000070c200000| Untracked 
|  60|0x000000070c400000, 0x000000070c400000, 0x000000070c600000|  0%| F|  |TAMS 0x000000070c400000, 0x000000070c400000| Untracked 
|  61|0x000000070c600000, 0x000000070c600000, 0x000000070c800000|  0%| F|  |TAMS 0x000000070c600000, 0x000000070c600000| Untracked 
|  62|0x000000070c800000, 0x000000070c800000, 0x000000070ca00000|  0%| F|  |TAMS 0x000000070c800000, 0x000000070c800000| Untracked 
|  63|0x000000070ca00000, 0x000000070ca00000, 0x000000070cc00000|  0%| F|  |TAMS 0x000000070ca00000, 0x000000070ca00000| Untracked 
|  64|0x000000070cc00000, 0x000000070cc00000, 0x000000070ce00000|  0%| F|  |TAMS 0x000000070cc00000, 0x000000070cc00000| Untracked 
|  65|0x000000070ce00000, 0x000000070ce00000, 0x000000070d000000|  0%| F|  |TAMS 0x000000070ce00000, 0x000000070ce00000| Untracked 
|  66|0x000000070d000000, 0x000000070d000000, 0x000000070d200000|  0%| F|  |TAMS 0x000000070d000000, 0x000000070d000000| Untracked 
|  67|0x000000070d200000, 0x000000070d200000, 0x000000070d400000|  0%| F|  |TAMS 0x000000070d200000, 0x000000070d200000| Untracked 
|  68|0x000000070d400000, 0x000000070d400000, 0x000000070d600000|  0%| F|  |TAMS 0x000000070d400000, 0x000000070d400000| Untracked 
|  69|0x000000070d600000, 0x000000070d600000, 0x000000070d800000|  0%| F|  |TAMS 0x000000070d600000, 0x000000070d600000| Untracked 
|  70|0x000000070d800000, 0x000000070d800000, 0x000000070da00000|  0%| F|  |TAMS 0x000000070d800000, 0x000000070d800000| Untracked 
|  71|0x000000070da00000, 0x000000070da00000, 0x000000070dc00000|  0%| F|  |TAMS 0x000000070da00000, 0x000000070da00000| Untracked 
|  72|0x000000070dc00000, 0x000000070dc00000, 0x000000070de00000|  0%| F|  |TAMS 0x000000070dc00000, 0x000000070dc00000| Untracked 
|  73|0x000000070de00000, 0x000000070de00000, 0x000000070e000000|  0%| F|  |TAMS 0x000000070de00000, 0x000000070de00000| Untracked 
|  74|0x000000070e000000, 0x000000070e000000, 0x000000070e200000|  0%| F|  |TAMS 0x000000070e000000, 0x000000070e000000| Untracked 
|  75|0x000000070e200000, 0x000000070e200000, 0x000000070e400000|  0%| F|  |TAMS 0x000000070e200000, 0x000000070e200000| Untracked 
|  76|0x000000070e400000, 0x000000070e400000, 0x000000070e600000|  0%| F|  |TAMS 0x000000070e400000, 0x000000070e400000| Untracked 
|  77|0x000000070e600000, 0x000000070e600000, 0x000000070e800000|  0%| F|  |TAMS 0x000000070e600000, 0x000000070e600000| Untracked 
|  78|0x000000070e800000, 0x000000070e800000, 0x000000070ea00000|  0%| F|  |TAMS 0x000000070e800000, 0x000000070e800000| Untracked 
|  79|0x000000070ea00000, 0x000000070ea00000, 0x000000070ec00000|  0%| F|  |TAMS 0x000000070ea00000, 0x000000070ea00000| Untracked 
|  80|0x000000070ec00000, 0x000000070ec00000, 0x000000070ee00000|  0%| F|  |TAMS 0x000000070ec00000, 0x000000070ec00000| Untracked 
|  81|0x000000070ee00000, 0x000000070ee00000, 0x000000070f000000|  0%| F|  |TAMS 0x000000070ee00000, 0x000000070ee00000| Untracked 
|  82|0x000000070f000000, 0x000000070f000000, 0x000000070f200000|  0%| F|  |TAMS 0x000000070f000000, 0x000000070f000000| Untracked 
|  83|0x000000070f200000, 0x000000070f200000, 0x000000070f400000|  0%| F|  |TAMS 0x000000070f200000, 0x000000070f200000| Untracked 
|  84|0x000000070f400000, 0x000000070f400000, 0x000000070f600000|  0%| F|  |TAMS 0x000000070f400000, 0x000000070f400000| Untracked 
|  85|0x000000070f600000, 0x000000070f600000, 0x000000070f800000|  0%| F|  |TAMS 0x000000070f600000, 0x000000070f600000| Untracked 
|  86|0x000000070f800000, 0x000000070f800000, 0x000000070fa00000|  0%| F|  |TAMS 0x000000070f800000, 0x000000070f800000| Untracked 
|  87|0x000000070fa00000, 0x000000070fa00000, 0x000000070fc00000|  0%| F|  |TAMS 0x000000070fa00000, 0x000000070fa00000| Untracked 
|  88|0x000000070fc00000, 0x000000070fc00000, 0x000000070fe00000|  0%| F|  |TAMS 0x000000070fc00000, 0x000000070fc00000| Untracked 
|  89|0x000000070fe00000, 0x000000070fe00000, 0x0000000710000000|  0%| F|  |TAMS 0x000000070fe00000, 0x000000070fe00000| Untracked 
|  90|0x0000000710000000, 0x0000000710000000, 0x0000000710200000|  0%| F|  |TAMS 0x0000000710000000, 0x0000000710000000| Untracked 
|  91|0x0000000710200000, 0x0000000710200000, 0x0000000710400000|  0%| F|  |TAMS 0x0000000710200000, 0x0000000710200000| Untracked 
|  92|0x0000000710400000, 0x0000000710400000, 0x0000000710600000|  0%| F|  |TAMS 0x0000000710400000, 0x0000000710400000| Untracked 
|  93|0x0000000710600000, 0x0000000710600000, 0x0000000710800000|  0%| F|  |TAMS 0x0000000710600000, 0x0000000710600000| Untracked 
|  94|0x0000000710800000, 0x0000000710800000, 0x0000000710a00000|  0%| F|  |TAMS 0x0000000710800000, 0x0000000710800000| Untracked 
|  95|0x0000000710a00000, 0x0000000710a00000, 0x0000000710c00000|  0%| F|  |TAMS 0x0000000710a00000, 0x0000000710a00000| Untracked 
|  96|0x0000000710c00000, 0x0000000710c00000, 0x0000000710e00000|  0%| F|  |TAMS 0x0000000710c00000, 0x0000000710c00000| Untracked 
|  97|0x0000000710e00000, 0x0000000710e00000, 0x0000000711000000|  0%| F|  |TAMS 0x0000000710e00000, 0x0000000710e00000| Untracked 
|  98|0x0000000711000000, 0x0000000711000000, 0x0000000711200000|  0%| F|  |TAMS 0x0000000711000000, 0x0000000711000000| Untracked 
|  99|0x0000000711200000, 0x0000000711200000, 0x0000000711400000|  0%| F|  |TAMS 0x0000000711200000, 0x0000000711200000| Untracked 
| 100|0x0000000711400000, 0x0000000711400000, 0x0000000711600000|  0%| F|  |TAMS 0x0000000711400000, 0x0000000711400000| Untracked 
| 101|0x0000000711600000, 0x0000000711600000, 0x0000000711800000|  0%| F|  |TAMS 0x0000000711600000, 0x0000000711600000| Untracked 
| 102|0x0000000711800000, 0x0000000711800000, 0x0000000711a00000|  0%| F|  |TAMS 0x0000000711800000, 0x0000000711800000| Untracked 
| 103|0x0000000711a00000, 0x0000000711a00000, 0x0000000711c00000|  0%| F|  |TAMS 0x0000000711a00000, 0x0000000711a00000| Untracked 
| 104|0x0000000711c00000, 0x0000000711c00000, 0x0000000711e00000|  0%| F|  |TAMS 0x0000000711c00000, 0x0000000711c00000| Untracked 
| 105|0x0000000711e00000, 0x0000000711e00000, 0x0000000712000000|  0%| F|  |TAMS 0x0000000711e00000, 0x0000000711e00000| Untracked 
| 106|0x0000000712000000, 0x0000000712000000, 0x0000000712200000|  0%| F|  |TAMS 0x0000000712000000, 0x0000000712000000| Untracked 
| 107|0x0000000712200000, 0x0000000712352250, 0x0000000712400000| 66%| E|  |TAMS 0x0000000712200000, 0x0000000712200000| Complete 
| 108|0x0000000712400000, 0x0000000712600000, 0x0000000712600000|100%| E|CS|TAMS 0x0000000712400000, 0x0000000712400000| Complete 
| 109|0x0000000712600000, 0x0000000712800000, 0x0000000712800000|100%| E|CS|TAMS 0x0000000712600000, 0x0000000712600000| Complete 
| 110|0x0000000712800000, 0x0000000712a00000, 0x0000000712a00000|100%| E|  |TAMS 0x0000000712800000, 0x0000000712800000| Complete 
| 111|0x0000000712a00000, 0x0000000712c00000, 0x0000000712c00000|100%| E|CS|TAMS 0x0000000712a00000, 0x0000000712a00000| Complete 
| 112|0x0000000712c00000, 0x0000000712e00000, 0x0000000712e00000|100%| E|CS|TAMS 0x0000000712c00000, 0x0000000712c00000| Complete 
| 113|0x0000000712e00000, 0x0000000712ea2d88, 0x0000000713000000| 31%| S|CS|TAMS 0x0000000712e00000, 0x0000000712e00000| Complete 
| 114|0x0000000713000000, 0x0000000713200000, 0x0000000713200000|100%| S|CS|TAMS 0x0000000713000000, 0x0000000713000000| Complete 
| 115|0x0000000713200000, 0x0000000713400000, 0x0000000713400000|100%| E|CS|TAMS 0x0000000713200000, 0x0000000713200000| Complete 
| 116|0x0000000713400000, 0x0000000713600000, 0x0000000713600000|100%| E|CS|TAMS 0x0000000713400000, 0x0000000713400000| Complete 
| 117|0x0000000713600000, 0x0000000713800000, 0x0000000713800000|100%| E|CS|TAMS 0x0000000713600000, 0x0000000713600000| Complete 
| 118|0x0000000713800000, 0x0000000713a00000, 0x0000000713a00000|100%| E|CS|TAMS 0x0000000713800000, 0x0000000713800000| Complete 
| 119|0x0000000713a00000, 0x0000000713c00000, 0x0000000713c00000|100%| E|CS|TAMS 0x0000000713a00000, 0x0000000713a00000| Complete 
| 120|0x0000000713c00000, 0x0000000713e00000, 0x0000000713e00000|100%| E|CS|TAMS 0x0000000713c00000, 0x0000000713c00000| Complete 
| 121|0x0000000713e00000, 0x0000000714000000, 0x0000000714000000|100%| E|CS|TAMS 0x0000000713e00000, 0x0000000713e00000| Complete 
| 122|0x0000000714000000, 0x0000000714200000, 0x0000000714200000|100%| E|CS|TAMS 0x0000000714000000, 0x0000000714000000| Complete 
| 123|0x0000000714200000, 0x0000000714400000, 0x0000000714400000|100%| E|CS|TAMS 0x0000000714200000, 0x0000000714200000| Complete 
| 124|0x0000000714400000, 0x0000000714600000, 0x0000000714600000|100%| E|CS|TAMS 0x0000000714400000, 0x0000000714400000| Complete 
| 125|0x0000000714600000, 0x0000000714800000, 0x0000000714800000|100%| E|CS|TAMS 0x0000000714600000, 0x0000000714600000| Complete 

Card table byte_map: [0x0000023421960000,0x0000023422140000] _byte_map_base: 0x000002341e13a000

Marking Bits (Prev, Next): (CMBitMap*) 0x0000023409f69cb0, (CMBitMap*) 0x0000023409f69cf0
 Prev Bits: [0x0000023422920000, 0x00000234267f0000)
 Next Bits: [0x00000234267f0000, 0x000002342a6c0000)

Polling page: 0x0000023407e90000

Metaspace:

Usage:
  Non-class:     12.48 MB used.
      Class:      1.75 MB used.
       Both:     14.23 MB used.

Virtual space:
  Non-class space:       64.00 MB reserved,      12.69 MB ( 20%) committed,  1 nodes.
      Class space:        1.00 GB reserved,       1.88 MB ( <1%) committed,  1 nodes.
             Both:        1.06 GB reserved,      14.56 MB (  1%) committed. 

Chunk freelists:
   Non-Class:  2.95 MB
       Class:  2.08 MB
        Both:  5.03 MB

MaxMetaspaceSize: unlimited
CompressedClassSpaceSize: 1.00 GB
Initial GC threshold: 21.00 MB
Current GC threshold: 21.00 MB
CDS: on
MetaspaceReclaimPolicy: balanced
 - commit_granule_bytes: 65536.
 - commit_granule_words: 8192.
 - virtual_space_node_default_size: 8388608.
 - enlarge_chunks_in_place: 1.
 - new_chunks_are_fully_committed: 0.
 - uncommit_free_chunks: 1.
 - use_allocation_guard: 0.


Internal statistics:

num_allocs_failed_limit: 0.
num_arena_births: 354.
num_arena_deaths: 0.
num_vsnodes_births: 2.
num_vsnodes_deaths: 0.
num_space_committed: 233.
num_space_uncommitted: 0.
num_chunks_returned_to_freelist: 0.
num_chunks_taken_from_freelist: 783.
num_chunk_merges: 0.
num_chunk_splits: 542.
num_chunks_enlarged: 407.
num_inconsistent_stats: 0.

CodeHeap 'non-profiled nmethods': size=120000Kb used=1334Kb max_used=1334Kb free=118665Kb
 bounds [0x0000023419920000, 0x0000023419b90000, 0x0000023420e50000]
CodeHeap 'profiled nmethods': size=120000Kb used=5471Kb max_used=5471Kb free=114528Kb
 bounds [0x0000023411e50000, 0x00000234123b0000, 0x0000023419380000]
CodeHeap 'non-nmethods': size=5760Kb used=1525Kb max_used=1555Kb free=4234Kb
 bounds [0x0000023419380000, 0x00000234195f0000, 0x0000023419920000]
 total_blobs=3827 nmethods=3034 adapters=702
 compilation: enabled
              stopped_count=0, restarted_count=0
 full_count=0

Compilation events (20 events):
Event: 84.514 Thread 0x000002342ccfe4f0 nmethod 3025 0x0000023419a6bb90 code [0x0000023419a6bd20, 0x0000023419a6bdf8]
Event: 84.992 Thread 0x000002342ccfe4f0 3026       3       com.sun.javafx.scene.KeyboardShortcutsHandler::dispatchBubblingEvent (60 bytes)
Event: 84.992 Thread 0x000002342ccfe4f0 nmethod 3026 0x00000234123a2a90 code [0x00000234123a2c80, 0x00000234123a3388]
Event: 85.794 Thread 0x0000023431408490 3027       4       com.sun.javafx.tk.quantum.QuantumToolkit::postPulse (133 bytes)
Event: 85.798 Thread 0x0000023431408490 nmethod 3027 0x0000023419a6be90 code [0x0000023419a6c040, 0x0000023419a6c5e8]
Event: 86.610 Thread 0x0000023431408490 3028       4       com.sun.javafx.tk.quantum.QuantumToolkit$$Lambda$80/0x000000080103c1a8::run (8 bytes)
Event: 86.613 Thread 0x0000023431408490 nmethod 3028 0x0000023419a6c990 code [0x0000023419a6cb60, 0x0000023419a6d178]
Event: 91.076 Thread 0x000002342ccfe4f0 3029       3       com.sun.javafx.css.BitSet::contains (63 bytes)
Event: 91.077 Thread 0x000002342ccfe4f0 nmethod 3029 0x00000234123a3510 code [0x00000234123a3700, 0x00000234123a3be8]
Event: 179.712 Thread 0x0000023431408490 3030       4       java.util.ArrayList$Itr::hasNext (20 bytes)
Event: 179.712 Thread 0x000002342ccfe4f0 3031       3       com.sun.javafx.scene.EnteredExitedHandler::dispatchBubblingEvent (204 bytes)
Event: 179.713 Thread 0x0000023431408490 nmethod 3030 0x0000023419a6d590 code [0x0000023419a6d720, 0x0000023419a6d7b8]
Event: 179.713 Thread 0x000002342ccfe4f0 nmethod 3031 0x00000234123a3d90 code [0x00000234123a41a0, 0x00000234123a67f8]
Event: 184.283 Thread 0x000002342ccfe4f0 3032       3       com.sun.glass.ui.View::isInFullscreen (8 bytes)
Event: 184.284 Thread 0x000002342ccfe4f0 nmethod 3032 0x00000234123a7010 code [0x00000234123a71e0, 0x00000234123a7538]
Event: 300.647 Thread 0x000002342ccfe4f0 3033       3       java.util.concurrent.locks.LockSupport::setBlocker (12 bytes)
Event: 300.647 Thread 0x000002342ccfe4f0 nmethod 3033 0x00000234123a7690 code [0x00000234123a7840, 0x00000234123a7a48]
Event: 580.423 Thread 0x000002342ccfe4f0 3034       3       jdk.internal.org.objectweb.asm.ClassVisitor::<init> (7 bytes)
Event: 580.424 Thread 0x000002342ccfe4f0 nmethod 3034 0x00000234123a7b10 code [0x00000234123a7cc0, 0x00000234123a7e08]
Event: 580.424 Thread 0x000002342ccfe4f0 3035       3       jdk.internal.org.objectweb.asm.ClassVisitor::<init> (78 bytes)

GC Heap History (2 events):
Event: 0.640 GC heap before
{Heap before GC invocations=0 (full 0):
 garbage-first heap   total 258048K, used 20480K [0x0000000704c00000, 0x0000000800000000)
  region size 2048K, 11 young (22528K), 0 survivors (0K)
 Metaspace       used 5132K, committed 5376K, reserved 1114112K
  class space    used 583K, committed 704K, reserved 1048576K
}
Event: 0.643 GC heap after
{Heap after GC invocations=1 (full 0):
 garbage-first heap   total 258048K, used 2699K [0x0000000704c00000, 0x0000000800000000)
  region size 2048K, 2 young (4096K), 2 survivors (4096K)
 Metaspace       used 5132K, committed 5376K, reserved 1114112K
  class space    used 583K, committed 704K, reserved 1048576K
}

Dll operation events (20 events):
Event: 0.352 Loaded shared library C:\Users\Алекс\.openjfx\cache\19+11\amd64\api-ms-win-crt-locale-l1-1-0.dll
Event: 0.354 Loaded shared library C:\Users\Алекс\.openjfx\cache\19+11\amd64\api-ms-win-crt-math-l1-1-0.dll
Event: 0.357 Loaded shared library C:\Users\Алекс\.openjfx\cache\19+11\amd64\api-ms-win-crt-multibyte-l1-1-0.dll
Event: 0.359 Loaded shared library C:\Users\Алекс\.openjfx\cache\19+11\amd64\api-ms-win-crt-private-l1-1-0.dll
Event: 0.361 Loaded shared library C:\Users\Алекс\.openjfx\cache\19+11\amd64\api-ms-win-crt-process-l1-1-0.dll
Event: 0.363 Loaded shared library C:\Users\Алекс\.openjfx\cache\19+11\amd64\api-ms-win-crt-runtime-l1-1-0.dll
Event: 0.366 Loaded shared library C:\Users\Алекс\.openjfx\cache\19+11\amd64\api-ms-win-crt-stdio-l1-1-0.dll
Event: 0.368 Loaded shared library C:\Users\Алекс\.openjfx\cache\19+11\amd64\api-ms-win-crt-string-l1-1-0.dll
Event: 0.370 Loaded shared library C:\Users\Алекс\.openjfx\cache\19+11\amd64\api-ms-win-crt-time-l1-1-0.dll
Event: 0.372 Loaded shared library C:\Users\Алекс\.openjfx\cache\19+11\amd64\api-ms-win-crt-utility-l1-1-0.dll
Event: 0.384 Loaded shared library C:\Users\Алекс\.openjfx\cache\19+11\amd64\ucrtbase.dll
Event: 0.392 Loaded shared library C:\Users\Алекс\.openjfx\cache\19+11\amd64\vcruntime140.dll
Event: 0.394 Loaded shared library C:\Users\Алекс\.openjfx\cache\19+11\amd64\vcruntime140_1.dll
Event: 0.401 Loaded shared library C:\Users\Алекс\.openjfx\cache\19+11\amd64\msvcp140.dll
Event: 0.406 Loaded shared library C:\Users\Алекс\.openjfx\cache\19+11\amd64\msvcp140_1.dll
Event: 0.418 Loaded shared library C:\Users\Алекс\.openjfx\cache\19+11\amd64\msvcp140_2.dll
Event: 0.476 Loaded shared library C:\Users\Алекс\.openjfx\cache\19+11\amd64\prism_d3d.dll
Event: 0.546 Loaded shared library C:\Users\Алекс\.openjfx\cache\19+11\amd64\glass.dll
Event: 0.648 Loaded shared library C:\Users\Алекс\.jdks\openjdk-19.0.1\bin\jimage.dll
Event: 0.867 Loaded shared library C:\Users\Алекс\.openjfx\cache\19+11\amd64\javafx_font.dll

Deoptimization events (20 events):
Event: 37.998 Thread 0x000002342cceab70 Uncommon trap: trap_request=0xffffffde fr.pc=0x0000023419a57d34 relative=0x0000000000000114
Event: 37.998 Thread 0x000002342cceab70 Uncommon trap: reason=class_check action=maybe_recompile pc=0x0000023419a57d34 method=jdk.internal.misc.Unsafe.allocateUninitializedArray(Ljava/lang/Class;I)Ljava/lang/Object; @ 51 c2
Event: 37.998 Thread 0x000002342cceab70 DEOPT PACKING pc=0x0000023419a57d34 sp=0x000000c0a20fc680
Event: 37.998 Thread 0x000002342cceab70 DEOPT UNPACKING pc=0x00000234193ea5a3 sp=0x000000c0a20fc608 mode 2
Event: 37.999 Thread 0x000002342cceab70 Uncommon trap: trap_request=0xffffff45 fr.pc=0x0000023419a33a04 relative=0x0000000000000064
Event: 37.999 Thread 0x000002342cceab70 Uncommon trap: reason=unstable_if action=reinterpret pc=0x0000023419a33a04 method=javafx.beans.property.DoublePropertyBase.get()D @ 9 c2
Event: 37.999 Thread 0x000002342cceab70 DEOPT PACKING pc=0x0000023419a33a04 sp=0x000000c0a20fc9c0
Event: 37.999 Thread 0x000002342cceab70 DEOPT UNPACKING pc=0x00000234193ea5a3 sp=0x000000c0a20fc960 mode 2
Event: 38.015 Thread 0x000002342ccec600 Uncommon trap: trap_request=0xffffff45 fr.pc=0x0000023419a341c4 relative=0x0000000000000124
Event: 38.015 Thread 0x000002342ccec600 Uncommon trap: reason=unstable_if action=reinterpret pc=0x0000023419a341c4 method=com.sun.javafx.text.TextRun.getPosX(I)F @ 29 c2
Event: 38.015 Thread 0x000002342ccec600 DEOPT PACKING pc=0x0000023419a341c4 sp=0x000000c0a1efe380
Event: 38.015 Thread 0x000002342ccec600 DEOPT UNPACKING pc=0x00000234193ea5a3 sp=0x000000c0a1efe308 mode 2
Event: 38.015 Thread 0x000002342ccec600 Uncommon trap: trap_request=0xffffff45 fr.pc=0x0000023419a39d04 relative=0x0000000000000324
Event: 38.015 Thread 0x000002342ccec600 Uncommon trap: reason=unstable_if action=reinterpret pc=0x0000023419a39d04 method=com.sun.prism.impl.GlyphCache.getCachedGlyph(II)Lcom/sun/prism/impl/GlyphCache$GlyphData; @ 43 c2
Event: 38.015 Thread 0x000002342ccec600 DEOPT PACKING pc=0x0000023419a39d04 sp=0x000000c0a1efe370
Event: 38.015 Thread 0x000002342ccec600 DEOPT UNPACKING pc=0x00000234193ea5a3 sp=0x000000c0a1efe270 mode 2
Event: 38.016 Thread 0x000002342ccec600 Uncommon trap: trap_request=0xffffff45 fr.pc=0x0000023419a33d48 relative=0x00000000000000a8
Event: 38.016 Thread 0x000002342ccec600 Uncommon trap: reason=unstable_if action=reinterpret pc=0x0000023419a33d48 method=com.sun.javafx.geom.transform.AffineBase.transform(Lcom/sun/javafx/geom/Point2D;Lcom/sun/javafx/geom/Point2D;)Lcom/sun/javafx/geom/Point2D; @ 32 c2
Event: 38.016 Thread 0x000002342ccec600 DEOPT PACKING pc=0x0000023419a33d48 sp=0x000000c0a1efe140
Event: 38.016 Thread 0x000002342ccec600 DEOPT UNPACKING pc=0x00000234193ea5a3 sp=0x000000c0a1efe0d0 mode 2

Classes loaded (20 events):
Event: 1.238 Loading class java/util/concurrent/ConcurrentLinkedQueue$Node
Event: 1.238 Loading class java/util/concurrent/ConcurrentLinkedQueue$Node done
Event: 1.240 Loading class jdk/internal/ref/CleanerImpl$InnocuousThreadFactory
Event: 1.241 Loading class jdk/internal/ref/CleanerImpl$InnocuousThreadFactory done
Event: 1.244 Loading class sun/misc/Unsafe
Event: 1.244 Loading class sun/misc/Unsafe done
Event: 1.244 Loading class java/lang/invoke/DirectMethodHandle$StaticAccessor
Event: 1.245 Loading class java/lang/invoke/DirectMethodHandle$StaticAccessor done
Event: 1.260 Loading class java/nio/DirectFloatBufferU
Event: 1.260 Loading class java/nio/DirectFloatBufferU done
Event: 1.277 Loading class jdk/internal/foreign/MemorySessionImpl
Event: 1.277 Loading class jdk/internal/foreign/MemorySessionImpl done
Event: 2.452 Loading class java/util/EnumMap$Values
Event: 2.465 Loading class java/util/EnumMap$Values done
Event: 2.465 Loading class java/util/EnumMap$ValueIterator
Event: 2.465 Loading class java/util/EnumMap$EnumMapIterator
Event: 2.465 Loading class java/util/EnumMap$EnumMapIterator done
Event: 2.465 Loading class java/util/EnumMap$ValueIterator done
Event: 580.421 Loading class jdk/internal/misc/Signal$1
Event: 580.421 Loading class jdk/internal/misc/Signal$1 done

Classes unloaded (0 events):
No events

Classes redefined (0 events):
No events

Internal exceptions (20 events):
Event: 0.787 Thread 0x000002342cceab70 Exception <a 'java/lang/ClassNotFoundException'{0x000000071406aac0}: sun/util/logging/resources/spi/loggingProvider> (0x000000071406aac0) 
thrown [s\open\src\hotspot\share\classfile\systemDictionary.cpp, line 255]
Event: 0.828 Thread 0x000002342cceab70 Exception <a 'java/lang/NoSuchMethodError'{0x0000000713ea67b0}: 'void java.lang.invoke.Invokers$Holder.invokeExact_MT(java.lang.Object, java.lang.Object, java.lang.Object, java.lang.Object)'> (0x0000000713ea67b0) 
thrown [s\open\src\hotspot\share\interpreter\linkResolver.cpp, line 774]
Event: 0.883 Thread 0x000002342cceab70 Exception <a 'java/lang/NoSuchMethodError'{0x0000000713cae310}: 'void java.lang.invoke.DirectMethodHandle$Holder.invokeSpecial(java.lang.Object, java.lang.Object, double)'> (0x0000000713cae310) 
thrown [s\open\src\hotspot\share\interpreter\linkResolver.cpp, line 774]
Event: 0.884 Thread 0x000002342cceab70 Exception <a 'java/lang/NoSuchMethodError'{0x0000000713cb9128}: 'double java.lang.invoke.DelegatingMethodHandle$Holder.reinvoke_L(java.lang.Object, java.lang.Object, int)'> (0x0000000713cb9128) 
thrown [s\open\src\hotspot\share\interpreter\linkResolver.cpp, line 774]
Event: 0.885 Thread 0x000002342cceab70 Exception <a 'java/lang/NoSuchMethodError'{0x0000000713cc35f8}: 'void java.lang.invoke.DelegatingMethodHandle$Holder.reinvoke_L(java.lang.Object, java.lang.Object, double)'> (0x0000000713cc35f8) 
thrown [s\open\src\hotspot\share\interpreter\linkResolver.cpp, line 774]
Event: 0.906 Thread 0x000002342cceab70 Exception <a 'java/lang/ClassNotFoundException'{0x0000000713add758}: com/sun/glass/ui/win/themes> (0x0000000713add758) 
thrown [s\open\src\hotspot\share\prims\jni.cpp, line 536]
Event: 0.907 Thread 0x000002342cceab70 Exception <a 'java/lang/ClassNotFoundException'{0x0000000713ae5828}: com/sun/glass/ui/win/themes_ru> (0x0000000713ae5828) 
thrown [s\open\src\hotspot\share\prims\jni.cpp, line 536]
Event: 0.907 Thread 0x000002342cceab70 Exception <a 'java/lang/ClassNotFoundException'{0x0000000713ae6600}: com/sun/glass/ui/win/themes_ru_RU> (0x0000000713ae6600) 
thrown [s\open\src\hotspot\share\prims\jni.cpp, line 536]
Event: 0.953 Thread 0x000002342cceab70 Exception <a 'java/lang/NoSuchMethodError'{0x000000071363be18}: 'void java.lang.invoke.DirectMethodHandle$Holder.invokeStaticInit(java.lang.Object, java.lang.Object)'> (0x000000071363be18) 
thrown [s\open\src\hotspot\share\interpreter\linkResolver.cpp, line 774]
Event: 0.961 Thread 0x000002342cceab70 Exception <a 'java/lang/NoSuchMethodError'{0x0000000713694538}: 'void java.lang.invoke.DirectMethodHandle$Holder.invokeSpecial(java.lang.Object, java.lang.Object, int)'> (0x0000000713694538) 
thrown [s\open\src\hotspot\share\interpreter\linkResolver.cpp, line 774]
Event: 0.962 Thread 0x000002342cceab70 Exception <a 'java/lang/NoSuchMethodError'{0x000000071369b7a8}: 'void java.lang.invoke.DelegatingMethodHandle$Holder.reinvoke_L(java.lang.Object, java.lang.Object, int)'> (0x000000071369b7a8) 
thrown [s\open\src\hotspot\share\interpreter\linkResolver.cpp, line 774]
Event: 0.983 Thread 0x000002342cceab70 Implicit null exception at 0x00000234199ac84f to 0x00000234199acb14
Event: 0.989 Thread 0x000002342cceab70 Implicit null exception at 0x000002341993ef2f to 0x000002341993f0ec
Event: 1.057 Thread 0x000002342cceab70 Implicit null exception at 0x000002341999e40c to 0x000002341999ea4c
Event: 1.116 Thread 0x000002342cceab70 Exception <a 'java/lang/NoSuchMethodError'{0x0000000712d10f18}: 'java.lang.Object java.lang.invoke.DirectMethodHandle$Holder.invokeInterface(java.lang.Object, java.lang.Object, java.lang.Object)'> (0x0000000712d10f18) 
thrown [s\open\src\hotspot\share\interpreter\linkResolver.cpp, line 774]
Event: 1.116 Thread 0x000002342cceab70 Exception <a 'java/lang/IncompatibleClassChangeError'{0x0000000712d148a8}: Found class java.lang.Object, but interface was expected> (0x0000000712d148a8) 
thrown [s\open\src\hotspot\share\interpreter\linkResolver.cpp, line 841]
Event: 1.156 Thread 0x000002342cceab70 Exception <a 'java/lang/NoSuchMethodError'{0x0000000712a245b8}: 'int java.lang.invoke.DirectMethodHandle$Holder.invokeSpecial(java.lang.Object, java.lang.Object, int)'> (0x0000000712a245b8) 
thrown [s\open\src\hotspot\share\interpreter\linkResolver.cpp, line 774]
Event: 1.173 Thread 0x000002342cceab70 Exception <a 'java/lang/NoSuchMethodError'{0x0000000712aaa018}: 'java.lang.Object java.lang.invoke.DirectMethodHandle$Holder.newInvokeSpecial(java.lang.Object, java.lang.Object, int)'> (0x0000000712aaa018) 
thrown [s\open\src\hotspot\share\interpreter\linkResolver.cpp, line 774]
Event: 1.191 Thread 0x000002342ccec600 Exception <a 'java/lang/NoSuchMethodError'{0x0000000712b85cd8}: 'int java.lang.invoke.DirectMethodHandle$Holder.invokeStaticInit(java.lang.Object, java.lang.Object)'> (0x0000000712b85cd8) 
thrown [s\open\src\hotspot\share\interpreter\linkResolver.cpp, line 774]
Event: 37.987 Thread 0x000002342cceab70 Implicit null exception at 0x0000023419a47a50 to 0x0000023419a47ac0

VM Operations (20 events):
Event: 23.090 Executing VM operation: Cleanup done
Event: 25.091 Executing VM operation: Cleanup
Event: 25.091 Executing VM operation: Cleanup done
Event: 33.094 Executing VM operation: Cleanup
Event: 33.094 Executing VM operation: Cleanup done
Event: 34.094 Executing VM operation: Cleanup
Event: 34.094 Executing VM operation: Cleanup done
Event: 36.095 Executing VM operation: Cleanup
Event: 36.095 Executing VM operation: Cleanup done
Event: 38.096 Executing VM operation: Cleanup
Event: 38.096 Executing VM operation: Cleanup done
Event: 40.097 Executing VM operation: Cleanup
Event: 40.097 Executing VM operation: Cleanup done
Event: 41.097 Executing VM operation: Cleanup
Event: 41.097 Executing VM operation: Cleanup done
Event: 45.099 Executing VM operation: Cleanup
Event: 45.100 Executing VM operation: Cleanup done
Event: 82.118 Executing VM operation: Cleanup
Event: 82.118 Executing VM operation: Cleanup done
Event: 580.424 Executing VM operation: Exit

Events (20 events):
Event: 0.168 Thread 0x000002342ccea0d0 Thread added: 0x000002342ccea0d0
Event: 0.447 Thread 0x000002342ccec600 Thread added: 0x000002342ccec600
Event: 0.548 Thread 0x000002342cced0a0 Thread added: 0x000002342cced0a0
Event: 0.551 Thread 0x000002342cceab70 Thread added: 0x000002342cceab70
Event: 0.610 Thread 0x000002342ccebb60 Thread added: 0x000002342ccebb60
Event: 0.612 Thread 0x0000023432404070 Thread added: 0x0000023432404070
Event: 0.883 Thread 0x00000234324000b0 Thread added: 0x00000234324000b0
Event: 1.241 Thread 0x00000234324045c0 Thread added: 0x00000234324045c0
Event: 2.470 Thread 0x000002343155d3e0 Thread exited: 0x000002343155d3e0
Event: 2.470 Thread 0x000002343155ce60 Thread exited: 0x000002343155ce60
Event: 4.403 Thread 0x0000023431f6ffc0 Thread added: 0x0000023431f6ffc0
Event: 4.891 Thread 0x0000023431f6ffc0 Thread exited: 0x0000023431f6ffc0
Event: 37.984 Thread 0x0000023432b80810 Thread added: 0x0000023432b80810
Event: 39.139 Thread 0x0000023432b80810 Thread exited: 0x0000023432b80810
Event: 580.422 Thread 0x00000234324055b0 Thread added: 0x00000234324055b0
Event: 580.422 Thread 0x00000234323ff610 Thread added: 0x00000234323ff610
Event: 580.422 Thread 0x00000234324025e0 Thread added: 0x00000234324025e0
Event: 580.423 Thread 0x00000234323ff610 Thread exited: 0x00000234323ff610
Event: 580.424 Thread 0x00000234324025e0 Thread exited: 0x00000234324025e0
Event: 580.424 Thread 0x000002342cce5bc0 Thread exited: 0x000002342cce5bc0


Dynamic libraries:
0x00007ff6586a0000 - 0x00007ff6586ae000 	C:\Users\Алекс\.jdks\openjdk-19.0.1\bin\java.exe
0x00007ffc3ced0000 - 0x00007ffc3d0e7000 	C:\WINDOWS\SYSTEM32\ntdll.dll
0x00007ffc3c9c0000 - 0x00007ffc3ca84000 	C:\WINDOWS\System32\KERNEL32.DLL
0x00007ffc3a590000 - 0x00007ffc3a936000 	C:\WINDOWS\System32\KERNELBASE.dll
0x00007ffc3aa70000 - 0x00007ffc3ab81000 	C:\WINDOWS\System32\ucrtbase.dll
0x00007ffc01150000 - 0x00007ffc01167000 	C:\Users\Алекс\.jdks\openjdk-19.0.1\bin\jli.dll
0x00007ffc10f50000 - 0x00007ffc10f6b000 	C:\Users\Алекс\.jdks\openjdk-19.0.1\bin\VCRUNTIME140.dll
0x00007ffc3bd30000 - 0x00007ffc3bedd000 	C:\WINDOWS\System32\USER32.dll
0x00007ffc39440000 - 0x00007ffc396d3000 	C:\WINDOWS\WinSxS\amd64_microsoft.windows.common-controls_6595b64144ccf1df_6.0.22621.2361_none_2712ced57382f843\COMCTL32.dll
0x00007ffc3a250000 - 0x00007ffc3a276000 	C:\WINDOWS\System32\win32u.dll
0x00007ffc3cbe0000 - 0x00007ffc3cc87000 	C:\WINDOWS\System32\msvcrt.dll
0x00007ffc3cc90000 - 0x00007ffc3ccb9000 	C:\WINDOWS\System32\GDI32.dll
0x00007ffc3a280000 - 0x00007ffc3a398000 	C:\WINDOWS\System32\gdi32full.dll
0x00007ffc3ab90000 - 0x00007ffc3ac2a000 	C:\WINDOWS\System32\msvcp_win.dll
0x00007ffc3bee0000 - 0x00007ffc3bf11000 	C:\WINDOWS\System32\IMM32.DLL
0x00007ffc24f40000 - 0x00007ffc24f4c000 	C:\Users\Алекс\.jdks\openjdk-19.0.1\bin\vcruntime140_1.dll
0x00007ffbe0af0000 - 0x00007ffbe0b7e000 	C:\Users\Алекс\.jdks\openjdk-19.0.1\bin\msvcp140.dll
0x00007ffbd9bb0000 - 0x00007ffbda870000 	C:\Users\Алекс\.jdks\openjdk-19.0.1\bin\server\jvm.dll
0x00007ffc3bf20000 - 0x00007ffc3bfd0000 	C:\WINDOWS\System32\ADVAPI32.dll
0x00007ffc3c910000 - 0x00007ffc3c9b6000 	C:\WINDOWS\System32\sechost.dll
0x00007ffc3c770000 - 0x00007ffc3c887000 	C:\WINDOWS\System32\RPCRT4.dll
0x00007ffc1bc80000 - 0x00007ffc1bc89000 	C:\WINDOWS\SYSTEM32\WSOCK32.dll
0x00007ffc30750000 - 0x00007ffc3075a000 	C:\WINDOWS\SYSTEM32\VERSION.dll
0x00007ffc25620000 - 0x00007ffc25654000 	C:\WINDOWS\SYSTEM32\WINMM.dll
0x00007ffc3c640000 - 0x00007ffc3c6b1000 	C:\WINDOWS\System32\WS2_32.dll
0x00007ffc38e20000 - 0x00007ffc38e38000 	C:\WINDOWS\SYSTEM32\kernel.appcore.dll
0x00007ffc1a7b0000 - 0x00007ffc1a7ba000 	C:\Users\Алекс\.jdks\openjdk-19.0.1\bin\jimage.dll
0x00007ffc39b80000 - 0x00007ffc39dae000 	C:\WINDOWS\SYSTEM32\DBGHELP.DLL
0x00007ffc3c0d0000 - 0x00007ffc3c45a000 	C:\WINDOWS\System32\combase.dll
0x00007ffc3bad0000 - 0x00007ffc3bba7000 	C:\WINDOWS\System32\OLEAUT32.dll
0x00007ffc39a40000 - 0x00007ffc39a72000 	C:\WINDOWS\SYSTEM32\dbgcore.DLL
0x00007ffc3a510000 - 0x00007ffc3a58a000 	C:\WINDOWS\System32\bcryptPrimitives.dll
0x00007ffc309e0000 - 0x00007ffc309ee000 	C:\Users\Алекс\.jdks\openjdk-19.0.1\bin\instrument.dll
0x00007ffc01120000 - 0x00007ffc01146000 	C:\Users\Алекс\.jdks\openjdk-19.0.1\bin\java.dll
0x00007ffbdcbb0000 - 0x00007ffbdcc87000 	C:\Users\Алекс\.jdks\openjdk-19.0.1\bin\jsvml.dll
0x00007ffc3b270000 - 0x00007ffc3bac8000 	C:\WINDOWS\System32\SHELL32.dll
0x00007ffc377b0000 - 0x00007ffc380a2000 	C:\WINDOWS\SYSTEM32\windows.storage.dll
0x00007ffc37640000 - 0x00007ffc3777e000 	C:\WINDOWS\SYSTEM32\wintypes.dll
0x00007ffc3c460000 - 0x00007ffc3c553000 	C:\WINDOWS\System32\SHCORE.dll
0x00007ffc3c560000 - 0x00007ffc3c5be000 	C:\WINDOWS\System32\shlwapi.dll
0x00007ffc3a180000 - 0x00007ffc3a1a6000 	C:\WINDOWS\SYSTEM32\profapi.dll
0x00007ffc00350000 - 0x00007ffc00363000 	C:\Users\Алекс\.jdks\openjdk-19.0.1\bin\net.dll
0x00007ffc30d60000 - 0x00007ffc30e97000 	C:\WINDOWS\SYSTEM32\WINHTTP.dll
0x00007ffc39080000 - 0x00007ffc390e9000 	C:\WINDOWS\system32\mswsock.dll
0x00007ffbff170000 - 0x00007ffbff186000 	C:\Users\Алекс\.jdks\openjdk-19.0.1\bin\nio.dll
0x00007ffbfeb90000 - 0x00007ffbfeba8000 	C:\Users\Алекс\.jdks\openjdk-19.0.1\bin\zip.dll
0x00007ffbfeb70000 - 0x00007ffbfeb8a000 	C:\Program Files\JetBrains\IntelliJ IDEA 2022.3.1\bin\breakgen64.dll
0x0000023407ee0000 - 0x0000023407ee3000 	C:\Users\Алекс\.openjfx\cache\19+11\amd64\api-ms-win-core-console-l1-1-0.dll
0x0000023407ef0000 - 0x0000023407ef3000 	C:\Users\Алекс\.openjfx\cache\19+11\amd64\api-ms-win-core-console-l1-2-0.dll
0x0000023407f00000 - 0x0000023407f03000 	C:\Users\Алекс\.openjfx\cache\19+11\amd64\api-ms-win-core-datetime-l1-1-0.dll
0x0000023409e80000 - 0x0000023409e83000 	C:\Users\Алекс\.openjfx\cache\19+11\amd64\api-ms-win-core-debug-l1-1-0.dll
0x0000023409e90000 - 0x0000023409e93000 	C:\Users\Алекс\.openjfx\cache\19+11\amd64\api-ms-win-core-errorhandling-l1-1-0.dll
0x0000023409ea0000 - 0x0000023409ea4000 	C:\Users\Алекс\.openjfx\cache\19+11\amd64\api-ms-win-core-file-l1-1-0.dll
0x0000023409eb0000 - 0x0000023409eb3000 	C:\Users\Алекс\.openjfx\cache\19+11\amd64\api-ms-win-core-file-l1-2-0.dll
0x000002342d250000 - 0x000002342d253000 	C:\Users\Алекс\.openjfx\cache\19+11\amd64\api-ms-win-core-file-l2-1-0.dll
0x000002342d260000 - 0x000002342d263000 	C:\Users\Алекс\.openjfx\cache\19+11\amd64\api-ms-win-core-handle-l1-1-0.dll
0x000002342d270000 - 0x000002342d273000 	C:\Users\Алекс\.openjfx\cache\19+11\amd64\api-ms-win-core-heap-l1-1-0.dll
0x000002342d280000 - 0x000002342d283000 	C:\Users\Алекс\.openjfx\cache\19+11\amd64\api-ms-win-core-interlocked-l1-1-0.dll
0x000002342d290000 - 0x000002342d293000 	C:\Users\Алекс\.openjfx\cache\19+11\amd64\api-ms-win-core-libraryloader-l1-1-0.dll
0x000002342d2a0000 - 0x000002342d2a3000 	C:\Users\Алекс\.openjfx\cache\19+11\amd64\api-ms-win-core-localization-l1-2-0.dll
0x000002342d2b0000 - 0x000002342d2b3000 	C:\Users\Алекс\.openjfx\cache\19+11\amd64\api-ms-win-core-memory-l1-1-0.dll
0x000002342d2c0000 - 0x000002342d2c3000 	C:\Users\Алекс\.openjfx\cache\19+11\amd64\api-ms-win-core-namedpipe-l1-1-0.dll
0x000002342d2d0000 - 0x000002342d2d3000 	C:\Users\Алекс\.openjfx\cache\19+11\amd64\api-ms-win-core-processenvironment-l1-1-0.dll
0x000002342d2e0000 - 0x000002342d2e3000 	C:\Users\Алекс\.openjfx\cache\19+11\amd64\api-ms-win-core-processthreads-l1-1-0.dll
0x000002342d2f0000 - 0x000002342d2f3000 	C:\Users\Алекс\.openjfx\cache\19+11\amd64\api-ms-win-core-processthreads-l1-1-1.dll
0x000002342d300000 - 0x000002342d303000 	C:\Users\Алекс\.openjfx\cache\19+11\amd64\api-ms-win-core-profile-l1-1-0.dll
0x000002342d310000 - 0x000002342d313000 	C:\Users\Алекс\.openjfx\cache\19+11\amd64\api-ms-win-core-rtlsupport-l1-1-0.dll
0x000002342d320000 - 0x000002342d323000 	C:\Users\Алекс\.openjfx\cache\19+11\amd64\api-ms-win-core-string-l1-1-0.dll
0x000002342d330000 - 0x000002342d333000 	C:\Users\Алекс\.openjfx\cache\19+11\amd64\api-ms-win-core-synch-l1-1-0.dll
0x000002342d340000 - 0x000002342d343000 	C:\Users\Алекс\.openjfx\cache\19+11\amd64\api-ms-win-core-synch-l1-2-0.dll
0x000002342d350000 - 0x000002342d353000 	C:\Users\Алекс\.openjfx\cache\19+11\amd64\api-ms-win-core-sysinfo-l1-1-0.dll
0x000002342d360000 - 0x000002342d363000 	C:\Users\Алекс\.openjfx\cache\19+11\amd64\api-ms-win-core-timezone-l1-1-0.dll
0x000002342d370000 - 0x000002342d373000 	C:\Users\Алекс\.openjfx\cache\19+11\amd64\api-ms-win-core-util-l1-1-0.dll
0x000002342d380000 - 0x000002342d383000 	C:\Users\Алекс\.openjfx\cache\19+11\amd64\api-ms-win-crt-conio-l1-1-0.dll
0x000002342d390000 - 0x000002342d394000 	C:\Users\Алекс\.openjfx\cache\19+11\amd64\api-ms-win-crt-convert-l1-1-0.dll
0x000002342d3a0000 - 0x000002342d3a3000 	C:\Users\Алекс\.openjfx\cache\19+11\amd64\api-ms-win-crt-environment-l1-1-0.dll
0x000002342d3b0000 - 0x000002342d3b3000 	C:\Users\Алекс\.openjfx\cache\19+11\amd64\api-ms-win-crt-filesystem-l1-1-0.dll
0x000002342d3c0000 - 0x000002342d3c3000 	C:\Users\Алекс\.openjfx\cache\19+11\amd64\api-ms-win-crt-heap-l1-1-0.dll
0x000002342d3d0000 - 0x000002342d3d3000 	C:\Users\Алекс\.openjfx\cache\19+11\amd64\api-ms-win-crt-locale-l1-1-0.dll
0x000002342d3e0000 - 0x000002342d3e5000 	C:\Users\Алекс\.openjfx\cache\19+11\amd64\api-ms-win-crt-math-l1-1-0.dll
0x000002342d3f0000 - 0x000002342d3f5000 	C:\Users\Алекс\.openjfx\cache\19+11\amd64\api-ms-win-crt-multibyte-l1-1-0.dll
0x0000023432000000 - 0x0000023432010000 	C:\Users\Алекс\.openjfx\cache\19+11\amd64\api-ms-win-crt-private-l1-1-0.dll
0x0000023432010000 - 0x0000023432013000 	C:\Users\Алекс\.openjfx\cache\19+11\amd64\api-ms-win-crt-process-l1-1-0.dll
0x0000023432020000 - 0x0000023432024000 	C:\Users\Алекс\.openjfx\cache\19+11\amd64\api-ms-win-crt-runtime-l1-1-0.dll
0x0000023432030000 - 0x0000023432034000 	C:\Users\Алекс\.openjfx\cache\19+11\amd64\api-ms-win-crt-stdio-l1-1-0.dll
0x0000023432040000 - 0x0000023432044000 	C:\Users\Алекс\.openjfx\cache\19+11\amd64\api-ms-win-crt-string-l1-1-0.dll
0x0000023432050000 - 0x0000023432053000 	C:\Users\Алекс\.openjfx\cache\19+11\amd64\api-ms-win-crt-time-l1-1-0.dll
0x0000023432060000 - 0x0000023432063000 	C:\Users\Алекс\.openjfx\cache\19+11\amd64\api-ms-win-crt-utility-l1-1-0.dll
0x00007ffbfc790000 - 0x00007ffbfc88c000 	C:\Users\Алекс\.openjfx\cache\19+11\amd64\ucrtbase.dll
0x00007ffbfc770000 - 0x00007ffbfc78b000 	C:\Users\Алекс\.openjfx\cache\19+11\amd64\vcruntime140.dll
0x00007ffc14e80000 - 0x00007ffc14e8c000 	C:\Users\Алекс\.openjfx\cache\19+11\amd64\vcruntime140_1.dll
0x00007ffbde050000 - 0x00007ffbde0de000 	C:\Users\Алекс\.openjfx\cache\19+11\amd64\msvcp140.dll
0x00007ffc14c50000 - 0x00007ffc14c59000 	C:\Users\Алекс\.openjfx\cache\19+11\amd64\msvcp140_1.dll
0x00007ffbfc740000 - 0x00007ffbfc770000 	C:\Users\Алекс\.openjfx\cache\19+11\amd64\msvcp140_2.dll
0x00007ffbfa6d0000 - 0x00007ffbfa6fc000 	C:\Users\Алекс\.openjfx\cache\19+11\amd64\prism_d3d.dll
0x00007ffc25fe0000 - 0x00007ffc26189000 	C:\WINDOWS\system32\d3d9.dll
0x00007ffc34170000 - 0x00007ffc3419b000 	C:\WINDOWS\SYSTEM32\dwmapi.dll
0x00007ffc36940000 - 0x00007ffc36976000 	C:\WINDOWS\SYSTEM32\dxcore.dll
0x00007ffc33ef0000 - 0x00007ffc33f9b000 	C:\WINDOWS\system32\uxtheme.dll
0x00007ffbe1c40000 - 0x00007ffbe1de8000 	C:\WINDOWS\System32\DriverStore\FileRepository\iigd_dch.inf_amd64_e04d20469f199b2b\igdumdim64.dll
0x00007ffc3b0d0000 - 0x00007ffc3b26f000 	C:\WINDOWS\System32\ole32.dll
0x00007ffbcd200000 - 0x00007ffbd0e21000 	C:\WINDOWS\System32\DriverStore\FileRepository\iigd_dch.inf_amd64_e04d20469f199b2b\igd9dxva64.dll
0x00007ffc3ac30000 - 0x00007ffc3b0a4000 	C:\WINDOWS\System32\SETUPAPI.dll
0x00007ffc39f40000 - 0x00007ffc39f8e000 	C:\WINDOWS\SYSTEM32\cfgmgr32.dll
0x00007ffc2c3f0000 - 0x00007ffc2c7b8000 	C:\WINDOWS\System32\DriverStore\FileRepository\iigd_dch.inf_amd64_e04d20469f199b2b\igdgmm64.dll
0x00007ffc317f0000 - 0x00007ffc3183a000 	C:\WINDOWS\SYSTEM32\directxdatabasehelper.dll
0x00007ffbe3950000 - 0x00007ffbe3992000 	C:\Users\Алекс\.openjfx\cache\19+11\amd64\glass.dll
0x00007ffc3bfd0000 - 0x00007ffc3c0c9000 	C:\WINDOWS\System32\COMDLG32.dll
0x00007ffc3bbd0000 - 0x00007ffc3bd1c000 	C:\WINDOWS\System32\MSCTF.dll
0x00007ffc25930000 - 0x00007ffc25957000 	C:\WINDOWS\System32\DriverStore\FileRepository\iigd_dch.inf_amd64_e04d20469f199b2b\igdinfo64.dll
0x00007ffc28be0000 - 0x00007ffc2c1e5000 	C:\WINDOWS\System32\DriverStore\FileRepository\iigd_dch.inf_amd64_e04d20469f199b2b\igc64.dll
0x00007ffbf85c0000 - 0x00007ffbf85d4000 	C:\Users\Алекс\.openjfx\cache\19+11\amd64\javafx_font.dll
0x00007ffc33210000 - 0x00007ffc33483000 	C:\WINDOWS\SYSTEM32\dwrite.dll
0x00007ffc3cb30000 - 0x00007ffc3cbe0000 	C:\WINDOWS\System32\clbcatq.dll
0x00007ffc32420000 - 0x00007ffc325d0000 	C:\WINDOWS\SYSTEM32\WindowsCodecs.dll
0x00007ffc10540000 - 0x00007ffc1059e000 	C:\WINDOWS\system32\dataexchange.dll
0x00007ffc2e4e0000 - 0x00007ffc2e765000 	C:\WINDOWS\system32\twinapi.appcore.dll
0x00007ffbe9a20000 - 0x00007ffbe9a52000 	C:\Program Files\Common Files\Microsoft Shared\Ink\rtscom.dll
0x00007ffc22be0000 - 0x00007ffc22d2a000 	C:\WINDOWS\SYSTEM32\textinputframework.dll
0x00007ffc33b00000 - 0x00007ffc33c33000 	C:\WINDOWS\SYSTEM32\CoreMessaging.dll
0x00007ffc2fcd0000 - 0x00007ffc3003c000 	C:\WINDOWS\SYSTEM32\CoreUIComponents.dll
0x00007ffc39320000 - 0x00007ffc3932c000 	C:\WINDOWS\SYSTEM32\CRYPTBASE.DLL
0x00007ffc32c20000 - 0x00007ffc3320e000 	C:\WINDOWS\SYSTEM32\d2d1.dll
0x00007ffc329c0000 - 0x00007ffc32c17000 	C:\WINDOWS\SYSTEM32\d3d11.dll
0x00007ffc34060000 - 0x00007ffc34158000 	C:\WINDOWS\SYSTEM32\dxgi.dll
0x00007ffc2ed20000 - 0x00007ffc2f431000 	C:\WINDOWS\SYSTEM32\D3D10Warp.dll

dbghelp: loaded successfully - version: 4.0.5 - missing functions: none
symbol engine: initialized successfully - sym options: 0x614 - pdb path: .;C:\Users\Алекс\.jdks\openjdk-19.0.1\bin;C:\WINDOWS\SYSTEM32;C:\WINDOWS\WinSxS\amd64_microsoft.windows.common-controls_6595b64144ccf1df_6.0.22621.2361_none_2712ced57382f843;C:\Users\Алекс\.jdks\openjdk-19.0.1\bin\server;C:\Program Files\JetBrains\IntelliJ IDEA 2022.3.1\bin;C:\Users\Алекс\.openjfx\cache\19+11\amd64;C:\WINDOWS\System32\DriverStore\FileRepository\iigd_dch.inf_amd64_e04d20469f199b2b;C:\Program Files\Common Files\Microsoft Shared\Ink

VM Arguments:
jvm_args: -javaagent:C:\Program Files\JetBrains\IntelliJ IDEA 2022.3.1\lib\idea_rt.jar=65074:C:\Program Files\JetBrains\IntelliJ IDEA 2022.3.1\bin -Dfile.encoding=UTF-8 -Dsun.stdout.encoding=UTF-8 -Dsun.stderr.encoding=UTF-8 --module-path=C:\Users\Алекс\.m2\repository\org\openjfx\javafx-fxml\19\javafx-fxml-19-win.jar;C:\Users\Алекс\.m2\repository\org\openjfx\javafx-graphics\19\javafx-graphics-19-win.jar;C:\Users\Алекс\.m2\repository\org\openjfx\javafx-base\19\javafx-base-19-win.jar;C:\Users\Алекс\IdeaProjects\FirstApp\target\classes;C:\Users\Алекс\.m2\repository\org\openjfx\javafx-controls\19\javafx-controls-19-win.jar -Djdk.module.main=com.example.firstapp 
java_command: com.example.firstapp/com.example.firstapp.HelloApplication
java_class_path (initial): C:\Users\Алекс\.m2\repository\org\openjfx\javafx-controls\19\javafx-controls-19.jar;C:\Users\Алекс\.m2\repository\org\openjfx\javafx-graphics\19\javafx-graphics-19.jar;C:\Users\Алекс\.m2\repository\org\openjfx\javafx-base\19\javafx-base-19.jar;C:\Users\Алекс\.m2\repository\org\openjfx\javafx-fxml\19\javafx-fxml-19.jar
Launcher Type: SUN_STANDARD

[Global flags]
     intx CICompilerCount                          = 4                                         {product} {ergonomic}
     uint ConcGCThreads                            = 2                                         {product} {ergonomic}
     uint G1ConcRefinementThreads                  = 8                                         {product} {ergonomic}
   size_t G1HeapRegionSize                         = 2097152                                   {product} {ergonomic}
    uintx GCDrainStackTargetSize                   = 64                                        {product} {ergonomic}
   size_t InitialHeapSize                          = 264241152                                 {product} {ergonomic}
   size_t MarkStackSize                            = 4194304                                   {product} {ergonomic}
   size_t MaxHeapSize                              = 4215275520                                {product} {ergonomic}
   size_t MaxNewSize                               = 2529165312                                {product} {ergonomic}
   size_t MinHeapDeltaBytes                        = 2097152                                   {product} {ergonomic}
   size_t MinHeapSize                              = 8388608                                   {product} {ergonomic}
    uintx NonNMethodCodeHeapSize                   = 5839372                                {pd product} {ergonomic}
    uintx NonProfiledCodeHeapSize                  = 122909434                              {pd product} {ergonomic}
    uintx ProfiledCodeHeapSize                     = 122909434                              {pd product} {ergonomic}
    uintx ReservedCodeCacheSize                    = 251658240                              {pd product} {ergonomic}
     bool SegmentedCodeCache                       = true                                      {product} {ergonomic}
   size_t SoftMaxHeapSize                          = 4215275520                             {manageable} {ergonomic}
     bool UseCompressedClassPointers               = true                           {product lp64_product} {ergonomic}
     bool UseCompressedOops                        = true                           {product lp64_product} {ergonomic}
     bool UseG1GC                                  = true                                      {product} {ergonomic}
     bool UseLargePagesIndividualAllocation        = false                                  {pd product} {ergonomic}

Logging:
Log output configuration:
 #0: stdout all=off uptime,level,tags foldmultilines=false
 #1: stderr all=off uptime,level,tags foldmultilines=false

Environment Variables:
PATH=C:\WINDOWS\system32;C:\WINDOWS;C:\WINDOWS\System32\Wbem;C:\WINDOWS\System32\WindowsPowerShell\v1.0\;C:\WINDOWS\System32\OpenSSH\;C:\Program Files\Git\cmd;C:\Program Files\Cloudflare\Cloudflare WARP\;C:\Program Files\PowerShell\7\;C:\Users\Алекс\AppData\Local\Programs\Python\Python311\Scripts\;C:\Users\Алекс\AppData\Local\Programs\Python\Python311\;C:\Users\Алекс\AppData\Local\Microsoft\WindowsApps;C:\Users\Алекс\AppData\Local\GitHubDesktop\bin;C:\Users\Алекс\AppData\Local\Programs\Microsoft VS Code\bin
USERNAME=Алекс
OS=Windows_NT
PROCESSOR_IDENTIFIER=Intel64 Family 6 Model 140 Stepping 1, GenuineIntel
TMP=C:\Users\E47B~1\AppData\Local\Temp
TEMP=C:\Users\E47B~1\AppData\Local\Temp



---------------  S Y S T E M  ---------------

OS:
 Windows 11 , 64 bit Build 22621 (10.0.22621.2428)
OS uptime: 4 days 17:09 hours
Hyper-V role detected

CPU: total 8 (initial active 8) (4 cores per cpu, 2 threads per core) family 6 model 140 stepping 1 microcode 0x86, cx8, cmov, fxsr, ht, mmx, 3dnowpref, sse, sse2, sse3, ssse3, sse4.1, sse4.2, popcnt, lzcnt, tsc, tscinvbit, avx, avx2, aes, erms, clmul, bmi1, bmi2, adx, avx512f, avx512dq, avx512cd, avx512bw, avx512vl, sha, fma, vzeroupper, avx512_vpopcntdq, avx512_vpclmulqdq, avx512_vaes, avx512_vnni, clflush, clflushopt, clwb, avx512_vbmi2, avx512_vbmi, hv, rdtscp, rdpid, fsrm, gfni, avx512_bitalg

Memory: 4k page, system-wide physical 16075M (7439M free)
TotalPageFile size 17227M (AvailPageFile size 5792M)
current process WorkingSet (physical memory assigned to process): 139M, peak: 182M
current process commit charge ("private bytes"): 421M, peak: 441M

vm_info: OpenJDK 64-Bit Server VM (19.0.1+10-21) for windows-amd64 JRE (19.0.1+10-21), built on 2022-09-14T12:45:06Z by "mach5one" with MS VC++ 17.1 (VS2022)

END.
