#
# A fatal error has been detected by the Java Runtime Environment:
#
#  EXCEPTION_ACCESS_VIOLATION (0xc0000005) at pc=0x00007ffbdba363b7, pid=18352, tid=26884
#
# JRE version: OpenJDK Runtime Environment (19.0.1+10) (build 19.0.1+10-21)
# Java VM: OpenJDK 64-Bit Server VM (19.0.1+10-21, mixed mode, sharing, tiered, compressed oops, compressed class ptrs, g1 gc, windows-amd64)
# Problematic frame:
# C  [glass.dll+0x263b7]
#
# No core dump will be written. Minidumps are not enabled by default on client versions of Windows
#
# If you would like to submit a bug report, please visit:
#   https://bugreport.java.com/bugreport/crash.jsp
#

---------------  S U M M A R Y ------------

Command Line: -javaagent:C:\Program Files\JetBrains\IntelliJ IDEA 2022.3.1\lib\idea_rt.jar=59996:C:\Program Files\JetBrains\IntelliJ IDEA 2022.3.1\bin -Dfile.encoding=UTF-8 -Dsun.stdout.encoding=UTF-8 -Dsun.stderr.encoding=UTF-8 --module-path=C:\Users\Алекс\.m2\repository\org\openjfx\javafx-controls\19\javafx-controls-19-win.jar;C:\Users\Алекс\.m2\repository\org\openjfx\javafx-fxml\19\javafx-fxml-19-win.jar;C:\Users\Алекс\.m2\repository\org\openjfx\javafx-graphics\19\javafx-graphics-19-win.jar;C:\Users\Алекс\.m2\repository\org\openjfx\javafx-base\19\javafx-base-19-win.jar;C:\Users\Алекс\IdeaProjects\FirstApp\target\classes -Djdk.module.main=com.example.firstapp com.example.firstapp/com.example.firstapp.HelloApplication

Host: 11th Gen Intel(R) Core(TM) i5-11300H @ 3.10GHz, 8 cores, 15G,  Windows 11 , 64 bit Build 22621 (10.0.22621.2428)
Time: Tue Oct 31 14:48:30 2023  Windows 11 , 64 bit Build 22621 (10.0.22621.2428) elapsed time: 10.846192 seconds (0d 0h 0m 10s)

---------------  T H R E A D  ---------------

Current thread (0x0000020db1c0c270):  VMThread "VM Thread" [stack: 0x0000005e24700000,0x0000005e24800000] [id=26884]

Stack: [0x0000005e24700000,0x0000005e24800000],  sp=0x0000005e247ff3b0,  free space=1020k
Native frames: (J=compiled Java code, j=interpreted, Vv=VM code, C=native code)
C  [glass.dll+0x263b7]


siginfo: EXCEPTION_ACCESS_VIOLATION (0xc0000005), reading address 0x0000000000000000


Registers:
RAX=0x0000000000000000, RBX=0x0000020db1c1c170, RCX=0x0000020db1c0c270, RDX=0x0000005e247ff3b0
RSP=0x0000005e247ff3b0, RBP=0x0000020db64557d8, RSI=0x0000005e247ff4b8, RDI=0x0000020db64557b0
R8 =0x0000000000010002, R9 =0x0000020db64557b0, R10=0x85f13e9656da4870, R11=0x0000005e247ff340
R12=0x00007ffbdba33cf0, R13=0x00007ffbb8e372a0, R14=0x0000ef29e57552b9, R15=0x0000020db64557b0
RIP=0x00007ffbdba363b7, EFLAGS=0x0000000000010202


Register to memory mapping:

RIP=0x00007ffbdba363b7 glass.dll
RAX=0x0 is NULL
RBX=0x0000020db1c1c170 is a global jni handle
RCX=0x0000020db1c0c270 points into unknown readable memory: 0x00007ffbb8c445d8 | d8 45 c4 b8 fb 7f 00 00
RDX=0x0000005e247ff3b0 points into unknown readable memory: 0x0000000000000000 | 00 00 00 00 00 00 00 00
RSP=0x0000005e247ff3b0 points into unknown readable memory: 0x0000000000000000 | 00 00 00 00 00 00 00 00
RBP=0x0000020db64557d8 points into unknown readable memory: 0x0000ef29e57552b9 | b9 52 75 e5 29 ef 00 00
RSI=0x0000005e247ff4b8 points into unknown readable memory: 0x0000005e247ff4a0 | a0 f4 7f 24 5e 00 00 00
RDI=0x0000020db64557b0 points into unknown readable memory: 0x1000efd612c214c9 | c9 14 c2 12 d6 ef 00 10
R8 =0x0000000000010002 is an unknown value
R9 =0x0000020db64557b0 points into unknown readable memory: 0x1000efd612c214c9 | c9 14 c2 12 d6 ef 00 10
R10=0x85f13e9656da4870 is an unknown value
R11=0x0000005e247ff340 points into unknown readable memory: 0x0000020db64557b0 | b0 57 45 b6 0d 02 00 00
R12=0x00007ffbdba33cf0 glass.dll
R13=0x00007ffbb8e372a0 jvm.dll
R14=0x0000ef29e57552b9 is an unknown value
R15=0x0000020db64557b0 points into unknown readable memory: 0x1000efd612c214c9 | c9 14 c2 12 d6 ef 00 10


Top of Stack: (sp=0x0000005e247ff3b0)
0x0000005e247ff3b0:   0000000000000000 0000005e247ff4b8
0x0000005e247ff3c0:   00007ffbb8e372a0 00007ffbdba33cf0
0x0000005e247ff3d0:   0000020db64557b8 00007ffc3aac3a83
0x0000005e247ff3e0:   0000020db64557b0 0000020d00000000
0x0000005e247ff3f0:   0000020db64557d8 0000005e247ff4b8
0x0000005e247ff400:   fffffffffffffffe 0000000000000000
0x0000005e247ff410:   0000000000000001 00007ffbdba10000
0x0000005e247ff420:   0000005e247ff4a8 00007ffc3aa9006e
0x0000005e247ff430:   0000000000000000 0000005e247ff4b8
0x0000005e247ff440:   0000005e247ff7a0 0000000000000001
0x0000005e247ff450:   0000000000000001 00007ffc3aa8da1d
0x0000005e247ff460:   0000000000000000 00007ffbdba334e9
0x0000005e247ff470:   0000000000000000 0000005e247ff4a8
0x0000005e247ff480:   fffffffffffffffe 0000005e247ff700
0x0000005e247ff490:   0000000000000000 00007ffbdba33b7d
0x0000005e247ff4a0:   00007ffbdba49f88 00007ffc00000002 

Instructions: (pc=0x00007ffbdba363b7)
0x00007ffbdba362b7:   8b 4d 58 e8 7d cf ff ff 48 8b 4d 60 e8 74 cf ff
0x00007ffbdba362c7:   ff 48 8b 95 80 00 00 00 48 8b 8d 18 01 00 00 e8
0x00007ffbdba362d7:   66 c4 ff ff 33 d2 33 c9 e8 bc e1 ff ff 90 48 89
0x00007ffbdba362e7:   54 24 10 55 48 83 ec 20 48 8b ea 48 b8 00 00 00
0x00007ffbdba362f7:   00 00 00 00 00 48 83 c4 20 5d c3 cc 40 55 48 8b
0x00007ffbdba36307:   ea 48 8b 01 33 c9 81 38 05 00 00 c0 0f 94 c1 8b
0x00007ffbdba36317:   c1 5d c3 cc 40 55 48 83 ec 20 48 8b ea 8a 4d 40
0x00007ffbdba36327:   48 83 c4 20 5d e9 63 d3 ff ff cc 40 55 48 83 ec
0x00007ffbdba36337:   20 48 8b ea 8a 4d 20 e8 51 d3 ff ff 90 48 83 c4
0x00007ffbdba36347:   20 5d c3 cc 40 55 48 83 ec 20 48 8b ea 48 83 c4
0x00007ffbdba36357:   20 5d e9 b2 d1 ff ff cc 40 55 48 83 ec 30 48 8b
0x00007ffbdba36367:   ea 48 8b 01 8b 10 48 89 4c 24 28 89 54 24 20 4c
0x00007ffbdba36377:   8d 0d 53 d6 ff ff 4c 8b 45 70 8b 55 68 48 8b 4d
0x00007ffbdba36387:   60 e8 f3 d0 ff ff 90 48 83 c4 30 5d c3 cc cc cc
0x00007ffbdba36397:   cc cc cc cc cc cc cc cc cc 40 53 48 83 ec 20 48
0x00007ffbdba363a7:   8b 1d db 35 01 00 48 85 db 74 16 e8 79 8b ff ff
0x00007ffbdba363b7:   4c 8b 00 48 8b d3 48 8b c8 41 ff 90 b0 00 00 00
0x00007ffbdba363c7:   90 48 83 c4 20 5b c3 cc cc 40 53 48 83 ec 20 48
0x00007ffbdba363d7:   8b 1d 4b 37 01 00 48 85 db 74 57 b8 ff ff ff ff
0x00007ffbdba363e7:   f0 0f c1 43 10 83 f8 01 75 3d 48 85 db 74 38 48
0x00007ffbdba363f7:   8b 0b 48 85 c9 74 0d ff 15 a4 0e 00 00 48 c7 03
0x00007ffbdba36407:   00 00 00 00 48 8b 4b 08 48 85 c9 74 0d e8 23 ce
0x00007ffbdba36417:   ff ff 48 c7 43 08 00 00 00 00 ba 18 00 00 00 48
0x00007ffbdba36427:   8b cb e8 0e ce ff ff 48 c7 05 ef 36 01 00 00 00
0x00007ffbdba36437:   00 00 48 83 c4 20 5b c3 cc 40 53 48 83 ec 20 48
0x00007ffbdba36447:   8b 1d bb 36 01 00 48 85 db 74 57 b8 ff ff ff ff
0x00007ffbdba36457:   f0 0f c1 43 10 83 f8 01 75 3d 48 85 db 74 38 48
0x00007ffbdba36467:   8b 0b 48 85 c9 74 0d ff 15 34 0e 00 00 48 c7 03
0x00007ffbdba36477:   00 00 00 00 48 8b 4b 08 48 85 c9 74 0d e8 b3 cd
0x00007ffbdba36487:   ff ff 48 c7 43 08 00 00 00 00 ba 18 00 00 00 48
0x00007ffbdba36497:   8b cb e8 9e cd ff ff 48 c7 05 5f 36 01 00 00 00
0x00007ffbdba364a7:   00 00 48 83 c4 20 5b c3 cc 40 53 48 83 ec 20 48 


Stack slot to memory mapping:
stack at sp + 0 slots: 0x0 is NULL
stack at sp + 1 slots: 0x0000005e247ff4b8 points into unknown readable memory: 0x0000005e247ff4a0 | a0 f4 7f 24 5e 00 00 00
stack at sp + 2 slots: 0x00007ffbb8e372a0 jvm.dll
stack at sp + 3 slots: 0x00007ffbdba33cf0 glass.dll
stack at sp + 4 slots: 0x0000020db64557b8 points into unknown readable memory: 0x0000ef29e57552b9 | b9 52 75 e5 29 ef 00 00
stack at sp + 5 slots: 0x00007ffc3aac3a83 ucrtbase.dll
stack at sp + 6 slots: 0x0000020db64557b0 points into unknown readable memory: 0x1000efd612c214c9 | c9 14 c2 12 d6 ef 00 10
stack at sp + 7 slots: 0x0000020d00000000 is an unknown value

VM_Operation (0x0000005e252ff570): Exit, mode: safepoint, requested by thread 0x0000020db7083bb0


---------------  P R O C E S S  ---------------

Threads class SMR info:
_java_thread_list=0x0000020dc4664140, length=20, elements={
0x0000020d8e9faae0, 0x0000020db1c25790, 0x0000020db1c26550, 0x0000020db1c2c2c0,
0x0000020db1c2cf80, 0x0000020db1c30a70, 0x0000020db1c41050, 0x0000020db1c419c0,
0x0000020db1c42330, 0x0000020db60ce200, 0x0000020db6d00410, 0x0000020db6d00950,
0x0000020db6cfc670, 0x0000020db6d4a490, 0x0000020db695bdf0, 0x0000020db7082bc0,
0x0000020db7083110, 0x0000020db7084650, 0x0000020db7083660, 0x0000020db7083bb0
}

Java Threads: ( => current thread )
  0x0000020d8e9faae0 JavaThread "main" [_thread_blocked, id=8644, stack(0x0000005e24100000,0x0000005e24200000)]
  0x0000020db1c25790 JavaThread "Reference Handler" daemon [_thread_blocked, id=1564, stack(0x0000005e24800000,0x0000005e24900000)]
  0x0000020db1c26550 JavaThread "Finalizer" daemon [_thread_blocked, id=12120, stack(0x0000005e24900000,0x0000005e24a00000)]
  0x0000020db1c2c2c0 JavaThread "Attach Listener" daemon [_thread_blocked, id=3676, stack(0x0000005e24b00000,0x0000005e24c00000)]
  0x0000020db1c2cf80 JavaThread "Service Thread" daemon [_thread_blocked, id=25272, stack(0x0000005e24c00000,0x0000005e24d00000)]
  0x0000020db1c30a70 JavaThread "Monitor Deflation Thread" daemon [_thread_blocked, id=16368, stack(0x0000005e24d00000,0x0000005e24e00000)]
  0x0000020db1c41050 JavaThread "C2 CompilerThread0" daemon [_thread_blocked, id=11880, stack(0x0000005e24e00000,0x0000005e24f00000)]
  0x0000020db1c419c0 JavaThread "C1 CompilerThread0" daemon [_thread_blocked, id=16904, stack(0x0000005e24f00000,0x0000005e25000000)]
  0x0000020db1c42330 JavaThread "Sweeper thread" daemon [_thread_blocked, id=17600, stack(0x0000005e25000000,0x0000005e25100000)]
  0x0000020db60ce200 JavaThread "Common-Cleaner" daemon [_thread_blocked, id=17336, stack(0x0000005e25100000,0x0000005e25200000)]
  0x0000020db6d00410 JavaThread "Monitor Ctrl-Break" daemon [_thread_in_native, id=14948, stack(0x0000005e25400000,0x0000005e25500000)]
  0x0000020db6d00950 JavaThread "Notification Thread" daemon [_thread_blocked, id=3508, stack(0x0000005e25500000,0x0000005e25600000)]
  0x0000020db6cfc670 JavaThread "QuantumRenderer-0" daemon [_thread_blocked, id=14480, stack(0x0000005e25700000,0x0000005e25800000)]
  0x0000020db6d4a490 JavaThread "InvokeLaterDispatcher" daemon [_thread_blocked, id=20308, stack(0x0000005e25800000,0x0000005e25900000)]
  0x0000020db695bdf0 JavaThread "JavaFX Application Thread" [_thread_in_native, id=10164, stack(0x0000005e25900000,0x0000005e25a00000)]
  0x0000020db7082bc0 JavaThread "JavaFX-Launcher" [_thread_blocked, id=24068, stack(0x0000005e25e00000,0x0000005e25f00000)]
  0x0000020db7083110 JavaThread "Thread-2" daemon [_thread_in_native, id=13564, stack(0x0000005e25d00000,0x0000005e25e00000)]
  0x0000020db7084650 JavaThread "Prism Font Disposer" daemon [_thread_blocked, id=14228, stack(0x0000005e26400000,0x0000005e26500000)]
  0x0000020db7083660 JavaThread "Cleaner-0" daemon [_thread_blocked, id=6628, stack(0x0000005e26900000,0x0000005e26a00000)]
  0x0000020db7083bb0 JavaThread "SIGINT handler" daemon [_thread_blocked, id=19548, stack(0x0000005e25200000,0x0000005e25300000)]

Other Threads:
=>0x0000020db1c0c270 VMThread "VM Thread" [stack: 0x0000005e24700000,0x0000005e24800000] [id=26884]
  0x0000020d8ea6a6e0 WorkerThread "GC Thread#0" [stack: 0x0000005e24200000,0x0000005e24300000] [id=5732]
  0x0000020db7187ca0 WorkerThread "GC Thread#1" [stack: 0x0000005e25f00000,0x0000005e26000000] [id=13780]
  0x0000020db709d0c0 WorkerThread "GC Thread#2" [stack: 0x0000005e26000000,0x0000005e26100000] [id=19992]
  0x0000020db70dfc80 WorkerThread "GC Thread#3" [stack: 0x0000005e26100000,0x0000005e26200000] [id=3756]
  0x0000020db70df6e0 WorkerThread "GC Thread#4" [stack: 0x0000005e26200000,0x0000005e26300000] [id=20880]
  0x0000020db70de330 WorkerThread "GC Thread#5" [stack: 0x0000005e26300000,0x0000005e26400000] [id=23412]
  0x0000020d8ea7b320 ConcurrentGCThread "G1 Main Marker" terminated
  0x0000020d8ea7bd50 WorkerThread "G1 Conc#0" [stack: 0x0000005e24400000,0x0000005e24500000] [id=16808]
  0x0000020db1ac4170 ConcurrentGCThread "G1 Refine#0" terminated
  0x0000020db1ac4cb0 ConcurrentGCThread "G1 Service" terminated

Threads with active compile tasks:
C1 CompilerThread0  
[error occurred during error reporting (printing all threads), id 0xc0000005, EXCEPTION_ACCESS_VIOLATION (0xc0000005) at pc=0x00007ffbb8a30753]

VM state: at safepoint (shutting down)

VM Mutex/Monitor currently owned by a thread:  ([mutex/lock_event])
[0x0000020d8e9f99c0] Threads_lock - owner thread: 0x0000020db1c0c270
[0x0000020d8e9f9ed0] Heap_lock - owner thread: 0x0000020db7083bb0

Heap address: 0x0000000704c00000, size: 4020 MB, Compressed Oops mode: Zero based, Oop shift amount: 3

CDS archive(s) mapped at: [0x0000000800000000-0x0000000800c30000-0x0000000800c30000), size 12779520, SharedBaseAddress: 0x0000000800000000, ArchiveRelocationMode: 0.
Compressed class space mapped at: 0x0000000801000000-0x0000000841000000, reserved size: 1073741824
Narrow klass base: 0x0000000800000000, Narrow klass shift: 0, Narrow klass range: 0x100000000

GC Precious Log:
 CardTable entry size: 512
 Card Set container configuration: InlinePtr #cards 4 size 8 Array Of Cards #cards 16 size 48 Howl #buckets 8 coarsen threshold 3686 Howl Bitmap #cards 512 size 80 coarsen threshold 460 Card regions per heap region 1 cards per card region 4096
 CPUs: 8 total, 8 available
 Memory: 16075M
 Large Page Support: Disabled
 NUMA Support: Disabled
 Compressed Oops: Enabled (Zero based)
 Heap Region Size: 2M
 Heap Min Capacity: 8M
 Heap Initial Capacity: 252M
 Heap Max Capacity: 4020M
 Pre-touch: Disabled
 Parallel Workers: 8
 Concurrent Workers: 2
 Concurrent Refinement Workers: 8
 Periodic GC: Disabled

Heap:
 garbage-first heap   total 258048K, used 37546K [0x0000000704c00000, 0x0000000800000000)
  region size 2048K, 19 young (38912K), 2 survivors (4096K)
 Metaspace       used 14262K, committed 14592K, reserved 1114112K
  class space    used 1839K, committed 1984K, reserved 1048576K

Heap Regions: E=young(eden), S=young(survivor), O=old, HS=humongous(starts), HC=humongous(continues), CS=collection set, F=free, OA=open archive, CA=closed archive, TAMS=top-at-mark-start (previous, next)
|   0|0x0000000704c00000, 0x0000000704e00000, 0x0000000704e00000|100%|HS|  |TAMS 0x0000000704c00000, 0x0000000704c00000| Complete 
|   1|0x0000000704e00000, 0x0000000704e00000, 0x0000000705000000|  0%| F|  |TAMS 0x0000000704e00000, 0x0000000704e00000| Untracked 
|   2|0x0000000705000000, 0x0000000705000000, 0x0000000705200000|  0%| F|  |TAMS 0x0000000705000000, 0x0000000705000000| Untracked 
|   3|0x0000000705200000, 0x0000000705200000, 0x0000000705400000|  0%| F|  |TAMS 0x0000000705200000, 0x0000000705200000| Untracked 
|   4|0x0000000705400000, 0x0000000705400000, 0x0000000705600000|  0%| F|  |TAMS 0x0000000705400000, 0x0000000705400000| Untracked 
|   5|0x0000000705600000, 0x0000000705600000, 0x0000000705800000|  0%| F|  |TAMS 0x0000000705600000, 0x0000000705600000| Untracked 
|   6|0x0000000705800000, 0x0000000705800000, 0x0000000705a00000|  0%| F|  |TAMS 0x0000000705800000, 0x0000000705800000| Untracked 
|   7|0x0000000705a00000, 0x0000000705a00000, 0x0000000705c00000|  0%| F|  |TAMS 0x0000000705a00000, 0x0000000705a00000| Untracked 
|   8|0x0000000705c00000, 0x0000000705c00000, 0x0000000705e00000|  0%| F|  |TAMS 0x0000000705c00000, 0x0000000705c00000| Untracked 
|   9|0x0000000705e00000, 0x0000000705e00000, 0x0000000706000000|  0%| F|  |TAMS 0x0000000705e00000, 0x0000000705e00000| Untracked 
|  10|0x0000000706000000, 0x0000000706000000, 0x0000000706200000|  0%| F|  |TAMS 0x0000000706000000, 0x0000000706000000| Untracked 
|  11|0x0000000706200000, 0x0000000706200000, 0x0000000706400000|  0%| F|  |TAMS 0x0000000706200000, 0x0000000706200000| Untracked 
|  12|0x0000000706400000, 0x0000000706400000, 0x0000000706600000|  0%| F|  |TAMS 0x0000000706400000, 0x0000000706400000| Untracked 
|  13|0x0000000706600000, 0x0000000706600000, 0x0000000706800000|  0%| F|  |TAMS 0x0000000706600000, 0x0000000706600000| Untracked 
|  14|0x0000000706800000, 0x0000000706800000, 0x0000000706a00000|  0%| F|  |TAMS 0x0000000706800000, 0x0000000706800000| Untracked 
|  15|0x0000000706a00000, 0x0000000706a00000, 0x0000000706c00000|  0%| F|  |TAMS 0x0000000706a00000, 0x0000000706a00000| Untracked 
|  16|0x0000000706c00000, 0x0000000706c00000, 0x0000000706e00000|  0%| F|  |TAMS 0x0000000706c00000, 0x0000000706c00000| Untracked 
|  17|0x0000000706e00000, 0x0000000706e00000, 0x0000000707000000|  0%| F|  |TAMS 0x0000000706e00000, 0x0000000706e00000| Untracked 
|  18|0x0000000707000000, 0x0000000707000000, 0x0000000707200000|  0%| F|  |TAMS 0x0000000707000000, 0x0000000707000000| Untracked 
|  19|0x0000000707200000, 0x0000000707200000, 0x0000000707400000|  0%| F|  |TAMS 0x0000000707200000, 0x0000000707200000| Untracked 
|  20|0x0000000707400000, 0x0000000707400000, 0x0000000707600000|  0%| F|  |TAMS 0x0000000707400000, 0x0000000707400000| Untracked 
|  21|0x0000000707600000, 0x0000000707600000, 0x0000000707800000|  0%| F|  |TAMS 0x0000000707600000, 0x0000000707600000| Untracked 
|  22|0x0000000707800000, 0x0000000707800000, 0x0000000707a00000|  0%| F|  |TAMS 0x0000000707800000, 0x0000000707800000| Untracked 
|  23|0x0000000707a00000, 0x0000000707a00000, 0x0000000707c00000|  0%| F|  |TAMS 0x0000000707a00000, 0x0000000707a00000| Untracked 
|  24|0x0000000707c00000, 0x0000000707c00000, 0x0000000707e00000|  0%| F|  |TAMS 0x0000000707c00000, 0x0000000707c00000| Untracked 
|  25|0x0000000707e00000, 0x0000000707e00000, 0x0000000708000000|  0%| F|  |TAMS 0x0000000707e00000, 0x0000000707e00000| Untracked 
|  26|0x0000000708000000, 0x0000000708000000, 0x0000000708200000|  0%| F|  |TAMS 0x0000000708000000, 0x0000000708000000| Untracked 
|  27|0x0000000708200000, 0x0000000708200000, 0x0000000708400000|  0%| F|  |TAMS 0x0000000708200000, 0x0000000708200000| Untracked 
|  28|0x0000000708400000, 0x0000000708400000, 0x0000000708600000|  0%| F|  |TAMS 0x0000000708400000, 0x0000000708400000| Untracked 
|  29|0x0000000708600000, 0x0000000708600000, 0x0000000708800000|  0%| F|  |TAMS 0x0000000708600000, 0x0000000708600000| Untracked 
|  30|0x0000000708800000, 0x0000000708800000, 0x0000000708a00000|  0%| F|  |TAMS 0x0000000708800000, 0x0000000708800000| Untracked 
|  31|0x0000000708a00000, 0x0000000708a00000, 0x0000000708c00000|  0%| F|  |TAMS 0x0000000708a00000, 0x0000000708a00000| Untracked 
|  32|0x0000000708c00000, 0x0000000708c00000, 0x0000000708e00000|  0%| F|  |TAMS 0x0000000708c00000, 0x0000000708c00000| Untracked 
|  33|0x0000000708e00000, 0x0000000708e00000, 0x0000000709000000|  0%| F|  |TAMS 0x0000000708e00000, 0x0000000708e00000| Untracked 
|  34|0x0000000709000000, 0x0000000709000000, 0x0000000709200000|  0%| F|  |TAMS 0x0000000709000000, 0x0000000709000000| Untracked 
|  35|0x0000000709200000, 0x0000000709200000, 0x0000000709400000|  0%| F|  |TAMS 0x0000000709200000, 0x0000000709200000| Untracked 
|  36|0x0000000709400000, 0x0000000709400000, 0x0000000709600000|  0%| F|  |TAMS 0x0000000709400000, 0x0000000709400000| Untracked 
|  37|0x0000000709600000, 0x0000000709600000, 0x0000000709800000|  0%| F|  |TAMS 0x0000000709600000, 0x0000000709600000| Untracked 
|  38|0x0000000709800000, 0x0000000709800000, 0x0000000709a00000|  0%| F|  |TAMS 0x0000000709800000, 0x0000000709800000| Untracked 
|  39|0x0000000709a00000, 0x0000000709a00000, 0x0000000709c00000|  0%| F|  |TAMS 0x0000000709a00000, 0x0000000709a00000| Untracked 
|  40|0x0000000709c00000, 0x0000000709c00000, 0x0000000709e00000|  0%| F|  |TAMS 0x0000000709c00000, 0x0000000709c00000| Untracked 
|  41|0x0000000709e00000, 0x0000000709e00000, 0x000000070a000000|  0%| F|  |TAMS 0x0000000709e00000, 0x0000000709e00000| Untracked 
|  42|0x000000070a000000, 0x000000070a000000, 0x000000070a200000|  0%| F|  |TAMS 0x000000070a000000, 0x000000070a000000| Untracked 
|  43|0x000000070a200000, 0x000000070a200000, 0x000000070a400000|  0%| F|  |TAMS 0x000000070a200000, 0x000000070a200000| Untracked 
|  44|0x000000070a400000, 0x000000070a400000, 0x000000070a600000|  0%| F|  |TAMS 0x000000070a400000, 0x000000070a400000| Untracked 
|  45|0x000000070a600000, 0x000000070a600000, 0x000000070a800000|  0%| F|  |TAMS 0x000000070a600000, 0x000000070a600000| Untracked 
|  46|0x000000070a800000, 0x000000070a800000, 0x000000070aa00000|  0%| F|  |TAMS 0x000000070a800000, 0x000000070a800000| Untracked 
|  47|0x000000070aa00000, 0x000000070aa00000, 0x000000070ac00000|  0%| F|  |TAMS 0x000000070aa00000, 0x000000070aa00000| Untracked 
|  48|0x000000070ac00000, 0x000000070ac00000, 0x000000070ae00000|  0%| F|  |TAMS 0x000000070ac00000, 0x000000070ac00000| Untracked 
|  49|0x000000070ae00000, 0x000000070ae00000, 0x000000070b000000|  0%| F|  |TAMS 0x000000070ae00000, 0x000000070ae00000| Untracked 
|  50|0x000000070b000000, 0x000000070b000000, 0x000000070b200000|  0%| F|  |TAMS 0x000000070b000000, 0x000000070b000000| Untracked 
|  51|0x000000070b200000, 0x000000070b200000, 0x000000070b400000|  0%| F|  |TAMS 0x000000070b200000, 0x000000070b200000| Untracked 
|  52|0x000000070b400000, 0x000000070b400000, 0x000000070b600000|  0%| F|  |TAMS 0x000000070b400000, 0x000000070b400000| Untracked 
|  53|0x000000070b600000, 0x000000070b600000, 0x000000070b800000|  0%| F|  |TAMS 0x000000070b600000, 0x000000070b600000| Untracked 
|  54|0x000000070b800000, 0x000000070b800000, 0x000000070ba00000|  0%| F|  |TAMS 0x000000070b800000, 0x000000070b800000| Untracked 
|  55|0x000000070ba00000, 0x000000070ba00000, 0x000000070bc00000|  0%| F|  |TAMS 0x000000070ba00000, 0x000000070ba00000| Untracked 
|  56|0x000000070bc00000, 0x000000070bc00000, 0x000000070be00000|  0%| F|  |TAMS 0x000000070bc00000, 0x000000070bc00000| Untracked 
|  57|0x000000070be00000, 0x000000070be00000, 0x000000070c000000|  0%| F|  |TAMS 0x000000070be00000, 0x000000070be00000| Untracked 
|  58|0x000000070c000000, 0x000000070c000000, 0x000000070c200000|  0%| F|  |TAMS 0x000000070c000000, 0x000000070c000000| Untracked 
|  59|0x000000070c200000, 0x000000070c200000, 0x000000070c400000|  0%| F|  |TAMS 0x000000070c200000, 0x000000070c200000| Untracked 
|  60|0x000000070c400000, 0x000000070c400000, 0x000000070c600000|  0%| F|  |TAMS 0x000000070c400000, 0x000000070c400000| Untracked 
|  61|0x000000070c600000, 0x000000070c600000, 0x000000070c800000|  0%| F|  |TAMS 0x000000070c600000, 0x000000070c600000| Untracked 
|  62|0x000000070c800000, 0x000000070c800000, 0x000000070ca00000|  0%| F|  |TAMS 0x000000070c800000, 0x000000070c800000| Untracked 
|  63|0x000000070ca00000, 0x000000070ca00000, 0x000000070cc00000|  0%| F|  |TAMS 0x000000070ca00000, 0x000000070ca00000| Untracked 
|  64|0x000000070cc00000, 0x000000070cc00000, 0x000000070ce00000|  0%| F|  |TAMS 0x000000070cc00000, 0x000000070cc00000| Untracked 
|  65|0x000000070ce00000, 0x000000070ce00000, 0x000000070d000000|  0%| F|  |TAMS 0x000000070ce00000, 0x000000070ce00000| Untracked 
|  66|0x000000070d000000, 0x000000070d000000, 0x000000070d200000|  0%| F|  |TAMS 0x000000070d000000, 0x000000070d000000| Untracked 
|  67|0x000000070d200000, 0x000000070d200000, 0x000000070d400000|  0%| F|  |TAMS 0x000000070d200000, 0x000000070d200000| Untracked 
|  68|0x000000070d400000, 0x000000070d400000, 0x000000070d600000|  0%| F|  |TAMS 0x000000070d400000, 0x000000070d400000| Untracked 
|  69|0x000000070d600000, 0x000000070d600000, 0x000000070d800000|  0%| F|  |TAMS 0x000000070d600000, 0x000000070d600000| Untracked 
|  70|0x000000070d800000, 0x000000070d800000, 0x000000070da00000|  0%| F|  |TAMS 0x000000070d800000, 0x000000070d800000| Untracked 
|  71|0x000000070da00000, 0x000000070da00000, 0x000000070dc00000|  0%| F|  |TAMS 0x000000070da00000, 0x000000070da00000| Untracked 
|  72|0x000000070dc00000, 0x000000070dc00000, 0x000000070de00000|  0%| F|  |TAMS 0x000000070dc00000, 0x000000070dc00000| Untracked 
|  73|0x000000070de00000, 0x000000070de00000, 0x000000070e000000|  0%| F|  |TAMS 0x000000070de00000, 0x000000070de00000| Untracked 
|  74|0x000000070e000000, 0x000000070e000000, 0x000000070e200000|  0%| F|  |TAMS 0x000000070e000000, 0x000000070e000000| Untracked 
|  75|0x000000070e200000, 0x000000070e200000, 0x000000070e400000|  0%| F|  |TAMS 0x000000070e200000, 0x000000070e200000| Untracked 
|  76|0x000000070e400000, 0x000000070e400000, 0x000000070e600000|  0%| F|  |TAMS 0x000000070e400000, 0x000000070e400000| Untracked 
|  77|0x000000070e600000, 0x000000070e600000, 0x000000070e800000|  0%| F|  |TAMS 0x000000070e600000, 0x000000070e600000| Untracked 
|  78|0x000000070e800000, 0x000000070e800000, 0x000000070ea00000|  0%| F|  |TAMS 0x000000070e800000, 0x000000070e800000| Untracked 
|  79|0x000000070ea00000, 0x000000070ea00000, 0x000000070ec00000|  0%| F|  |TAMS 0x000000070ea00000, 0x000000070ea00000| Untracked 
|  80|0x000000070ec00000, 0x000000070ec00000, 0x000000070ee00000|  0%| F|  |TAMS 0x000000070ec00000, 0x000000070ec00000| Untracked 
|  81|0x000000070ee00000, 0x000000070ee00000, 0x000000070f000000|  0%| F|  |TAMS 0x000000070ee00000, 0x000000070ee00000| Untracked 
|  82|0x000000070f000000, 0x000000070f000000, 0x000000070f200000|  0%| F|  |TAMS 0x000000070f000000, 0x000000070f000000| Untracked 
|  83|0x000000070f200000, 0x000000070f200000, 0x000000070f400000|  0%| F|  |TAMS 0x000000070f200000, 0x000000070f200000| Untracked 
|  84|0x000000070f400000, 0x000000070f400000, 0x000000070f600000|  0%| F|  |TAMS 0x000000070f400000, 0x000000070f400000| Untracked 
|  85|0x000000070f600000, 0x000000070f600000, 0x000000070f800000|  0%| F|  |TAMS 0x000000070f600000, 0x000000070f600000| Untracked 
|  86|0x000000070f800000, 0x000000070f800000, 0x000000070fa00000|  0%| F|  |TAMS 0x000000070f800000, 0x000000070f800000| Untracked 
|  87|0x000000070fa00000, 0x000000070fa00000, 0x000000070fc00000|  0%| F|  |TAMS 0x000000070fa00000, 0x000000070fa00000| Untracked 
|  88|0x000000070fc00000, 0x000000070fc00000, 0x000000070fe00000|  0%| F|  |TAMS 0x000000070fc00000, 0x000000070fc00000| Untracked 
|  89|0x000000070fe00000, 0x000000070fe00000, 0x0000000710000000|  0%| F|  |TAMS 0x000000070fe00000, 0x000000070fe00000| Untracked 
|  90|0x0000000710000000, 0x0000000710000000, 0x0000000710200000|  0%| F|  |TAMS 0x0000000710000000, 0x0000000710000000| Untracked 
|  91|0x0000000710200000, 0x0000000710200000, 0x0000000710400000|  0%| F|  |TAMS 0x0000000710200000, 0x0000000710200000| Untracked 
|  92|0x0000000710400000, 0x0000000710400000, 0x0000000710600000|  0%| F|  |TAMS 0x0000000710400000, 0x0000000710400000| Untracked 
|  93|0x0000000710600000, 0x0000000710600000, 0x0000000710800000|  0%| F|  |TAMS 0x0000000710600000, 0x0000000710600000| Untracked 
|  94|0x0000000710800000, 0x0000000710800000, 0x0000000710a00000|  0%| F|  |TAMS 0x0000000710800000, 0x0000000710800000| Untracked 
|  95|0x0000000710a00000, 0x0000000710a00000, 0x0000000710c00000|  0%| F|  |TAMS 0x0000000710a00000, 0x0000000710a00000| Untracked 
|  96|0x0000000710c00000, 0x0000000710c00000, 0x0000000710e00000|  0%| F|  |TAMS 0x0000000710c00000, 0x0000000710c00000| Untracked 
|  97|0x0000000710e00000, 0x0000000710e00000, 0x0000000711000000|  0%| F|  |TAMS 0x0000000710e00000, 0x0000000710e00000| Untracked 
|  98|0x0000000711000000, 0x0000000711000000, 0x0000000711200000|  0%| F|  |TAMS 0x0000000711000000, 0x0000000711000000| Untracked 
|  99|0x0000000711200000, 0x0000000711200000, 0x0000000711400000|  0%| F|  |TAMS 0x0000000711200000, 0x0000000711200000| Untracked 
| 100|0x0000000711400000, 0x0000000711400000, 0x0000000711600000|  0%| F|  |TAMS 0x0000000711400000, 0x0000000711400000| Untracked 
| 101|0x0000000711600000, 0x0000000711600000, 0x0000000711800000|  0%| F|  |TAMS 0x0000000711600000, 0x0000000711600000| Untracked 
| 102|0x0000000711800000, 0x0000000711800000, 0x0000000711a00000|  0%| F|  |TAMS 0x0000000711800000, 0x0000000711800000| Untracked 
| 103|0x0000000711a00000, 0x0000000711a00000, 0x0000000711c00000|  0%| F|  |TAMS 0x0000000711a00000, 0x0000000711a00000| Untracked 
| 104|0x0000000711c00000, 0x0000000711c00000, 0x0000000711e00000|  0%| F|  |TAMS 0x0000000711c00000, 0x0000000711c00000| Untracked 
| 105|0x0000000711e00000, 0x0000000711e00000, 0x0000000712000000|  0%| F|  |TAMS 0x0000000711e00000, 0x0000000711e00000| Untracked 
| 106|0x0000000712000000, 0x0000000712000000, 0x0000000712200000|  0%| F|  |TAMS 0x0000000712000000, 0x0000000712000000| Untracked 
| 107|0x0000000712200000, 0x000000071225cae0, 0x0000000712400000| 18%| E|  |TAMS 0x0000000712200000, 0x0000000712200000| Complete 
| 108|0x0000000712400000, 0x0000000712600000, 0x0000000712600000|100%| E|CS|TAMS 0x0000000712400000, 0x0000000712400000| Complete 
| 109|0x0000000712600000, 0x0000000712800000, 0x0000000712800000|100%| E|CS|TAMS 0x0000000712600000, 0x0000000712600000| Complete 
| 110|0x0000000712800000, 0x0000000712a00000, 0x0000000712a00000|100%| E|CS|TAMS 0x0000000712800000, 0x0000000712800000| Complete 
| 111|0x0000000712a00000, 0x0000000712c00000, 0x0000000712c00000|100%| E|CS|TAMS 0x0000000712a00000, 0x0000000712a00000| Complete 
| 112|0x0000000712c00000, 0x0000000712e00000, 0x0000000712e00000|100%| E|CS|TAMS 0x0000000712c00000, 0x0000000712c00000| Complete 
| 113|0x0000000712e00000, 0x0000000712eaaa80, 0x0000000713000000| 33%| S|CS|TAMS 0x0000000712e00000, 0x0000000712e00000| Complete 
| 114|0x0000000713000000, 0x0000000713200000, 0x0000000713200000|100%| S|CS|TAMS 0x0000000713000000, 0x0000000713000000| Complete 
| 115|0x0000000713200000, 0x0000000713400000, 0x0000000713400000|100%| E|CS|TAMS 0x0000000713200000, 0x0000000713200000| Complete 
| 116|0x0000000713400000, 0x0000000713600000, 0x0000000713600000|100%| E|CS|TAMS 0x0000000713400000, 0x0000000713400000| Complete 
| 117|0x0000000713600000, 0x0000000713800000, 0x0000000713800000|100%| E|CS|TAMS 0x0000000713600000, 0x0000000713600000| Complete 
| 118|0x0000000713800000, 0x0000000713a00000, 0x0000000713a00000|100%| E|CS|TAMS 0x0000000713800000, 0x0000000713800000| Complete 
| 119|0x0000000713a00000, 0x0000000713c00000, 0x0000000713c00000|100%| E|CS|TAMS 0x0000000713a00000, 0x0000000713a00000| Complete 
| 120|0x0000000713c00000, 0x0000000713e00000, 0x0000000713e00000|100%| E|CS|TAMS 0x0000000713c00000, 0x0000000713c00000| Complete 
| 121|0x0000000713e00000, 0x0000000714000000, 0x0000000714000000|100%| E|CS|TAMS 0x0000000713e00000, 0x0000000713e00000| Complete 
| 122|0x0000000714000000, 0x0000000714200000, 0x0000000714200000|100%| E|CS|TAMS 0x0000000714000000, 0x0000000714000000| Complete 
| 123|0x0000000714200000, 0x0000000714400000, 0x0000000714400000|100%| E|CS|TAMS 0x0000000714200000, 0x0000000714200000| Complete 
| 124|0x0000000714400000, 0x0000000714600000, 0x0000000714600000|100%| E|CS|TAMS 0x0000000714400000, 0x0000000714400000| Complete 
| 125|0x0000000714600000, 0x0000000714800000, 0x0000000714800000|100%| E|CS|TAMS 0x0000000714600000, 0x0000000714600000| Complete 

Card table byte_map: [0x0000020da6470000,0x0000020da6c50000] _byte_map_base: 0x0000020da2c4a000

Marking Bits (Prev, Next): (CMBitMap*) 0x0000020d8ea6ad10, (CMBitMap*) 0x0000020d8ea6ad50
 Prev Bits: [0x0000020da7430000, 0x0000020dab300000)
 Next Bits: [0x0000020dab300000, 0x0000020daf1d0000)

Polling page: 0x0000020d8c920000

Metaspace:

Usage:
  Non-class:     12.13 MB used.
      Class:      1.80 MB used.
       Both:     13.93 MB used.

Virtual space:
  Non-class space:       64.00 MB reserved,      12.31 MB ( 19%) committed,  1 nodes.
      Class space:        1.00 GB reserved,       1.94 MB ( <1%) committed,  1 nodes.
             Both:        1.06 GB reserved,      14.25 MB (  1%) committed. 

Chunk freelists:
   Non-Class:  3.27 MB
       Class:  2.03 MB
        Both:  5.30 MB

MaxMetaspaceSize: unlimited
CompressedClassSpaceSize: 1.00 GB
Initial GC threshold: 21.00 MB
Current GC threshold: 21.00 MB
CDS: on
MetaspaceReclaimPolicy: balanced
 - commit_granule_bytes: 65536.
 - commit_granule_words: 8192.
 - virtual_space_node_default_size: 8388608.
 - enlarge_chunks_in_place: 1.
 - new_chunks_are_fully_committed: 0.
 - uncommit_free_chunks: 1.
 - use_allocation_guard: 0.


Internal statistics:

num_allocs_failed_limit: 0.
num_arena_births: 362.
num_arena_deaths: 0.
num_vsnodes_births: 2.
num_vsnodes_deaths: 0.
num_space_committed: 228.
num_space_uncommitted: 0.
num_chunks_returned_to_freelist: 0.
num_chunks_taken_from_freelist: 779.
num_chunk_merges: 0.
num_chunk_splits: 539.
num_chunks_enlarged: 403.
num_inconsistent_stats: 0.

CodeHeap 'non-profiled nmethods': size=120000Kb used=1185Kb max_used=1185Kb free=118814Kb
 bounds [0x0000020d9e420000, 0x0000020d9e690000, 0x0000020da5950000]
CodeHeap 'profiled nmethods': size=120000Kb used=4141Kb max_used=4141Kb free=115858Kb
 bounds [0x0000020d96950000, 0x0000020d96d60000, 0x0000020d9de80000]
CodeHeap 'non-nmethods': size=5760Kb used=1522Kb max_used=1562Kb free=4237Kb
 bounds [0x0000020d9de80000, 0x0000020d9e0f0000, 0x0000020d9e420000]
 total_blobs=3217 nmethods=2425 adapters=702
 compilation: enabled
              stopped_count=0, restarted_count=0
 full_count=0

Compilation events (20 events):
Event: 4.754 Thread 0x0000020db1c419c0 nmethod 2417 0x0000020d96d57210 code [0x0000020d96d57400, 0x0000020d96d57958]
Event: 4.791 Thread 0x0000020db1c419c0 2418       3       com.sun.javafx.collections.VetoableListDecorator$ModCountAccessorImpl::get (8 bytes)
Event: 4.791 Thread 0x0000020db1c419c0 nmethod 2418 0x0000020d96d57b10 code [0x0000020d96d57ca0, 0x0000020d96d57db8]
Event: 4.814 Thread 0x0000020db1c419c0 2419       3       com.sun.javafx.collections.VetoableListDecorator$VetoableIteratorDecorator::checkForComodification (25 bytes)
Event: 4.815 Thread 0x0000020db1c419c0 nmethod 2419 0x0000020d96d57e90 code [0x0000020d96d58060, 0x0000020d96d58348]
Event: 5.172 Thread 0x0000020db1c419c0 2420       3       javafx.scene.input.MouseEvent::copyFor (7 bytes)
Event: 5.172 Thread 0x0000020db1c419c0 nmethod 2420 0x0000020d96d58510 code [0x0000020d96d586c0, 0x0000020d96d58888]
Event: 5.193 Thread 0x0000020db1c41050 2421       4       com.sun.javafx.collections.ObservableListWrapper::size (10 bytes)
Event: 5.193 Thread 0x0000020db1c41050 nmethod 2421 0x0000020d9e547b90 code [0x0000020d9e547d20, 0x0000020d9e547dd8]
Event: 5.200 Thread 0x0000020db1c419c0 2422       3       javafx.scene.Node::getViewOrder (19 bytes)
Event: 5.200 Thread 0x0000020db1c419c0 nmethod 2422 0x0000020d96d58910 code [0x0000020d96d58ae0, 0x0000020d96d58d28]
Event: 5.207 Thread 0x0000020db1c419c0 2423       3       com.sun.javafx.collections.VetoableListDecorator$VetoableIteratorDecorator::hasNext (14 bytes)
Event: 5.209 Thread 0x0000020db1c419c0 nmethod 2423 0x0000020d96d58e10 code [0x0000020d96d58fe0, 0x0000020d96d593f8]
Event: 5.227 Thread 0x0000020db1c419c0 2424       3       java.util.concurrent.locks.ReentrantLock::isHeldByCurrentThread (8 bytes)
Event: 5.227 Thread 0x0000020db1c419c0 nmethod 2424 0x0000020d96d59610 code [0x0000020d96d597c0, 0x0000020d96d599d8]
Event: 5.227 Thread 0x0000020db1c419c0 2425       3       com.sun.javafx.geom.transform.Identity::inverseDeltaTransform (20 bytes)
Event: 5.227 Thread 0x0000020db1c419c0 nmethod 2425 0x0000020d96d59a90 code [0x0000020d96d59c60, 0x0000020d96d5a038]
Event: 5.241 Thread 0x0000020db1c419c0 2426   !   3       com.sun.javafx.tk.quantum.QuantumToolkit::runWithoutRenderLock (49 bytes)
Event: 5.241 Thread 0x0000020db1c419c0 nmethod 2426 0x0000020d96d5a210 code [0x0000020d96d5a480, 0x0000020d96d5b108]
Event: 10.498 Thread 0x0000020db1c419c0 2428       3       com.sun.javafx.font.FontStrikeDesc::hashCode (68 bytes)

GC Heap History (2 events):
Event: 0.515 GC heap before
{Heap before GC invocations=0 (full 0):
 garbage-first heap   total 258048K, used 20480K [0x0000000704c00000, 0x0000000800000000)
  region size 2048K, 11 young (22528K), 0 survivors (0K)
 Metaspace       used 5304K, committed 5504K, reserved 1114112K
  class space    used 604K, committed 704K, reserved 1048576K
}
Event: 0.518 GC heap after
{Heap after GC invocations=1 (full 0):
 garbage-first heap   total 258048K, used 2730K [0x0000000704c00000, 0x0000000800000000)
  region size 2048K, 2 young (4096K), 2 survivors (4096K)
 Metaspace       used 5304K, committed 5504K, reserved 1114112K
  class space    used 604K, committed 704K, reserved 1048576K
}

Dll operation events (20 events):
Event: 0.305 Loaded shared library C:\Users\Алекс\.openjfx\cache\19+11\amd64\api-ms-win-crt-locale-l1-1-0.dll
Event: 0.307 Loaded shared library C:\Users\Алекс\.openjfx\cache\19+11\amd64\api-ms-win-crt-math-l1-1-0.dll
Event: 0.309 Loaded shared library C:\Users\Алекс\.openjfx\cache\19+11\amd64\api-ms-win-crt-multibyte-l1-1-0.dll
Event: 0.311 Loaded shared library C:\Users\Алекс\.openjfx\cache\19+11\amd64\api-ms-win-crt-private-l1-1-0.dll
Event: 0.313 Loaded shared library C:\Users\Алекс\.openjfx\cache\19+11\amd64\api-ms-win-crt-process-l1-1-0.dll
Event: 0.315 Loaded shared library C:\Users\Алекс\.openjfx\cache\19+11\amd64\api-ms-win-crt-runtime-l1-1-0.dll
Event: 0.317 Loaded shared library C:\Users\Алекс\.openjfx\cache\19+11\amd64\api-ms-win-crt-stdio-l1-1-0.dll
Event: 0.319 Loaded shared library C:\Users\Алекс\.openjfx\cache\19+11\amd64\api-ms-win-crt-string-l1-1-0.dll
Event: 0.321 Loaded shared library C:\Users\Алекс\.openjfx\cache\19+11\amd64\api-ms-win-crt-time-l1-1-0.dll
Event: 0.323 Loaded shared library C:\Users\Алекс\.openjfx\cache\19+11\amd64\api-ms-win-crt-utility-l1-1-0.dll
Event: 0.335 Loaded shared library C:\Users\Алекс\.openjfx\cache\19+11\amd64\ucrtbase.dll
Event: 0.340 Loaded shared library C:\Users\Алекс\.openjfx\cache\19+11\amd64\vcruntime140.dll
Event: 0.343 Loaded shared library C:\Users\Алекс\.openjfx\cache\19+11\amd64\vcruntime140_1.dll
Event: 0.350 Loaded shared library C:\Users\Алекс\.openjfx\cache\19+11\amd64\msvcp140.dll
Event: 0.353 Loaded shared library C:\Users\Алекс\.openjfx\cache\19+11\amd64\msvcp140_1.dll
Event: 0.357 Loaded shared library C:\Users\Алекс\.openjfx\cache\19+11\amd64\msvcp140_2.dll
Event: 0.388 Loaded shared library C:\Users\Алекс\.openjfx\cache\19+11\amd64\prism_d3d.dll
Event: 0.427 Loaded shared library C:\Users\Алекс\.openjfx\cache\19+11\amd64\glass.dll
Event: 0.505 Loaded shared library C:\Users\Алекс\.jdks\openjdk-19.0.1\bin\jimage.dll
Event: 0.658 Loaded shared library C:\Users\Алекс\.openjfx\cache\19+11\amd64\javafx_font.dll

Deoptimization events (20 events):
Event: 2.511 Thread 0x0000020db695bdf0 DEOPT PACKING pc=0x0000020d9e4e0f6c sp=0x0000005e259fc100
Event: 2.511 Thread 0x0000020db695bdf0 DEOPT UNPACKING pc=0x0000020d9deea5a3 sp=0x0000005e259fc0b8 mode 2
Event: 2.511 Thread 0x0000020db695bdf0 Uncommon trap: trap_request=0xffffffc6 fr.pc=0x0000020d9e4e1e6c relative=0x000000000000086c
Event: 2.511 Thread 0x0000020db695bdf0 Uncommon trap: reason=bimorphic_or_optimized_type_check action=maybe_recompile pc=0x0000020d9e4e1e6c method=java.util.regex.Pattern$Start.match(Ljava/util/regex/Matcher;ILjava/lang/CharSequence;)Z @ 44 c2
Event: 2.511 Thread 0x0000020db695bdf0 DEOPT PACKING pc=0x0000020d9e4e1e6c sp=0x0000005e259fc670
Event: 2.511 Thread 0x0000020db695bdf0 DEOPT UNPACKING pc=0x0000020d9deea5a3 sp=0x0000005e259fc5e0 mode 2
Event: 2.511 Thread 0x0000020db695bdf0 Uncommon trap: trap_request=0xffffffc6 fr.pc=0x0000020d9e4e0f6c relative=0x000000000000038c
Event: 2.511 Thread 0x0000020db695bdf0 Uncommon trap: reason=bimorphic_or_optimized_type_check action=maybe_recompile pc=0x0000020d9e4e0f6c method=java.util.regex.Pattern$BmpCharPropertyGreedy.match(Ljava/util/regex/Matcher;ILjava/lang/CharSequence;)Z @ 26 c2
Event: 2.511 Thread 0x0000020db695bdf0 DEOPT PACKING pc=0x0000020d9e4e0f6c sp=0x0000005e259fc100
Event: 2.511 Thread 0x0000020db695bdf0 DEOPT UNPACKING pc=0x0000020d9deea5a3 sp=0x0000005e259fc0b8 mode 2
Event: 2.511 Thread 0x0000020db695bdf0 Uncommon trap: trap_request=0xffffffc6 fr.pc=0x0000020d9e4e1e6c relative=0x000000000000086c
Event: 2.511 Thread 0x0000020db695bdf0 Uncommon trap: reason=bimorphic_or_optimized_type_check action=maybe_recompile pc=0x0000020d9e4e1e6c method=java.util.regex.Pattern$Start.match(Ljava/util/regex/Matcher;ILjava/lang/CharSequence;)Z @ 44 c2
Event: 2.511 Thread 0x0000020db695bdf0 DEOPT PACKING pc=0x0000020d9e4e1e6c sp=0x0000005e259fc670
Event: 2.511 Thread 0x0000020db695bdf0 DEOPT UNPACKING pc=0x0000020d9deea5a3 sp=0x0000005e259fc5e0 mode 2
Event: 2.511 Thread 0x0000020db695bdf0 Uncommon trap: trap_request=0xffffffc6 fr.pc=0x0000020d9e4e0f6c relative=0x000000000000038c
Event: 2.511 Thread 0x0000020db695bdf0 Uncommon trap: reason=bimorphic_or_optimized_type_check action=maybe_recompile pc=0x0000020d9e4e0f6c method=java.util.regex.Pattern$BmpCharPropertyGreedy.match(Ljava/util/regex/Matcher;ILjava/lang/CharSequence;)Z @ 26 c2
Event: 2.511 Thread 0x0000020db695bdf0 DEOPT PACKING pc=0x0000020d9e4e0f6c sp=0x0000005e259fc100
Event: 2.511 Thread 0x0000020db695bdf0 DEOPT UNPACKING pc=0x0000020d9deea5a3 sp=0x0000005e259fc0b8 mode 2
Event: 3.961 Thread 0x0000020db6cfc670 DEOPT PACKING pc=0x0000020d96cd6459 sp=0x0000005e257fe3a0
Event: 3.961 Thread 0x0000020db6cfc670 DEOPT UNPACKING pc=0x0000020d9deeb0e3 sp=0x0000005e257fd7d8 mode 0

Classes loaded (20 events):
Event: 1.115 Loading class sun/util/resources/cldr/TimeZoneNames_en
Event: 1.115 Loading class sun/util/resources/cldr/TimeZoneNames_en done
Event: 1.115 Loading class sun/util/resources/cldr/TimeZoneNames_en_US
Event: 1.115 Loading class sun/util/resources/cldr/TimeZoneNames_en_US done
Event: 1.116 Loading class sun/util/cldr/CLDRBaseLocaleDataMetaInfo$TZCanonicalIDMapHolder
Event: 1.117 Loading class sun/util/cldr/CLDRBaseLocaleDataMetaInfo$TZCanonicalIDMapHolder done
Event: 1.119 Loading class sun/util/resources/TimeZoneNames
Event: 1.119 Loading class sun/util/resources/TimeZoneNames done
Event: 1.119 Loading class sun/util/resources/TimeZoneNames_en
Event: 1.120 Loading class sun/util/resources/TimeZoneNames_en done
Event: 1.539 Loading class java/util/EnumMap$Values
Event: 1.539 Loading class java/util/EnumMap$Values done
Event: 1.540 Loading class java/util/EnumMap$ValueIterator
Event: 1.540 Loading class java/util/EnumMap$EnumMapIterator
Event: 1.540 Loading class java/util/EnumMap$EnumMapIterator done
Event: 1.540 Loading class java/util/EnumMap$ValueIterator done
Event: 2.413 Loading class java/io/UnsupportedEncodingException
Event: 2.414 Loading class java/io/UnsupportedEncodingException done
Event: 10.497 Loading class jdk/internal/misc/Signal$1
Event: 10.497 Loading class jdk/internal/misc/Signal$1 done

Classes unloaded (0 events):
No events

Classes redefined (0 events):
No events

Internal exceptions (20 events):
Event: 0.675 Thread 0x0000020db695bdf0 Exception <a 'java/lang/NoSuchMethodError'{0x0000000713c64498}: 'double java.lang.invoke.DelegatingMethodHandle$Holder.reinvoke_L(java.lang.Object, java.lang.Object, int)'> (0x0000000713c64498) 
thrown [s\open\src\hotspot\share\interpreter\linkResolver.cpp, line 774]
Event: 0.676 Thread 0x0000020db695bdf0 Exception <a 'java/lang/NoSuchMethodError'{0x0000000713c6e968}: 'void java.lang.invoke.DelegatingMethodHandle$Holder.reinvoke_L(java.lang.Object, java.lang.Object, double)'> (0x0000000713c6e968) 
thrown [s\open\src\hotspot\share\interpreter\linkResolver.cpp, line 774]
Event: 0.695 Thread 0x0000020db695bdf0 Exception <a 'java/lang/ClassNotFoundException'{0x0000000713a6a680}: com/sun/glass/ui/win/themes> (0x0000000713a6a680) 
thrown [s\open\src\hotspot\share\prims\jni.cpp, line 536]
Event: 0.696 Thread 0x0000020db695bdf0 Exception <a 'java/lang/ClassNotFoundException'{0x0000000713a6e740}: com/sun/glass/ui/win/themes_ru> (0x0000000713a6e740) 
thrown [s\open\src\hotspot\share\prims\jni.cpp, line 536]
Event: 0.696 Thread 0x0000020db695bdf0 Exception <a 'java/lang/ClassNotFoundException'{0x0000000713a73778}: com/sun/glass/ui/win/themes_ru_RU> (0x0000000713a73778) 
thrown [s\open\src\hotspot\share\prims\jni.cpp, line 536]
Event: 0.738 Thread 0x0000020db695bdf0 Exception <a 'java/lang/NoSuchMethodError'{0x00000007139c97d0}: 'void java.lang.invoke.DirectMethodHandle$Holder.invokeStaticInit(java.lang.Object, java.lang.Object)'> (0x00000007139c97d0) 
thrown [s\open\src\hotspot\share\interpreter\linkResolver.cpp, line 774]
Event: 0.745 Thread 0x0000020db695bdf0 Exception <a 'java/lang/NoSuchMethodError'{0x0000000713627690}: 'void java.lang.invoke.DirectMethodHandle$Holder.invokeSpecial(java.lang.Object, java.lang.Object, int)'> (0x0000000713627690) 
thrown [s\open\src\hotspot\share\interpreter\linkResolver.cpp, line 774]
Event: 0.746 Thread 0x0000020db695bdf0 Exception <a 'java/lang/NoSuchMethodError'{0x000000071362e9f8}: 'void java.lang.invoke.DelegatingMethodHandle$Holder.reinvoke_L(java.lang.Object, java.lang.Object, int)'> (0x000000071362e9f8) 
thrown [s\open\src\hotspot\share\interpreter\linkResolver.cpp, line 774]
Event: 0.769 Thread 0x0000020db695bdf0 Implicit null exception at 0x0000020d9e4b23cf to 0x0000020d9e4b2694
Event: 0.776 Thread 0x0000020db695bdf0 Implicit null exception at 0x0000020d9e445f2f to 0x0000020d9e445fa9
Event: 0.819 Thread 0x0000020db695bdf0 Implicit null exception at 0x0000020d9e4a3f0c to 0x0000020d9e4a454c
Event: 0.873 Thread 0x0000020db695bdf0 Exception <a 'java/lang/NoSuchMethodError'{0x0000000712c06ad8}: 'java.lang.Object java.lang.invoke.DirectMethodHandle$Holder.invokeInterface(java.lang.Object, java.lang.Object, java.lang.Object)'> (0x0000000712c06ad8) 
thrown [s\open\src\hotspot\share\interpreter\linkResolver.cpp, line 774]
Event: 0.873 Thread 0x0000020db695bdf0 Exception <a 'java/lang/IncompatibleClassChangeError'{0x0000000712c0a468}: Found class java.lang.Object, but interface was expected> (0x0000000712c0a468) 
thrown [s\open\src\hotspot\share\interpreter\linkResolver.cpp, line 841]
Event: 0.905 Thread 0x0000020db695bdf0 Exception <a 'java/lang/NoSuchMethodError'{0x0000000712d069f0}: 'int java.lang.invoke.DirectMethodHandle$Holder.invokeSpecial(java.lang.Object, java.lang.Object, int)'> (0x0000000712d069f0) 
thrown [s\open\src\hotspot\share\interpreter\linkResolver.cpp, line 774]
Event: 0.918 Thread 0x0000020db695bdf0 Exception <a 'java/lang/NoSuchMethodError'{0x0000000712d9ca70}: 'java.lang.Object java.lang.invoke.DirectMethodHandle$Holder.newInvokeSpecial(java.lang.Object, java.lang.Object, int)'> (0x0000000712d9ca70) 
thrown [s\open\src\hotspot\share\interpreter\linkResolver.cpp, line 774]
Event: 0.939 Thread 0x0000020db6cfc670 Exception <a 'java/lang/NoSuchMethodError'{0x0000000712a4f378}: 'int java.lang.invoke.DirectMethodHandle$Holder.invokeStaticInit(java.lang.Object, java.lang.Object)'> (0x0000000712a4f378) 
thrown [s\open\src\hotspot\share\interpreter\linkResolver.cpp, line 774]
Event: 2.439 Thread 0x0000020db695bdf0 Exception <a 'java/lang/NoSuchMethodError'{0x0000000712787190}: 'long java.lang.invoke.DirectMethodHandle$Holder.invokeStatic(java.lang.Object, java.lang.Object, java.lang.Object)'> (0x0000000712787190) 
thrown [s\open\src\hotspot\share\interpreter\linkResolver.cpp, line 774]
Event: 2.439 Thread 0x0000020db695bdf0 Exception <a 'java/lang/NoSuchMethodError'{0x000000071278a808}: 'long java.lang.invoke.DirectMethodHandle$Holder.invokeStaticInit(java.lang.Object, java.lang.Object, java.lang.Object)'> (0x000000071278a808) 
thrown [s\open\src\hotspot\share\interpreter\linkResolver.cpp, line 774]
Event: 2.441 Thread 0x0000020db695bdf0 Exception <a 'java/lang/NoSuchMethodError'{0x00000007127a2e18}: 'java.lang.Object java.lang.invoke.DirectMethodHandle$Holder.newInvokeSpecial(java.lang.Object, java.lang.Object, long)'> (0x00000007127a2e18) 
thrown [s\open\src\hotspot\share\interpreter\linkResolver.cpp, line 774]
Event: 2.442 Thread 0x0000020db695bdf0 Exception <a 'java/lang/NoSuchMethodError'{0x00000007127a69a0}: 'java.lang.Object java.lang.invoke.Invokers$Holder.linkToTargetMethod(java.lang.Object, long, java.lang.Object)'> (0x00000007127a69a0) 
thrown [s\open\src\hotspot\share\interpreter\linkResolver.cpp, line 774]

VM Operations (20 events):
Event: 0.506 Executing VM operation: ICBufferFull done
Event: 0.513 Executing VM operation: HandshakeAllThreads
Event: 0.513 Executing VM operation: HandshakeAllThreads done
Event: 0.515 Executing VM operation: G1CollectForAllocation
Event: 0.518 Executing VM operation: G1CollectForAllocation done
Event: 0.702 Executing VM operation: HandshakeAllThreads
Event: 0.702 Executing VM operation: HandshakeAllThreads done
Event: 0.870 Executing VM operation: ICBufferFull
Event: 0.870 Executing VM operation: ICBufferFull done
Event: 1.871 Executing VM operation: Cleanup
Event: 1.871 Executing VM operation: Cleanup done
Event: 2.872 Executing VM operation: Cleanup
Event: 2.872 Executing VM operation: Cleanup done
Event: 4.872 Executing VM operation: Cleanup
Event: 4.872 Executing VM operation: Cleanup done
Event: 5.872 Executing VM operation: Cleanup
Event: 5.873 Executing VM operation: Cleanup done
Event: 6.873 Executing VM operation: Cleanup
Event: 6.873 Executing VM operation: Cleanup done
Event: 10.498 Executing VM operation: Exit

Events (20 events):
Event: 0.085 Thread 0x0000020db610dc70 Thread added: 0x0000020db610dc70
Event: 0.152 Thread 0x0000020db6d00410 Thread added: 0x0000020db6d00410
Event: 0.153 Thread 0x0000020db6d00950 Thread added: 0x0000020db6d00950
Event: 0.380 Thread 0x0000020db6cfc670 Thread added: 0x0000020db6cfc670
Event: 0.429 Thread 0x0000020db6d4a490 Thread added: 0x0000020db6d4a490
Event: 0.433 Thread 0x0000020db695bdf0 Thread added: 0x0000020db695bdf0
Event: 0.483 Thread 0x0000020db7082bc0 Thread added: 0x0000020db7082bc0
Event: 0.486 Thread 0x0000020db7083110 Thread added: 0x0000020db7083110
Event: 0.674 Thread 0x0000020db7084650 Thread added: 0x0000020db7084650
Event: 0.994 Thread 0x0000020db7083660 Thread added: 0x0000020db7083660
Event: 1.540 Thread 0x0000020db610dc70 Thread exited: 0x0000020db610dc70
Event: 1.813 Thread 0x0000020db618a860 Thread exited: 0x0000020db618a860
Event: 3.962 Thread 0x0000020db7a67780 Thread added: 0x0000020db7a67780
Event: 4.566 Thread 0x0000020db7a67780 Thread exited: 0x0000020db7a67780
Event: 10.497 Thread 0x0000020db7083bb0 Thread added: 0x0000020db7083bb0
Event: 10.497 Thread 0x0000020db7085b90 Thread added: 0x0000020db7085b90
Event: 10.497 Thread 0x0000020db70850f0 Thread added: 0x0000020db70850f0
Event: 10.497 Thread 0x0000020db7085b90 Thread exited: 0x0000020db7085b90
Event: 10.498 Thread 0x0000020db70850f0 Thread exited: 0x0000020db70850f0
Event: 10.498 Thread 0x0000020db1c2b6a0 Thread exited: 0x0000020db1c2b6a0


Dynamic libraries:
0x00007ff6b71a0000 - 0x00007ff6b71ae000 	C:\Users\Алекс\.jdks\openjdk-19.0.1\bin\java.exe
0x00007ffc3ced0000 - 0x00007ffc3d0e7000 	C:\WINDOWS\SYSTEM32\ntdll.dll
0x00007ffc3c9c0000 - 0x00007ffc3ca84000 	C:\WINDOWS\System32\KERNEL32.DLL
0x00007ffc3a590000 - 0x00007ffc3a936000 	C:\WINDOWS\System32\KERNELBASE.dll
0x00007ffc3aa70000 - 0x00007ffc3ab81000 	C:\WINDOWS\System32\ucrtbase.dll
0x00007ffbfeb80000 - 0x00007ffbfeb97000 	C:\Users\Алекс\.jdks\openjdk-19.0.1\bin\jli.dll
0x00007ffbef8a0000 - 0x00007ffbef8bb000 	C:\Users\Алекс\.jdks\openjdk-19.0.1\bin\VCRUNTIME140.dll
0x00007ffc3bd30000 - 0x00007ffc3bedd000 	C:\WINDOWS\System32\USER32.dll
0x00007ffc39440000 - 0x00007ffc396d3000 	C:\WINDOWS\WinSxS\amd64_microsoft.windows.common-controls_6595b64144ccf1df_6.0.22621.2361_none_2712ced57382f843\COMCTL32.dll
0x00007ffc3a250000 - 0x00007ffc3a276000 	C:\WINDOWS\System32\win32u.dll
0x00007ffc3cbe0000 - 0x00007ffc3cc87000 	C:\WINDOWS\System32\msvcrt.dll
0x00007ffc3cc90000 - 0x00007ffc3ccb9000 	C:\WINDOWS\System32\GDI32.dll
0x00007ffc3a280000 - 0x00007ffc3a398000 	C:\WINDOWS\System32\gdi32full.dll
0x00007ffc3ab90000 - 0x00007ffc3ac2a000 	C:\WINDOWS\System32\msvcp_win.dll
0x00007ffc3bee0000 - 0x00007ffc3bf11000 	C:\WINDOWS\System32\IMM32.DLL
0x00007ffc1a560000 - 0x00007ffc1a56c000 	C:\Users\Алекс\.jdks\openjdk-19.0.1\bin\vcruntime140_1.dll
0x00007ffbdbd60000 - 0x00007ffbdbdee000 	C:\Users\Алекс\.jdks\openjdk-19.0.1\bin\msvcp140.dll
0x00007ffbb8220000 - 0x00007ffbb8ee0000 	C:\Users\Алекс\.jdks\openjdk-19.0.1\bin\server\jvm.dll
0x00007ffc3bf20000 - 0x00007ffc3bfd0000 	C:\WINDOWS\System32\ADVAPI32.dll
0x00007ffc3c910000 - 0x00007ffc3c9b6000 	C:\WINDOWS\System32\sechost.dll
0x00007ffc3c770000 - 0x00007ffc3c887000 	C:\WINDOWS\System32\RPCRT4.dll
0x00007ffc1bc80000 - 0x00007ffc1bc89000 	C:\WINDOWS\SYSTEM32\WSOCK32.dll
0x00007ffc25620000 - 0x00007ffc25654000 	C:\WINDOWS\SYSTEM32\WINMM.dll
0x00007ffc30750000 - 0x00007ffc3075a000 	C:\WINDOWS\SYSTEM32\VERSION.dll
0x00007ffc3c640000 - 0x00007ffc3c6b1000 	C:\WINDOWS\System32\WS2_32.dll
0x00007ffc38e20000 - 0x00007ffc38e38000 	C:\WINDOWS\SYSTEM32\kernel.appcore.dll
0x00007ffc1a390000 - 0x00007ffc1a39a000 	C:\Users\Алекс\.jdks\openjdk-19.0.1\bin\jimage.dll
0x00007ffc39b80000 - 0x00007ffc39dae000 	C:\WINDOWS\SYSTEM32\DBGHELP.DLL
0x00007ffc3c0d0000 - 0x00007ffc3c45a000 	C:\WINDOWS\System32\combase.dll
0x00007ffc3bad0000 - 0x00007ffc3bba7000 	C:\WINDOWS\System32\OLEAUT32.dll
0x00007ffc39a40000 - 0x00007ffc39a72000 	C:\WINDOWS\SYSTEM32\dbgcore.DLL
0x00007ffc3a510000 - 0x00007ffc3a58a000 	C:\WINDOWS\System32\bcryptPrimitives.dll
0x00007ffc26860000 - 0x00007ffc2686e000 	C:\Users\Алекс\.jdks\openjdk-19.0.1\bin\instrument.dll
0x00007ffbdbd30000 - 0x00007ffbdbd56000 	C:\Users\Алекс\.jdks\openjdk-19.0.1\bin\java.dll
0x00007ffbd2500000 - 0x00007ffbd25d7000 	C:\Users\Алекс\.jdks\openjdk-19.0.1\bin\jsvml.dll
0x00007ffc3b270000 - 0x00007ffc3bac8000 	C:\WINDOWS\System32\SHELL32.dll
0x00007ffc377b0000 - 0x00007ffc380a2000 	C:\WINDOWS\SYSTEM32\windows.storage.dll
0x00007ffc37640000 - 0x00007ffc3777e000 	C:\WINDOWS\SYSTEM32\wintypes.dll
0x00007ffc3c460000 - 0x00007ffc3c553000 	C:\WINDOWS\System32\SHCORE.dll
0x00007ffc3c560000 - 0x00007ffc3c5be000 	C:\WINDOWS\System32\shlwapi.dll
0x00007ffc3a180000 - 0x00007ffc3a1a6000 	C:\WINDOWS\SYSTEM32\profapi.dll
0x00007ffbeb960000 - 0x00007ffbeb973000 	C:\Users\Алекс\.jdks\openjdk-19.0.1\bin\net.dll
0x00007ffc30d60000 - 0x00007ffc30e97000 	C:\WINDOWS\SYSTEM32\WINHTTP.dll
0x00007ffc39080000 - 0x00007ffc390e9000 	C:\WINDOWS\system32\mswsock.dll
0x00007ffbeb920000 - 0x00007ffbeb936000 	C:\Users\Алекс\.jdks\openjdk-19.0.1\bin\nio.dll
0x00007ffbeb770000 - 0x00007ffbeb788000 	C:\Users\Алекс\.jdks\openjdk-19.0.1\bin\zip.dll
0x00007ffbe10f0000 - 0x00007ffbe110a000 	C:\Program Files\JetBrains\IntelliJ IDEA 2022.3.1\bin\breakgen64.dll
0x0000020d8ca00000 - 0x0000020d8ca03000 	C:\Users\Алекс\.openjfx\cache\19+11\amd64\api-ms-win-core-console-l1-1-0.dll
0x0000020d8e8f0000 - 0x0000020d8e8f3000 	C:\Users\Алекс\.openjfx\cache\19+11\amd64\api-ms-win-core-console-l1-2-0.dll
0x0000020d8e900000 - 0x0000020d8e903000 	C:\Users\Алекс\.openjfx\cache\19+11\amd64\api-ms-win-core-datetime-l1-1-0.dll
0x0000020d8e910000 - 0x0000020d8e913000 	C:\Users\Алекс\.openjfx\cache\19+11\amd64\api-ms-win-core-debug-l1-1-0.dll
0x0000020d8e920000 - 0x0000020d8e923000 	C:\Users\Алекс\.openjfx\cache\19+11\amd64\api-ms-win-core-errorhandling-l1-1-0.dll
0x0000020d8e930000 - 0x0000020d8e934000 	C:\Users\Алекс\.openjfx\cache\19+11\amd64\api-ms-win-core-file-l1-1-0.dll
0x0000020d8e940000 - 0x0000020d8e943000 	C:\Users\Алекс\.openjfx\cache\19+11\amd64\api-ms-win-core-file-l1-2-0.dll
0x0000020d8e950000 - 0x0000020d8e953000 	C:\Users\Алекс\.openjfx\cache\19+11\amd64\api-ms-win-core-file-l2-1-0.dll
0x0000020d8e960000 - 0x0000020d8e963000 	C:\Users\Алекс\.openjfx\cache\19+11\amd64\api-ms-win-core-handle-l1-1-0.dll
0x0000020d8e970000 - 0x0000020d8e973000 	C:\Users\Алекс\.openjfx\cache\19+11\amd64\api-ms-win-core-heap-l1-1-0.dll
0x0000020d8e980000 - 0x0000020d8e983000 	C:\Users\Алекс\.openjfx\cache\19+11\amd64\api-ms-win-core-interlocked-l1-1-0.dll
0x0000020d8e990000 - 0x0000020d8e993000 	C:\Users\Алекс\.openjfx\cache\19+11\amd64\api-ms-win-core-libraryloader-l1-1-0.dll
0x0000020d8e9a0000 - 0x0000020d8e9a3000 	C:\Users\Алекс\.openjfx\cache\19+11\amd64\api-ms-win-core-localization-l1-2-0.dll
0x0000020d8e9b0000 - 0x0000020d8e9b3000 	C:\Users\Алекс\.openjfx\cache\19+11\amd64\api-ms-win-core-memory-l1-1-0.dll
0x0000020db1ee0000 - 0x0000020db1ee3000 	C:\Users\Алекс\.openjfx\cache\19+11\amd64\api-ms-win-core-namedpipe-l1-1-0.dll
0x0000020db1d80000 - 0x0000020db1d83000 	C:\Users\Алекс\.openjfx\cache\19+11\amd64\api-ms-win-core-processenvironment-l1-1-0.dll
0x0000020db1d90000 - 0x0000020db1d93000 	C:\Users\Алекс\.openjfx\cache\19+11\amd64\api-ms-win-core-processthreads-l1-1-0.dll
0x0000020db1da0000 - 0x0000020db1da3000 	C:\Users\Алекс\.openjfx\cache\19+11\amd64\api-ms-win-core-processthreads-l1-1-1.dll
0x0000020db1db0000 - 0x0000020db1db3000 	C:\Users\Алекс\.openjfx\cache\19+11\amd64\api-ms-win-core-profile-l1-1-0.dll
0x0000020db1dc0000 - 0x0000020db1dc3000 	C:\Users\Алекс\.openjfx\cache\19+11\amd64\api-ms-win-core-rtlsupport-l1-1-0.dll
0x0000020db1dd0000 - 0x0000020db1dd3000 	C:\Users\Алекс\.openjfx\cache\19+11\amd64\api-ms-win-core-string-l1-1-0.dll
0x0000020db1de0000 - 0x0000020db1de3000 	C:\Users\Алекс\.openjfx\cache\19+11\amd64\api-ms-win-core-synch-l1-1-0.dll
0x0000020db1df0000 - 0x0000020db1df3000 	C:\Users\Алекс\.openjfx\cache\19+11\amd64\api-ms-win-core-synch-l1-2-0.dll
0x0000020db1e00000 - 0x0000020db1e03000 	C:\Users\Алекс\.openjfx\cache\19+11\amd64\api-ms-win-core-sysinfo-l1-1-0.dll
0x0000020db1e10000 - 0x0000020db1e13000 	C:\Users\Алекс\.openjfx\cache\19+11\amd64\api-ms-win-core-timezone-l1-1-0.dll
0x0000020db1e20000 - 0x0000020db1e23000 	C:\Users\Алекс\.openjfx\cache\19+11\amd64\api-ms-win-core-util-l1-1-0.dll
0x0000020db1e30000 - 0x0000020db1e33000 	C:\Users\Алекс\.openjfx\cache\19+11\amd64\api-ms-win-crt-conio-l1-1-0.dll
0x0000020db1e40000 - 0x0000020db1e44000 	C:\Users\Алекс\.openjfx\cache\19+11\amd64\api-ms-win-crt-convert-l1-1-0.dll
0x0000020db1e50000 - 0x0000020db1e53000 	C:\Users\Алекс\.openjfx\cache\19+11\amd64\api-ms-win-crt-environment-l1-1-0.dll
0x0000020db1e60000 - 0x0000020db1e63000 	C:\Users\Алекс\.openjfx\cache\19+11\amd64\api-ms-win-crt-filesystem-l1-1-0.dll
0x0000020db1e70000 - 0x0000020db1e73000 	C:\Users\Алекс\.openjfx\cache\19+11\amd64\api-ms-win-crt-heap-l1-1-0.dll
0x0000020db1e80000 - 0x0000020db1e83000 	C:\Users\Алекс\.openjfx\cache\19+11\amd64\api-ms-win-crt-locale-l1-1-0.dll
0x0000020db1e90000 - 0x0000020db1e95000 	C:\Users\Алекс\.openjfx\cache\19+11\amd64\api-ms-win-crt-math-l1-1-0.dll
0x0000020db1ea0000 - 0x0000020db1ea5000 	C:\Users\Алекс\.openjfx\cache\19+11\amd64\api-ms-win-crt-multibyte-l1-1-0.dll
0x0000020db1eb0000 - 0x0000020db1ec0000 	C:\Users\Алекс\.openjfx\cache\19+11\amd64\api-ms-win-crt-private-l1-1-0.dll
0x0000020db1ec0000 - 0x0000020db1ec3000 	C:\Users\Алекс\.openjfx\cache\19+11\amd64\api-ms-win-crt-process-l1-1-0.dll
0x0000020db1ed0000 - 0x0000020db1ed4000 	C:\Users\Алекс\.openjfx\cache\19+11\amd64\api-ms-win-crt-runtime-l1-1-0.dll
0x0000020db1ef0000 - 0x0000020db1ef4000 	C:\Users\Алекс\.openjfx\cache\19+11\amd64\api-ms-win-crt-stdio-l1-1-0.dll
0x0000020db1f00000 - 0x0000020db1f04000 	C:\Users\Алекс\.openjfx\cache\19+11\amd64\api-ms-win-crt-string-l1-1-0.dll
0x0000020db1f10000 - 0x0000020db1f13000 	C:\Users\Алекс\.openjfx\cache\19+11\amd64\api-ms-win-crt-time-l1-1-0.dll
0x0000020db1f20000 - 0x0000020db1f23000 	C:\Users\Алекс\.openjfx\cache\19+11\amd64\api-ms-win-crt-utility-l1-1-0.dll
0x00007ffbd4450000 - 0x00007ffbd454c000 	C:\Users\Алекс\.openjfx\cache\19+11\amd64\ucrtbase.dll
0x00007ffbe05e0000 - 0x00007ffbe05fb000 	C:\Users\Алекс\.openjfx\cache\19+11\amd64\vcruntime140.dll
0x00007ffc11560000 - 0x00007ffc1156c000 	C:\Users\Алекс\.openjfx\cache\19+11\amd64\vcruntime140_1.dll
0x00007ffbd43c0000 - 0x00007ffbd444e000 	C:\Users\Алекс\.openjfx\cache\19+11\amd64\msvcp140.dll
0x00007ffc10b00000 - 0x00007ffc10b09000 	C:\Users\Алекс\.openjfx\cache\19+11\amd64\msvcp140_1.dll
0x00007ffbdbc90000 - 0x00007ffbdbcc0000 	C:\Users\Алекс\.openjfx\cache\19+11\amd64\msvcp140_2.dll
0x00007ffbdbc60000 - 0x00007ffbdbc8c000 	C:\Users\Алекс\.openjfx\cache\19+11\amd64\prism_d3d.dll
0x00007ffc25800000 - 0x00007ffc259a9000 	C:\WINDOWS\system32\d3d9.dll
0x00007ffc34170000 - 0x00007ffc3419b000 	C:\WINDOWS\SYSTEM32\dwmapi.dll
0x00007ffc36940000 - 0x00007ffc36976000 	C:\WINDOWS\SYSTEM32\dxcore.dll
0x00007ffc33ef0000 - 0x00007ffc33f9b000 	C:\WINDOWS\system32\uxtheme.dll
0x00007ffbda140000 - 0x00007ffbda2e8000 	C:\WINDOWS\System32\DriverStore\FileRepository\iigd_dch.inf_amd64_e04d20469f199b2b\igdumdim64.dll
0x00007ffc3b0d0000 - 0x00007ffc3b26f000 	C:\WINDOWS\System32\ole32.dll
0x00007ffbcd840000 - 0x00007ffbd1461000 	C:\WINDOWS\System32\DriverStore\FileRepository\iigd_dch.inf_amd64_e04d20469f199b2b\igd9dxva64.dll
0x00007ffc3ac30000 - 0x00007ffc3b0a4000 	C:\WINDOWS\System32\SETUPAPI.dll
0x00007ffc39f40000 - 0x00007ffc39f8e000 	C:\WINDOWS\SYSTEM32\cfgmgr32.dll
0x00007ffc2c3f0000 - 0x00007ffc2c7b8000 	C:\WINDOWS\System32\DriverStore\FileRepository\iigd_dch.inf_amd64_e04d20469f199b2b\igdgmm64.dll
0x00007ffc317f0000 - 0x00007ffc3183a000 	C:\WINDOWS\SYSTEM32\directxdatabasehelper.dll
0x00007ffbdba10000 - 0x00007ffbdba52000 	C:\Users\Алекс\.openjfx\cache\19+11\amd64\glass.dll
0x00007ffc3bfd0000 - 0x00007ffc3c0c9000 	C:\WINDOWS\System32\COMDLG32.dll
0x00007ffc3bbd0000 - 0x00007ffc3bd1c000 	C:\WINDOWS\System32\MSCTF.dll
0x00007ffc22220000 - 0x00007ffc22247000 	C:\WINDOWS\System32\DriverStore\FileRepository\iigd_dch.inf_amd64_e04d20469f199b2b\igdinfo64.dll
0x00007ffc28be0000 - 0x00007ffc2c1e5000 	C:\WINDOWS\System32\DriverStore\FileRepository\iigd_dch.inf_amd64_e04d20469f199b2b\igc64.dll
0x00007ffbdc3c0000 - 0x00007ffbdc3d4000 	C:\Users\Алекс\.openjfx\cache\19+11\amd64\javafx_font.dll
0x00007ffc33210000 - 0x00007ffc33483000 	C:\WINDOWS\SYSTEM32\dwrite.dll
0x00007ffc3cb30000 - 0x00007ffc3cbe0000 	C:\WINDOWS\System32\clbcatq.dll
0x00007ffc32420000 - 0x00007ffc325d0000 	C:\WINDOWS\SYSTEM32\WindowsCodecs.dll
0x00007ffc15500000 - 0x00007ffc1555e000 	C:\WINDOWS\system32\dataexchange.dll
0x00007ffc2e4e0000 - 0x00007ffc2e765000 	C:\WINDOWS\system32\twinapi.appcore.dll
0x00007ffc158c0000 - 0x00007ffc158f2000 	C:\Program Files\Common Files\Microsoft Shared\Ink\rtscom.dll
0x00007ffc256b0000 - 0x00007ffc257fa000 	C:\WINDOWS\SYSTEM32\textinputframework.dll
0x00007ffc33b00000 - 0x00007ffc33c33000 	C:\WINDOWS\SYSTEM32\CoreMessaging.dll
0x00007ffc2fcd0000 - 0x00007ffc3003c000 	C:\WINDOWS\SYSTEM32\CoreUIComponents.dll
0x00007ffc39320000 - 0x00007ffc3932c000 	C:\WINDOWS\SYSTEM32\CRYPTBASE.DLL
0x00007ffc32c20000 - 0x00007ffc3320e000 	C:\WINDOWS\SYSTEM32\d2d1.dll
0x00007ffc329c0000 - 0x00007ffc32c17000 	C:\WINDOWS\SYSTEM32\d3d11.dll
0x00007ffc34060000 - 0x00007ffc34158000 	C:\WINDOWS\SYSTEM32\dxgi.dll
0x00007ffc2ed20000 - 0x00007ffc2f431000 	C:\WINDOWS\SYSTEM32\D3D10Warp.dll

dbghelp: loaded successfully - version: 4.0.5 - missing functions: none
symbol engine: initialized successfully - sym options: 0x614 - pdb path: .;C:\Users\Алекс\.jdks\openjdk-19.0.1\bin;C:\WINDOWS\SYSTEM32;C:\WINDOWS\WinSxS\amd64_microsoft.windows.common-controls_6595b64144ccf1df_6.0.22621.2361_none_2712ced57382f843;C:\Users\Алекс\.jdks\openjdk-19.0.1\bin\server;C:\Program Files\JetBrains\IntelliJ IDEA 2022.3.1\bin;C:\Users\Алекс\.openjfx\cache\19+11\amd64;C:\WINDOWS\System32\DriverStore\FileRepository\iigd_dch.inf_amd64_e04d20469f199b2b;C:\Program Files\Common Files\Microsoft Shared\Ink

VM Arguments:
jvm_args: -javaagent:C:\Program Files\JetBrains\IntelliJ IDEA 2022.3.1\lib\idea_rt.jar=59996:C:\Program Files\JetBrains\IntelliJ IDEA 2022.3.1\bin -Dfile.encoding=UTF-8 -Dsun.stdout.encoding=UTF-8 -Dsun.stderr.encoding=UTF-8 --module-path=C:\Users\Алекс\.m2\repository\org\openjfx\javafx-controls\19\javafx-controls-19-win.jar;C:\Users\Алекс\.m2\repository\org\openjfx\javafx-fxml\19\javafx-fxml-19-win.jar;C:\Users\Алекс\.m2\repository\org\openjfx\javafx-graphics\19\javafx-graphics-19-win.jar;C:\Users\Алекс\.m2\repository\org\openjfx\javafx-base\19\javafx-base-19-win.jar;C:\Users\Алекс\IdeaProjects\FirstApp\target\classes -Djdk.module.main=com.example.firstapp 
java_command: com.example.firstapp/com.example.firstapp.HelloApplication
java_class_path (initial): C:\Users\Алекс\.m2\repository\org\openjfx\javafx-controls\19\javafx-controls-19.jar;C:\Users\Алекс\.m2\repository\org\openjfx\javafx-graphics\19\javafx-graphics-19.jar;C:\Users\Алекс\.m2\repository\org\openjfx\javafx-base\19\javafx-base-19.jar;C:\Users\Алекс\.m2\repository\org\openjfx\javafx-fxml\19\javafx-fxml-19.jar
Launcher Type: SUN_STANDARD

[Global flags]
     intx CICompilerCount                          = 4                                         {product} {ergonomic}
     uint ConcGCThreads                            = 2                                         {product} {ergonomic}
     uint G1ConcRefinementThreads                  = 8                                         {product} {ergonomic}
   size_t G1HeapRegionSize                         = 2097152                                   {product} {ergonomic}
    uintx GCDrainStackTargetSize                   = 64                                        {product} {ergonomic}
   size_t InitialHeapSize                          = 264241152                                 {product} {ergonomic}
   size_t MarkStackSize                            = 4194304                                   {product} {ergonomic}
   size_t MaxHeapSize                              = 4215275520                                {product} {ergonomic}
   size_t MaxNewSize                               = 2529165312                                {product} {ergonomic}
   size_t MinHeapDeltaBytes                        = 2097152                                   {product} {ergonomic}
   size_t MinHeapSize                              = 8388608                                   {product} {ergonomic}
    uintx NonNMethodCodeHeapSize                   = 5839372                                {pd product} {ergonomic}
    uintx NonProfiledCodeHeapSize                  = 122909434                              {pd product} {ergonomic}
    uintx ProfiledCodeHeapSize                     = 122909434                              {pd product} {ergonomic}
    uintx ReservedCodeCacheSize                    = 251658240                              {pd product} {ergonomic}
     bool SegmentedCodeCache                       = true                                      {product} {ergonomic}
   size_t SoftMaxHeapSize                          = 4215275520                             {manageable} {ergonomic}
     bool UseCompressedClassPointers               = true                           {product lp64_product} {ergonomic}
     bool UseCompressedOops                        = true                           {product lp64_product} {ergonomic}
     bool UseG1GC                                  = true                                      {product} {ergonomic}
     bool UseLargePagesIndividualAllocation        = false                                  {pd product} {ergonomic}

Logging:
Log output configuration:
 #0: stdout all=off uptime,level,tags foldmultilines=false
 #1: stderr all=off uptime,level,tags foldmultilines=false

Environment Variables:
PATH=C:\WINDOWS\system32;C:\WINDOWS;C:\WINDOWS\System32\Wbem;C:\WINDOWS\System32\WindowsPowerShell\v1.0\;C:\WINDOWS\System32\OpenSSH\;C:\Program Files\Git\cmd;C:\Program Files\PowerShell\7\;C:\Program Files\Cloudflare\Cloudflare WARP\;C:\Users\Алекс\AppData\Local\Programs\Python\Python311\Scripts\;C:\Users\Алекс\AppData\Local\Programs\Python\Python311\;C:\Users\Алекс\AppData\Local\Microsoft\WindowsApps;C:\Users\Алекс\AppData\Local\GitHubDesktop\bin;C:\Users\Алекс\AppData\Local\Programs\Microsoft VS Code\bin
USERNAME=Алекс
OS=Windows_NT
PROCESSOR_IDENTIFIER=Intel64 Family 6 Model 140 Stepping 1, GenuineIntel
TMP=C:\Users\E47B~1\AppData\Local\Temp
TEMP=C:\Users\E47B~1\AppData\Local\Temp



---------------  S Y S T E M  ---------------

OS:
 Windows 11 , 64 bit Build 22621 (10.0.22621.2428)
OS uptime: 11 days 17:35 hours
Hyper-V role detected

CPU: total 8 (initial active 8) (4 cores per cpu, 2 threads per core) family 6 model 140 stepping 1 microcode 0x86, cx8, cmov, fxsr, ht, mmx, 3dnowpref, sse, sse2, sse3, ssse3, sse4.1, sse4.2, popcnt, lzcnt, tsc, tscinvbit, avx, avx2, aes, erms, clmul, bmi1, bmi2, adx, avx512f, avx512dq, avx512cd, avx512bw, avx512vl, sha, fma, vzeroupper, avx512_vpopcntdq, avx512_vpclmulqdq, avx512_vaes, avx512_vnni, clflush, clflushopt, clwb, avx512_vbmi2, avx512_vbmi, hv, rdtscp, rdpid, fsrm, gfni, avx512_bitalg

Memory: 4k page, system-wide physical 16075M (4513M free)
TotalPageFile size 17700M (AvailPageFile size 2389M)
current process WorkingSet (physical memory assigned to process): 154M, peak: 179M
current process commit charge ("private bytes"): 412M, peak: 435M

vm_info: OpenJDK 64-Bit Server VM (19.0.1+10-21) for windows-amd64 JRE (19.0.1+10-21), built on 2022-09-14T12:45:06Z by "mach5one" with MS VC++ 17.1 (VS2022)

END.
