#
# A fatal error has been detected by the Java Runtime Environment:
#
#  EXCEPTION_ACCESS_VIOLATION (0xc0000005) at pc=0x00007ffaaeeb63b7, pid=15572, tid=19956
#
# JRE version: Java(TM) SE Runtime Environment (21.0.1+12) (build 21.0.1+12-LTS-29)
# Java VM: Java HotSpot(TM) 64-Bit Server VM (21.0.1+12-LTS-29, mixed mode, sharing, tiered, compressed oops, compressed class ptrs, g1 gc, windows-amd64)
# Problematic frame:
# C  [glass.dll+0x263b7]
#
# No core dump will be written. Minidumps are not enabled by default on client versions of Windows
#
# If you would like to submit a bug report, please visit:
#   https://bugreport.java.com/bugreport/crash.jsp
#

---------------  S U M M A R Y ------------

Command Line: -javaagent:C:\Program Files\JetBrains\IntelliJ IDEA 2022.3.1\lib\idea_rt.jar=51727:C:\Program Files\JetBrains\IntelliJ IDEA 2022.3.1\bin -Dfile.encoding=UTF-8 -Dsun.stdout.encoding=UTF-8 -Dsun.stderr.encoding=UTF-8 --module-path=C:\Users\Алекс\.m2\repository\org\openjfx\javafx-fxml\19\javafx-fxml-19-win.jar;C:\Users\Алекс\.m2\repository\org\openjfx\javafx-base\19\javafx-base-19-win.jar;C:\Users\Алекс\.m2\repository\org\openjfx\javafx-controls\19\javafx-controls-19-win.jar;C:\Users\Алекс\.m2\repository\org\openjfx\javafx-graphics\19\javafx-graphics-19-win.jar;C:\Users\Алекс\IdeaProjects\FirstApp\target\classes -Djdk.module.main=com.example.firstapp com.example.firstapp/com.example.firstapp.HelloApplication

Host: 11th Gen Intel(R) Core(TM) i5-11300H @ 3.10GHz, 8 cores, 15G,  Windows 11 , 64 bit Build 22621 (10.0.22621.2428)
Time: Tue Nov  7 14:53:49 2023  Windows 11 , 64 bit Build 22621 (10.0.22621.2428) elapsed time: 42.035100 seconds (0d 0h 0m 42s)

---------------  T H R E A D  ---------------

Current thread (0x000001ccca89eca0):  VMThread "VM Thread"          [id=19956, stack(0x000000793ff00000,0x0000007940000000) (1024K)]

Stack: [0x000000793ff00000,0x0000007940000000],  sp=0x000000793fffec50,  free space=1019k
Native frames: (J=compiled Java code, j=interpreted, Vv=VM code, C=native code)
C  [glass.dll+0x263b7]


siginfo: EXCEPTION_ACCESS_VIOLATION (0xc0000005), reading address 0x0000000000000000


Registers:
RAX=0x0000000000000000, RBX=0x000001cceba3626a, RCX=0x000001ccca89eca0, RDX=0x000000793fffec50
RSP=0x000000793fffec50, RBP=0x000001ccf0191898, RSI=0x000000793fffed58, RDI=0x000001ccf0191870
R8 =0x0000000000010002, R9 =0x000001ccf0191870, R10=0x85f13e9656da4870, R11=0x000000793fffebe0
R12=0x00007ffaaeeb3cf0, R13=0x00007ffa8d4a1fa0, R14=0x00003df04d169663, R15=0x000001ccf0191870
RIP=0x00007ffaaeeb63b7, EFLAGS=0x0000000000010206


Register to memory mapping:

RAX=0x0 is null
RBX=0x000001cceba3626a is a global jni handle
RCX=0x000001ccca89eca0 points into unknown readable memory: 0x00007ffa8d2b3f88 | 88 3f 2b 8d fa 7f 00 00
RDX=0x000000793fffec50 points into unknown readable memory: 0x0000000000000000 | 00 00 00 00 00 00 00 00
RSP=0x000000793fffec50 points into unknown readable memory: 0x0000000000000000 | 00 00 00 00 00 00 00 00
RBP=0x000001ccf0191898 points into unknown readable memory: 0x00003df04d169663 | 63 96 16 4d f0 3d 00 00
RSI=0x000000793fffed58 points into unknown readable memory: 0x000000793fffed40 | 40 ed ff 3f 79 00 00 00
RDI=0x000001ccf0191870 points into unknown readable memory: 0x7759fdb04d1569b6 | b6 69 15 4d b0 fd 59 77
R8 =0x0000000000010002 is an unknown value
R9 =0x000001ccf0191870 points into unknown readable memory: 0x7759fdb04d1569b6 | b6 69 15 4d b0 fd 59 77
R10=0x85f13e9656da4870 is an unknown value
R11=0x000000793fffebe0 points into unknown readable memory: 0x000001ccf0191870 | 70 18 19 f0 cc 01 00 00
R12=0x00007ffaaeeb3cf0 glass.dll
R13=0x00007ffa8d4a1fa0 jvm.dll
R14=0x00003df04d169663 is an unknown value
R15=0x000001ccf0191870 points into unknown readable memory: 0x7759fdb04d1569b6 | b6 69 15 4d b0 fd 59 77

Top of Stack: (sp=0x000000793fffec50)
0x000000793fffec50:   0000000000000000 000000793fffed58
0x000000793fffec60:   00007ffa8d4a1fa0 00007ffaaeeb3cf0
0x000000793fffec70:   000001ccf0191878 00007ffad26f3a83
0x000000793fffec80:   000001ccf0191870 000001cc00000000
0x000000793fffec90:   000001ccf0191898 000000793fffed58
0x000000793fffeca0:   fffffffffffffffe 0000000000000000
0x000000793fffecb0:   0000000000000001 00007ffaaee90000
0x000000793fffecc0:   000000793fffed48 00007ffad26c006e
0x000000793fffecd0:   0000000000000000 000000793fffed58
0x000000793fffece0:   000000793ffff040 0000000000000001
0x000000793fffecf0:   0000000000000001 00007ffad26bda1d
0x000000793fffed00:   0000000000000000 00007ffaaeeb34e9
0x000000793fffed10:   0000000000000000 000000793fffed48
0x000000793fffed20:   fffffffffffffffe 000000793ffff000
0x000000793fffed30:   0000000000000000 00007ffaaeeb3b7d
0x000000793fffed40:   00007ffaaeec9f88 00007ffa00000002
0x000000793fffed50:   0000000000000002 000000793fffed40
0x000000793fffed60:   0000000000000000 00007ffad4ab85f3
0x000000793fffed70:   0000000000000000 00007ffaaeeb3ca2
0x000000793fffed80:   0000000000000001 0000000000000001
0x000000793fffed90:   000000793ffff040 0000000000000001
0x000000793fffeda0:   0000000000000001 00007ffad1612223
0x000000793fffedb0:   00007ffa00000001 0000000000000000
0x000000793fffedc0:   00007ffaaee90000 000000007ffe0384
0x000000793fffedd0:   0000000000000000 00007ffad4ab868f
0x000000793fffede0:   00007ffaaee90000 0000000000000000
0x000000793fffedf0:   0000000000000001 000000007ffe0385
0x000000793fffee00:   00007ffad4bc7a20 00007ffabdbcd880
0x000000793fffee10:   00007233791f1400 00007ffabc8d0000
0x000000793fffee20:   00007ffaaeeb3cf0 0000000000000000
0x000000793fffee30:   0000000000000000 000000793f276000
0x000000793fffee40:   000001ccf02bc770 00007ffad4ae1096 

Instructions: (pc=0x00007ffaaeeb63b7)
0x00007ffaaeeb62b7:   8b 4d 58 e8 7d cf ff ff 48 8b 4d 60 e8 74 cf ff
0x00007ffaaeeb62c7:   ff 48 8b 95 80 00 00 00 48 8b 8d 18 01 00 00 e8
0x00007ffaaeeb62d7:   66 c4 ff ff 33 d2 33 c9 e8 bc e1 ff ff 90 48 89
0x00007ffaaeeb62e7:   54 24 10 55 48 83 ec 20 48 8b ea 48 b8 00 00 00
0x00007ffaaeeb62f7:   00 00 00 00 00 48 83 c4 20 5d c3 cc 40 55 48 8b
0x00007ffaaeeb6307:   ea 48 8b 01 33 c9 81 38 05 00 00 c0 0f 94 c1 8b
0x00007ffaaeeb6317:   c1 5d c3 cc 40 55 48 83 ec 20 48 8b ea 8a 4d 40
0x00007ffaaeeb6327:   48 83 c4 20 5d e9 63 d3 ff ff cc 40 55 48 83 ec
0x00007ffaaeeb6337:   20 48 8b ea 8a 4d 20 e8 51 d3 ff ff 90 48 83 c4
0x00007ffaaeeb6347:   20 5d c3 cc 40 55 48 83 ec 20 48 8b ea 48 83 c4
0x00007ffaaeeb6357:   20 5d e9 b2 d1 ff ff cc 40 55 48 83 ec 30 48 8b
0x00007ffaaeeb6367:   ea 48 8b 01 8b 10 48 89 4c 24 28 89 54 24 20 4c
0x00007ffaaeeb6377:   8d 0d 53 d6 ff ff 4c 8b 45 70 8b 55 68 48 8b 4d
0x00007ffaaeeb6387:   60 e8 f3 d0 ff ff 90 48 83 c4 30 5d c3 cc cc cc
0x00007ffaaeeb6397:   cc cc cc cc cc cc cc cc cc 40 53 48 83 ec 20 48
0x00007ffaaeeb63a7:   8b 1d db 35 01 00 48 85 db 74 16 e8 79 8b ff ff
0x00007ffaaeeb63b7:   4c 8b 00 48 8b d3 48 8b c8 41 ff 90 b0 00 00 00
0x00007ffaaeeb63c7:   90 48 83 c4 20 5b c3 cc cc 40 53 48 83 ec 20 48
0x00007ffaaeeb63d7:   8b 1d 4b 37 01 00 48 85 db 74 57 b8 ff ff ff ff
0x00007ffaaeeb63e7:   f0 0f c1 43 10 83 f8 01 75 3d 48 85 db 74 38 48
0x00007ffaaeeb63f7:   8b 0b 48 85 c9 74 0d ff 15 a4 0e 00 00 48 c7 03
0x00007ffaaeeb6407:   00 00 00 00 48 8b 4b 08 48 85 c9 74 0d e8 23 ce
0x00007ffaaeeb6417:   ff ff 48 c7 43 08 00 00 00 00 ba 18 00 00 00 48
0x00007ffaaeeb6427:   8b cb e8 0e ce ff ff 48 c7 05 ef 36 01 00 00 00
0x00007ffaaeeb6437:   00 00 48 83 c4 20 5b c3 cc 40 53 48 83 ec 20 48
0x00007ffaaeeb6447:   8b 1d bb 36 01 00 48 85 db 74 57 b8 ff ff ff ff
0x00007ffaaeeb6457:   f0 0f c1 43 10 83 f8 01 75 3d 48 85 db 74 38 48
0x00007ffaaeeb6467:   8b 0b 48 85 c9 74 0d ff 15 34 0e 00 00 48 c7 03
0x00007ffaaeeb6477:   00 00 00 00 48 8b 4b 08 48 85 c9 74 0d e8 b3 cd
0x00007ffaaeeb6487:   ff ff 48 c7 43 08 00 00 00 00 ba 18 00 00 00 48
0x00007ffaaeeb6497:   8b cb e8 9e cd ff ff 48 c7 05 5f 36 01 00 00 00
0x00007ffaaeeb64a7:   00 00 48 83 c4 20 5b c3 cc 40 53 48 83 ec 20 48 


Stack slot to memory mapping:

stack at sp + 0 slots: 0x0 is null
stack at sp + 1 slots: 0x000000793fffed58 points into unknown readable memory: 0x000000793fffed40 | 40 ed ff 3f 79 00 00 00
stack at sp + 2 slots: 0x00007ffa8d4a1fa0 jvm.dll
stack at sp + 3 slots: 0x00007ffaaeeb3cf0 glass.dll
stack at sp + 4 slots: 0x000001ccf0191878 points into unknown readable memory: 0x00003df04d169663 | 63 96 16 4d f0 3d 00 00
stack at sp + 5 slots: 0x00007ffad26f3a83 ucrtbase.dll
stack at sp + 6 slots: 0x000001ccf0191870 points into unknown readable memory: 0x7759fdb04d1569b6 | b6 69 15 4d b0 fd 59 77
stack at sp + 7 slots: 0x000001cc00000000 is an unknown value

VM_Operation (0x00000079424ff460): Exit, mode: safepoint, requested by thread 0x000001ccf157a770


---------------  P R O C E S S  ---------------

Threads class SMR info:
_java_thread_list=0x000001ccf15c5610, length=20, elements={
0x000001cccca00840, 0x000001cceba48fd0, 0x000001cceba49d20, 0x000001cceba4af30,
0x000001cceba51080, 0x000001cceba51bd0, 0x000001cceba5a640, 0x000001cceba5f3f0,
0x000001cceba63390, 0x000001cceba0f4e0, 0x000001ccf074b600, 0x000001ccf0613e20,
0x000001ccf1114940, 0x000001ccf0e0ee70, 0x000001ccf0731380, 0x000001ccf1194e70,
0x000001ccf11be840, 0x000001ccf12c6cd0, 0x000001ccf157b490, 0x000001ccf157a770
}

Java Threads: ( => current thread )
  0x000001cccca00840 JavaThread "main"                              [_thread_blocked, id=13892, stack(0x000000793f800000,0x000000793f900000) (1024K)]
  0x000001cceba48fd0 JavaThread "Reference Handler"          daemon [_thread_blocked, id=2712, stack(0x0000007940000000,0x0000007940100000) (1024K)]
  0x000001cceba49d20 JavaThread "Finalizer"                  daemon [_thread_blocked, id=14016, stack(0x0000007940100000,0x0000007940200000) (1024K)]
  0x000001cceba4af30 JavaThread "Signal Dispatcher"          daemon [_thread_blocked, id=16764, stack(0x0000007940200000,0x0000007940300000) (1024K)]
  0x000001cceba51080 JavaThread "Attach Listener"            daemon [_thread_blocked, id=12668, stack(0x0000007940300000,0x0000007940400000) (1024K)]
  0x000001cceba51bd0 JavaThread "Service Thread"             daemon [_thread_blocked, id=11216, stack(0x0000007940400000,0x0000007940500000) (1024K)]
  0x000001cceba5a640 JavaThread "Monitor Deflation Thread"   daemon [_thread_blocked, id=16888, stack(0x0000007940500000,0x0000007940600000) (1024K)]
  0x000001cceba5f3f0 JavaThread "C2 CompilerThread0"         daemon [_thread_blocked, id=17616, stack(0x0000007940600000,0x0000007940700000) (1024K)]
  0x000001cceba63390 JavaThread "C1 CompilerThread0"         daemon [_thread_blocked, id=15416, stack(0x0000007940700000,0x0000007940800000) (1024K)]
  0x000001cceba0f4e0 JavaThread "Common-Cleaner"             daemon [_thread_blocked, id=4940, stack(0x0000007940800000,0x0000007940900000) (1024K)]
  0x000001ccf074b600 JavaThread "Monitor Ctrl-Break"         daemon [_thread_in_native, id=19052, stack(0x0000007940b00000,0x0000007940c00000) (1024K)]
  0x000001ccf0613e20 JavaThread "Notification Thread"        daemon [_thread_blocked, id=328, stack(0x0000007940c00000,0x0000007940d00000) (1024K)]
  0x000001ccf1114940 JavaThread "QuantumRenderer-0"          daemon [_thread_blocked, id=19088, stack(0x0000007940d00000,0x0000007940e00000) (1024K)]
  0x000001ccf0e0ee70 JavaThread "InvokeLaterDispatcher"      daemon [_thread_blocked, id=20268, stack(0x0000007940e00000,0x0000007940f00000) (1024K)]
  0x000001ccf0731380 JavaThread "JavaFX Application Thread"         [_thread_in_native, id=6128, stack(0x0000007940f00000,0x0000007941000000) (1024K)]
  0x000001ccf1194e70 JavaThread "JavaFX-Launcher"                   [_thread_blocked, id=4120, stack(0x0000007941400000,0x0000007941500000) (1024K)]
  0x000001ccf11be840 JavaThread "Thread-2"                   daemon [_thread_in_native, id=19112, stack(0x0000007941300000,0x0000007941400000) (1024K)]
  0x000001ccf12c6cd0 JavaThread "Prism Font Disposer"        daemon [_thread_blocked, id=19660, stack(0x0000007941a00000,0x0000007941b00000) (1024K)]
  0x000001ccf157b490 JavaThread "Cleaner-0"                  daemon [_thread_blocked, id=19924, stack(0x0000007942100000,0x0000007942200000) (1024K)]
  0x000001ccf157a770 JavaThread "SIGINT handler"             daemon [_thread_blocked, id=19692, stack(0x0000007942400000,0x0000007942500000) (1024K)]
Total: 20

Other Threads:
=>0x000001ccca89eca0 VMThread "VM Thread"                           [id=19956, stack(0x000000793ff00000,0x0000007940000000) (1024K)]
  0x000001ccca89e560 WorkerThread "GC Thread#0"                     [id=19100, stack(0x000000793f900000,0x000000793fa00000) (1024K)]
  0x000001ccca89f040 WorkerThread "GC Thread#1"                     [id=5756, stack(0x0000007941500000,0x0000007941600000) (1024K)]
  0x000001ccca89de20 WorkerThread "GC Thread#2"                     [id=18616, stack(0x0000007941600000,0x0000007941700000) (1024K)]
  0x000001ccf124ee10 WorkerThread "GC Thread#3"                     [id=19960, stack(0x0000007941700000,0x0000007941800000) (1024K)]
  0x000001ccf1252470 WorkerThread "GC Thread#4"                     [id=15644, stack(0x0000007941800000,0x0000007941900000) (1024K)]
  0x000001ccf1250eb0 WorkerThread "GC Thread#5"                     [id=19308, stack(0x0000007941900000,0x0000007941a00000) (1024K)]
  0x000001ccf1278e70 WorkerThread "GC Thread#6"                     [id=11524, stack(0x0000007942200000,0x0000007942300000) (1024K)]
  0x000001ccf1279210 WorkerThread "GC Thread#7"                     [id=3592, stack(0x0000007942300000,0x0000007942400000) (1024K)]
  0x000001cccca779c0 ConcurrentGCThread "G1 Main Marker"            terminated
  0x000001ccca89e1c0 WorkerThread "G1 Conc#0"                       [id=18492, stack(0x000000793fb00000,0x000000793fc00000) (1024K)]
  0x000001ccccace4e0 ConcurrentGCThread "G1 Refine#0"               terminated
  0x000001cceb8e22c0 ConcurrentGCThread "G1 Service"                terminated
Total: 13

Threads with active compile tasks:
C2 CompilerThread0    42121 2643       4       java.util.concurrent.ConcurrentHashMap$Traverser::advance (188 bytes)
Total: 1

VM state: at safepoint (shutting down)

VM Mutex/Monitor currently owned by a thread:  ([mutex/lock_event])
[0x00007ffa8d47a5f8] Threads_lock - owner thread: 0x000001ccca89eca0
[0x00007ffa8d47a6f8] Heap_lock - owner thread: 0x000001ccf157a770

Heap address: 0x0000000704c00000, size: 4020 MB, Compressed Oops mode: Zero based, Oop shift amount: 3

CDS archive(s) mapped at: [0x000001cc80000000-0x000001cc80c90000-0x000001cc80c90000), size 13172736, SharedBaseAddress: 0x000001cc80000000, ArchiveRelocationMode: 1.
Compressed class space mapped at: 0x000001cc81000000-0x000001ccc1000000, reserved size: 1073741824
Narrow klass base: 0x000001cc80000000, Narrow klass shift: 0, Narrow klass range: 0x100000000

GC Precious Log:
 CardTable entry size: 512
 Card Set container configuration: InlinePtr #cards 4 size 8 Array Of Cards #cards 16 size 48 Howl #buckets 8 coarsen threshold 3686 Howl Bitmap #cards 512 size 80 coarsen threshold 460 Card regions per heap region 1 cards per card region 4096
 CPUs: 8 total, 8 available
 Memory: 16075M
 Large Page Support: Disabled
 NUMA Support: Disabled
 Compressed Oops: Enabled (Zero based)
 Heap Region Size: 2M
 Heap Min Capacity: 8M
 Heap Initial Capacity: 252M
 Heap Max Capacity: 4020M
 Pre-touch: Disabled
 Parallel Workers: 8
 Concurrent Workers: 2
 Concurrent Refinement Workers: 8
 Periodic GC: Disabled

Heap:
 garbage-first heap   total 258048K, used 26927K [0x0000000704c00000, 0x0000000800000000)
  region size 2048K, 13 young (26624K), 3 survivors (6144K)
 Metaspace       used 15821K, committed 16064K, reserved 1114112K
  class space    used 2307K, committed 2432K, reserved 1048576K

Heap Regions: E=young(eden), S=young(survivor), O=old, HS=humongous(starts), HC=humongous(continues), CS=collection set, F=free, TAMS=top-at-mark-start, PB=parsable bottom
|   0|0x0000000704c00000, 0x0000000704c4bc48, 0x0000000704e00000| 14%| O|  |TAMS 0x0000000704c00000| PB 0x0000000704c00000| Untracked 
|   1|0x0000000704e00000, 0x0000000705000000, 0x0000000705000000|100%|HS|  |TAMS 0x0000000704e00000| PB 0x0000000704e00000| Complete 
|   2|0x0000000705000000, 0x0000000705000000, 0x0000000705200000|  0%| F|  |TAMS 0x0000000705000000| PB 0x0000000705000000| Untracked 
|   3|0x0000000705200000, 0x0000000705200000, 0x0000000705400000|  0%| F|  |TAMS 0x0000000705200000| PB 0x0000000705200000| Untracked 
|   4|0x0000000705400000, 0x0000000705400000, 0x0000000705600000|  0%| F|  |TAMS 0x0000000705400000| PB 0x0000000705400000| Untracked 
|   5|0x0000000705600000, 0x0000000705600000, 0x0000000705800000|  0%| F|  |TAMS 0x0000000705600000| PB 0x0000000705600000| Untracked 
|   6|0x0000000705800000, 0x0000000705800000, 0x0000000705a00000|  0%| F|  |TAMS 0x0000000705800000| PB 0x0000000705800000| Untracked 
|   7|0x0000000705a00000, 0x0000000705a00000, 0x0000000705c00000|  0%| F|  |TAMS 0x0000000705a00000| PB 0x0000000705a00000| Untracked 
|   8|0x0000000705c00000, 0x0000000705c00000, 0x0000000705e00000|  0%| F|  |TAMS 0x0000000705c00000| PB 0x0000000705c00000| Untracked 
|   9|0x0000000705e00000, 0x0000000705e00000, 0x0000000706000000|  0%| F|  |TAMS 0x0000000705e00000| PB 0x0000000705e00000| Untracked 
|  10|0x0000000706000000, 0x0000000706000000, 0x0000000706200000|  0%| F|  |TAMS 0x0000000706000000| PB 0x0000000706000000| Untracked 
|  11|0x0000000706200000, 0x0000000706200000, 0x0000000706400000|  0%| F|  |TAMS 0x0000000706200000| PB 0x0000000706200000| Untracked 
|  12|0x0000000706400000, 0x0000000706400000, 0x0000000706600000|  0%| F|  |TAMS 0x0000000706400000| PB 0x0000000706400000| Untracked 
|  13|0x0000000706600000, 0x0000000706600000, 0x0000000706800000|  0%| F|  |TAMS 0x0000000706600000| PB 0x0000000706600000| Untracked 
|  14|0x0000000706800000, 0x0000000706800000, 0x0000000706a00000|  0%| F|  |TAMS 0x0000000706800000| PB 0x0000000706800000| Untracked 
|  15|0x0000000706a00000, 0x0000000706a00000, 0x0000000706c00000|  0%| F|  |TAMS 0x0000000706a00000| PB 0x0000000706a00000| Untracked 
|  16|0x0000000706c00000, 0x0000000706c00000, 0x0000000706e00000|  0%| F|  |TAMS 0x0000000706c00000| PB 0x0000000706c00000| Untracked 
|  17|0x0000000706e00000, 0x0000000706e00000, 0x0000000707000000|  0%| F|  |TAMS 0x0000000706e00000| PB 0x0000000706e00000| Untracked 
|  18|0x0000000707000000, 0x0000000707000000, 0x0000000707200000|  0%| F|  |TAMS 0x0000000707000000| PB 0x0000000707000000| Untracked 
|  19|0x0000000707200000, 0x0000000707200000, 0x0000000707400000|  0%| F|  |TAMS 0x0000000707200000| PB 0x0000000707200000| Untracked 
|  20|0x0000000707400000, 0x0000000707400000, 0x0000000707600000|  0%| F|  |TAMS 0x0000000707400000| PB 0x0000000707400000| Untracked 
|  21|0x0000000707600000, 0x0000000707600000, 0x0000000707800000|  0%| F|  |TAMS 0x0000000707600000| PB 0x0000000707600000| Untracked 
|  22|0x0000000707800000, 0x0000000707800000, 0x0000000707a00000|  0%| F|  |TAMS 0x0000000707800000| PB 0x0000000707800000| Untracked 
|  23|0x0000000707a00000, 0x0000000707a00000, 0x0000000707c00000|  0%| F|  |TAMS 0x0000000707a00000| PB 0x0000000707a00000| Untracked 
|  24|0x0000000707c00000, 0x0000000707c00000, 0x0000000707e00000|  0%| F|  |TAMS 0x0000000707c00000| PB 0x0000000707c00000| Untracked 
|  25|0x0000000707e00000, 0x0000000707e00000, 0x0000000708000000|  0%| F|  |TAMS 0x0000000707e00000| PB 0x0000000707e00000| Untracked 
|  26|0x0000000708000000, 0x0000000708000000, 0x0000000708200000|  0%| F|  |TAMS 0x0000000708000000| PB 0x0000000708000000| Untracked 
|  27|0x0000000708200000, 0x0000000708200000, 0x0000000708400000|  0%| F|  |TAMS 0x0000000708200000| PB 0x0000000708200000| Untracked 
|  28|0x0000000708400000, 0x0000000708400000, 0x0000000708600000|  0%| F|  |TAMS 0x0000000708400000| PB 0x0000000708400000| Untracked 
|  29|0x0000000708600000, 0x0000000708600000, 0x0000000708800000|  0%| F|  |TAMS 0x0000000708600000| PB 0x0000000708600000| Untracked 
|  30|0x0000000708800000, 0x0000000708800000, 0x0000000708a00000|  0%| F|  |TAMS 0x0000000708800000| PB 0x0000000708800000| Untracked 
|  31|0x0000000708a00000, 0x0000000708a00000, 0x0000000708c00000|  0%| F|  |TAMS 0x0000000708a00000| PB 0x0000000708a00000| Untracked 
|  32|0x0000000708c00000, 0x0000000708c00000, 0x0000000708e00000|  0%| F|  |TAMS 0x0000000708c00000| PB 0x0000000708c00000| Untracked 
|  33|0x0000000708e00000, 0x0000000708e00000, 0x0000000709000000|  0%| F|  |TAMS 0x0000000708e00000| PB 0x0000000708e00000| Untracked 
|  34|0x0000000709000000, 0x0000000709000000, 0x0000000709200000|  0%| F|  |TAMS 0x0000000709000000| PB 0x0000000709000000| Untracked 
|  35|0x0000000709200000, 0x0000000709200000, 0x0000000709400000|  0%| F|  |TAMS 0x0000000709200000| PB 0x0000000709200000| Untracked 
|  36|0x0000000709400000, 0x0000000709400000, 0x0000000709600000|  0%| F|  |TAMS 0x0000000709400000| PB 0x0000000709400000| Untracked 
|  37|0x0000000709600000, 0x0000000709600000, 0x0000000709800000|  0%| F|  |TAMS 0x0000000709600000| PB 0x0000000709600000| Untracked 
|  38|0x0000000709800000, 0x0000000709800000, 0x0000000709a00000|  0%| F|  |TAMS 0x0000000709800000| PB 0x0000000709800000| Untracked 
|  39|0x0000000709a00000, 0x0000000709a00000, 0x0000000709c00000|  0%| F|  |TAMS 0x0000000709a00000| PB 0x0000000709a00000| Untracked 
|  40|0x0000000709c00000, 0x0000000709c00000, 0x0000000709e00000|  0%| F|  |TAMS 0x0000000709c00000| PB 0x0000000709c00000| Untracked 
|  41|0x0000000709e00000, 0x0000000709e00000, 0x000000070a000000|  0%| F|  |TAMS 0x0000000709e00000| PB 0x0000000709e00000| Untracked 
|  42|0x000000070a000000, 0x000000070a000000, 0x000000070a200000|  0%| F|  |TAMS 0x000000070a000000| PB 0x000000070a000000| Untracked 
|  43|0x000000070a200000, 0x000000070a200000, 0x000000070a400000|  0%| F|  |TAMS 0x000000070a200000| PB 0x000000070a200000| Untracked 
|  44|0x000000070a400000, 0x000000070a400000, 0x000000070a600000|  0%| F|  |TAMS 0x000000070a400000| PB 0x000000070a400000| Untracked 
|  45|0x000000070a600000, 0x000000070a600000, 0x000000070a800000|  0%| F|  |TAMS 0x000000070a600000| PB 0x000000070a600000| Untracked 
|  46|0x000000070a800000, 0x000000070a800000, 0x000000070aa00000|  0%| F|  |TAMS 0x000000070a800000| PB 0x000000070a800000| Untracked 
|  47|0x000000070aa00000, 0x000000070aa00000, 0x000000070ac00000|  0%| F|  |TAMS 0x000000070aa00000| PB 0x000000070aa00000| Untracked 
|  48|0x000000070ac00000, 0x000000070ac00000, 0x000000070ae00000|  0%| F|  |TAMS 0x000000070ac00000| PB 0x000000070ac00000| Untracked 
|  49|0x000000070ae00000, 0x000000070ae00000, 0x000000070b000000|  0%| F|  |TAMS 0x000000070ae00000| PB 0x000000070ae00000| Untracked 
|  50|0x000000070b000000, 0x000000070b000000, 0x000000070b200000|  0%| F|  |TAMS 0x000000070b000000| PB 0x000000070b000000| Untracked 
|  51|0x000000070b200000, 0x000000070b200000, 0x000000070b400000|  0%| F|  |TAMS 0x000000070b200000| PB 0x000000070b200000| Untracked 
|  52|0x000000070b400000, 0x000000070b400000, 0x000000070b600000|  0%| F|  |TAMS 0x000000070b400000| PB 0x000000070b400000| Untracked 
|  53|0x000000070b600000, 0x000000070b600000, 0x000000070b800000|  0%| F|  |TAMS 0x000000070b600000| PB 0x000000070b600000| Untracked 
|  54|0x000000070b800000, 0x000000070b800000, 0x000000070ba00000|  0%| F|  |TAMS 0x000000070b800000| PB 0x000000070b800000| Untracked 
|  55|0x000000070ba00000, 0x000000070ba00000, 0x000000070bc00000|  0%| F|  |TAMS 0x000000070ba00000| PB 0x000000070ba00000| Untracked 
|  56|0x000000070bc00000, 0x000000070bc00000, 0x000000070be00000|  0%| F|  |TAMS 0x000000070bc00000| PB 0x000000070bc00000| Untracked 
|  57|0x000000070be00000, 0x000000070be00000, 0x000000070c000000|  0%| F|  |TAMS 0x000000070be00000| PB 0x000000070be00000| Untracked 
|  58|0x000000070c000000, 0x000000070c000000, 0x000000070c200000|  0%| F|  |TAMS 0x000000070c000000| PB 0x000000070c000000| Untracked 
|  59|0x000000070c200000, 0x000000070c200000, 0x000000070c400000|  0%| F|  |TAMS 0x000000070c200000| PB 0x000000070c200000| Untracked 
|  60|0x000000070c400000, 0x000000070c400000, 0x000000070c600000|  0%| F|  |TAMS 0x000000070c400000| PB 0x000000070c400000| Untracked 
|  61|0x000000070c600000, 0x000000070c600000, 0x000000070c800000|  0%| F|  |TAMS 0x000000070c600000| PB 0x000000070c600000| Untracked 
|  62|0x000000070c800000, 0x000000070c800000, 0x000000070ca00000|  0%| F|  |TAMS 0x000000070c800000| PB 0x000000070c800000| Untracked 
|  63|0x000000070ca00000, 0x000000070ca00000, 0x000000070cc00000|  0%| F|  |TAMS 0x000000070ca00000| PB 0x000000070ca00000| Untracked 
|  64|0x000000070cc00000, 0x000000070cc00000, 0x000000070ce00000|  0%| F|  |TAMS 0x000000070cc00000| PB 0x000000070cc00000| Untracked 
|  65|0x000000070ce00000, 0x000000070ce00000, 0x000000070d000000|  0%| F|  |TAMS 0x000000070ce00000| PB 0x000000070ce00000| Untracked 
|  66|0x000000070d000000, 0x000000070d000000, 0x000000070d200000|  0%| F|  |TAMS 0x000000070d000000| PB 0x000000070d000000| Untracked 
|  67|0x000000070d200000, 0x000000070d200000, 0x000000070d400000|  0%| F|  |TAMS 0x000000070d200000| PB 0x000000070d200000| Untracked 
|  68|0x000000070d400000, 0x000000070d400000, 0x000000070d600000|  0%| F|  |TAMS 0x000000070d400000| PB 0x000000070d400000| Untracked 
|  69|0x000000070d600000, 0x000000070d600000, 0x000000070d800000|  0%| F|  |TAMS 0x000000070d600000| PB 0x000000070d600000| Untracked 
|  70|0x000000070d800000, 0x000000070d800000, 0x000000070da00000|  0%| F|  |TAMS 0x000000070d800000| PB 0x000000070d800000| Untracked 
|  71|0x000000070da00000, 0x000000070da00000, 0x000000070dc00000|  0%| F|  |TAMS 0x000000070da00000| PB 0x000000070da00000| Untracked 
|  72|0x000000070dc00000, 0x000000070dc00000, 0x000000070de00000|  0%| F|  |TAMS 0x000000070dc00000| PB 0x000000070dc00000| Untracked 
|  73|0x000000070de00000, 0x000000070de00000, 0x000000070e000000|  0%| F|  |TAMS 0x000000070de00000| PB 0x000000070de00000| Untracked 
|  74|0x000000070e000000, 0x000000070e000000, 0x000000070e200000|  0%| F|  |TAMS 0x000000070e000000| PB 0x000000070e000000| Untracked 
|  75|0x000000070e200000, 0x000000070e200000, 0x000000070e400000|  0%| F|  |TAMS 0x000000070e200000| PB 0x000000070e200000| Untracked 
|  76|0x000000070e400000, 0x000000070e400000, 0x000000070e600000|  0%| F|  |TAMS 0x000000070e400000| PB 0x000000070e400000| Untracked 
|  77|0x000000070e600000, 0x000000070e600000, 0x000000070e800000|  0%| F|  |TAMS 0x000000070e600000| PB 0x000000070e600000| Untracked 
|  78|0x000000070e800000, 0x000000070e800000, 0x000000070ea00000|  0%| F|  |TAMS 0x000000070e800000| PB 0x000000070e800000| Untracked 
|  79|0x000000070ea00000, 0x000000070ea00000, 0x000000070ec00000|  0%| F|  |TAMS 0x000000070ea00000| PB 0x000000070ea00000| Untracked 
|  80|0x000000070ec00000, 0x000000070ec00000, 0x000000070ee00000|  0%| F|  |TAMS 0x000000070ec00000| PB 0x000000070ec00000| Untracked 
|  81|0x000000070ee00000, 0x000000070ee00000, 0x000000070f000000|  0%| F|  |TAMS 0x000000070ee00000| PB 0x000000070ee00000| Untracked 
|  82|0x000000070f000000, 0x000000070f000000, 0x000000070f200000|  0%| F|  |TAMS 0x000000070f000000| PB 0x000000070f000000| Untracked 
|  83|0x000000070f200000, 0x000000070f200000, 0x000000070f400000|  0%| F|  |TAMS 0x000000070f200000| PB 0x000000070f200000| Untracked 
|  84|0x000000070f400000, 0x000000070f400000, 0x000000070f600000|  0%| F|  |TAMS 0x000000070f400000| PB 0x000000070f400000| Untracked 
|  85|0x000000070f600000, 0x000000070f600000, 0x000000070f800000|  0%| F|  |TAMS 0x000000070f600000| PB 0x000000070f600000| Untracked 
|  86|0x000000070f800000, 0x000000070f800000, 0x000000070fa00000|  0%| F|  |TAMS 0x000000070f800000| PB 0x000000070f800000| Untracked 
|  87|0x000000070fa00000, 0x000000070fa00000, 0x000000070fc00000|  0%| F|  |TAMS 0x000000070fa00000| PB 0x000000070fa00000| Untracked 
|  88|0x000000070fc00000, 0x000000070fc00000, 0x000000070fe00000|  0%| F|  |TAMS 0x000000070fc00000| PB 0x000000070fc00000| Untracked 
|  89|0x000000070fe00000, 0x000000070fe00000, 0x0000000710000000|  0%| F|  |TAMS 0x000000070fe00000| PB 0x000000070fe00000| Untracked 
|  90|0x0000000710000000, 0x0000000710000000, 0x0000000710200000|  0%| F|  |TAMS 0x0000000710000000| PB 0x0000000710000000| Untracked 
|  91|0x0000000710200000, 0x0000000710200000, 0x0000000710400000|  0%| F|  |TAMS 0x0000000710200000| PB 0x0000000710200000| Untracked 
|  92|0x0000000710400000, 0x0000000710400000, 0x0000000710600000|  0%| F|  |TAMS 0x0000000710400000| PB 0x0000000710400000| Untracked 
|  93|0x0000000710600000, 0x0000000710600000, 0x0000000710800000|  0%| F|  |TAMS 0x0000000710600000| PB 0x0000000710600000| Untracked 
|  94|0x0000000710800000, 0x0000000710800000, 0x0000000710a00000|  0%| F|  |TAMS 0x0000000710800000| PB 0x0000000710800000| Untracked 
|  95|0x0000000710a00000, 0x0000000710a00000, 0x0000000710c00000|  0%| F|  |TAMS 0x0000000710a00000| PB 0x0000000710a00000| Untracked 
|  96|0x0000000710c00000, 0x0000000710c00000, 0x0000000710e00000|  0%| F|  |TAMS 0x0000000710c00000| PB 0x0000000710c00000| Untracked 
|  97|0x0000000710e00000, 0x0000000710e00000, 0x0000000711000000|  0%| F|  |TAMS 0x0000000710e00000| PB 0x0000000710e00000| Untracked 
|  98|0x0000000711000000, 0x0000000711000000, 0x0000000711200000|  0%| F|  |TAMS 0x0000000711000000| PB 0x0000000711000000| Untracked 
|  99|0x0000000711200000, 0x0000000711200000, 0x0000000711400000|  0%| F|  |TAMS 0x0000000711200000| PB 0x0000000711200000| Untracked 
| 100|0x0000000711400000, 0x0000000711400000, 0x0000000711600000|  0%| F|  |TAMS 0x0000000711400000| PB 0x0000000711400000| Untracked 
| 101|0x0000000711600000, 0x0000000711600000, 0x0000000711800000|  0%| F|  |TAMS 0x0000000711600000| PB 0x0000000711600000| Untracked 
| 102|0x0000000711800000, 0x0000000711800000, 0x0000000711a00000|  0%| F|  |TAMS 0x0000000711800000| PB 0x0000000711800000| Untracked 
| 103|0x0000000711a00000, 0x0000000711c00000, 0x0000000711c00000|100%| S|CS|TAMS 0x0000000711a00000| PB 0x0000000711a00000| Complete 
| 104|0x0000000711c00000, 0x0000000711e00000, 0x0000000711e00000|100%| S|CS|TAMS 0x0000000711c00000| PB 0x0000000711c00000| Complete 
| 105|0x0000000711e00000, 0x0000000712000000, 0x0000000712000000|100%| S|CS|TAMS 0x0000000711e00000| PB 0x0000000711e00000| Complete 
| 106|0x0000000712000000, 0x0000000712000000, 0x0000000712200000|  0%| F|  |TAMS 0x0000000712000000| PB 0x0000000712000000| Untracked 
| 107|0x0000000712200000, 0x0000000712200000, 0x0000000712400000|  0%| F|  |TAMS 0x0000000712200000| PB 0x0000000712200000| Untracked 
| 108|0x0000000712400000, 0x0000000712400000, 0x0000000712600000|  0%| F|  |TAMS 0x0000000712400000| PB 0x0000000712400000| Untracked 
| 109|0x0000000712600000, 0x0000000712600000, 0x0000000712800000|  0%| F|  |TAMS 0x0000000712600000| PB 0x0000000712600000| Untracked 
| 110|0x0000000712800000, 0x0000000712800000, 0x0000000712a00000|  0%| F|  |TAMS 0x0000000712800000| PB 0x0000000712800000| Untracked 
| 111|0x0000000712a00000, 0x0000000712a00000, 0x0000000712c00000|  0%| F|  |TAMS 0x0000000712a00000| PB 0x0000000712a00000| Untracked 
| 112|0x0000000712c00000, 0x0000000712c00000, 0x0000000712e00000|  0%| F|  |TAMS 0x0000000712c00000| PB 0x0000000712c00000| Untracked 
| 113|0x0000000712e00000, 0x0000000712e00000, 0x0000000713000000|  0%| F|  |TAMS 0x0000000712e00000| PB 0x0000000712e00000| Untracked 
| 114|0x0000000713000000, 0x0000000713000000, 0x0000000713200000|  0%| F|  |TAMS 0x0000000713000000| PB 0x0000000713000000| Untracked 
| 115|0x0000000713200000, 0x0000000713200000, 0x0000000713400000|  0%| F|  |TAMS 0x0000000713200000| PB 0x0000000713200000| Untracked 
| 116|0x0000000713400000, 0x0000000713600000, 0x0000000713600000|100%| E|  |TAMS 0x0000000713400000| PB 0x0000000713400000| Complete 
| 117|0x0000000713600000, 0x0000000713800000, 0x0000000713800000|100%| E|CS|TAMS 0x0000000713600000| PB 0x0000000713600000| Complete 
| 118|0x0000000713800000, 0x0000000713a00000, 0x0000000713a00000|100%| E|CS|TAMS 0x0000000713800000| PB 0x0000000713800000| Complete 
| 119|0x0000000713a00000, 0x0000000713c00000, 0x0000000713c00000|100%| E|CS|TAMS 0x0000000713a00000| PB 0x0000000713a00000| Complete 
| 120|0x0000000713c00000, 0x0000000713e00000, 0x0000000713e00000|100%| E|CS|TAMS 0x0000000713c00000| PB 0x0000000713c00000| Complete 
| 121|0x0000000713e00000, 0x0000000714000000, 0x0000000714000000|100%| E|CS|TAMS 0x0000000713e00000| PB 0x0000000713e00000| Complete 
| 122|0x0000000714000000, 0x0000000714200000, 0x0000000714200000|100%| E|CS|TAMS 0x0000000714000000| PB 0x0000000714000000| Complete 
| 123|0x0000000714200000, 0x0000000714400000, 0x0000000714400000|100%| E|CS|TAMS 0x0000000714200000| PB 0x0000000714200000| Complete 
| 124|0x0000000714400000, 0x0000000714600000, 0x0000000714600000|100%| E|CS|TAMS 0x0000000714400000| PB 0x0000000714400000| Complete 
| 125|0x0000000714600000, 0x0000000714800000, 0x0000000714800000|100%| E|CS|TAMS 0x0000000714600000| PB 0x0000000714600000| Complete 

Card table byte_map: [0x000001cce4970000,0x000001cce5150000] _byte_map_base: 0x000001cce114a000

Marking Bits: (CMBitMap*) 0x000001cccca66590
 Bits: [0x000001cce5150000, 0x000001cce9020000)

Polling page: 0x000001cccc1d0000

Metaspace:

Usage:
  Non-class:     13.20 MB used.
      Class:      2.25 MB used.
       Both:     15.45 MB used.

Virtual space:
  Non-class space:       64.00 MB reserved,      13.31 MB ( 21%) committed,  1 nodes.
      Class space:        1.00 GB reserved,       2.38 MB ( <1%) committed,  1 nodes.
             Both:        1.06 GB reserved,      15.69 MB (  1%) committed. 

Chunk freelists:
   Non-Class:  2.19 MB
       Class:  13.58 MB
        Both:  15.76 MB

MaxMetaspaceSize: unlimited
CompressedClassSpaceSize: 1.00 GB
Initial GC threshold: 21.00 MB
Current GC threshold: 21.00 MB
CDS: on
 - commit_granule_bytes: 65536.
 - commit_granule_words: 8192.
 - virtual_space_node_default_size: 8388608.
 - enlarge_chunks_in_place: 1.
 - use_allocation_guard: 0.


Internal statistics:

num_allocs_failed_limit: 0.
num_arena_births: 340.
num_arena_deaths: 0.
num_vsnodes_births: 2.
num_vsnodes_deaths: 0.
num_space_committed: 251.
num_space_uncommitted: 0.
num_chunks_returned_to_freelist: 0.
num_chunks_taken_from_freelist: 840.
num_chunk_merges: 0.
num_chunk_splits: 573.
num_chunks_enlarged: 428.
num_inconsistent_stats: 0.

CodeHeap 'non-profiled nmethods': size=120000Kb used=1071Kb max_used=1071Kb free=118929Kb
 bounds [0x000001ccdc930000, 0x000001ccdcba0000, 0x000001cce3e60000]
CodeHeap 'profiled nmethods': size=120000Kb used=4811Kb max_used=4811Kb free=115188Kb
 bounds [0x000001ccd4e60000, 0x000001ccd5320000, 0x000001ccdc390000]
CodeHeap 'non-nmethods': size=5760Kb used=2024Kb max_used=2062Kb free=3735Kb
 bounds [0x000001ccdc390000, 0x000001ccdc600000, 0x000001ccdc930000]
 total_blobs=3449 nmethods=2641 adapters=712
 compilation: enabled
              stopped_count=0, restarted_count=0
 full_count=0

Compilation events (20 events):
Event: 11.800 Thread 0x000001cceba5f3f0 2634       4       java.util.Arrays::fill (28 bytes)
Event: 11.800 Thread 0x000001cceba63390 nmethod 2633 0x000001ccd530d890 code [0x000001ccd530dac0, 0x000001ccd530e330]
Event: 11.800 Thread 0x000001cceba63390 2635       3       com.sun.prism.d3d.D3DTexture::getContext (17 bytes)
Event: 11.800 Thread 0x000001cceba63390 nmethod 2635 0x000001ccd530e610 code [0x000001ccd530e800, 0x000001ccd530ed90]
Event: 11.800 Thread 0x000001cceba63390 2636       3       com.sun.javafx.geom.RectBounds::<init> (14 bytes)
Event: 11.800 Thread 0x000001cceba63390 nmethod 2636 0x000001ccd530ef90 code [0x000001ccd530f140, 0x000001ccd530f380]
Event: 11.801 Thread 0x000001cceba5f3f0 nmethod 2634 0x000001ccdca3b190 code [0x000001ccdca3b320, 0x000001ccdca3b4a8]
Event: 12.358 Thread 0x000001cceba63390 2637       3       com.sun.javafx.scene.KeyboardShortcutsHandler::dispatchCapturingEvent (223 bytes)
Event: 12.359 Thread 0x000001cceba63390 nmethod 2637 0x000001ccd530f490 code [0x000001ccd530f740, 0x000001ccd5310760]
Event: 12.927 Thread 0x000001cceba63390 2638       1       javafx.scene.input.KeyCode::getCode (5 bytes)
Event: 12.927 Thread 0x000001cceba63390 nmethod 2638 0x000001ccdca3b610 code [0x000001ccdca3b7a0, 0x000001ccdca3b868]
Event: 13.077 Thread 0x000001cceba63390 2639       3       javafx.scene.Scene::buildEventDispatchChain (48 bytes)
Event: 13.078 Thread 0x000001cceba63390 nmethod 2639 0x000001ccd5310b10 code [0x000001ccd5310dc0, 0x000001ccd5312010]
Event: 13.078 Thread 0x000001cceba63390 2640       3       com.sun.javafx.stage.WindowCloseRequestHandler::dispatchBubblingEvent (23 bytes)
Event: 13.078 Thread 0x000001cceba63390 nmethod 2640 0x000001ccd5312490 code [0x000001ccd5312660, 0x000001ccd5312a48]
Event: 13.078 Thread 0x000001cceba63390 2641       3       com.sun.javafx.event.BasicEventDispatcher::dispatchBubblingEvent (2 bytes)
Event: 13.078 Thread 0x000001cceba63390 nmethod 2641 0x000001ccd5312b90 code [0x000001ccd5312d20, 0x000001ccd5312e30]
Event: 41.522 Thread 0x000001cceba63390 2642       1       java.util.logging.LogManager$LoggerContext::getOwner (5 bytes)
Event: 41.522 Thread 0x000001cceba5f3f0 2643       4       java.util.concurrent.ConcurrentHashMap$Traverser::advance (188 bytes)
Event: 41.522 Thread 0x000001cceba63390 nmethod 2642 0x000001ccdca3b910 code [0x000001ccdca3baa0, 0x000001ccdca3bb70]

GC Heap History (4 events):
Event: 0.473 GC heap before
{Heap before GC invocations=0 (full 0):
 garbage-first heap   total 258048K, used 22528K [0x0000000704c00000, 0x0000000800000000)
  region size 2048K, 11 young (22528K), 0 survivors (0K)
 Metaspace       used 4460K, committed 4608K, reserved 1114112K
  class space    used 483K, committed 576K, reserved 1048576K
}
Event: 0.476 GC heap after
{Heap after GC invocations=1 (full 0):
 garbage-first heap   total 258048K, used 2657K [0x0000000704c00000, 0x0000000800000000)
  region size 2048K, 2 young (4096K), 2 survivors (4096K)
 Metaspace       used 4460K, committed 4608K, reserved 1114112K
  class space    used 483K, committed 576K, reserved 1048576K
}
Event: 1.003 GC heap before
{Heap before GC invocations=1 (full 0):
 garbage-first heap   total 258048K, used 37473K [0x0000000704c00000, 0x0000000800000000)
  region size 2048K, 20 young (40960K), 2 survivors (4096K)
 Metaspace       used 12895K, committed 13248K, reserved 1114112K
  class space    used 1763K, committed 1920K, reserved 1048576K
}
Event: 1.008 GC heap after
{Heap after GC invocations=2 (full 0):
 garbage-first heap   total 258048K, used 6447K [0x0000000704c00000, 0x0000000800000000)
  region size 2048K, 3 young (6144K), 3 survivors (6144K)
 Metaspace       used 12895K, committed 13248K, reserved 1114112K
  class space    used 1763K, committed 1920K, reserved 1048576K
}

Dll operation events (20 events):
Event: 0.314 Loaded shared library C:\Users\Алекс\.openjfx\cache\19+11\amd64\api-ms-win-crt-locale-l1-1-0.dll
Event: 0.315 Loaded shared library C:\Users\Алекс\.openjfx\cache\19+11\amd64\api-ms-win-crt-math-l1-1-0.dll
Event: 0.317 Loaded shared library C:\Users\Алекс\.openjfx\cache\19+11\amd64\api-ms-win-crt-multibyte-l1-1-0.dll
Event: 0.320 Loaded shared library C:\Users\Алекс\.openjfx\cache\19+11\amd64\api-ms-win-crt-private-l1-1-0.dll
Event: 0.322 Loaded shared library C:\Users\Алекс\.openjfx\cache\19+11\amd64\api-ms-win-crt-process-l1-1-0.dll
Event: 0.324 Loaded shared library C:\Users\Алекс\.openjfx\cache\19+11\amd64\api-ms-win-crt-runtime-l1-1-0.dll
Event: 0.326 Loaded shared library C:\Users\Алекс\.openjfx\cache\19+11\amd64\api-ms-win-crt-stdio-l1-1-0.dll
Event: 0.328 Loaded shared library C:\Users\Алекс\.openjfx\cache\19+11\amd64\api-ms-win-crt-string-l1-1-0.dll
Event: 0.329 Loaded shared library C:\Users\Алекс\.openjfx\cache\19+11\amd64\api-ms-win-crt-time-l1-1-0.dll
Event: 0.331 Loaded shared library C:\Users\Алекс\.openjfx\cache\19+11\amd64\api-ms-win-crt-utility-l1-1-0.dll
Event: 0.342 Loaded shared library C:\Users\Алекс\.openjfx\cache\19+11\amd64\ucrtbase.dll
Event: 0.345 Loaded shared library C:\Users\Алекс\.openjfx\cache\19+11\amd64\vcruntime140.dll
Event: 0.347 Loaded shared library C:\Users\Алекс\.openjfx\cache\19+11\amd64\vcruntime140_1.dll
Event: 0.353 Loaded shared library C:\Users\Алекс\.openjfx\cache\19+11\amd64\msvcp140.dll
Event: 0.355 Loaded shared library C:\Users\Алекс\.openjfx\cache\19+11\amd64\msvcp140_1.dll
Event: 0.358 Loaded shared library C:\Users\Алекс\.openjfx\cache\19+11\amd64\msvcp140_2.dll
Event: 0.386 Loaded shared library C:\Users\Алекс\.openjfx\cache\19+11\amd64\prism_d3d.dll
Event: 0.418 Loaded shared library C:\Users\Алекс\.openjfx\cache\19+11\amd64\glass.dll
Event: 0.499 Loaded shared library C:\Program Files\Java\jdk-21\bin\jimage.dll
Event: 0.638 Loaded shared library C:\Users\Алекс\.openjfx\cache\19+11\amd64\javafx_font.dll

Deoptimization events (20 events):
Event: 2.234 Thread 0x000001ccf0731380 Uncommon trap: trap_request=0xffffffc6 fr.pc=0x000001ccdc9de8fc relative=0x00000000000003fc
Event: 2.234 Thread 0x000001ccf0731380 Uncommon trap: reason=bimorphic_or_optimized_type_check action=maybe_recompile pc=0x000001ccdc9de8fc method=java.util.regex.Pattern$BmpCharPropertyGreedy.match(Ljava/util/regex/Matcher;ILjava/lang/CharSequence;)Z @ 26 c2
Event: 2.234 Thread 0x000001ccf0731380 DEOPT PACKING pc=0x000001ccdc9de8fc sp=0x0000007940ffc110
Event: 2.234 Thread 0x000001ccf0731380 DEOPT UNPACKING pc=0x000001ccdc3e7da2 sp=0x0000007940ffc0c8 mode 2
Event: 2.234 Thread 0x000001ccf0731380 Uncommon trap: trap_request=0xffffffc6 fr.pc=0x000001ccdc9dfde0 relative=0x0000000000000920
Event: 2.234 Thread 0x000001ccf0731380 Uncommon trap: reason=bimorphic_or_optimized_type_check action=maybe_recompile pc=0x000001ccdc9dfde0 method=java.util.regex.Pattern$Start.match(Ljava/util/regex/Matcher;ILjava/lang/CharSequence;)Z @ 44 c2
Event: 2.234 Thread 0x000001ccf0731380 DEOPT PACKING pc=0x000001ccdc9dfde0 sp=0x0000007940ffc660
Event: 2.234 Thread 0x000001ccf0731380 DEOPT UNPACKING pc=0x000001ccdc3e7da2 sp=0x0000007940ffc5d0 mode 2
Event: 2.234 Thread 0x000001ccf0731380 Uncommon trap: trap_request=0xffffffc6 fr.pc=0x000001ccdc9de8fc relative=0x00000000000003fc
Event: 2.234 Thread 0x000001ccf0731380 Uncommon trap: reason=bimorphic_or_optimized_type_check action=maybe_recompile pc=0x000001ccdc9de8fc method=java.util.regex.Pattern$BmpCharPropertyGreedy.match(Ljava/util/regex/Matcher;ILjava/lang/CharSequence;)Z @ 26 c2
Event: 2.234 Thread 0x000001ccf0731380 DEOPT PACKING pc=0x000001ccdc9de8fc sp=0x0000007940ffc110
Event: 2.234 Thread 0x000001ccf0731380 DEOPT UNPACKING pc=0x000001ccdc3e7da2 sp=0x0000007940ffc0c8 mode 2
Event: 6.493 Thread 0x000001ccf0731380 Uncommon trap: trap_request=0xffffff45 fr.pc=0x000001ccdc9bfbb0 relative=0x0000000000000190
Event: 6.493 Thread 0x000001ccf0731380 Uncommon trap: reason=unstable_if action=reinterpret pc=0x000001ccdc9bfbb0 method=java.lang.String.equals(Ljava/lang/Object;)Z @ 33 c2
Event: 6.493 Thread 0x000001ccf0731380 DEOPT PACKING pc=0x000001ccdc9bfbb0 sp=0x0000007940ff8340
Event: 6.493 Thread 0x000001ccf0731380 DEOPT UNPACKING pc=0x000001ccdc3e7da2 sp=0x0000007940ff82d0 mode 2
Event: 9.302 Thread 0x000001ccf1114940 DEOPT PACKING pc=0x000001ccd522d250 sp=0x0000007940dfe2b0
Event: 9.302 Thread 0x000001ccf1114940 DEOPT UNPACKING pc=0x000001ccdc3e88e2 sp=0x0000007940dfd668 mode 0
Event: 11.800 Thread 0x000001ccf1114940 DEOPT PACKING pc=0x000001ccd51a99da sp=0x0000007940dfe260
Event: 11.800 Thread 0x000001ccf1114940 DEOPT UNPACKING pc=0x000001ccdc3e88e2 sp=0x0000007940dfd6f0 mode 0

Classes loaded (20 events):
Event: 1.077 Loading class sun/util/resources/OpenListResourceBundle
Event: 1.077 Loading class sun/util/resources/OpenListResourceBundle done
Event: 1.077 Loading class sun/util/resources/TimeZoneNamesBundle done
Event: 1.077 Loading class sun/util/resources/cldr/TimeZoneNames done
Event: 1.077 Loading class sun/util/resources/cldr/TimeZoneNames_en
Event: 1.078 Loading class sun/util/resources/cldr/TimeZoneNames_en done
Event: 1.078 Loading class sun/util/resources/cldr/TimeZoneNames_en_US
Event: 1.078 Loading class sun/util/resources/cldr/TimeZoneNames_en_US done
Event: 1.080 Loading class sun/util/cldr/CLDRBaseLocaleDataMetaInfo$TZCanonicalIDMapHolder
Event: 1.080 Loading class sun/util/cldr/CLDRBaseLocaleDataMetaInfo$TZCanonicalIDMapHolder done
Event: 1.081 Loading class sun/util/resources/TimeZoneNames
Event: 1.082 Loading class sun/util/resources/TimeZoneNames done
Event: 1.082 Loading class sun/util/resources/TimeZoneNames_en
Event: 1.082 Loading class sun/util/resources/TimeZoneNames_en done
Event: 1.990 Loading class java/io/UnsupportedEncodingException
Event: 1.990 Loading class java/io/UnsupportedEncodingException done
Event: 2.319 Loading class java/lang/FdLibm$Hypot
Event: 2.319 Loading class java/lang/FdLibm$Hypot done
Event: 41.521 Loading class jdk/internal/misc/Signal$1
Event: 41.521 Loading class jdk/internal/misc/Signal$1 done

Classes unloaded (0 events):
No events

Classes redefined (0 events):
No events

Internal exceptions (20 events):
Event: 0.746 Thread 0x000001ccf0731380 Exception <a 'java/lang/NoSuchMethodError'{0x0000000712c697d0}: 'int java.lang.invoke.DirectMethodHandle$Holder.invokeSpecial(java.lang.Object, java.lang.Object, java.lang.Object, int)'> (0x0000000712c697d0) 
thrown [s\open\src\hotspot\share\interpreter\linkResolver.cpp, line 773]
Event: 0.747 Thread 0x000001ccf0731380 Exception <a 'java/lang/NoSuchMethodError'{0x0000000712c738f8}: 'void java.lang.invoke.DelegatingMethodHandle$Holder.reinvoke_L(java.lang.Object, java.lang.Object, int)'> (0x0000000712c738f8) 
thrown [s\open\src\hotspot\share\interpreter\linkResolver.cpp, line 773]
Event: 0.748 Thread 0x000001ccf0731380 Exception <a 'java/lang/NoSuchMethodError'{0x0000000712c7a5d8}: 'int java.lang.invoke.DirectMethodHandle$Holder.invokeSpecial(java.lang.Object, java.lang.Object, java.lang.Object)'> (0x0000000712c7a5d8) 
thrown [s\open\src\hotspot\share\interpreter\linkResolver.cpp, line 773]
Event: 0.767 Thread 0x000001ccf0731380 Implicit null exception at 0x000001ccdc952049 to 0x000001ccdc952378
Event: 0.770 Thread 0x000001ccf0731380 Implicit null exception at 0x000001ccdc9b3c3b to 0x000001ccdc9b4230
Event: 0.771 Thread 0x000001ccf0731380 Implicit null exception at 0x000001ccdc9b6362 to 0x000001ccdc9b66ac
Event: 0.778 Thread 0x000001ccf0731380 Implicit null exception at 0x000001ccdc94f3fd to 0x000001ccdc94f6e8
Event: 0.878 Thread 0x000001ccf0731380 Exception <a 'java/lang/IncompatibleClassChangeError'{0x0000000712415538}: Found class java.lang.Object, but interface was expected> (0x0000000712415538) 
thrown [s\open\src\hotspot\share\interpreter\linkResolver.cpp, line 840]
Event: 0.906 Thread 0x000001ccf0731380 Exception <a 'java/lang/NoSuchMethodError'{0x0000000712525d08}: 'int java.lang.invoke.DirectMethodHandle$Holder.invokeSpecial(java.lang.Object, java.lang.Object, int)'> (0x0000000712525d08) 
thrown [s\open\src\hotspot\share\interpreter\linkResolver.cpp, line 773]
Event: 0.919 Thread 0x000001ccf0731380 Exception <a 'java/lang/NoSuchMethodError'{0x00000007125ced90}: 'java.lang.Object java.lang.invoke.DirectMethodHandle$Holder.newInvokeSpecial(java.lang.Object, java.lang.Object, int)'> (0x00000007125ced90) 
thrown [s\open\src\hotspot\share\interpreter\linkResolver.cpp, line 773]
Event: 0.936 Thread 0x000001ccf1114940 Exception <a 'java/lang/NoSuchMethodError'{0x0000000712290fd8}: 'int java.lang.invoke.DirectMethodHandle$Holder.invokeStaticInit(java.lang.Object, java.lang.Object)'> (0x0000000712290fd8) 
thrown [s\open\src\hotspot\share\interpreter\linkResolver.cpp, line 773]
Event: 2.010 Thread 0x000001ccf0731380 Exception <a 'java/lang/NoSuchMethodError'{0x00000007142db7d0}: 'long java.lang.invoke.DirectMethodHandle$Holder.invokeStatic(java.lang.Object, java.lang.Object, java.lang.Object)'> (0x00000007142db7d0) 
thrown [s\open\src\hotspot\share\interpreter\linkResolver.cpp, line 773]
Event: 2.011 Thread 0x000001ccf0731380 Exception <a 'java/lang/NoSuchMethodError'{0x00000007142deba0}: 'long java.lang.invoke.DirectMethodHandle$Holder.invokeStaticInit(java.lang.Object, java.lang.Object, java.lang.Object)'> (0x00000007142deba0) 
thrown [s\open\src\hotspot\share\interpreter\linkResolver.cpp, line 773]
Event: 2.012 Thread 0x000001ccf0731380 Exception <a 'java/lang/NoSuchMethodError'{0x00000007142f33e0}: 'java.lang.Object java.lang.invoke.DirectMethodHandle$Holder.newInvokeSpecial(java.lang.Object, java.lang.Object, long)'> (0x00000007142f33e0) 
thrown [s\open\src\hotspot\share\interpreter\linkResolver.cpp, line 773]
Event: 2.012 Thread 0x000001ccf0731380 Exception <a 'java/lang/NoSuchMethodError'{0x00000007142f6cd8}: 'java.lang.Object java.lang.invoke.Invokers$Holder.linkToTargetMethod(java.lang.Object, long, java.lang.Object)'> (0x00000007142f6cd8) 
thrown [s\open\src\hotspot\share\interpreter\linkResolver.cpp, line 773]
Event: 2.274 Thread 0x000001ccf0731380 Exception <a 'java/lang/ClassNotFoundException'{0x00000007141ccaa0}: com/sun/javafx/scene/control/skin/resources/controls> (0x00000007141ccaa0) 
thrown [s\open\src\hotspot\share\prims\jni.cpp, line 539]
Event: 2.274 Thread 0x000001ccf0731380 Exception <a 'java/lang/ClassNotFoundException'{0x00000007141daae8}: com/sun/javafx/scene/control/skin/resources/controls_ru> (0x00000007141daae8) 
thrown [s\open\src\hotspot\share\prims\jni.cpp, line 539]
Event: 2.274 Thread 0x000001ccf0731380 Exception <a 'java/lang/ClassNotFoundException'{0x00000007141dbd68}: com/sun/javafx/scene/control/skin/resources/controls_ru_RU> (0x00000007141dbd68) 
thrown [s\open\src\hotspot\share\prims\jni.cpp, line 539]
Event: 2.297 Thread 0x000001ccf0731380 Exception <a 'java/lang/NoSuchMethodError'{0x0000000713c10a08}: 'void java.lang.invoke.DirectMethodHandle$Holder.invokeSpecial(java.lang.Object, java.lang.Object, java.lang.Object, java.lang.Object, java.lang.Object, java.lang.Object)'> (0x0000000713c10a08) 
thrown [s\open\src\hotspot\share\interpreter\linkResolver.cpp, line 773]
Event: 6.481 Thread 0x000001ccf0731380 Exception <a 'sun/nio/fs/WindowsException'{0x00000007139b3248}> (0x00000007139b3248) 
thrown [s\open\src\hotspot\share\prims\jni.cpp, line 520]

ZGC Phase Switch (0 events):
No events

VM Operations (20 events):
Event: 0.886 Executing VM operation: ICBufferFull done
Event: 1.003 Executing VM operation: G1CollectForAllocation (G1 Evacuation Pause)
Event: 1.008 Executing VM operation: G1CollectForAllocation (G1 Evacuation Pause) done
Event: 2.008 Executing VM operation: Cleanup
Event: 2.008 Executing VM operation: Cleanup done
Event: 4.009 Executing VM operation: Cleanup
Event: 4.009 Executing VM operation: Cleanup done
Event: 6.009 Executing VM operation: Cleanup
Event: 6.009 Executing VM operation: Cleanup done
Event: 7.009 Executing VM operation: Cleanup
Event: 7.009 Executing VM operation: Cleanup done
Event: 8.010 Executing VM operation: Cleanup
Event: 8.010 Executing VM operation: Cleanup done
Event: 10.010 Executing VM operation: Cleanup
Event: 10.010 Executing VM operation: Cleanup done
Event: 12.012 Executing VM operation: Cleanup
Event: 12.012 Executing VM operation: Cleanup done
Event: 13.012 Executing VM operation: Cleanup
Event: 13.012 Executing VM operation: Cleanup done
Event: 41.523 Executing VM operation: Exit

Events (20 events):
Event: 0.088 Thread 0x000001ccebda0d90 Thread added: 0x000001ccebda0d90
Event: 0.091 Thread 0x000001ccebc96400 Thread added: 0x000001ccebc96400
Event: 0.157 Thread 0x000001ccf074b600 Thread added: 0x000001ccf074b600
Event: 0.157 Thread 0x000001ccf0613e20 Thread added: 0x000001ccf0613e20
Event: 0.378 Thread 0x000001ccf1114940 Thread added: 0x000001ccf1114940
Event: 0.419 Thread 0x000001ccf0e0ee70 Thread added: 0x000001ccf0e0ee70
Event: 0.421 Thread 0x000001ccf0731380 Thread added: 0x000001ccf0731380
Event: 0.470 Thread 0x000001ccf1194e70 Thread added: 0x000001ccf1194e70
Event: 0.473 Thread 0x000001ccf11be840 Thread added: 0x000001ccf11be840
Event: 0.654 Thread 0x000001ccf12c6cd0 Thread added: 0x000001ccf12c6cd0
Event: 0.859 Thread 0x000001ccebc96400 Thread exited: 0x000001ccebc96400
Event: 0.990 Thread 0x000001ccf157b490 Thread added: 0x000001ccf157b490
Event: 1.198 Thread 0x000001ccebda0d90 Thread exited: 0x000001ccebda0d90
Event: 2.321 Thread 0x000001ccf143b7d0 Thread added: 0x000001ccf143b7d0
Event: 2.505 Thread 0x000001ccf143b7d0 Thread exited: 0x000001ccf143b7d0
Event: 41.521 Thread 0x000001ccf157a770 Thread added: 0x000001ccf157a770
Event: 41.522 Thread 0x000001ccf157ae00 Thread added: 0x000001ccf157ae00
Event: 41.522 Thread 0x000001ccf157bb20 Thread added: 0x000001ccf157bb20
Event: 41.522 Thread 0x000001ccf157bb20 Thread exited: 0x000001ccf157bb20
Event: 41.523 Thread 0x000001ccf157ae00 Thread exited: 0x000001ccf157ae00


Dynamic libraries:
0x00007ff7e33c0000 - 0x00007ff7e33d0000 	C:\Program Files\Java\jdk-21\bin\java.exe
0x00007ffad4a90000 - 0x00007ffad4ca7000 	C:\WINDOWS\SYSTEM32\ntdll.dll
0x00007ffad4630000 - 0x00007ffad46f4000 	C:\WINDOWS\System32\KERNEL32.DLL
0x00007ffad2150000 - 0x00007ffad24f6000 	C:\WINDOWS\System32\KERNELBASE.dll
0x00007ffad26a0000 - 0x00007ffad27b1000 	C:\WINDOWS\System32\ucrtbase.dll
0x00007ffac0190000 - 0x00007ffac01a9000 	C:\Program Files\Java\jdk-21\bin\jli.dll
0x00007ffabc860000 - 0x00007ffabc87b000 	C:\Program Files\Java\jdk-21\bin\VCRUNTIME140.dll
0x00007ffad31b0000 - 0x00007ffad3260000 	C:\WINDOWS\System32\ADVAPI32.dll
0x00007ffad43b0000 - 0x00007ffad4457000 	C:\WINDOWS\System32\msvcrt.dll
0x00007ffad44d0000 - 0x00007ffad4576000 	C:\WINDOWS\System32\sechost.dll
0x00007ffad3260000 - 0x00007ffad3377000 	C:\WINDOWS\System32\RPCRT4.dll
0x00007ffad4080000 - 0x00007ffad422d000 	C:\WINDOWS\System32\USER32.dll
0x00007ffab1200000 - 0x00007ffab1493000 	C:\WINDOWS\WinSxS\amd64_microsoft.windows.common-controls_6595b64144ccf1df_6.0.22621.2361_none_2712ced57382f843\COMCTL32.dll
0x00007ffad27c0000 - 0x00007ffad27e6000 	C:\WINDOWS\System32\win32u.dll
0x00007ffad4580000 - 0x00007ffad45a9000 	C:\WINDOWS\System32\GDI32.dll
0x00007ffad2500000 - 0x00007ffad2618000 	C:\WINDOWS\System32\gdi32full.dll
0x00007ffad20b0000 - 0x00007ffad214a000 	C:\WINDOWS\System32\msvcp_win.dll
0x00007ffac6850000 - 0x00007ffac685a000 	C:\WINDOWS\SYSTEM32\VERSION.dll
0x00007ffad30c0000 - 0x00007ffad30f1000 	C:\WINDOWS\System32\IMM32.DLL
0x00007ffaca4c0000 - 0x00007ffaca4cc000 	C:\Program Files\Java\jdk-21\bin\vcruntime140_1.dll
0x00007ffaa8090000 - 0x00007ffaa811e000 	C:\Program Files\Java\jdk-21\bin\msvcp140.dll
0x00007ffa8c840000 - 0x00007ffa8d555000 	C:\Program Files\Java\jdk-21\bin\server\jvm.dll
0x00007ffad4760000 - 0x00007ffad47d1000 	C:\WINDOWS\System32\WS2_32.dll
0x00007ffad0ca0000 - 0x00007ffad0ced000 	C:\WINDOWS\SYSTEM32\POWRPROF.dll
0x00007ffac00b0000 - 0x00007ffac00e4000 	C:\WINDOWS\SYSTEM32\WINMM.dll
0x00007ffad0c80000 - 0x00007ffad0c93000 	C:\WINDOWS\SYSTEM32\UMPDC.dll
0x00007ffad0f40000 - 0x00007ffad0f58000 	C:\WINDOWS\SYSTEM32\kernel.appcore.dll
0x00007ffac7b60000 - 0x00007ffac7b6a000 	C:\Program Files\Java\jdk-21\bin\jimage.dll
0x00007ffacf2b0000 - 0x00007ffacf4de000 	C:\WINDOWS\SYSTEM32\DBGHELP.DLL
0x00007ffad2d30000 - 0x00007ffad30ba000 	C:\WINDOWS\System32\combase.dll
0x00007ffad2c50000 - 0x00007ffad2d27000 	C:\WINDOWS\System32\OLEAUT32.dll
0x00007ffac3480000 - 0x00007ffac34b2000 	C:\WINDOWS\SYSTEM32\dbgcore.DLL
0x00007ffad2620000 - 0x00007ffad269a000 	C:\WINDOWS\System32\bcryptPrimitives.dll
0x00007ffabc850000 - 0x00007ffabc85f000 	C:\Program Files\Java\jdk-21\bin\instrument.dll
0x00007ffabc720000 - 0x00007ffabc73f000 	C:\Program Files\Java\jdk-21\bin\java.dll
0x00007ffad3820000 - 0x00007ffad4078000 	C:\WINDOWS\System32\SHELL32.dll
0x00007ffacfd40000 - 0x00007ffad0632000 	C:\WINDOWS\SYSTEM32\windows.storage.dll
0x00007ffacfc00000 - 0x00007ffacfd3e000 	C:\WINDOWS\SYSTEM32\wintypes.dll
0x00007ffad42b0000 - 0x00007ffad43a3000 	C:\WINDOWS\System32\SHCORE.dll
0x00007ffad4470000 - 0x00007ffad44ce000 	C:\WINDOWS\System32\shlwapi.dll
0x00007ffad1d40000 - 0x00007ffad1d66000 	C:\WINDOWS\SYSTEM32\profapi.dll
0x00007ffa99f20000 - 0x00007ffa99ff7000 	C:\Program Files\Java\jdk-21\bin\jsvml.dll
0x00007ffabc840000 - 0x00007ffabc850000 	C:\Program Files\Java\jdk-21\bin\net.dll
0x00007ffac8790000 - 0x00007ffac88c7000 	C:\WINDOWS\SYSTEM32\WINHTTP.dll
0x00007ffad13c0000 - 0x00007ffad1429000 	C:\WINDOWS\system32\mswsock.dll
0x00007ffab9fb0000 - 0x00007ffab9fc6000 	C:\Program Files\Java\jdk-21\bin\nio.dll
0x00007ffab9f90000 - 0x00007ffab9fa8000 	C:\Program Files\Java\jdk-21\bin\zip.dll
0x00007ffab9f70000 - 0x00007ffab9f8a000 	C:\Program Files\JetBrains\IntelliJ IDEA 2022.3.1\bin\breakgen64.dll
0x000001ccebfc0000 - 0x000001ccebfc3000 	C:\Users\Алекс\.openjfx\cache\19+11\amd64\api-ms-win-core-console-l1-1-0.dll
0x000001ccebfd0000 - 0x000001ccebfd3000 	C:\Users\Алекс\.openjfx\cache\19+11\amd64\api-ms-win-core-console-l1-2-0.dll
0x000001ccebfe0000 - 0x000001ccebfe3000 	C:\Users\Алекс\.openjfx\cache\19+11\amd64\api-ms-win-core-datetime-l1-1-0.dll
0x000001ccebff0000 - 0x000001ccebff3000 	C:\Users\Алекс\.openjfx\cache\19+11\amd64\api-ms-win-core-debug-l1-1-0.dll
0x000001ccf17d0000 - 0x000001ccf17d3000 	C:\Users\Алекс\.openjfx\cache\19+11\amd64\api-ms-win-core-errorhandling-l1-1-0.dll
0x000001ccf17e0000 - 0x000001ccf17e4000 	C:\Users\Алекс\.openjfx\cache\19+11\amd64\api-ms-win-core-file-l1-1-0.dll
0x000001ccf17f0000 - 0x000001ccf17f3000 	C:\Users\Алекс\.openjfx\cache\19+11\amd64\api-ms-win-core-file-l1-2-0.dll
0x000001ccf1800000 - 0x000001ccf1803000 	C:\Users\Алекс\.openjfx\cache\19+11\amd64\api-ms-win-core-file-l2-1-0.dll
0x000001ccf1810000 - 0x000001ccf1813000 	C:\Users\Алекс\.openjfx\cache\19+11\amd64\api-ms-win-core-handle-l1-1-0.dll
0x000001ccf1820000 - 0x000001ccf1823000 	C:\Users\Алекс\.openjfx\cache\19+11\amd64\api-ms-win-core-heap-l1-1-0.dll
0x000001ccf1830000 - 0x000001ccf1833000 	C:\Users\Алекс\.openjfx\cache\19+11\amd64\api-ms-win-core-interlocked-l1-1-0.dll
0x000001ccf1840000 - 0x000001ccf1843000 	C:\Users\Алекс\.openjfx\cache\19+11\amd64\api-ms-win-core-libraryloader-l1-1-0.dll
0x000001ccf1850000 - 0x000001ccf1853000 	C:\Users\Алекс\.openjfx\cache\19+11\amd64\api-ms-win-core-localization-l1-2-0.dll
0x000001ccf1860000 - 0x000001ccf1863000 	C:\Users\Алекс\.openjfx\cache\19+11\amd64\api-ms-win-core-memory-l1-1-0.dll
0x000001ccf1870000 - 0x000001ccf1873000 	C:\Users\Алекс\.openjfx\cache\19+11\amd64\api-ms-win-core-namedpipe-l1-1-0.dll
0x000001ccf1880000 - 0x000001ccf1883000 	C:\Users\Алекс\.openjfx\cache\19+11\amd64\api-ms-win-core-processenvironment-l1-1-0.dll
0x000001ccf1890000 - 0x000001ccf1893000 	C:\Users\Алекс\.openjfx\cache\19+11\amd64\api-ms-win-core-processthreads-l1-1-0.dll
0x000001ccf18a0000 - 0x000001ccf18a3000 	C:\Users\Алекс\.openjfx\cache\19+11\amd64\api-ms-win-core-processthreads-l1-1-1.dll
0x000001ccf18b0000 - 0x000001ccf18b3000 	C:\Users\Алекс\.openjfx\cache\19+11\amd64\api-ms-win-core-profile-l1-1-0.dll
0x000001ccf18c0000 - 0x000001ccf18c3000 	C:\Users\Алекс\.openjfx\cache\19+11\amd64\api-ms-win-core-rtlsupport-l1-1-0.dll
0x000001ccf1a00000 - 0x000001ccf1a03000 	C:\Users\Алекс\.openjfx\cache\19+11\amd64\api-ms-win-core-string-l1-1-0.dll
0x000001ccf1a10000 - 0x000001ccf1a13000 	C:\Users\Алекс\.openjfx\cache\19+11\amd64\api-ms-win-core-synch-l1-1-0.dll
0x000001ccf1a20000 - 0x000001ccf1a23000 	C:\Users\Алекс\.openjfx\cache\19+11\amd64\api-ms-win-core-synch-l1-2-0.dll
0x000001ccf1a30000 - 0x000001ccf1a33000 	C:\Users\Алекс\.openjfx\cache\19+11\amd64\api-ms-win-core-sysinfo-l1-1-0.dll
0x000001ccf1a40000 - 0x000001ccf1a43000 	C:\Users\Алекс\.openjfx\cache\19+11\amd64\api-ms-win-core-timezone-l1-1-0.dll
0x000001ccf1a50000 - 0x000001ccf1a53000 	C:\Users\Алекс\.openjfx\cache\19+11\amd64\api-ms-win-core-util-l1-1-0.dll
0x000001ccf1a60000 - 0x000001ccf1a63000 	C:\Users\Алекс\.openjfx\cache\19+11\amd64\api-ms-win-crt-conio-l1-1-0.dll
0x000001ccf19e0000 - 0x000001ccf19e4000 	C:\Users\Алекс\.openjfx\cache\19+11\amd64\api-ms-win-crt-convert-l1-1-0.dll
0x000001ccf19f0000 - 0x000001ccf19f3000 	C:\Users\Алекс\.openjfx\cache\19+11\amd64\api-ms-win-crt-environment-l1-1-0.dll
0x000001ccf1ba0000 - 0x000001ccf1ba3000 	C:\Users\Алекс\.openjfx\cache\19+11\amd64\api-ms-win-crt-filesystem-l1-1-0.dll
0x000001ccf1bb0000 - 0x000001ccf1bb3000 	C:\Users\Алекс\.openjfx\cache\19+11\amd64\api-ms-win-crt-heap-l1-1-0.dll
0x000001ccf1bc0000 - 0x000001ccf1bc3000 	C:\Users\Алекс\.openjfx\cache\19+11\amd64\api-ms-win-crt-locale-l1-1-0.dll
0x000001ccf1bd0000 - 0x000001ccf1bd5000 	C:\Users\Алекс\.openjfx\cache\19+11\amd64\api-ms-win-crt-math-l1-1-0.dll
0x000001ccf1be0000 - 0x000001ccf1be5000 	C:\Users\Алекс\.openjfx\cache\19+11\amd64\api-ms-win-crt-multibyte-l1-1-0.dll
0x000001ccf1bf0000 - 0x000001ccf1c00000 	C:\Users\Алекс\.openjfx\cache\19+11\amd64\api-ms-win-crt-private-l1-1-0.dll
0x000001ccf1c00000 - 0x000001ccf1c03000 	C:\Users\Алекс\.openjfx\cache\19+11\amd64\api-ms-win-crt-process-l1-1-0.dll
0x000001ccf18d0000 - 0x000001ccf18d4000 	C:\Users\Алекс\.openjfx\cache\19+11\amd64\api-ms-win-crt-runtime-l1-1-0.dll
0x000001ccf18e0000 - 0x000001ccf18e4000 	C:\Users\Алекс\.openjfx\cache\19+11\amd64\api-ms-win-crt-stdio-l1-1-0.dll
0x000001ccf18f0000 - 0x000001ccf18f4000 	C:\Users\Алекс\.openjfx\cache\19+11\amd64\api-ms-win-crt-string-l1-1-0.dll
0x000001ccf1900000 - 0x000001ccf1903000 	C:\Users\Алекс\.openjfx\cache\19+11\amd64\api-ms-win-crt-time-l1-1-0.dll
0x000001ccf1910000 - 0x000001ccf1913000 	C:\Users\Алекс\.openjfx\cache\19+11\amd64\api-ms-win-crt-utility-l1-1-0.dll
0x00007ffa959a0000 - 0x00007ffa95a9c000 	C:\Users\Алекс\.openjfx\cache\19+11\amd64\ucrtbase.dll
0x00007ffab8030000 - 0x00007ffab804b000 	C:\Users\Алекс\.openjfx\cache\19+11\amd64\vcruntime140.dll
0x00007ffabc710000 - 0x00007ffabc71c000 	C:\Users\Алекс\.openjfx\cache\19+11\amd64\vcruntime140_1.dll
0x00007ffa95050000 - 0x00007ffa950de000 	C:\Users\Алекс\.openjfx\cache\19+11\amd64\msvcp140.dll
0x00007ffab9f50000 - 0x00007ffab9f59000 	C:\Users\Алекс\.openjfx\cache\19+11\amd64\msvcp140_1.dll
0x00007ffab7d90000 - 0x00007ffab7dc0000 	C:\Users\Алекс\.openjfx\cache\19+11\amd64\msvcp140_2.dll
0x00007ffaaeee0000 - 0x00007ffaaef0c000 	C:\Users\Алекс\.openjfx\cache\19+11\amd64\prism_d3d.dll
0x00007ffac1130000 - 0x00007ffac12d9000 	C:\WINDOWS\system32\d3d9.dll
0x00007ffacc7a0000 - 0x00007ffacc7cb000 	C:\WINDOWS\SYSTEM32\dwmapi.dll
0x00007ffacef70000 - 0x00007ffacefa6000 	C:\WINDOWS\SYSTEM32\dxcore.dll
0x00007ffacc560000 - 0x00007ffacc60b000 	C:\WINDOWS\system32\uxtheme.dll
0x00007ffac0330000 - 0x00007ffac04d8000 	C:\WINDOWS\System32\DriverStore\FileRepository\iigd_dch.inf_amd64_e04d20469f199b2b\igdumdim64.dll
0x00007ffad2ab0000 - 0x00007ffad2c4f000 	C:\WINDOWS\System32\ole32.dll
0x00007ffa592b0000 - 0x00007ffa5ced1000 	C:\WINDOWS\System32\DriverStore\FileRepository\iigd_dch.inf_amd64_e04d20469f199b2b\igd9dxva64.dll
0x00007ffad33a0000 - 0x00007ffad3814000 	C:\WINDOWS\System32\SETUPAPI.dll
0x00007ffad1b00000 - 0x00007ffad1b4e000 	C:\WINDOWS\SYSTEM32\cfgmgr32.dll
0x00007ffac34c0000 - 0x00007ffac3888000 	C:\WINDOWS\System32\DriverStore\FileRepository\iigd_dch.inf_amd64_e04d20469f199b2b\igdgmm64.dll
0x00007ffac9a20000 - 0x00007ffac9a6a000 	C:\WINDOWS\SYSTEM32\directxdatabasehelper.dll
0x00007ffaaee90000 - 0x00007ffaaeed2000 	C:\Users\Алекс\.openjfx\cache\19+11\amd64\glass.dll
0x00007ffad29b0000 - 0x00007ffad2aa9000 	C:\WINDOWS\System32\COMDLG32.dll
0x00007ffad47e0000 - 0x00007ffad492c000 	C:\WINDOWS\System32\MSCTF.dll
0x00007ffa7d380000 - 0x00007ffa7d3a7000 	C:\WINDOWS\System32\DriverStore\FileRepository\iigd_dch.inf_amd64_e04d20469f199b2b\igdinfo64.dll
0x00007ffabc8d0000 - 0x00007ffabfed5000 	C:\WINDOWS\System32\DriverStore\FileRepository\iigd_dch.inf_amd64_e04d20469f199b2b\igc64.dll
0x00007ffaaaf60000 - 0x00007ffaaaf74000 	C:\Users\Алекс\.openjfx\cache\19+11\amd64\javafx_font.dll
0x00007ffacb000000 - 0x00007ffacb273000 	C:\WINDOWS\SYSTEM32\dwrite.dll
0x00007ffad3100000 - 0x00007ffad31b0000 	C:\WINDOWS\System32\clbcatq.dll
0x00007ffacaa60000 - 0x00007ffacac10000 	C:\WINDOWS\SYSTEM32\WindowsCodecs.dll
0x00007ffa994d0000 - 0x00007ffa9952e000 	C:\WINDOWS\system32\dataexchange.dll
0x00007ffac6470000 - 0x00007ffac66f5000 	C:\WINDOWS\system32\twinapi.appcore.dll
0x00007ffab9fd0000 - 0x00007ffaba002000 	C:\Program Files\Common Files\Microsoft Shared\Ink\rtscom.dll
0x00007ffab7400000 - 0x00007ffab754a000 	C:\WINDOWS\SYSTEM32\textinputframework.dll
0x00007ffacc140000 - 0x00007ffacc273000 	C:\WINDOWS\SYSTEM32\CoreMessaging.dll
0x00007ffac74c0000 - 0x00007ffac782c000 	C:\WINDOWS\SYSTEM32\CoreUIComponents.dll
0x00007ffad1610000 - 0x00007ffad161c000 	C:\WINDOWS\SYSTEM32\CRYPTBASE.DLL
0x00007ffacb280000 - 0x00007ffacb86e000 	C:\WINDOWS\SYSTEM32\d2d1.dll
0x00007ffacb870000 - 0x00007ffacbac7000 	C:\WINDOWS\SYSTEM32\d3d11.dll
0x00007ffacc690000 - 0x00007ffacc788000 	C:\WINDOWS\SYSTEM32\dxgi.dll
0x00007ffac6b00000 - 0x00007ffac7211000 	C:\WINDOWS\SYSTEM32\D3D10Warp.dll

dbghelp: loaded successfully - version: 4.0.5 - missing functions: none
symbol engine: initialized successfully - sym options: 0x614 - pdb path: .;C:\Program Files\Java\jdk-21\bin;C:\WINDOWS\SYSTEM32;C:\WINDOWS\WinSxS\amd64_microsoft.windows.common-controls_6595b64144ccf1df_6.0.22621.2361_none_2712ced57382f843;C:\Program Files\Java\jdk-21\bin\server;C:\Program Files\JetBrains\IntelliJ IDEA 2022.3.1\bin;C:\Users\Алекс\.openjfx\cache\19+11\amd64;C:\WINDOWS\System32\DriverStore\FileRepository\iigd_dch.inf_amd64_e04d20469f199b2b;C:\Program Files\Common Files\Microsoft Shared\Ink

VM Arguments:
jvm_args: -javaagent:C:\Program Files\JetBrains\IntelliJ IDEA 2022.3.1\lib\idea_rt.jar=51727:C:\Program Files\JetBrains\IntelliJ IDEA 2022.3.1\bin -Dfile.encoding=UTF-8 -Dsun.stdout.encoding=UTF-8 -Dsun.stderr.encoding=UTF-8 --module-path=C:\Users\Алекс\.m2\repository\org\openjfx\javafx-fxml\19\javafx-fxml-19-win.jar;C:\Users\Алекс\.m2\repository\org\openjfx\javafx-base\19\javafx-base-19-win.jar;C:\Users\Алекс\.m2\repository\org\openjfx\javafx-controls\19\javafx-controls-19-win.jar;C:\Users\Алекс\.m2\repository\org\openjfx\javafx-graphics\19\javafx-graphics-19-win.jar;C:\Users\Алекс\IdeaProjects\FirstApp\target\classes -Djdk.module.main=com.example.firstapp 
java_command: com.example.firstapp/com.example.firstapp.HelloApplication
java_class_path (initial): C:\Users\Алекс\.m2\repository\org\openjfx\javafx-controls\19\javafx-controls-19.jar;C:\Users\Алекс\.m2\repository\org\openjfx\javafx-graphics\19\javafx-graphics-19.jar;C:\Users\Алекс\.m2\repository\org\openjfx\javafx-base\19\javafx-base-19.jar;C:\Users\Алекс\.m2\repository\org\openjfx\javafx-fxml\19\javafx-fxml-19.jar
Launcher Type: SUN_STANDARD

[Global flags]
     intx CICompilerCount                          = 4                                         {product} {ergonomic}
     uint ConcGCThreads                            = 2                                         {product} {ergonomic}
     uint G1ConcRefinementThreads                  = 8                                         {product} {ergonomic}
   size_t G1HeapRegionSize                         = 2097152                                   {product} {ergonomic}
    uintx GCDrainStackTargetSize                   = 64                                        {product} {ergonomic}
   size_t InitialHeapSize                          = 264241152                                 {product} {ergonomic}
   size_t MarkStackSize                            = 4194304                                   {product} {ergonomic}
   size_t MaxHeapSize                              = 4215275520                                {product} {ergonomic}
   size_t MaxNewSize                               = 2529165312                                {product} {ergonomic}
   size_t MinHeapDeltaBytes                        = 2097152                                   {product} {ergonomic}
   size_t MinHeapSize                              = 8388608                                   {product} {ergonomic}
    uintx NonNMethodCodeHeapSize                   = 5839372                                {pd product} {ergonomic}
    uintx NonProfiledCodeHeapSize                  = 122909434                              {pd product} {ergonomic}
    uintx ProfiledCodeHeapSize                     = 122909434                              {pd product} {ergonomic}
    uintx ReservedCodeCacheSize                    = 251658240                              {pd product} {ergonomic}
     bool SegmentedCodeCache                       = true                                      {product} {ergonomic}
   size_t SoftMaxHeapSize                          = 4215275520                             {manageable} {ergonomic}
     bool UseCompressedOops                        = true                           {product lp64_product} {ergonomic}
     bool UseG1GC                                  = true                                      {product} {ergonomic}
     bool UseLargePagesIndividualAllocation        = false                                  {pd product} {ergonomic}

Logging:
Log output configuration:
 #0: stdout all=off uptime,level,tags foldmultilines=false
 #1: stderr all=off uptime,level,tags foldmultilines=false

Environment Variables:
JAVA_HOME=C:\Program Files\Java\jdk-21
PATH=C:\WINDOWS\system32;C:\WINDOWS;C:\WINDOWS\System32\Wbem;C:\WINDOWS\System32\WindowsPowerShell\v1.0\;C:\WINDOWS\System32\OpenSSH\;C:\Program Files\Git\cmd;C:\Program Files\Cloudflare\Cloudflare WARP\;C:\apache-tomcat-10\bin;C:\Program Files\Java\jdk-21\bin;C:\Program Files\PowerShell\7\;C:\Users\Алекс\AppData\Local\Programs\Python\Python311\Scripts\;C:\Users\Алекс\AppData\Local\Programs\Python\Python311\;C:\Users\Алекс\AppData\Local\Microsoft\WindowsApps;C:\Users\Алекс\AppData\Local\GitHubDesktop\bin;C:\Users\Алекс\AppData\Local\Programs\Microsoft VS Code\bin;
USERNAME=Алекс
OS=Windows_NT
PROCESSOR_IDENTIFIER=Intel64 Family 6 Model 140 Stepping 1, GenuineIntel
TMP=C:\Users\E47B~1\AppData\Local\Temp
TEMP=C:\Users\E47B~1\AppData\Local\Temp




Periodic native trim disabled

---------------  S Y S T E M  ---------------

OS:
 Windows 11 , 64 bit Build 22621 (10.0.22621.2428)
OS uptime: 0 days 3:28 hours
Hyper-V role detected

CPU: total 8 (initial active 8) (4 cores per cpu, 2 threads per core) family 6 model 140 stepping 1 microcode 0x86, cx8, cmov, fxsr, ht, mmx, 3dnowpref, sse, sse2, sse3, ssse3, sse4.1, sse4.2, popcnt, lzcnt, tsc, tscinvbit, avx, avx2, aes, erms, clmul, bmi1, bmi2, adx, avx512f, avx512dq, avx512cd, avx512bw, avx512vl, sha, fma, vzeroupper, avx512_vpopcntdq, avx512_vpclmulqdq, avx512_vaes, avx512_vnni, clflush, clflushopt, clwb, avx512_vbmi2, avx512_vbmi, hv, rdtscp, rdpid, fsrm, gfni, avx512_bitalg, f16c, cet_ibt, cet_ss, avx512_ifma
Processor Information for all 8 processors :
  Max Mhz: 3110, Current Mhz: 3110, Mhz Limit: 3110

Memory: 4k page, system-wide physical 16075M (5990M free)
TotalPageFile size 17803M (AvailPageFile size 4242M)
current process WorkingSet (physical memory assigned to process): 184M, peak: 214M
current process commit charge ("private bytes"): 420M, peak: 450M

vm_info: Java HotSpot(TM) 64-Bit Server VM (21.0.1+12-LTS-29) for windows-amd64 JRE (21.0.1+12-LTS-29), built on 2023-10-05T13:27:09Z by "mach5one" with MS VC++ 17.1 (VS2022)

END.
