#
# A fatal error has been detected by the Java Runtime Environment:
#
#  EXCEPTION_ACCESS_VIOLATION (0xc0000005) at pc=0x00007ffbdba363b7, pid=27060, tid=16148
#
# JRE version: OpenJDK Runtime Environment (19.0.1+10) (build 19.0.1+10-21)
# Java VM: OpenJDK 64-Bit Server VM (19.0.1+10-21, mixed mode, sharing, tiered, compressed oops, compressed class ptrs, g1 gc, windows-amd64)
# Problematic frame:
# C  [glass.dll+0x263b7]
#
# No core dump will be written. Minidumps are not enabled by default on client versions of Windows
#
# If you would like to submit a bug report, please visit:
#   https://bugreport.java.com/bugreport/crash.jsp
#

---------------  S U M M A R Y ------------

Command Line: -javaagent:C:\Program Files\JetBrains\IntelliJ IDEA 2022.3.1\lib\idea_rt.jar=60337:C:\Program Files\JetBrains\IntelliJ IDEA 2022.3.1\bin -Dfile.encoding=UTF-8 -Dsun.stdout.encoding=UTF-8 -Dsun.stderr.encoding=UTF-8 --module-path=C:\Users\Алекс\.m2\repository\org\openjfx\javafx-fxml\19\javafx-fxml-19-win.jar;C:\Users\Алекс\IdeaProjects\FirstApp\target\classes;C:\Users\Алекс\.m2\repository\org\openjfx\javafx-base\19\javafx-base-19-win.jar;C:\Users\Алекс\.m2\repository\org\openjfx\javafx-graphics\19\javafx-graphics-19-win.jar;C:\Users\Алекс\.m2\repository\org\openjfx\javafx-controls\19\javafx-controls-19-win.jar -Djdk.module.main=com.example.firstapp com.example.firstapp/com.example.firstapp.HelloApplication

Host: 11th Gen Intel(R) Core(TM) i5-11300H @ 3.10GHz, 8 cores, 15G,  Windows 11 , 64 bit Build 22621 (10.0.22621.2428)
Time: Tue Oct 31 15:08:29 2023  Windows 11 , 64 bit Build 22621 (10.0.22621.2428) elapsed time: 46.957450 seconds (0d 0h 0m 46s)

---------------  T H R E A D  ---------------

Current thread (0x000002ebc21c7f90):  VMThread "VM Thread" [stack: 0x000000ed38600000,0x000000ed38700000] [id=16148]

Stack: [0x000000ed38600000,0x000000ed38700000],  sp=0x000000ed386fefe0,  free space=1019k
Native frames: (J=compiled Java code, j=interpreted, Vv=VM code, C=native code)
C  [glass.dll+0x263b7]


siginfo: EXCEPTION_ACCESS_VIOLATION (0xc0000005), reading address 0x0000000000000000


Registers:
RAX=0x0000000000000000, RBX=0x000002ebc21dcdb0, RCX=0x000002ebc21c7f90, RDX=0x000000ed386fefe0
RSP=0x000000ed386fefe0, RBP=0x000002ebc710a948, RSI=0x000000ed386ff0e8, RDI=0x000002ebc710a920
R8 =0x0000000000010002, R9 =0x000002ebc710a920, R10=0x85f13e9656da4870, R11=0x000000ed386fef70
R12=0x00007ffbdba33cf0, R13=0x00007ffbb8e372a0, R14=0x0000751928b5d556, R15=0x000002ebc710a920
RIP=0x00007ffbdba363b7, EFLAGS=0x0000000000010206


Register to memory mapping:

RIP=0x00007ffbdba363b7 glass.dll
RAX=0x0 is NULL
RBX=0x000002ebc21dcdb0 is a global jni handle
RCX=0x000002ebc21c7f90 points into unknown readable memory: 0x00007ffbb8c445d8 | d8 45 c4 b8 fb 7f 00 00
RDX=0x000000ed386fefe0 points into unknown readable memory: 0x0000000000000000 | 00 00 00 00 00 00 00 00
RSP=0x000000ed386fefe0 points into unknown readable memory: 0x0000000000000000 | 00 00 00 00 00 00 00 00
RBP=0x000002ebc710a948 points into unknown readable memory: 0x0000751928b5d556 | 56 d5 b5 28 19 75 00 00
RSI=0x000000ed386ff0e8 points into unknown readable memory: 0x000000ed386ff0d0 | d0 f0 6f 38 ed 00 00 00
RDI=0x000002ebc710a920 points into unknown readable memory: 0xfef69dd72ab5d549 | 49 d5 b5 2a d7 9d f6 fe
R8 =0x0000000000010002 is an unknown value
R9 =0x000002ebc710a920 points into unknown readable memory: 0xfef69dd72ab5d549 | 49 d5 b5 2a d7 9d f6 fe
R10=0x85f13e9656da4870 is an unknown value
R11=0x000000ed386fef70 points into unknown readable memory: 0x000002ebc710a920 | 20 a9 10 c7 eb 02 00 00
R12=0x00007ffbdba33cf0 glass.dll
R13=0x00007ffbb8e372a0 jvm.dll
R14=0x0000751928b5d556 is an unknown value
R15=0x000002ebc710a920 points into unknown readable memory: 0xfef69dd72ab5d549 | 49 d5 b5 2a d7 9d f6 fe


Top of Stack: (sp=0x000000ed386fefe0)
0x000000ed386fefe0:   0000000000000000 000000ed386ff0e8
0x000000ed386feff0:   00007ffbb8e372a0 00007ffbdba33cf0
0x000000ed386ff000:   000002ebc710a928 00007ffc3aac3a83
0x000000ed386ff010:   000002ebc710a920 000002eb00000000
0x000000ed386ff020:   000002ebc710a948 000000ed386ff0e8
0x000000ed386ff030:   fffffffffffffffe 0000000000000000
0x000000ed386ff040:   0000000000000001 00007ffbdba10000
0x000000ed386ff050:   000000ed386ff0d8 00007ffc3aa9006e
0x000000ed386ff060:   0000000000000000 000000ed386ff0e8
0x000000ed386ff070:   000000ed386ff3d0 0000000000000001
0x000000ed386ff080:   0000000000000001 00007ffc3aa8da1d
0x000000ed386ff090:   0000000000000000 00007ffbdba334e9
0x000000ed386ff0a0:   0000000000000000 000000ed386ff0d8
0x000000ed386ff0b0:   fffffffffffffffe 000000ed386ff300
0x000000ed386ff0c0:   0000000000000000 00007ffbdba33b7d
0x000000ed386ff0d0:   00007ffbdba49f88 00007ffc00000002 

Instructions: (pc=0x00007ffbdba363b7)
0x00007ffbdba362b7:   8b 4d 58 e8 7d cf ff ff 48 8b 4d 60 e8 74 cf ff
0x00007ffbdba362c7:   ff 48 8b 95 80 00 00 00 48 8b 8d 18 01 00 00 e8
0x00007ffbdba362d7:   66 c4 ff ff 33 d2 33 c9 e8 bc e1 ff ff 90 48 89
0x00007ffbdba362e7:   54 24 10 55 48 83 ec 20 48 8b ea 48 b8 00 00 00
0x00007ffbdba362f7:   00 00 00 00 00 48 83 c4 20 5d c3 cc 40 55 48 8b
0x00007ffbdba36307:   ea 48 8b 01 33 c9 81 38 05 00 00 c0 0f 94 c1 8b
0x00007ffbdba36317:   c1 5d c3 cc 40 55 48 83 ec 20 48 8b ea 8a 4d 40
0x00007ffbdba36327:   48 83 c4 20 5d e9 63 d3 ff ff cc 40 55 48 83 ec
0x00007ffbdba36337:   20 48 8b ea 8a 4d 20 e8 51 d3 ff ff 90 48 83 c4
0x00007ffbdba36347:   20 5d c3 cc 40 55 48 83 ec 20 48 8b ea 48 83 c4
0x00007ffbdba36357:   20 5d e9 b2 d1 ff ff cc 40 55 48 83 ec 30 48 8b
0x00007ffbdba36367:   ea 48 8b 01 8b 10 48 89 4c 24 28 89 54 24 20 4c
0x00007ffbdba36377:   8d 0d 53 d6 ff ff 4c 8b 45 70 8b 55 68 48 8b 4d
0x00007ffbdba36387:   60 e8 f3 d0 ff ff 90 48 83 c4 30 5d c3 cc cc cc
0x00007ffbdba36397:   cc cc cc cc cc cc cc cc cc 40 53 48 83 ec 20 48
0x00007ffbdba363a7:   8b 1d db 35 01 00 48 85 db 74 16 e8 79 8b ff ff
0x00007ffbdba363b7:   4c 8b 00 48 8b d3 48 8b c8 41 ff 90 b0 00 00 00
0x00007ffbdba363c7:   90 48 83 c4 20 5b c3 cc cc 40 53 48 83 ec 20 48
0x00007ffbdba363d7:   8b 1d 4b 37 01 00 48 85 db 74 57 b8 ff ff ff ff
0x00007ffbdba363e7:   f0 0f c1 43 10 83 f8 01 75 3d 48 85 db 74 38 48
0x00007ffbdba363f7:   8b 0b 48 85 c9 74 0d ff 15 a4 0e 00 00 48 c7 03
0x00007ffbdba36407:   00 00 00 00 48 8b 4b 08 48 85 c9 74 0d e8 23 ce
0x00007ffbdba36417:   ff ff 48 c7 43 08 00 00 00 00 ba 18 00 00 00 48
0x00007ffbdba36427:   8b cb e8 0e ce ff ff 48 c7 05 ef 36 01 00 00 00
0x00007ffbdba36437:   00 00 48 83 c4 20 5b c3 cc 40 53 48 83 ec 20 48
0x00007ffbdba36447:   8b 1d bb 36 01 00 48 85 db 74 57 b8 ff ff ff ff
0x00007ffbdba36457:   f0 0f c1 43 10 83 f8 01 75 3d 48 85 db 74 38 48
0x00007ffbdba36467:   8b 0b 48 85 c9 74 0d ff 15 34 0e 00 00 48 c7 03
0x00007ffbdba36477:   00 00 00 00 48 8b 4b 08 48 85 c9 74 0d e8 b3 cd
0x00007ffbdba36487:   ff ff 48 c7 43 08 00 00 00 00 ba 18 00 00 00 48
0x00007ffbdba36497:   8b cb e8 9e cd ff ff 48 c7 05 5f 36 01 00 00 00
0x00007ffbdba364a7:   00 00 48 83 c4 20 5b c3 cc 40 53 48 83 ec 20 48 


Stack slot to memory mapping:
stack at sp + 0 slots: 0x0 is NULL
stack at sp + 1 slots: 0x000000ed386ff0e8 points into unknown readable memory: 0x000000ed386ff0d0 | d0 f0 6f 38 ed 00 00 00
stack at sp + 2 slots: 0x00007ffbb8e372a0 jvm.dll
stack at sp + 3 slots: 0x00007ffbdba33cf0 glass.dll
stack at sp + 4 slots: 0x000002ebc710a928 points into unknown readable memory: 0x0000751928b5d556 | 56 d5 b5 28 19 75 00 00
stack at sp + 5 slots: 0x00007ffc3aac3a83 ucrtbase.dll
stack at sp + 6 slots: 0x000002ebc710a920 points into unknown readable memory: 0xfef69dd72ab5d549 | 49 d5 b5 2a d7 9d f6 fe
stack at sp + 7 slots: 0x000002eb00000000 is an unknown value

VM_Operation (0x000000ed3acff280): Exit, mode: safepoint, requested by thread 0x000002ebc7445720


---------------  P R O C E S S  ---------------

Threads class SMR info:
_java_thread_list=0x000002ebc76eeb70, length=20, elements={
0x000002eb9d0493f0, 0x000002ebc21e5380, 0x000002ebc21e65b0, 0x000002ebc21e9470,
0x000002ebc21e9e90, 0x000002ebc21f0920, 0x000002ebc22053f0, 0x000002ebc2206d70,
0x000002ebc220feb0, 0x000002ebc21b8230, 0x000002ebc689e810, 0x000002ebc67d2030,
0x000002ebc6d6cd60, 0x000002ebc7136d50, 0x000002ebc7137710, 0x000002ebc7446710,
0x000002ebc74461c0, 0x000002ebc74451d0, 0x000002ebc7444730, 0x000002ebc7445720
}

Java Threads: ( => current thread )
  0x000002eb9d0493f0 JavaThread "main" [_thread_blocked, id=2304, stack(0x000000ed38000000,0x000000ed38100000)]
  0x000002ebc21e5380 JavaThread "Reference Handler" daemon [_thread_blocked, id=25736, stack(0x000000ed38700000,0x000000ed38800000)]
  0x000002ebc21e65b0 JavaThread "Finalizer" daemon [_thread_blocked, id=15704, stack(0x000000ed38800000,0x000000ed38900000)]
  0x000002ebc21e9470 JavaThread "Attach Listener" daemon [_thread_blocked, id=22000, stack(0x000000ed38a00000,0x000000ed38b00000)]
  0x000002ebc21e9e90 JavaThread "Service Thread" daemon [_thread_blocked, id=22124, stack(0x000000ed38b00000,0x000000ed38c00000)]
  0x000002ebc21f0920 JavaThread "Monitor Deflation Thread" daemon [_thread_blocked, id=7648, stack(0x000000ed38c00000,0x000000ed38d00000)]
  0x000002ebc22053f0 JavaThread "C2 CompilerThread0" daemon [_thread_blocked, id=19424, stack(0x000000ed38d00000,0x000000ed38e00000)]
  0x000002ebc2206d70 JavaThread "C1 CompilerThread0" daemon [_thread_blocked, id=18420, stack(0x000000ed38e00000,0x000000ed38f00000)]
  0x000002ebc220feb0 JavaThread "Sweeper thread" daemon [_thread_blocked, id=5628, stack(0x000000ed38f00000,0x000000ed39000000)]
  0x000002ebc21b8230 JavaThread "Common-Cleaner" daemon [_thread_blocked, id=588, stack(0x000000ed39000000,0x000000ed39100000)]
  0x000002ebc689e810 JavaThread "Monitor Ctrl-Break" daemon [_thread_in_native, id=17740, stack(0x000000ed39300000,0x000000ed39400000)]
  0x000002ebc67d2030 JavaThread "Notification Thread" daemon [_thread_blocked, id=6244, stack(0x000000ed39400000,0x000000ed39500000)]
  0x000002ebc6d6cd60 JavaThread "QuantumRenderer-0" daemon [_thread_blocked, id=20620, stack(0x000000ed39600000,0x000000ed39700000)]
  0x000002ebc7136d50 JavaThread "InvokeLaterDispatcher" daemon [_thread_blocked, id=1860, stack(0x000000ed39700000,0x000000ed39800000)]
  0x000002ebc7137710 JavaThread "JavaFX Application Thread" [_thread_in_native, id=15848, stack(0x000000ed39800000,0x000000ed39900000)]
  0x000002ebc7446710 JavaThread "JavaFX-Launcher" [_thread_blocked, id=20532, stack(0x000000ed39d00000,0x000000ed39e00000)]
  0x000002ebc74461c0 JavaThread "Thread-2" daemon [_thread_in_native, id=25068, stack(0x000000ed39c00000,0x000000ed39d00000)]
  0x000002ebc74451d0 JavaThread "Prism Font Disposer" daemon [_thread_blocked, id=23032, stack(0x000000ed3a300000,0x000000ed3a400000)]
  0x000002ebc7444730 JavaThread "Cleaner-0" daemon [_thread_blocked, id=1320, stack(0x000000ed3a800000,0x000000ed3a900000)]
  0x000002ebc7445720 JavaThread "SIGINT handler" daemon [_thread_blocked, id=18496, stack(0x000000ed3ac00000,0x000000ed3ad00000)]

Other Threads:
=>0x000002ebc21c7f90 VMThread "VM Thread" [stack: 0x000000ed38600000,0x000000ed38700000] [id=16148]
  0x000002eb9d0b97a0 WorkerThread "GC Thread#0" [stack: 0x000000ed38100000,0x000000ed38200000] [id=10840]
  0x000002ebc7596cd0 WorkerThread "GC Thread#1" [stack: 0x000000ed39e00000,0x000000ed39f00000] [id=14584]
  0x000002ebc7548670 WorkerThread "GC Thread#2" [stack: 0x000000ed39f00000,0x000000ed3a000000] [id=25440]
  0x000002ebc7564750 WorkerThread "GC Thread#3" [stack: 0x000000ed3a000000,0x000000ed3a100000] [id=26432]
  0x000002ebc7564a20 WorkerThread "GC Thread#4" [stack: 0x000000ed3a100000,0x000000ed3a200000] [id=23724]
  0x000002ebc7563670 WorkerThread "GC Thread#5" [stack: 0x000000ed3a200000,0x000000ed3a300000] [id=25848]
  0x000002ebc7563940 WorkerThread "GC Thread#6" [stack: 0x000000ed39100000,0x000000ed39200000] [id=4060]
  0x000002ebc75641b0 WorkerThread "GC Thread#7" [stack: 0x000000ed39200000,0x000000ed39300000] [id=27560]
  0x000002eb9d0cb3f0 ConcurrentGCThread "G1 Main Marker" terminated
  0x000002eb9d0cbe20 WorkerThread "G1 Conc#0" [stack: 0x000000ed38300000,0x000000ed38400000] [id=18636]
  0x000002eb9d10e960 ConcurrentGCThread "G1 Refine#0" terminated
  0x000002ebc20856c0 ConcurrentGCThread "G1 Service" terminated

Threads with active compile tasks:

VM state: at safepoint (shutting down)

VM Mutex/Monitor currently owned by a thread:  ([mutex/lock_event])
[0x000002eb9d045670] Threads_lock - owner thread: 0x000002ebc21c7f90
[0x000002eb9d044500] Heap_lock - owner thread: 0x000002ebc7445720

Heap address: 0x0000000704c00000, size: 4020 MB, Compressed Oops mode: Zero based, Oop shift amount: 3

CDS archive(s) mapped at: [0x0000000800000000-0x0000000800c30000-0x0000000800c30000), size 12779520, SharedBaseAddress: 0x0000000800000000, ArchiveRelocationMode: 0.
Compressed class space mapped at: 0x0000000801000000-0x0000000841000000, reserved size: 1073741824
Narrow klass base: 0x0000000800000000, Narrow klass shift: 0, Narrow klass range: 0x100000000

GC Precious Log:
 CardTable entry size: 512
 Card Set container configuration: InlinePtr #cards 4 size 8 Array Of Cards #cards 16 size 48 Howl #buckets 8 coarsen threshold 3686 Howl Bitmap #cards 512 size 80 coarsen threshold 460 Card regions per heap region 1 cards per card region 4096
 CPUs: 8 total, 8 available
 Memory: 16075M
 Large Page Support: Disabled
 NUMA Support: Disabled
 Compressed Oops: Enabled (Zero based)
 Heap Region Size: 2M
 Heap Min Capacity: 8M
 Heap Initial Capacity: 252M
 Heap Max Capacity: 4020M
 Pre-touch: Disabled
 Parallel Workers: 8
 Concurrent Workers: 2
 Concurrent Refinement Workers: 8
 Periodic GC: Disabled

Heap:
 garbage-first heap   total 258048K, used 17673K [0x0000000704c00000, 0x0000000800000000)
  region size 2048K, 8 young (16384K), 3 survivors (6144K)
 Metaspace       used 16485K, committed 16832K, reserved 1114112K
  class space    used 2283K, committed 2432K, reserved 1048576K

Heap Regions: E=young(eden), S=young(survivor), O=old, HS=humongous(starts), HC=humongous(continues), CS=collection set, F=free, OA=open archive, CA=closed archive, TAMS=top-at-mark-start (previous, next)
|   0|0x0000000704c00000, 0x0000000704e00000, 0x0000000704e00000|100%|HS|  |TAMS 0x0000000704c00000, 0x0000000704c00000| Complete 
|   1|0x0000000704e00000, 0x0000000704f42600, 0x0000000705000000| 62%| O|  |TAMS 0x0000000704e00000, 0x0000000704e00000| Untracked 
|   2|0x0000000705000000, 0x0000000705000000, 0x0000000705200000|  0%| F|  |TAMS 0x0000000705000000, 0x0000000705000000| Untracked 
|   3|0x0000000705200000, 0x0000000705200000, 0x0000000705400000|  0%| F|  |TAMS 0x0000000705200000, 0x0000000705200000| Untracked 
|   4|0x0000000705400000, 0x0000000705400000, 0x0000000705600000|  0%| F|  |TAMS 0x0000000705400000, 0x0000000705400000| Untracked 
|   5|0x0000000705600000, 0x0000000705600000, 0x0000000705800000|  0%| F|  |TAMS 0x0000000705600000, 0x0000000705600000| Untracked 
|   6|0x0000000705800000, 0x0000000705800000, 0x0000000705a00000|  0%| F|  |TAMS 0x0000000705800000, 0x0000000705800000| Untracked 
|   7|0x0000000705a00000, 0x0000000705a00000, 0x0000000705c00000|  0%| F|  |TAMS 0x0000000705a00000, 0x0000000705a00000| Untracked 
|   8|0x0000000705c00000, 0x0000000705c00000, 0x0000000705e00000|  0%| F|  |TAMS 0x0000000705c00000, 0x0000000705c00000| Untracked 
|   9|0x0000000705e00000, 0x0000000705e00000, 0x0000000706000000|  0%| F|  |TAMS 0x0000000705e00000, 0x0000000705e00000| Untracked 
|  10|0x0000000706000000, 0x0000000706000000, 0x0000000706200000|  0%| F|  |TAMS 0x0000000706000000, 0x0000000706000000| Untracked 
|  11|0x0000000706200000, 0x0000000706200000, 0x0000000706400000|  0%| F|  |TAMS 0x0000000706200000, 0x0000000706200000| Untracked 
|  12|0x0000000706400000, 0x0000000706400000, 0x0000000706600000|  0%| F|  |TAMS 0x0000000706400000, 0x0000000706400000| Untracked 
|  13|0x0000000706600000, 0x0000000706600000, 0x0000000706800000|  0%| F|  |TAMS 0x0000000706600000, 0x0000000706600000| Untracked 
|  14|0x0000000706800000, 0x0000000706800000, 0x0000000706a00000|  0%| F|  |TAMS 0x0000000706800000, 0x0000000706800000| Untracked 
|  15|0x0000000706a00000, 0x0000000706a00000, 0x0000000706c00000|  0%| F|  |TAMS 0x0000000706a00000, 0x0000000706a00000| Untracked 
|  16|0x0000000706c00000, 0x0000000706c00000, 0x0000000706e00000|  0%| F|  |TAMS 0x0000000706c00000, 0x0000000706c00000| Untracked 
|  17|0x0000000706e00000, 0x0000000706e00000, 0x0000000707000000|  0%| F|  |TAMS 0x0000000706e00000, 0x0000000706e00000| Untracked 
|  18|0x0000000707000000, 0x0000000707000000, 0x0000000707200000|  0%| F|  |TAMS 0x0000000707000000, 0x0000000707000000| Untracked 
|  19|0x0000000707200000, 0x0000000707200000, 0x0000000707400000|  0%| F|  |TAMS 0x0000000707200000, 0x0000000707200000| Untracked 
|  20|0x0000000707400000, 0x0000000707400000, 0x0000000707600000|  0%| F|  |TAMS 0x0000000707400000, 0x0000000707400000| Untracked 
|  21|0x0000000707600000, 0x0000000707600000, 0x0000000707800000|  0%| F|  |TAMS 0x0000000707600000, 0x0000000707600000| Untracked 
|  22|0x0000000707800000, 0x0000000707800000, 0x0000000707a00000|  0%| F|  |TAMS 0x0000000707800000, 0x0000000707800000| Untracked 
|  23|0x0000000707a00000, 0x0000000707a00000, 0x0000000707c00000|  0%| F|  |TAMS 0x0000000707a00000, 0x0000000707a00000| Untracked 
|  24|0x0000000707c00000, 0x0000000707c00000, 0x0000000707e00000|  0%| F|  |TAMS 0x0000000707c00000, 0x0000000707c00000| Untracked 
|  25|0x0000000707e00000, 0x0000000707e00000, 0x0000000708000000|  0%| F|  |TAMS 0x0000000707e00000, 0x0000000707e00000| Untracked 
|  26|0x0000000708000000, 0x0000000708000000, 0x0000000708200000|  0%| F|  |TAMS 0x0000000708000000, 0x0000000708000000| Untracked 
|  27|0x0000000708200000, 0x0000000708200000, 0x0000000708400000|  0%| F|  |TAMS 0x0000000708200000, 0x0000000708200000| Untracked 
|  28|0x0000000708400000, 0x0000000708400000, 0x0000000708600000|  0%| F|  |TAMS 0x0000000708400000, 0x0000000708400000| Untracked 
|  29|0x0000000708600000, 0x0000000708600000, 0x0000000708800000|  0%| F|  |TAMS 0x0000000708600000, 0x0000000708600000| Untracked 
|  30|0x0000000708800000, 0x0000000708800000, 0x0000000708a00000|  0%| F|  |TAMS 0x0000000708800000, 0x0000000708800000| Untracked 
|  31|0x0000000708a00000, 0x0000000708a00000, 0x0000000708c00000|  0%| F|  |TAMS 0x0000000708a00000, 0x0000000708a00000| Untracked 
|  32|0x0000000708c00000, 0x0000000708c00000, 0x0000000708e00000|  0%| F|  |TAMS 0x0000000708c00000, 0x0000000708c00000| Untracked 
|  33|0x0000000708e00000, 0x0000000708e00000, 0x0000000709000000|  0%| F|  |TAMS 0x0000000708e00000, 0x0000000708e00000| Untracked 
|  34|0x0000000709000000, 0x0000000709000000, 0x0000000709200000|  0%| F|  |TAMS 0x0000000709000000, 0x0000000709000000| Untracked 
|  35|0x0000000709200000, 0x0000000709200000, 0x0000000709400000|  0%| F|  |TAMS 0x0000000709200000, 0x0000000709200000| Untracked 
|  36|0x0000000709400000, 0x0000000709400000, 0x0000000709600000|  0%| F|  |TAMS 0x0000000709400000, 0x0000000709400000| Untracked 
|  37|0x0000000709600000, 0x0000000709600000, 0x0000000709800000|  0%| F|  |TAMS 0x0000000709600000, 0x0000000709600000| Untracked 
|  38|0x0000000709800000, 0x0000000709800000, 0x0000000709a00000|  0%| F|  |TAMS 0x0000000709800000, 0x0000000709800000| Untracked 
|  39|0x0000000709a00000, 0x0000000709a00000, 0x0000000709c00000|  0%| F|  |TAMS 0x0000000709a00000, 0x0000000709a00000| Untracked 
|  40|0x0000000709c00000, 0x0000000709c00000, 0x0000000709e00000|  0%| F|  |TAMS 0x0000000709c00000, 0x0000000709c00000| Untracked 
|  41|0x0000000709e00000, 0x0000000709e00000, 0x000000070a000000|  0%| F|  |TAMS 0x0000000709e00000, 0x0000000709e00000| Untracked 
|  42|0x000000070a000000, 0x000000070a000000, 0x000000070a200000|  0%| F|  |TAMS 0x000000070a000000, 0x000000070a000000| Untracked 
|  43|0x000000070a200000, 0x000000070a200000, 0x000000070a400000|  0%| F|  |TAMS 0x000000070a200000, 0x000000070a200000| Untracked 
|  44|0x000000070a400000, 0x000000070a400000, 0x000000070a600000|  0%| F|  |TAMS 0x000000070a400000, 0x000000070a400000| Untracked 
|  45|0x000000070a600000, 0x000000070a600000, 0x000000070a800000|  0%| F|  |TAMS 0x000000070a600000, 0x000000070a600000| Untracked 
|  46|0x000000070a800000, 0x000000070a800000, 0x000000070aa00000|  0%| F|  |TAMS 0x000000070a800000, 0x000000070a800000| Untracked 
|  47|0x000000070aa00000, 0x000000070aa00000, 0x000000070ac00000|  0%| F|  |TAMS 0x000000070aa00000, 0x000000070aa00000| Untracked 
|  48|0x000000070ac00000, 0x000000070ac00000, 0x000000070ae00000|  0%| F|  |TAMS 0x000000070ac00000, 0x000000070ac00000| Untracked 
|  49|0x000000070ae00000, 0x000000070ae00000, 0x000000070b000000|  0%| F|  |TAMS 0x000000070ae00000, 0x000000070ae00000| Untracked 
|  50|0x000000070b000000, 0x000000070b000000, 0x000000070b200000|  0%| F|  |TAMS 0x000000070b000000, 0x000000070b000000| Untracked 
|  51|0x000000070b200000, 0x000000070b200000, 0x000000070b400000|  0%| F|  |TAMS 0x000000070b200000, 0x000000070b200000| Untracked 
|  52|0x000000070b400000, 0x000000070b400000, 0x000000070b600000|  0%| F|  |TAMS 0x000000070b400000, 0x000000070b400000| Untracked 
|  53|0x000000070b600000, 0x000000070b600000, 0x000000070b800000|  0%| F|  |TAMS 0x000000070b600000, 0x000000070b600000| Untracked 
|  54|0x000000070b800000, 0x000000070b800000, 0x000000070ba00000|  0%| F|  |TAMS 0x000000070b800000, 0x000000070b800000| Untracked 
|  55|0x000000070ba00000, 0x000000070ba00000, 0x000000070bc00000|  0%| F|  |TAMS 0x000000070ba00000, 0x000000070ba00000| Untracked 
|  56|0x000000070bc00000, 0x000000070bc00000, 0x000000070be00000|  0%| F|  |TAMS 0x000000070bc00000, 0x000000070bc00000| Untracked 
|  57|0x000000070be00000, 0x000000070be00000, 0x000000070c000000|  0%| F|  |TAMS 0x000000070be00000, 0x000000070be00000| Untracked 
|  58|0x000000070c000000, 0x000000070c000000, 0x000000070c200000|  0%| F|  |TAMS 0x000000070c000000, 0x000000070c000000| Untracked 
|  59|0x000000070c200000, 0x000000070c200000, 0x000000070c400000|  0%| F|  |TAMS 0x000000070c200000, 0x000000070c200000| Untracked 
|  60|0x000000070c400000, 0x000000070c400000, 0x000000070c600000|  0%| F|  |TAMS 0x000000070c400000, 0x000000070c400000| Untracked 
|  61|0x000000070c600000, 0x000000070c600000, 0x000000070c800000|  0%| F|  |TAMS 0x000000070c600000, 0x000000070c600000| Untracked 
|  62|0x000000070c800000, 0x000000070c800000, 0x000000070ca00000|  0%| F|  |TAMS 0x000000070c800000, 0x000000070c800000| Untracked 
|  63|0x000000070ca00000, 0x000000070ca00000, 0x000000070cc00000|  0%| F|  |TAMS 0x000000070ca00000, 0x000000070ca00000| Untracked 
|  64|0x000000070cc00000, 0x000000070cc00000, 0x000000070ce00000|  0%| F|  |TAMS 0x000000070cc00000, 0x000000070cc00000| Untracked 
|  65|0x000000070ce00000, 0x000000070ce00000, 0x000000070d000000|  0%| F|  |TAMS 0x000000070ce00000, 0x000000070ce00000| Untracked 
|  66|0x000000070d000000, 0x000000070d000000, 0x000000070d200000|  0%| F|  |TAMS 0x000000070d000000, 0x000000070d000000| Untracked 
|  67|0x000000070d200000, 0x000000070d200000, 0x000000070d400000|  0%| F|  |TAMS 0x000000070d200000, 0x000000070d200000| Untracked 
|  68|0x000000070d400000, 0x000000070d400000, 0x000000070d600000|  0%| F|  |TAMS 0x000000070d400000, 0x000000070d400000| Untracked 
|  69|0x000000070d600000, 0x000000070d600000, 0x000000070d800000|  0%| F|  |TAMS 0x000000070d600000, 0x000000070d600000| Untracked 
|  70|0x000000070d800000, 0x000000070d800000, 0x000000070da00000|  0%| F|  |TAMS 0x000000070d800000, 0x000000070d800000| Untracked 
|  71|0x000000070da00000, 0x000000070da00000, 0x000000070dc00000|  0%| F|  |TAMS 0x000000070da00000, 0x000000070da00000| Untracked 
|  72|0x000000070dc00000, 0x000000070dc00000, 0x000000070de00000|  0%| F|  |TAMS 0x000000070dc00000, 0x000000070dc00000| Untracked 
|  73|0x000000070de00000, 0x000000070de00000, 0x000000070e000000|  0%| F|  |TAMS 0x000000070de00000, 0x000000070de00000| Untracked 
|  74|0x000000070e000000, 0x000000070e000000, 0x000000070e200000|  0%| F|  |TAMS 0x000000070e000000, 0x000000070e000000| Untracked 
|  75|0x000000070e200000, 0x000000070e200000, 0x000000070e400000|  0%| F|  |TAMS 0x000000070e200000, 0x000000070e200000| Untracked 
|  76|0x000000070e400000, 0x000000070e400000, 0x000000070e600000|  0%| F|  |TAMS 0x000000070e400000, 0x000000070e400000| Untracked 
|  77|0x000000070e600000, 0x000000070e600000, 0x000000070e800000|  0%| F|  |TAMS 0x000000070e600000, 0x000000070e600000| Untracked 
|  78|0x000000070e800000, 0x000000070e800000, 0x000000070ea00000|  0%| F|  |TAMS 0x000000070e800000, 0x000000070e800000| Untracked 
|  79|0x000000070ea00000, 0x000000070ea00000, 0x000000070ec00000|  0%| F|  |TAMS 0x000000070ea00000, 0x000000070ea00000| Untracked 
|  80|0x000000070ec00000, 0x000000070ec00000, 0x000000070ee00000|  0%| F|  |TAMS 0x000000070ec00000, 0x000000070ec00000| Untracked 
|  81|0x000000070ee00000, 0x000000070ee00000, 0x000000070f000000|  0%| F|  |TAMS 0x000000070ee00000, 0x000000070ee00000| Untracked 
|  82|0x000000070f000000, 0x000000070f000000, 0x000000070f200000|  0%| F|  |TAMS 0x000000070f000000, 0x000000070f000000| Untracked 
|  83|0x000000070f200000, 0x000000070f200000, 0x000000070f400000|  0%| F|  |TAMS 0x000000070f200000, 0x000000070f200000| Untracked 
|  84|0x000000070f400000, 0x000000070f400000, 0x000000070f600000|  0%| F|  |TAMS 0x000000070f400000, 0x000000070f400000| Untracked 
|  85|0x000000070f600000, 0x000000070f600000, 0x000000070f800000|  0%| F|  |TAMS 0x000000070f600000, 0x000000070f600000| Untracked 
|  86|0x000000070f800000, 0x000000070f800000, 0x000000070fa00000|  0%| F|  |TAMS 0x000000070f800000, 0x000000070f800000| Untracked 
|  87|0x000000070fa00000, 0x000000070fa00000, 0x000000070fc00000|  0%| F|  |TAMS 0x000000070fa00000, 0x000000070fa00000| Untracked 
|  88|0x000000070fc00000, 0x000000070fc00000, 0x000000070fe00000|  0%| F|  |TAMS 0x000000070fc00000, 0x000000070fc00000| Untracked 
|  89|0x000000070fe00000, 0x000000070fe00000, 0x0000000710000000|  0%| F|  |TAMS 0x000000070fe00000, 0x000000070fe00000| Untracked 
|  90|0x0000000710000000, 0x0000000710000000, 0x0000000710200000|  0%| F|  |TAMS 0x0000000710000000, 0x0000000710000000| Untracked 
|  91|0x0000000710200000, 0x0000000710200000, 0x0000000710400000|  0%| F|  |TAMS 0x0000000710200000, 0x0000000710200000| Untracked 
|  92|0x0000000710400000, 0x0000000710400000, 0x0000000710600000|  0%| F|  |TAMS 0x0000000710400000, 0x0000000710400000| Untracked 
|  93|0x0000000710600000, 0x0000000710600000, 0x0000000710800000|  0%| F|  |TAMS 0x0000000710600000, 0x0000000710600000| Untracked 
|  94|0x0000000710800000, 0x0000000710800000, 0x0000000710a00000|  0%| F|  |TAMS 0x0000000710800000, 0x0000000710800000| Untracked 
|  95|0x0000000710a00000, 0x0000000710a00000, 0x0000000710c00000|  0%| F|  |TAMS 0x0000000710a00000, 0x0000000710a00000| Untracked 
|  96|0x0000000710c00000, 0x0000000710c00000, 0x0000000710e00000|  0%| F|  |TAMS 0x0000000710c00000, 0x0000000710c00000| Untracked 
|  97|0x0000000710e00000, 0x0000000710e00000, 0x0000000711000000|  0%| F|  |TAMS 0x0000000710e00000, 0x0000000710e00000| Untracked 
|  98|0x0000000711000000, 0x0000000711000000, 0x0000000711200000|  0%| F|  |TAMS 0x0000000711000000, 0x0000000711000000| Untracked 
|  99|0x0000000711200000, 0x0000000711200000, 0x0000000711400000|  0%| F|  |TAMS 0x0000000711200000, 0x0000000711200000| Untracked 
| 100|0x0000000711400000, 0x0000000711400000, 0x0000000711600000|  0%| F|  |TAMS 0x0000000711400000, 0x0000000711400000| Untracked 
| 101|0x0000000711600000, 0x0000000711600000, 0x0000000711800000|  0%| F|  |TAMS 0x0000000711600000, 0x0000000711600000| Untracked 
| 102|0x0000000711800000, 0x0000000711800000, 0x0000000711a00000|  0%| F|  |TAMS 0x0000000711800000, 0x0000000711800000| Untracked 
| 103|0x0000000711a00000, 0x0000000711c00000, 0x0000000711c00000|100%| S|CS|TAMS 0x0000000711a00000, 0x0000000711a00000| Complete 
| 104|0x0000000711c00000, 0x0000000711e00000, 0x0000000711e00000|100%| S|CS|TAMS 0x0000000711c00000, 0x0000000711c00000| Complete 
| 105|0x0000000711e00000, 0x0000000712000000, 0x0000000712000000|100%| S|CS|TAMS 0x0000000711e00000, 0x0000000711e00000| Complete 
| 106|0x0000000712000000, 0x0000000712000000, 0x0000000712200000|  0%| F|  |TAMS 0x0000000712000000, 0x0000000712000000| Untracked 
| 107|0x0000000712200000, 0x0000000712200000, 0x0000000712400000|  0%| F|  |TAMS 0x0000000712200000, 0x0000000712200000| Untracked 
| 108|0x0000000712400000, 0x0000000712400000, 0x0000000712600000|  0%| F|  |TAMS 0x0000000712400000, 0x0000000712400000| Untracked 
| 109|0x0000000712600000, 0x0000000712600000, 0x0000000712800000|  0%| F|  |TAMS 0x0000000712600000, 0x0000000712600000| Untracked 
| 110|0x0000000712800000, 0x0000000712800000, 0x0000000712a00000|  0%| F|  |TAMS 0x0000000712800000, 0x0000000712800000| Untracked 
| 111|0x0000000712a00000, 0x0000000712a00000, 0x0000000712c00000|  0%| F|  |TAMS 0x0000000712a00000, 0x0000000712a00000| Untracked 
| 112|0x0000000712c00000, 0x0000000712c00000, 0x0000000712e00000|  0%| F|  |TAMS 0x0000000712c00000, 0x0000000712c00000| Untracked 
| 113|0x0000000712e00000, 0x0000000712e00000, 0x0000000713000000|  0%| F|  |TAMS 0x0000000712e00000, 0x0000000712e00000| Untracked 
| 114|0x0000000713000000, 0x0000000713000000, 0x0000000713200000|  0%| F|  |TAMS 0x0000000713000000, 0x0000000713000000| Untracked 
| 115|0x0000000713200000, 0x0000000713200000, 0x0000000713400000|  0%| F|  |TAMS 0x0000000713200000, 0x0000000713200000| Untracked 
| 116|0x0000000713400000, 0x0000000713400000, 0x0000000713600000|  0%| F|  |TAMS 0x0000000713400000, 0x0000000713400000| Untracked 
| 117|0x0000000713600000, 0x0000000713600000, 0x0000000713800000|  0%| F|  |TAMS 0x0000000713600000, 0x0000000713600000| Untracked 
| 118|0x0000000713800000, 0x0000000713800000, 0x0000000713a00000|  0%| F|  |TAMS 0x0000000713800000, 0x0000000713800000| Untracked 
| 119|0x0000000713a00000, 0x0000000713a00000, 0x0000000713c00000|  0%| F|  |TAMS 0x0000000713a00000, 0x0000000713a00000| Untracked 
| 120|0x0000000713c00000, 0x0000000713c00000, 0x0000000713e00000|  0%| F|  |TAMS 0x0000000713c00000, 0x0000000713c00000| Untracked 
| 121|0x0000000713e00000, 0x0000000713eb8d60, 0x0000000714000000| 36%| E|  |TAMS 0x0000000713e00000, 0x0000000713e00000| Complete 
| 122|0x0000000714000000, 0x0000000714200000, 0x0000000714200000|100%| E|CS|TAMS 0x0000000714000000, 0x0000000714000000| Complete 
| 123|0x0000000714200000, 0x0000000714400000, 0x0000000714400000|100%| E|CS|TAMS 0x0000000714200000, 0x0000000714200000| Complete 
| 124|0x0000000714400000, 0x0000000714600000, 0x0000000714600000|100%| E|CS|TAMS 0x0000000714400000, 0x0000000714400000| Complete 
| 125|0x0000000714600000, 0x0000000714800000, 0x0000000714800000|100%| E|CS|TAMS 0x0000000714600000, 0x0000000714600000| Complete 

Card table byte_map: [0x000002ebb69c0000,0x000002ebb71a0000] _byte_map_base: 0x000002ebb319a000

Marking Bits (Prev, Next): (CMBitMap*) 0x000002eb9d0b9dd0, (CMBitMap*) 0x000002eb9d0b9e10
 Prev Bits: [0x000002ebb7980000, 0x000002ebbb850000)
 Next Bits: [0x000002ebbb850000, 0x000002ebbf720000)

Polling page: 0x000002eb9d110000

Metaspace:

Usage:
  Non-class:     13.87 MB used.
      Class:      2.23 MB used.
       Both:     16.10 MB used.

Virtual space:
  Non-class space:       64.00 MB reserved,      14.06 MB ( 22%) committed,  1 nodes.
      Class space:        1.00 GB reserved,       2.38 MB ( <1%) committed,  1 nodes.
             Both:        1.06 GB reserved,      16.44 MB (  2%) committed. 

Chunk freelists:
   Non-Class:  1.70 MB
       Class:  1.60 MB
        Both:  3.30 MB

MaxMetaspaceSize: unlimited
CompressedClassSpaceSize: 1.00 GB
Initial GC threshold: 21.00 MB
Current GC threshold: 21.00 MB
CDS: on
MetaspaceReclaimPolicy: balanced
 - commit_granule_bytes: 65536.
 - commit_granule_words: 8192.
 - virtual_space_node_default_size: 8388608.
 - enlarge_chunks_in_place: 1.
 - new_chunks_are_fully_committed: 0.
 - uncommit_free_chunks: 1.
 - use_allocation_guard: 0.


Internal statistics:

num_allocs_failed_limit: 0.
num_arena_births: 380.
num_arena_deaths: 0.
num_vsnodes_births: 2.
num_vsnodes_deaths: 0.
num_space_committed: 263.
num_space_uncommitted: 0.
num_chunks_returned_to_freelist: 0.
num_chunks_taken_from_freelist: 882.
num_chunk_merges: 0.
num_chunk_splits: 617.
num_chunks_enlarged: 470.
num_inconsistent_stats: 0.

CodeHeap 'non-profiled nmethods': size=120000Kb used=1378Kb max_used=1378Kb free=118621Kb
 bounds [0x000002ebae240000, 0x000002ebae4b0000, 0x000002ebb5770000]
CodeHeap 'profiled nmethods': size=120000Kb used=5699Kb max_used=5699Kb free=114300Kb
 bounds [0x000002eba6770000, 0x000002eba6d10000, 0x000002ebadca0000]
CodeHeap 'non-nmethods': size=5760Kb used=1542Kb max_used=1572Kb free=4217Kb
 bounds [0x000002ebadca0000, 0x000002ebadf10000, 0x000002ebae240000]
 total_blobs=3910 nmethods=3103 adapters=716
 compilation: enabled
              stopped_count=0, restarted_count=0
 full_count=0

Compilation events (20 events):
Event: 36.403 Thread 0x000002ebc2206d70 3096       3       com.sun.javafx.font.directwrite.DWGlyph::isLCDGlyph (17 bytes)
Event: 36.404 Thread 0x000002ebc2206d70 nmethod 3096 0x000002eba6cffc10 code [0x000002eba6cffdc0, 0x000002eba6cfffd8]
Event: 37.885 Thread 0x000002ebc2206d70 3097       3       javafx.scene.Node::pseudoClassStateChanged (59 bytes)
Event: 37.886 Thread 0x000002ebc2206d70 nmethod 3097 0x000002eba6d00090 code [0x000002eba6d00280, 0x000002eba6d00798]
Event: 39.111 Thread 0x000002ebc22053f0 3098       4       com.sun.javafx.geom.PickRay::setDirection (12 bytes)
Event: 39.111 Thread 0x000002ebc22053f0 nmethod 3098 0x000002ebae395210 code [0x000002ebae3953a0, 0x000002ebae395458]
Event: 41.118 Thread 0x000002ebc2206d70 3099       3       com.sun.javafx.tk.quantum.PaintCollector::getInstance (4 bytes)
Event: 41.118 Thread 0x000002ebc2206d70 nmethod 3099 0x000002eba6d00990 code [0x000002eba6d00b20, 0x000002eba6d00c18]
Event: 41.118 Thread 0x000002ebc2206d70 3100       1       com.sun.javafx.sg.prism.NGCamera::setViewWidth (6 bytes)
Event: 41.118 Thread 0x000002ebc2206d70 nmethod 3100 0x000002ebae395510 code [0x000002ebae3956a0, 0x000002ebae395778]
Event: 41.118 Thread 0x000002ebc2206d70 3101       1       com.sun.javafx.sg.prism.NGCamera::setViewHeight (6 bytes)
Event: 41.118 Thread 0x000002ebc2206d70 nmethod 3101 0x000002ebae395810 code [0x000002ebae3959a0, 0x000002ebae395a78]
Event: 41.891 Thread 0x000002ebc22053f0 3102       4       java.util.EnumMap$ValueIterator::next (50 bytes)
Event: 41.893 Thread 0x000002ebc22053f0 nmethod 3102 0x000002ebae395b10 code [0x000002ebae395ca0, 0x000002ebae395e98]
Event: 41.953 Thread 0x000002ebc22053f0 3103       4       com.sun.javafx.event.BasicEventDispatcher::dispatchCapturingEvent (2 bytes)
Event: 41.953 Thread 0x000002ebc22053f0 nmethod 3103 0x000002ebae396090 code [0x000002ebae396200, 0x000002ebae396278]
Event: 42.214 Thread 0x000002ebc22053f0 3104       4       com.sun.javafx.scene.input.InputEventUtils::recomputeCoordinates (220 bytes)
Event: 42.221 Thread 0x000002ebc22053f0 nmethod 3104 0x000002ebae396390 code [0x000002ebae3965c0, 0x000002ebae396f80]
Event: 42.270 Thread 0x000002ebc22053f0 3105   !   4       javafx.scene.Node::pickNode (130 bytes)
Event: 42.274 Thread 0x000002ebc22053f0 nmethod 3105 0x000002ebae397a10 code [0x000002ebae397c00, 0x000002ebae3981e8]

GC Heap History (4 events):
Event: 0.450 GC heap before
{Heap before GC invocations=0 (full 0):
 garbage-first heap   total 258048K, used 20480K [0x0000000704c00000, 0x0000000800000000)
  region size 2048K, 11 young (22528K), 0 survivors (0K)
 Metaspace       used 5132K, committed 5376K, reserved 1114112K
  class space    used 582K, committed 704K, reserved 1048576K
}
Event: 0.452 GC heap after
{Heap after GC invocations=1 (full 0):
 garbage-first heap   total 258048K, used 2645K [0x0000000704c00000, 0x0000000800000000)
  region size 2048K, 2 young (4096K), 2 survivors (4096K)
 Metaspace       used 5132K, committed 5376K, reserved 1114112K
  class space    used 582K, committed 704K, reserved 1048576K
}
Event: 6.740 GC heap before
{Heap before GC invocations=1 (full 0):
 garbage-first heap   total 258048K, used 41557K [0x0000000704c00000, 0x0000000800000000)
  region size 2048K, 20 young (40960K), 2 survivors (4096K)
 Metaspace       used 15331K, committed 15680K, reserved 1114112K
  class space    used 2145K, committed 2304K, reserved 1048576K
}
Event: 6.747 GC heap after
{Heap after GC invocations=2 (full 0):
 garbage-first heap   total 258048K, used 9481K [0x0000000704c00000, 0x0000000800000000)
  region size 2048K, 3 young (6144K), 3 survivors (6144K)
 Metaspace       used 15331K, committed 15680K, reserved 1114112K
  class space    used 2145K, committed 2304K, reserved 1048576K
}

Dll operation events (20 events):
Event: 0.269 Loaded shared library C:\Users\Алекс\.openjfx\cache\19+11\amd64\api-ms-win-crt-locale-l1-1-0.dll
Event: 0.271 Loaded shared library C:\Users\Алекс\.openjfx\cache\19+11\amd64\api-ms-win-crt-math-l1-1-0.dll
Event: 0.273 Loaded shared library C:\Users\Алекс\.openjfx\cache\19+11\amd64\api-ms-win-crt-multibyte-l1-1-0.dll
Event: 0.275 Loaded shared library C:\Users\Алекс\.openjfx\cache\19+11\amd64\api-ms-win-crt-private-l1-1-0.dll
Event: 0.277 Loaded shared library C:\Users\Алекс\.openjfx\cache\19+11\amd64\api-ms-win-crt-process-l1-1-0.dll
Event: 0.278 Loaded shared library C:\Users\Алекс\.openjfx\cache\19+11\amd64\api-ms-win-crt-runtime-l1-1-0.dll
Event: 0.280 Loaded shared library C:\Users\Алекс\.openjfx\cache\19+11\amd64\api-ms-win-crt-stdio-l1-1-0.dll
Event: 0.282 Loaded shared library C:\Users\Алекс\.openjfx\cache\19+11\amd64\api-ms-win-crt-string-l1-1-0.dll
Event: 0.283 Loaded shared library C:\Users\Алекс\.openjfx\cache\19+11\amd64\api-ms-win-crt-time-l1-1-0.dll
Event: 0.285 Loaded shared library C:\Users\Алекс\.openjfx\cache\19+11\amd64\api-ms-win-crt-utility-l1-1-0.dll
Event: 0.295 Loaded shared library C:\Users\Алекс\.openjfx\cache\19+11\amd64\ucrtbase.dll
Event: 0.298 Loaded shared library C:\Users\Алекс\.openjfx\cache\19+11\amd64\vcruntime140.dll
Event: 0.301 Loaded shared library C:\Users\Алекс\.openjfx\cache\19+11\amd64\vcruntime140_1.dll
Event: 0.306 Loaded shared library C:\Users\Алекс\.openjfx\cache\19+11\amd64\msvcp140.dll
Event: 0.308 Loaded shared library C:\Users\Алекс\.openjfx\cache\19+11\amd64\msvcp140_1.dll
Event: 0.311 Loaded shared library C:\Users\Алекс\.openjfx\cache\19+11\amd64\msvcp140_2.dll
Event: 0.343 Loaded shared library C:\Users\Алекс\.openjfx\cache\19+11\amd64\prism_d3d.dll
Event: 0.374 Loaded shared library C:\Users\Алекс\.openjfx\cache\19+11\amd64\glass.dll
Event: 0.455 Loaded shared library C:\Users\Алекс\.jdks\openjdk-19.0.1\bin\jimage.dll
Event: 0.600 Loaded shared library C:\Users\Алекс\.openjfx\cache\19+11\amd64\javafx_font.dll

Deoptimization events (20 events):
Event: 6.661 Thread 0x000002ebc7137710 DEOPT PACKING pc=0x000002ebae2fea6c sp=0x000000ed398fc0e0
Event: 6.661 Thread 0x000002ebc7137710 DEOPT UNPACKING pc=0x000002ebadd0a5a3 sp=0x000000ed398fc098 mode 2
Event: 6.661 Thread 0x000002ebc7137710 Uncommon trap: trap_request=0xffffffc6 fr.pc=0x000002ebae2ff96c relative=0x000000000000086c
Event: 6.661 Thread 0x000002ebc7137710 Uncommon trap: reason=bimorphic_or_optimized_type_check action=maybe_recompile pc=0x000002ebae2ff96c method=java.util.regex.Pattern$Start.match(Ljava/util/regex/Matcher;ILjava/lang/CharSequence;)Z @ 44 c2
Event: 6.661 Thread 0x000002ebc7137710 DEOPT PACKING pc=0x000002ebae2ff96c sp=0x000000ed398fc650
Event: 6.661 Thread 0x000002ebc7137710 DEOPT UNPACKING pc=0x000002ebadd0a5a3 sp=0x000000ed398fc5c0 mode 2
Event: 6.661 Thread 0x000002ebc7137710 Uncommon trap: trap_request=0xffffffc6 fr.pc=0x000002ebae2fea6c relative=0x000000000000038c
Event: 6.661 Thread 0x000002ebc7137710 Uncommon trap: reason=bimorphic_or_optimized_type_check action=maybe_recompile pc=0x000002ebae2fea6c method=java.util.regex.Pattern$BmpCharPropertyGreedy.match(Ljava/util/regex/Matcher;ILjava/lang/CharSequence;)Z @ 26 c2
Event: 6.661 Thread 0x000002ebc7137710 DEOPT PACKING pc=0x000002ebae2fea6c sp=0x000000ed398fc0e0
Event: 6.661 Thread 0x000002ebc7137710 DEOPT UNPACKING pc=0x000002ebadd0a5a3 sp=0x000000ed398fc098 mode 2
Event: 6.787 Thread 0x000002ebc6d6cd60 Uncommon trap: trap_request=0xffffff45 fr.pc=0x000002ebae32fd98 relative=0x0000000000002258
Event: 6.787 Thread 0x000002ebc6d6cd60 Uncommon trap: reason=unstable_if action=reinterpret pc=0x000002ebae32fd98 method=com.sun.marlin.Renderer._endRendering(IILcom/sun/marlin/MarlinAlphaConsumer;)V @ 207 c2
Event: 6.787 Thread 0x000002ebc6d6cd60 DEOPT PACKING pc=0x000002ebae32fd98 sp=0x000000ed396fe530
Event: 6.787 Thread 0x000002ebc6d6cd60 DEOPT UNPACKING pc=0x000002ebadd0a5a3 sp=0x000000ed396fe380 mode 2
Event: 6.788 Thread 0x000002ebc6d6cd60 Uncommon trap: trap_request=0xffffff45 fr.pc=0x000002ebae321b64 relative=0x0000000000002764
Event: 6.788 Thread 0x000002ebc6d6cd60 Uncommon trap: reason=unstable_if action=reinterpret pc=0x000002ebae321b64 method=com.sun.marlin.Renderer._endRendering(IILcom/sun/marlin/MarlinAlphaConsumer;)V @ 2268 c2
Event: 6.788 Thread 0x000002ebc6d6cd60 DEOPT PACKING pc=0x000002ebae321b64 sp=0x000000ed396fe480
Event: 6.788 Thread 0x000002ebc6d6cd60 DEOPT UNPACKING pc=0x000002ebadd0a5a3 sp=0x000000ed396fe380 mode 2
Event: 15.601 Thread 0x000002ebc6d6cd60 DEOPT PACKING pc=0x000002eba6b6906c sp=0x000000ed396fe3b0
Event: 15.601 Thread 0x000002ebc6d6cd60 DEOPT UNPACKING pc=0x000002ebadd0b0e3 sp=0x000000ed396fd7e8 mode 0

Classes loaded (20 events):
Event: 17.889 Loading class sun/util/locale/provider/BreakIteratorProviderImpl
Event: 17.889 Loading class sun/util/locale/provider/BreakIteratorProviderImpl done
Event: 17.890 Loading class sun/text/resources/BreakIteratorInfo
Event: 17.890 Loading class sun/text/resources/BreakIteratorInfo done
Event: 17.890 Loading class sun/text/resources/BreakIteratorResources
Event: 17.890 Loading class sun/util/resources/BreakIteratorResourceBundle
Event: 17.890 Loading class sun/util/resources/BreakIteratorResourceBundle done
Event: 17.890 Loading class sun/text/resources/BreakIteratorResources done
Event: 17.890 Loading class sun/text/RuleBasedBreakIterator
Event: 17.890 Loading class sun/text/RuleBasedBreakIterator done
Event: 17.891 Loading class sun/text/CompactByteArray
Event: 17.891 Loading class sun/text/CompactByteArray done
Event: 17.891 Loading class sun/text/SupplementaryCharacterData
Event: 17.891 Loading class sun/text/SupplementaryCharacterData done
Event: 17.891 Loading class java/text/BreakIterator$BreakIteratorCache
Event: 17.891 Loading class java/text/BreakIterator$BreakIteratorCache done
Event: 30.958 Loading class jdk/internal/math/FDBigInteger
Event: 30.958 Loading class jdk/internal/math/FDBigInteger done
Event: 46.615 Loading class jdk/internal/misc/Signal$1
Event: 46.615 Loading class jdk/internal/misc/Signal$1 done

Classes unloaded (0 events):
No events

Classes redefined (0 events):
No events

Internal exceptions (20 events):
Event: 0.715 Thread 0x000002ebc7137710 Implicit null exception at 0x000002ebae2cbccf to 0x000002ebae2cbfa4
Event: 0.725 Thread 0x000002ebc7137710 Implicit null exception at 0x000002ebae2c2f2b to 0x000002ebae2c3320
Event: 0.725 Thread 0x000002ebc7137710 Implicit null exception at 0x000002ebae2594af to 0x000002ebae259678
Event: 0.777 Thread 0x000002ebc7137710 Implicit null exception at 0x000002ebae2bce0c to 0x000002ebae2bd44c
Event: 0.836 Thread 0x000002ebc7137710 Exception <a 'java/lang/NoSuchMethodError'{0x0000000712c74c70}: 'java.lang.Object java.lang.invoke.DirectMethodHandle$Holder.invokeInterface(java.lang.Object, java.lang.Object, java.lang.Object)'> (0x0000000712c74c70) 
thrown [s\open\src\hotspot\share\interpreter\linkResolver.cpp, line 774]
Event: 0.836 Thread 0x000002ebc7137710 Exception <a 'java/lang/IncompatibleClassChangeError'{0x0000000712c78600}: Found class java.lang.Object, but interface was expected> (0x0000000712c78600) 
thrown [s\open\src\hotspot\share\interpreter\linkResolver.cpp, line 841]
Event: 0.872 Thread 0x000002ebc7137710 Exception <a 'java/lang/NoSuchMethodError'{0x0000000712d880e0}: 'int java.lang.invoke.DirectMethodHandle$Holder.invokeSpecial(java.lang.Object, java.lang.Object, int)'> (0x0000000712d880e0) 
thrown [s\open\src\hotspot\share\interpreter\linkResolver.cpp, line 774]
Event: 0.886 Thread 0x000002ebc7137710 Exception <a 'java/lang/NoSuchMethodError'{0x0000000712a0a5b8}: 'java.lang.Object java.lang.invoke.DirectMethodHandle$Holder.newInvokeSpecial(java.lang.Object, java.lang.Object, int)'> (0x0000000712a0a5b8) 
thrown [s\open\src\hotspot\share\interpreter\linkResolver.cpp, line 774]
Event: 0.906 Thread 0x000002ebc6d6cd60 Exception <a 'java/lang/NoSuchMethodError'{0x0000000712ae4530}: 'int java.lang.invoke.DirectMethodHandle$Holder.invokeStaticInit(java.lang.Object, java.lang.Object)'> (0x0000000712ae4530) 
thrown [s\open\src\hotspot\share\interpreter\linkResolver.cpp, line 774]
Event: 6.514 Thread 0x000002ebc7137710 Exception <a 'java/lang/NoSuchMethodError'{0x000000071249f030}: 'long java.lang.invoke.DirectMethodHandle$Holder.invokeStatic(java.lang.Object, java.lang.Object, java.lang.Object)'> (0x000000071249f030) 
thrown [s\open\src\hotspot\share\interpreter\linkResolver.cpp, line 774]
Event: 6.514 Thread 0x000002ebc7137710 Exception <a 'java/lang/NoSuchMethodError'{0x00000007124a26a8}: 'long java.lang.invoke.DirectMethodHandle$Holder.invokeStaticInit(java.lang.Object, java.lang.Object, java.lang.Object)'> (0x00000007124a26a8) 
thrown [s\open\src\hotspot\share\interpreter\linkResolver.cpp, line 774]
Event: 6.515 Thread 0x000002ebc7137710 Exception <a 'java/lang/NoSuchMethodError'{0x00000007124bac98}: 'java.lang.Object java.lang.invoke.DirectMethodHandle$Holder.newInvokeSpecial(java.lang.Object, java.lang.Object, long)'> (0x00000007124bac98) 
thrown [s\open\src\hotspot\share\interpreter\linkResolver.cpp, line 774]
Event: 6.516 Thread 0x000002ebc7137710 Exception <a 'java/lang/NoSuchMethodError'{0x00000007124be820}: 'java.lang.Object java.lang.invoke.Invokers$Holder.linkToTargetMethod(java.lang.Object, long, java.lang.Object)'> (0x00000007124be820) 
thrown [s\open\src\hotspot\share\interpreter\linkResolver.cpp, line 774]
Event: 6.705 Thread 0x000002ebc7137710 Exception <a 'java/lang/ClassNotFoundException'{0x00000007122e91f8}: com/sun/javafx/scene/control/skin/resources/controls> (0x00000007122e91f8) 
thrown [s\open\src\hotspot\share\prims\jni.cpp, line 536]
Event: 6.706 Thread 0x000002ebc7137710 Exception <a 'java/lang/ClassNotFoundException'{0x00000007122f72a8}: com/sun/javafx/scene/control/skin/resources/controls_ru> (0x00000007122f72a8) 
thrown [s\open\src\hotspot\share\prims\jni.cpp, line 536]
Event: 6.706 Thread 0x000002ebc7137710 Exception <a 'java/lang/ClassNotFoundException'{0x00000007122f8528}: com/sun/javafx/scene/control/skin/resources/controls_ru_RU> (0x00000007122f8528) 
thrown [s\open\src\hotspot\share\prims\jni.cpp, line 536]
Event: 6.729 Thread 0x000002ebc7137710 Exception <a 'java/lang/NoSuchMethodError'{0x00000007120cce30}: 'void java.lang.invoke.DirectMethodHandle$Holder.invokeSpecial(java.lang.Object, java.lang.Object, java.lang.Object, java.lang.Object, java.lang.Object, java.lang.Object)'> (0x00000007120cce30) 
thrown [s\open\src\hotspot\share\interpreter\linkResolver.cpp, line 774]
Event: 6.795 Thread 0x000002ebc7137710 Exception <a 'java/lang/NoSuchMethodError'{0x0000000714412f90}: 'java.lang.Object java.lang.invoke.DirectMethodHandle$Holder.newInvokeSpecial(java.lang.Object, java.lang.Object, int, int, int, int, int, java.lang.Object)'> (0x0000000714412f90) 
thrown [s\open\src\hotspot\share\interpreter\linkResolver.cpp, line 774]
Event: 6.797 Thread 0x000002ebc7137710 Exception <a 'java/lang/NoSuchMethodError'{0x00000007144264d8}: 'java.lang.Object java.lang.invoke.DirectMethodHandle$Holder.newInvokeSpecial(java.lang.Object, java.lang.Object, java.lang.Object, int, int, int, int, int)'> (0x00000007144264d8) 
thrown [s\open\src\hotspot\share\interpreter\linkResolver.cpp, line 774]
Event: 6.798 Thread 0x000002ebc7137710 Exception <a 'java/lang/NoSuchMethodError'{0x000000071442e2a8}: 'java.lang.Object java.lang.invoke.Invokers$Holder.linkToTargetMethod(java.lang.Object, java.lang.Object, int, int, int, int, int, java.lang.Object)'> (0x000000071442e2a8) 
thrown [s\open\src\hotspot\share\interpreter\linkResolver.cpp, line 774]

VM Operations (20 events):
Event: 23.756 Executing VM operation: Cleanup done
Event: 26.758 Executing VM operation: Cleanup
Event: 26.758 Executing VM operation: Cleanup done
Event: 27.759 Executing VM operation: Cleanup
Event: 27.759 Executing VM operation: Cleanup done
Event: 28.759 Executing VM operation: Cleanup
Event: 28.759 Executing VM operation: Cleanup done
Event: 30.760 Executing VM operation: Cleanup
Event: 30.760 Executing VM operation: Cleanup done
Event: 31.760 Executing VM operation: Cleanup
Event: 31.760 Executing VM operation: Cleanup done
Event: 32.761 Executing VM operation: Cleanup
Event: 32.761 Executing VM operation: Cleanup done
Event: 36.763 Executing VM operation: Cleanup
Event: 36.764 Executing VM operation: Cleanup done
Event: 39.764 Executing VM operation: Cleanup
Event: 39.764 Executing VM operation: Cleanup done
Event: 42.766 Executing VM operation: Cleanup
Event: 42.766 Executing VM operation: Cleanup done
Event: 46.617 Executing VM operation: Exit

Events (20 events):
Event: 0.103 Thread 0x000002ebc65b1b00 Thread added: 0x000002ebc65b1b00
Event: 0.141 Thread 0x000002ebc689e810 Thread added: 0x000002ebc689e810
Event: 0.141 Thread 0x000002ebc67d2030 Thread added: 0x000002ebc67d2030
Event: 0.337 Thread 0x000002ebc6d6cd60 Thread added: 0x000002ebc6d6cd60
Event: 0.376 Thread 0x000002ebc7136d50 Thread added: 0x000002ebc7136d50
Event: 0.378 Thread 0x000002ebc7137710 Thread added: 0x000002ebc7137710
Event: 0.430 Thread 0x000002ebc7446710 Thread added: 0x000002ebc7446710
Event: 0.433 Thread 0x000002ebc74461c0 Thread added: 0x000002ebc74461c0
Event: 0.617 Thread 0x000002ebc74451d0 Thread added: 0x000002ebc74451d0
Event: 0.966 Thread 0x000002ebc7444730 Thread added: 0x000002ebc7444730
Event: 1.381 Thread 0x000002ebc65b1b00 Thread exited: 0x000002ebc65b1b00
Event: 1.381 Thread 0x000002ebc64f2ff0 Thread exited: 0x000002ebc64f2ff0
Event: 6.754 Thread 0x000002ebc7d49020 Thread added: 0x000002ebc7d49020
Event: 6.897 Thread 0x000002ebc7d49020 Thread exited: 0x000002ebc7d49020
Event: 46.616 Thread 0x000002ebc7445720 Thread added: 0x000002ebc7445720
Event: 46.616 Thread 0x000002ebc7444c80 Thread added: 0x000002ebc7444c80
Event: 46.616 Thread 0x000002ebc7446c60 Thread added: 0x000002ebc7446c60
Event: 46.616 Thread 0x000002ebc7444c80 Thread exited: 0x000002ebc7444c80
Event: 46.617 Thread 0x000002ebc7446c60 Thread exited: 0x000002ebc7446c60
Event: 46.617 Thread 0x000002ebc21e8950 Thread exited: 0x000002ebc21e8950


Dynamic libraries:
0x00007ff6b71a0000 - 0x00007ff6b71ae000 	C:\Users\Алекс\.jdks\openjdk-19.0.1\bin\java.exe
0x00007ffc3ced0000 - 0x00007ffc3d0e7000 	C:\WINDOWS\SYSTEM32\ntdll.dll
0x00007ffc3c9c0000 - 0x00007ffc3ca84000 	C:\WINDOWS\System32\KERNEL32.DLL
0x00007ffc3a590000 - 0x00007ffc3a936000 	C:\WINDOWS\System32\KERNELBASE.dll
0x00007ffc3aa70000 - 0x00007ffc3ab81000 	C:\WINDOWS\System32\ucrtbase.dll
0x00007ffbfeb80000 - 0x00007ffbfeb97000 	C:\Users\Алекс\.jdks\openjdk-19.0.1\bin\jli.dll
0x00007ffbef8a0000 - 0x00007ffbef8bb000 	C:\Users\Алекс\.jdks\openjdk-19.0.1\bin\VCRUNTIME140.dll
0x00007ffc3bd30000 - 0x00007ffc3bedd000 	C:\WINDOWS\System32\USER32.dll
0x00007ffc39440000 - 0x00007ffc396d3000 	C:\WINDOWS\WinSxS\amd64_microsoft.windows.common-controls_6595b64144ccf1df_6.0.22621.2361_none_2712ced57382f843\COMCTL32.dll
0x00007ffc3a250000 - 0x00007ffc3a276000 	C:\WINDOWS\System32\win32u.dll
0x00007ffc3cbe0000 - 0x00007ffc3cc87000 	C:\WINDOWS\System32\msvcrt.dll
0x00007ffc3cc90000 - 0x00007ffc3ccb9000 	C:\WINDOWS\System32\GDI32.dll
0x00007ffc3a280000 - 0x00007ffc3a398000 	C:\WINDOWS\System32\gdi32full.dll
0x00007ffc3ab90000 - 0x00007ffc3ac2a000 	C:\WINDOWS\System32\msvcp_win.dll
0x00007ffc3bee0000 - 0x00007ffc3bf11000 	C:\WINDOWS\System32\IMM32.DLL
0x00007ffc1a560000 - 0x00007ffc1a56c000 	C:\Users\Алекс\.jdks\openjdk-19.0.1\bin\vcruntime140_1.dll
0x00007ffbdbd60000 - 0x00007ffbdbdee000 	C:\Users\Алекс\.jdks\openjdk-19.0.1\bin\msvcp140.dll
0x00007ffbb8220000 - 0x00007ffbb8ee0000 	C:\Users\Алекс\.jdks\openjdk-19.0.1\bin\server\jvm.dll
0x00007ffc3bf20000 - 0x00007ffc3bfd0000 	C:\WINDOWS\System32\ADVAPI32.dll
0x00007ffc3c910000 - 0x00007ffc3c9b6000 	C:\WINDOWS\System32\sechost.dll
0x00007ffc3c770000 - 0x00007ffc3c887000 	C:\WINDOWS\System32\RPCRT4.dll
0x00007ffc25620000 - 0x00007ffc25654000 	C:\WINDOWS\SYSTEM32\WINMM.dll
0x00007ffc1bc80000 - 0x00007ffc1bc89000 	C:\WINDOWS\SYSTEM32\WSOCK32.dll
0x00007ffc30750000 - 0x00007ffc3075a000 	C:\WINDOWS\SYSTEM32\VERSION.dll
0x00007ffc3c640000 - 0x00007ffc3c6b1000 	C:\WINDOWS\System32\WS2_32.dll
0x00007ffc38e20000 - 0x00007ffc38e38000 	C:\WINDOWS\SYSTEM32\kernel.appcore.dll
0x00007ffc1a390000 - 0x00007ffc1a39a000 	C:\Users\Алекс\.jdks\openjdk-19.0.1\bin\jimage.dll
0x00007ffc39b80000 - 0x00007ffc39dae000 	C:\WINDOWS\SYSTEM32\DBGHELP.DLL
0x00007ffc3c0d0000 - 0x00007ffc3c45a000 	C:\WINDOWS\System32\combase.dll
0x00007ffc3bad0000 - 0x00007ffc3bba7000 	C:\WINDOWS\System32\OLEAUT32.dll
0x00007ffc39a40000 - 0x00007ffc39a72000 	C:\WINDOWS\SYSTEM32\dbgcore.DLL
0x00007ffc3a510000 - 0x00007ffc3a58a000 	C:\WINDOWS\System32\bcryptPrimitives.dll
0x00007ffc26860000 - 0x00007ffc2686e000 	C:\Users\Алекс\.jdks\openjdk-19.0.1\bin\instrument.dll
0x00007ffbdbd30000 - 0x00007ffbdbd56000 	C:\Users\Алекс\.jdks\openjdk-19.0.1\bin\java.dll
0x00007ffbd2500000 - 0x00007ffbd25d7000 	C:\Users\Алекс\.jdks\openjdk-19.0.1\bin\jsvml.dll
0x00007ffc3b270000 - 0x00007ffc3bac8000 	C:\WINDOWS\System32\SHELL32.dll
0x00007ffc377b0000 - 0x00007ffc380a2000 	C:\WINDOWS\SYSTEM32\windows.storage.dll
0x00007ffc37640000 - 0x00007ffc3777e000 	C:\WINDOWS\SYSTEM32\wintypes.dll
0x00007ffc3c460000 - 0x00007ffc3c553000 	C:\WINDOWS\System32\SHCORE.dll
0x00007ffc3c560000 - 0x00007ffc3c5be000 	C:\WINDOWS\System32\shlwapi.dll
0x00007ffc3a180000 - 0x00007ffc3a1a6000 	C:\WINDOWS\SYSTEM32\profapi.dll
0x00007ffbeb960000 - 0x00007ffbeb973000 	C:\Users\Алекс\.jdks\openjdk-19.0.1\bin\net.dll
0x00007ffc30d60000 - 0x00007ffc30e97000 	C:\WINDOWS\SYSTEM32\WINHTTP.dll
0x00007ffc39080000 - 0x00007ffc390e9000 	C:\WINDOWS\system32\mswsock.dll
0x00007ffbeb920000 - 0x00007ffbeb936000 	C:\Users\Алекс\.jdks\openjdk-19.0.1\bin\nio.dll
0x00007ffbeb770000 - 0x00007ffbeb788000 	C:\Users\Алекс\.jdks\openjdk-19.0.1\bin\zip.dll
0x00007ffbe10f0000 - 0x00007ffbe110a000 	C:\Program Files\JetBrains\IntelliJ IDEA 2022.3.1\bin\breakgen64.dll
0x000002ebc2360000 - 0x000002ebc2363000 	C:\Users\Алекс\.openjfx\cache\19+11\amd64\api-ms-win-core-console-l1-1-0.dll
0x000002ebc2370000 - 0x000002ebc2373000 	C:\Users\Алекс\.openjfx\cache\19+11\amd64\api-ms-win-core-console-l1-2-0.dll
0x000002ebc2380000 - 0x000002ebc2383000 	C:\Users\Алекс\.openjfx\cache\19+11\amd64\api-ms-win-core-datetime-l1-1-0.dll
0x000002ebc2390000 - 0x000002ebc2393000 	C:\Users\Алекс\.openjfx\cache\19+11\amd64\api-ms-win-core-debug-l1-1-0.dll
0x000002ebc23a0000 - 0x000002ebc23a3000 	C:\Users\Алекс\.openjfx\cache\19+11\amd64\api-ms-win-core-errorhandling-l1-1-0.dll
0x000002ebc23b0000 - 0x000002ebc23b4000 	C:\Users\Алекс\.openjfx\cache\19+11\amd64\api-ms-win-core-file-l1-1-0.dll
0x000002ebc23c0000 - 0x000002ebc23c3000 	C:\Users\Алекс\.openjfx\cache\19+11\amd64\api-ms-win-core-file-l1-2-0.dll
0x000002ebc23d0000 - 0x000002ebc23d3000 	C:\Users\Алекс\.openjfx\cache\19+11\amd64\api-ms-win-core-file-l2-1-0.dll
0x000002ebc23e0000 - 0x000002ebc23e3000 	C:\Users\Алекс\.openjfx\cache\19+11\amd64\api-ms-win-core-handle-l1-1-0.dll
0x000002ebc23f0000 - 0x000002ebc23f3000 	C:\Users\Алекс\.openjfx\cache\19+11\amd64\api-ms-win-core-heap-l1-1-0.dll
0x000002ebc7fd0000 - 0x000002ebc7fd3000 	C:\Users\Алекс\.openjfx\cache\19+11\amd64\api-ms-win-core-interlocked-l1-1-0.dll
0x000002ebc7fe0000 - 0x000002ebc7fe3000 	C:\Users\Алекс\.openjfx\cache\19+11\amd64\api-ms-win-core-libraryloader-l1-1-0.dll
0x000002ebc7ff0000 - 0x000002ebc7ff3000 	C:\Users\Алекс\.openjfx\cache\19+11\amd64\api-ms-win-core-localization-l1-2-0.dll
0x000002ebc8000000 - 0x000002ebc8003000 	C:\Users\Алекс\.openjfx\cache\19+11\amd64\api-ms-win-core-memory-l1-1-0.dll
0x000002ebc8010000 - 0x000002ebc8013000 	C:\Users\Алекс\.openjfx\cache\19+11\amd64\api-ms-win-core-namedpipe-l1-1-0.dll
0x000002ebc8020000 - 0x000002ebc8023000 	C:\Users\Алекс\.openjfx\cache\19+11\amd64\api-ms-win-core-processenvironment-l1-1-0.dll
0x000002ebc8030000 - 0x000002ebc8033000 	C:\Users\Алекс\.openjfx\cache\19+11\amd64\api-ms-win-core-processthreads-l1-1-0.dll
0x000002ebc8040000 - 0x000002ebc8043000 	C:\Users\Алекс\.openjfx\cache\19+11\amd64\api-ms-win-core-processthreads-l1-1-1.dll
0x000002ebc8050000 - 0x000002ebc8053000 	C:\Users\Алекс\.openjfx\cache\19+11\amd64\api-ms-win-core-profile-l1-1-0.dll
0x000002ebc8060000 - 0x000002ebc8063000 	C:\Users\Алекс\.openjfx\cache\19+11\amd64\api-ms-win-core-rtlsupport-l1-1-0.dll
0x000002ebc8070000 - 0x000002ebc8073000 	C:\Users\Алекс\.openjfx\cache\19+11\amd64\api-ms-win-core-string-l1-1-0.dll
0x000002ebc8080000 - 0x000002ebc8083000 	C:\Users\Алекс\.openjfx\cache\19+11\amd64\api-ms-win-core-synch-l1-1-0.dll
0x000002ebc8090000 - 0x000002ebc8093000 	C:\Users\Алекс\.openjfx\cache\19+11\amd64\api-ms-win-core-synch-l1-2-0.dll
0x000002ebc80a0000 - 0x000002ebc80a3000 	C:\Users\Алекс\.openjfx\cache\19+11\amd64\api-ms-win-core-sysinfo-l1-1-0.dll
0x000002ebc80b0000 - 0x000002ebc80b3000 	C:\Users\Алекс\.openjfx\cache\19+11\amd64\api-ms-win-core-timezone-l1-1-0.dll
0x000002ebc80c0000 - 0x000002ebc80c3000 	C:\Users\Алекс\.openjfx\cache\19+11\amd64\api-ms-win-core-util-l1-1-0.dll
0x000002ebc80d0000 - 0x000002ebc80d3000 	C:\Users\Алекс\.openjfx\cache\19+11\amd64\api-ms-win-crt-conio-l1-1-0.dll
0x000002ebc80e0000 - 0x000002ebc80e4000 	C:\Users\Алекс\.openjfx\cache\19+11\amd64\api-ms-win-crt-convert-l1-1-0.dll
0x000002ebc80f0000 - 0x000002ebc80f3000 	C:\Users\Алекс\.openjfx\cache\19+11\amd64\api-ms-win-crt-environment-l1-1-0.dll
0x000002ebc8100000 - 0x000002ebc8103000 	C:\Users\Алекс\.openjfx\cache\19+11\amd64\api-ms-win-crt-filesystem-l1-1-0.dll
0x000002ebc8110000 - 0x000002ebc8113000 	C:\Users\Алекс\.openjfx\cache\19+11\amd64\api-ms-win-crt-heap-l1-1-0.dll
0x000002ebc8120000 - 0x000002ebc8123000 	C:\Users\Алекс\.openjfx\cache\19+11\amd64\api-ms-win-crt-locale-l1-1-0.dll
0x000002ebc8130000 - 0x000002ebc8135000 	C:\Users\Алекс\.openjfx\cache\19+11\amd64\api-ms-win-crt-math-l1-1-0.dll
0x000002ebc8140000 - 0x000002ebc8145000 	C:\Users\Алекс\.openjfx\cache\19+11\amd64\api-ms-win-crt-multibyte-l1-1-0.dll
0x000002ebc8150000 - 0x000002ebc8160000 	C:\Users\Алекс\.openjfx\cache\19+11\amd64\api-ms-win-crt-private-l1-1-0.dll
0x000002ebc8160000 - 0x000002ebc8163000 	C:\Users\Алекс\.openjfx\cache\19+11\amd64\api-ms-win-crt-process-l1-1-0.dll
0x000002ebc8170000 - 0x000002ebc8174000 	C:\Users\Алекс\.openjfx\cache\19+11\amd64\api-ms-win-crt-runtime-l1-1-0.dll
0x000002ebc8180000 - 0x000002ebc8184000 	C:\Users\Алекс\.openjfx\cache\19+11\amd64\api-ms-win-crt-stdio-l1-1-0.dll
0x000002ebc8190000 - 0x000002ebc8194000 	C:\Users\Алекс\.openjfx\cache\19+11\amd64\api-ms-win-crt-string-l1-1-0.dll
0x000002ebc81a0000 - 0x000002ebc81a3000 	C:\Users\Алекс\.openjfx\cache\19+11\amd64\api-ms-win-crt-time-l1-1-0.dll
0x000002ebc81b0000 - 0x000002ebc81b3000 	C:\Users\Алекс\.openjfx\cache\19+11\amd64\api-ms-win-crt-utility-l1-1-0.dll
0x00007ffbd4450000 - 0x00007ffbd454c000 	C:\Users\Алекс\.openjfx\cache\19+11\amd64\ucrtbase.dll
0x00007ffbe05e0000 - 0x00007ffbe05fb000 	C:\Users\Алекс\.openjfx\cache\19+11\amd64\vcruntime140.dll
0x00007ffc11560000 - 0x00007ffc1156c000 	C:\Users\Алекс\.openjfx\cache\19+11\amd64\vcruntime140_1.dll
0x00007ffbd43c0000 - 0x00007ffbd444e000 	C:\Users\Алекс\.openjfx\cache\19+11\amd64\msvcp140.dll
0x00007ffc10b00000 - 0x00007ffc10b09000 	C:\Users\Алекс\.openjfx\cache\19+11\amd64\msvcp140_1.dll
0x00007ffbdbc90000 - 0x00007ffbdbcc0000 	C:\Users\Алекс\.openjfx\cache\19+11\amd64\msvcp140_2.dll
0x00007ffbdbc60000 - 0x00007ffbdbc8c000 	C:\Users\Алекс\.openjfx\cache\19+11\amd64\prism_d3d.dll
0x00007ffc25800000 - 0x00007ffc259a9000 	C:\WINDOWS\system32\d3d9.dll
0x00007ffc34170000 - 0x00007ffc3419b000 	C:\WINDOWS\SYSTEM32\dwmapi.dll
0x00007ffc36940000 - 0x00007ffc36976000 	C:\WINDOWS\SYSTEM32\dxcore.dll
0x00007ffc33ef0000 - 0x00007ffc33f9b000 	C:\WINDOWS\system32\uxtheme.dll
0x00007ffbda140000 - 0x00007ffbda2e8000 	C:\WINDOWS\System32\DriverStore\FileRepository\iigd_dch.inf_amd64_e04d20469f199b2b\igdumdim64.dll
0x00007ffc3b0d0000 - 0x00007ffc3b26f000 	C:\WINDOWS\System32\ole32.dll
0x00007ffbcd840000 - 0x00007ffbd1461000 	C:\WINDOWS\System32\DriverStore\FileRepository\iigd_dch.inf_amd64_e04d20469f199b2b\igd9dxva64.dll
0x00007ffc3ac30000 - 0x00007ffc3b0a4000 	C:\WINDOWS\System32\SETUPAPI.dll
0x00007ffc39f40000 - 0x00007ffc39f8e000 	C:\WINDOWS\SYSTEM32\cfgmgr32.dll
0x00007ffc2c3f0000 - 0x00007ffc2c7b8000 	C:\WINDOWS\System32\DriverStore\FileRepository\iigd_dch.inf_amd64_e04d20469f199b2b\igdgmm64.dll
0x00007ffc317f0000 - 0x00007ffc3183a000 	C:\WINDOWS\SYSTEM32\directxdatabasehelper.dll
0x00007ffbdba10000 - 0x00007ffbdba52000 	C:\Users\Алекс\.openjfx\cache\19+11\amd64\glass.dll
0x00007ffc3bfd0000 - 0x00007ffc3c0c9000 	C:\WINDOWS\System32\COMDLG32.dll
0x00007ffc3bbd0000 - 0x00007ffc3bd1c000 	C:\WINDOWS\System32\MSCTF.dll
0x00007ffc22220000 - 0x00007ffc22247000 	C:\WINDOWS\System32\DriverStore\FileRepository\iigd_dch.inf_amd64_e04d20469f199b2b\igdinfo64.dll
0x00007ffc28be0000 - 0x00007ffc2c1e5000 	C:\WINDOWS\System32\DriverStore\FileRepository\iigd_dch.inf_amd64_e04d20469f199b2b\igc64.dll
0x00007ffbdc3c0000 - 0x00007ffbdc3d4000 	C:\Users\Алекс\.openjfx\cache\19+11\amd64\javafx_font.dll
0x00007ffc33210000 - 0x00007ffc33483000 	C:\WINDOWS\SYSTEM32\dwrite.dll
0x00007ffc3cb30000 - 0x00007ffc3cbe0000 	C:\WINDOWS\System32\clbcatq.dll
0x00007ffc32420000 - 0x00007ffc325d0000 	C:\WINDOWS\SYSTEM32\WindowsCodecs.dll
0x00007ffc15500000 - 0x00007ffc1555e000 	C:\WINDOWS\system32\dataexchange.dll
0x00007ffc2e4e0000 - 0x00007ffc2e765000 	C:\WINDOWS\system32\twinapi.appcore.dll
0x00007ffc158c0000 - 0x00007ffc158f2000 	C:\Program Files\Common Files\Microsoft Shared\Ink\rtscom.dll
0x00007ffc256b0000 - 0x00007ffc257fa000 	C:\WINDOWS\SYSTEM32\textinputframework.dll
0x00007ffc33b00000 - 0x00007ffc33c33000 	C:\WINDOWS\SYSTEM32\CoreMessaging.dll
0x00007ffc2fcd0000 - 0x00007ffc3003c000 	C:\WINDOWS\SYSTEM32\CoreUIComponents.dll
0x00007ffc39320000 - 0x00007ffc3932c000 	C:\WINDOWS\SYSTEM32\CRYPTBASE.DLL
0x00007ffc32c20000 - 0x00007ffc3320e000 	C:\WINDOWS\SYSTEM32\d2d1.dll
0x00007ffc329c0000 - 0x00007ffc32c17000 	C:\WINDOWS\SYSTEM32\d3d11.dll
0x00007ffc34060000 - 0x00007ffc34158000 	C:\WINDOWS\SYSTEM32\dxgi.dll
0x00007ffc2ed20000 - 0x00007ffc2f431000 	C:\WINDOWS\SYSTEM32\D3D10Warp.dll

dbghelp: loaded successfully - version: 4.0.5 - missing functions: none
symbol engine: initialized successfully - sym options: 0x614 - pdb path: .;C:\Users\Алекс\.jdks\openjdk-19.0.1\bin;C:\WINDOWS\SYSTEM32;C:\WINDOWS\WinSxS\amd64_microsoft.windows.common-controls_6595b64144ccf1df_6.0.22621.2361_none_2712ced57382f843;C:\Users\Алекс\.jdks\openjdk-19.0.1\bin\server;C:\Program Files\JetBrains\IntelliJ IDEA 2022.3.1\bin;C:\Users\Алекс\.openjfx\cache\19+11\amd64;C:\WINDOWS\System32\DriverStore\FileRepository\iigd_dch.inf_amd64_e04d20469f199b2b;C:\Program Files\Common Files\Microsoft Shared\Ink

VM Arguments:
jvm_args: -javaagent:C:\Program Files\JetBrains\IntelliJ IDEA 2022.3.1\lib\idea_rt.jar=60337:C:\Program Files\JetBrains\IntelliJ IDEA 2022.3.1\bin -Dfile.encoding=UTF-8 -Dsun.stdout.encoding=UTF-8 -Dsun.stderr.encoding=UTF-8 --module-path=C:\Users\Алекс\.m2\repository\org\openjfx\javafx-fxml\19\javafx-fxml-19-win.jar;C:\Users\Алекс\IdeaProjects\FirstApp\target\classes;C:\Users\Алекс\.m2\repository\org\openjfx\javafx-base\19\javafx-base-19-win.jar;C:\Users\Алекс\.m2\repository\org\openjfx\javafx-graphics\19\javafx-graphics-19-win.jar;C:\Users\Алекс\.m2\repository\org\openjfx\javafx-controls\19\javafx-controls-19-win.jar -Djdk.module.main=com.example.firstapp 
java_command: com.example.firstapp/com.example.firstapp.HelloApplication
java_class_path (initial): C:\Users\Алекс\.m2\repository\org\openjfx\javafx-controls\19\javafx-controls-19.jar;C:\Users\Алекс\.m2\repository\org\openjfx\javafx-graphics\19\javafx-graphics-19.jar;C:\Users\Алекс\.m2\repository\org\openjfx\javafx-base\19\javafx-base-19.jar;C:\Users\Алекс\.m2\repository\org\openjfx\javafx-fxml\19\javafx-fxml-19.jar
Launcher Type: SUN_STANDARD

[Global flags]
     intx CICompilerCount                          = 4                                         {product} {ergonomic}
     uint ConcGCThreads                            = 2                                         {product} {ergonomic}
     uint G1ConcRefinementThreads                  = 8                                         {product} {ergonomic}
   size_t G1HeapRegionSize                         = 2097152                                   {product} {ergonomic}
    uintx GCDrainStackTargetSize                   = 64                                        {product} {ergonomic}
   size_t InitialHeapSize                          = 264241152                                 {product} {ergonomic}
   size_t MarkStackSize                            = 4194304                                   {product} {ergonomic}
   size_t MaxHeapSize                              = 4215275520                                {product} {ergonomic}
   size_t MaxNewSize                               = 2529165312                                {product} {ergonomic}
   size_t MinHeapDeltaBytes                        = 2097152                                   {product} {ergonomic}
   size_t MinHeapSize                              = 8388608                                   {product} {ergonomic}
    uintx NonNMethodCodeHeapSize                   = 5839372                                {pd product} {ergonomic}
    uintx NonProfiledCodeHeapSize                  = 122909434                              {pd product} {ergonomic}
    uintx ProfiledCodeHeapSize                     = 122909434                              {pd product} {ergonomic}
    uintx ReservedCodeCacheSize                    = 251658240                              {pd product} {ergonomic}
     bool SegmentedCodeCache                       = true                                      {product} {ergonomic}
   size_t SoftMaxHeapSize                          = 4215275520                             {manageable} {ergonomic}
     bool UseCompressedClassPointers               = true                           {product lp64_product} {ergonomic}
     bool UseCompressedOops                        = true                           {product lp64_product} {ergonomic}
     bool UseG1GC                                  = true                                      {product} {ergonomic}
     bool UseLargePagesIndividualAllocation        = false                                  {pd product} {ergonomic}

Logging:
Log output configuration:
 #0: stdout all=off uptime,level,tags foldmultilines=false
 #1: stderr all=off uptime,level,tags foldmultilines=false

Environment Variables:
PATH=C:\WINDOWS\system32;C:\WINDOWS;C:\WINDOWS\System32\Wbem;C:\WINDOWS\System32\WindowsPowerShell\v1.0\;C:\WINDOWS\System32\OpenSSH\;C:\Program Files\Git\cmd;C:\Program Files\PowerShell\7\;C:\Program Files\Cloudflare\Cloudflare WARP\;C:\Users\Алекс\AppData\Local\Programs\Python\Python311\Scripts\;C:\Users\Алекс\AppData\Local\Programs\Python\Python311\;C:\Users\Алекс\AppData\Local\Microsoft\WindowsApps;C:\Users\Алекс\AppData\Local\GitHubDesktop\bin;C:\Users\Алекс\AppData\Local\Programs\Microsoft VS Code\bin
USERNAME=Алекс
OS=Windows_NT
PROCESSOR_IDENTIFIER=Intel64 Family 6 Model 140 Stepping 1, GenuineIntel
TMP=C:\Users\E47B~1\AppData\Local\Temp
TEMP=C:\Users\E47B~1\AppData\Local\Temp



---------------  S Y S T E M  ---------------

OS:
 Windows 11 , 64 bit Build 22621 (10.0.22621.2428)
OS uptime: 11 days 17:55 hours
Hyper-V role detected

CPU: total 8 (initial active 8) (4 cores per cpu, 2 threads per core) family 6 model 140 stepping 1 microcode 0x86, cx8, cmov, fxsr, ht, mmx, 3dnowpref, sse, sse2, sse3, ssse3, sse4.1, sse4.2, popcnt, lzcnt, tsc, tscinvbit, avx, avx2, aes, erms, clmul, bmi1, bmi2, adx, avx512f, avx512dq, avx512cd, avx512bw, avx512vl, sha, fma, vzeroupper, avx512_vpopcntdq, avx512_vpclmulqdq, avx512_vaes, avx512_vnni, clflush, clflushopt, clwb, avx512_vbmi2, avx512_vbmi, hv, rdtscp, rdpid, fsrm, gfni, avx512_bitalg

Memory: 4k page, system-wide physical 16075M (5776M free)
TotalPageFile size 17700M (AvailPageFile size 2747M)
current process WorkingSet (physical memory assigned to process): 186M, peak: 188M
current process commit charge ("private bytes"): 431M, peak: 435M

vm_info: OpenJDK 64-Bit Server VM (19.0.1+10-21) for windows-amd64 JRE (19.0.1+10-21), built on 2022-09-14T12:45:06Z by "mach5one" with MS VC++ 17.1 (VS2022)

END.
