#
# A fatal error has been detected by the Java Runtime Environment:
#
#  EXCEPTION_ACCESS_VIOLATION (0xc0000005) at pc=0x00007ffaaeeb63b7, pid=18524, tid=16816
#
# JRE version: Java(TM) SE Runtime Environment (21.0.1+12) (build 21.0.1+12-LTS-29)
# Java VM: Java HotSpot(TM) 64-Bit Server VM (21.0.1+12-LTS-29, mixed mode, sharing, tiered, compressed oops, compressed class ptrs, g1 gc, windows-amd64)
# Problematic frame:
# C  [glass.dll+0x263b7]
#
# No core dump will be written. Minidumps are not enabled by default on client versions of Windows
#
# If you would like to submit a bug report, please visit:
#   https://bugreport.java.com/bugreport/crash.jsp
#

---------------  S U M M A R Y ------------

Command Line: -javaagent:C:\Program Files\JetBrains\IntelliJ IDEA 2022.3.1\lib\idea_rt.jar=51747:C:\Program Files\JetBrains\IntelliJ IDEA 2022.3.1\bin -Dfile.encoding=UTF-8 -Dsun.stdout.encoding=UTF-8 -Dsun.stderr.encoding=UTF-8 --module-path=C:\Users\Алекс\.m2\repository\org\openjfx\javafx-fxml\19\javafx-fxml-19-win.jar;C:\Users\Алекс\.m2\repository\org\openjfx\javafx-base\19\javafx-base-19-win.jar;C:\Users\Алекс\.m2\repository\org\openjfx\javafx-controls\19\javafx-controls-19-win.jar;C:\Users\Алекс\.m2\repository\org\openjfx\javafx-graphics\19\javafx-graphics-19-win.jar;C:\Users\Алекс\IdeaProjects\FirstApp\target\classes -Djdk.module.main=com.example.firstapp com.example.firstapp/com.example.firstapp.HelloApplication

Host: 11th Gen Intel(R) Core(TM) i5-11300H @ 3.10GHz, 8 cores, 15G,  Windows 11 , 64 bit Build 22621 (10.0.22621.2428)
Time: Tue Nov  7 14:54:36 2023  Windows 11 , 64 bit Build 22621 (10.0.22621.2428) elapsed time: 46.461478 seconds (0d 0h 0m 46s)

---------------  T H R E A D  ---------------

Current thread (0x000001e6da104b70):  VMThread "VM Thread"          [id=16816, stack(0x00000076b2d00000,0x00000076b2e00000) (1024K)]

Stack: [0x00000076b2d00000,0x00000076b2e00000],  sp=0x00000076b2dfefd0,  free space=1019k
Native frames: (J=compiled Java code, j=interpreted, Vv=VM code, C=native code)
C  [glass.dll+0x263b7]


siginfo: EXCEPTION_ACCESS_VIOLATION (0xc0000005), reading address 0x0000000000000000


Registers:
RAX=0x0000000000000000, RBX=0x000001e6da111f2a, RCX=0x000001e6da104b70, RDX=0x00000076b2dfefd0
RSP=0x00000076b2dfefd0, RBP=0x000001e6dab9b628, RSI=0x00000076b2dff0d8, RDI=0x000001e6dab9b600
R8 =0x0000000000010002, R9 =0x000001e6dab9b600, R10=0x85f13e9656da4870, R11=0x00000076b2dfef60
R12=0x00007ffaaeeb3cf0, R13=0x00007ffa8d4a1fa0, R14=0x0000c1fab9b28fb1, R15=0x000001e6dab9b600
RIP=0x00007ffaaeeb63b7, EFLAGS=0x0000000000010202


Register to memory mapping:

RAX=0x0 is null
RBX=0x000001e6da111f2a is a global jni handle
RCX=0x000001e6da104b70 points into unknown readable memory: 0x00007ffa8d2b3f88 | 88 3f 2b 8d fa 7f 00 00
RDX=0x00000076b2dfefd0 points into unknown readable memory: 0x0000000000000000 | 00 00 00 00 00 00 00 00
RSP=0x00000076b2dfefd0 points into unknown readable memory: 0x0000000000000000 | 00 00 00 00 00 00 00 00
RBP=0x000001e6dab9b628 points into unknown readable memory: 0x0000c1fab9b28fb1 | b1 8f b2 b9 fa c1 00 00
RSI=0x00000076b2dff0d8 points into unknown readable memory: 0x00000076b2dff0c0 | c0 f0 df b2 76 00 00 00
RDI=0x000001e6dab9b600 points into unknown readable memory: 0x7010c1fa4647d267 | 67 d2 47 46 fa c1 10 70
R8 =0x0000000000010002 is an unknown value
R9 =0x000001e6dab9b600 points into unknown readable memory: 0x7010c1fa4647d267 | 67 d2 47 46 fa c1 10 70
R10=0x85f13e9656da4870 is an unknown value
R11=0x00000076b2dfef60 points into unknown readable memory: 0x000001e6dab9b600 | 00 b6 b9 da e6 01 00 00
R12=0x00007ffaaeeb3cf0 glass.dll
R13=0x00007ffa8d4a1fa0 jvm.dll
R14=0x0000c1fab9b28fb1 is an unknown value
R15=0x000001e6dab9b600 points into unknown readable memory: 0x7010c1fa4647d267 | 67 d2 47 46 fa c1 10 70

Top of Stack: (sp=0x00000076b2dfefd0)
0x00000076b2dfefd0:   0000000000000000 00000076b2dff0d8
0x00000076b2dfefe0:   00007ffa8d4a1fa0 00007ffaaeeb3cf0
0x00000076b2dfeff0:   000001e6dab9b608 00007ffad26f3a83
0x00000076b2dff000:   000001e6dab9b600 000001e600000000
0x00000076b2dff010:   000001e6dab9b628 00000076b2dff0d8
0x00000076b2dff020:   fffffffffffffffe 0000000000000000
0x00000076b2dff030:   0000000000000001 00007ffaaee90000
0x00000076b2dff040:   00000076b2dff0c8 00007ffad26c006e
0x00000076b2dff050:   0000000000000000 00000076b2dff0d8
0x00000076b2dff060:   00000076b2dff3c0 0000000000000001
0x00000076b2dff070:   0000000000000001 00007ffad26bda1d
0x00000076b2dff080:   0000000000000000 00007ffaaeeb34e9
0x00000076b2dff090:   0000000000000000 00000076b2dff0c8
0x00000076b2dff0a0:   fffffffffffffffe 00000076b2dff300
0x00000076b2dff0b0:   0000000000000000 00007ffaaeeb3b7d
0x00000076b2dff0c0:   00007ffaaeec9f88 00007ffa00000002
0x00000076b2dff0d0:   0000000000000002 00000076b2dff0c0
0x00000076b2dff0e0:   0000000000000000 00007ffad4ab85f3
0x00000076b2dff0f0:   0000000000000000 00007ffaaeeb3ca2
0x00000076b2dff100:   0000000000000001 0000000000000001
0x00000076b2dff110:   00000076b2dff3c0 0000000000000001
0x00000076b2dff120:   0000000000000001 00007ffad1612223
0x00000076b2dff130:   00007ffa00000001 0000000000000000
0x00000076b2dff140:   00007ffaaee90000 000000007ffe0384
0x00000076b2dff150:   0000000000000000 00007ffad4ab868f
0x00000076b2dff160:   00007ffaaee90000 0000000000000000
0x00000076b2dff170:   0000000000000001 000000007ffe0385
0x00000076b2dff180:   00007ffad4bc7a20 00007ffabdbcd880
0x00000076b2dff190:   0000cb774cdc4000 00007ffabc8d0000
0x00000076b2dff1a0:   00007ffaaeeb3cf0 0000000000000000
0x00000076b2dff1b0:   0000000000000000 00000076b2014000
0x00000076b2dff1c0:   000001e720346610 00007ffad4ae1096 

Instructions: (pc=0x00007ffaaeeb63b7)
0x00007ffaaeeb62b7:   8b 4d 58 e8 7d cf ff ff 48 8b 4d 60 e8 74 cf ff
0x00007ffaaeeb62c7:   ff 48 8b 95 80 00 00 00 48 8b 8d 18 01 00 00 e8
0x00007ffaaeeb62d7:   66 c4 ff ff 33 d2 33 c9 e8 bc e1 ff ff 90 48 89
0x00007ffaaeeb62e7:   54 24 10 55 48 83 ec 20 48 8b ea 48 b8 00 00 00
0x00007ffaaeeb62f7:   00 00 00 00 00 48 83 c4 20 5d c3 cc 40 55 48 8b
0x00007ffaaeeb6307:   ea 48 8b 01 33 c9 81 38 05 00 00 c0 0f 94 c1 8b
0x00007ffaaeeb6317:   c1 5d c3 cc 40 55 48 83 ec 20 48 8b ea 8a 4d 40
0x00007ffaaeeb6327:   48 83 c4 20 5d e9 63 d3 ff ff cc 40 55 48 83 ec
0x00007ffaaeeb6337:   20 48 8b ea 8a 4d 20 e8 51 d3 ff ff 90 48 83 c4
0x00007ffaaeeb6347:   20 5d c3 cc 40 55 48 83 ec 20 48 8b ea 48 83 c4
0x00007ffaaeeb6357:   20 5d e9 b2 d1 ff ff cc 40 55 48 83 ec 30 48 8b
0x00007ffaaeeb6367:   ea 48 8b 01 8b 10 48 89 4c 24 28 89 54 24 20 4c
0x00007ffaaeeb6377:   8d 0d 53 d6 ff ff 4c 8b 45 70 8b 55 68 48 8b 4d
0x00007ffaaeeb6387:   60 e8 f3 d0 ff ff 90 48 83 c4 30 5d c3 cc cc cc
0x00007ffaaeeb6397:   cc cc cc cc cc cc cc cc cc 40 53 48 83 ec 20 48
0x00007ffaaeeb63a7:   8b 1d db 35 01 00 48 85 db 74 16 e8 79 8b ff ff
0x00007ffaaeeb63b7:   4c 8b 00 48 8b d3 48 8b c8 41 ff 90 b0 00 00 00
0x00007ffaaeeb63c7:   90 48 83 c4 20 5b c3 cc cc 40 53 48 83 ec 20 48
0x00007ffaaeeb63d7:   8b 1d 4b 37 01 00 48 85 db 74 57 b8 ff ff ff ff
0x00007ffaaeeb63e7:   f0 0f c1 43 10 83 f8 01 75 3d 48 85 db 74 38 48
0x00007ffaaeeb63f7:   8b 0b 48 85 c9 74 0d ff 15 a4 0e 00 00 48 c7 03
0x00007ffaaeeb6407:   00 00 00 00 48 8b 4b 08 48 85 c9 74 0d e8 23 ce
0x00007ffaaeeb6417:   ff ff 48 c7 43 08 00 00 00 00 ba 18 00 00 00 48
0x00007ffaaeeb6427:   8b cb e8 0e ce ff ff 48 c7 05 ef 36 01 00 00 00
0x00007ffaaeeb6437:   00 00 48 83 c4 20 5b c3 cc 40 53 48 83 ec 20 48
0x00007ffaaeeb6447:   8b 1d bb 36 01 00 48 85 db 74 57 b8 ff ff ff ff
0x00007ffaaeeb6457:   f0 0f c1 43 10 83 f8 01 75 3d 48 85 db 74 38 48
0x00007ffaaeeb6467:   8b 0b 48 85 c9 74 0d ff 15 34 0e 00 00 48 c7 03
0x00007ffaaeeb6477:   00 00 00 00 48 8b 4b 08 48 85 c9 74 0d e8 b3 cd
0x00007ffaaeeb6487:   ff ff 48 c7 43 08 00 00 00 00 ba 18 00 00 00 48
0x00007ffaaeeb6497:   8b cb e8 9e cd ff ff 48 c7 05 5f 36 01 00 00 00
0x00007ffaaeeb64a7:   00 00 48 83 c4 20 5b c3 cc 40 53 48 83 ec 20 48 


Stack slot to memory mapping:

stack at sp + 0 slots: 0x0 is null
stack at sp + 1 slots: 0x00000076b2dff0d8 points into unknown readable memory: 0x00000076b2dff0c0 | c0 f0 df b2 76 00 00 00
stack at sp + 2 slots: 0x00007ffa8d4a1fa0 jvm.dll
stack at sp + 3 slots: 0x00007ffaaeeb3cf0 glass.dll
stack at sp + 4 slots: 0x000001e6dab9b608 points into unknown readable memory: 0x0000c1fab9b28fb1 | b1 8f b2 b9 fa c1 00 00
stack at sp + 5 slots: 0x00007ffad26f3a83 ucrtbase.dll
stack at sp + 6 slots: 0x000001e6dab9b600 points into unknown readable memory: 0x7010c1fa4647d267 | 67 d2 47 46 fa c1 10 70
stack at sp + 7 slots: 0x000001e600000000 is an unknown value

VM_Operation (0x00000076b38fefb0): Exit, mode: safepoint, requested by thread 0x000001e720d8d580


---------------  P R O C E S S  ---------------

Threads class SMR info:
_java_thread_list=0x000001e7208b1250, length=20, elements={
0x000001e6b8e70b60, 0x000001e6da122460, 0x000001e6da1230d0, 0x000001e6da124d40,
0x000001e6da1259a0, 0x000001e6da126500, 0x000001e6da126b70, 0x000001e6da138230,
0x000001e6da13b2f0, 0x000001e6da312b70, 0x000001e6da3c1e40, 0x000001e6da3c24b0,
0x000001e72057d0e0, 0x000001e6da6eeaf0, 0x000001e7205d3090, 0x000001e720761fd0,
0x000001e6da814e70, 0x000001e7208d1080, 0x000001e720d90370, 0x000001e720d8d580
}

Java Threads: ( => current thread )
  0x000001e6b8e70b60 JavaThread "main"                              [_thread_blocked, id=9448, stack(0x00000076b2600000,0x00000076b2700000) (1024K)]
  0x000001e6da122460 JavaThread "Reference Handler"          daemon [_thread_blocked, id=5840, stack(0x00000076b2e00000,0x00000076b2f00000) (1024K)]
  0x000001e6da1230d0 JavaThread "Finalizer"                  daemon [_thread_blocked, id=6576, stack(0x00000076b2f00000,0x00000076b3000000) (1024K)]
  0x000001e6da124d40 JavaThread "Signal Dispatcher"          daemon [_thread_blocked, id=948, stack(0x00000076b3000000,0x00000076b3100000) (1024K)]
  0x000001e6da1259a0 JavaThread "Attach Listener"            daemon [_thread_blocked, id=19580, stack(0x00000076b3100000,0x00000076b3200000) (1024K)]
  0x000001e6da126500 JavaThread "Service Thread"             daemon [_thread_blocked, id=19328, stack(0x00000076b3200000,0x00000076b3300000) (1024K)]
  0x000001e6da126b70 JavaThread "Monitor Deflation Thread"   daemon [_thread_blocked, id=13148, stack(0x00000076b3300000,0x00000076b3400000) (1024K)]
  0x000001e6da138230 JavaThread "C2 CompilerThread0"         daemon [_thread_blocked, id=18172, stack(0x00000076b3400000,0x00000076b3500000) (1024K)]
  0x000001e6da13b2f0 JavaThread "C1 CompilerThread0"         daemon [_thread_blocked, id=7164, stack(0x00000076b3500000,0x00000076b3600000) (1024K)]
  0x000001e6da312b70 JavaThread "Common-Cleaner"             daemon [_thread_blocked, id=15392, stack(0x00000076b3600000,0x00000076b3700000) (1024K)]
  0x000001e6da3c1e40 JavaThread "Monitor Ctrl-Break"         daemon [_thread_in_native, id=5916, stack(0x00000076b3900000,0x00000076b3a00000) (1024K)]
  0x000001e6da3c24b0 JavaThread "Notification Thread"        daemon [_thread_blocked, id=15712, stack(0x00000076b3a00000,0x00000076b3b00000) (1024K)]
  0x000001e72057d0e0 JavaThread "QuantumRenderer-0"          daemon [_thread_blocked, id=19740, stack(0x00000076b3b00000,0x00000076b3c00000) (1024K)]
  0x000001e6da6eeaf0 JavaThread "InvokeLaterDispatcher"      daemon [_thread_blocked, id=5236, stack(0x00000076b3c00000,0x00000076b3d00000) (1024K)]
  0x000001e7205d3090 JavaThread "JavaFX Application Thread"         [_thread_in_native, id=620, stack(0x00000076b3d00000,0x00000076b3e00000) (1024K)]
  0x000001e720761fd0 JavaThread "JavaFX-Launcher"                   [_thread_blocked, id=18888, stack(0x00000076b4200000,0x00000076b4300000) (1024K)]
  0x000001e6da814e70 JavaThread "Thread-2"                   daemon [_thread_in_native, id=19396, stack(0x00000076b4100000,0x00000076b4200000) (1024K)]
  0x000001e7208d1080 JavaThread "Prism Font Disposer"        daemon [_thread_blocked, id=5996, stack(0x00000076b4800000,0x00000076b4900000) (1024K)]
  0x000001e720d90370 JavaThread "Cleaner-0"                  daemon [_thread_blocked, id=19252, stack(0x00000076b4f00000,0x00000076b5000000) (1024K)]
  0x000001e720d8d580 JavaThread "SIGINT handler"             daemon [_thread_blocked, id=9456, stack(0x00000076b3800000,0x00000076b3900000) (1024K)]
Total: 20

Other Threads:
=>0x000001e6da104b70 VMThread "VM Thread"                           [id=16816, stack(0x00000076b2d00000,0x00000076b2e00000) (1024K)]
  0x000001e6bb145180 WorkerThread "GC Thread#0"                     [id=16052, stack(0x00000076b2700000,0x00000076b2800000) (1024K)]
  0x000001e72076c450 WorkerThread "GC Thread#1"                     [id=20376, stack(0x00000076b4300000,0x00000076b4400000) (1024K)]
  0x000001e720101900 WorkerThread "GC Thread#2"                     [id=1832, stack(0x00000076b4400000,0x00000076b4500000) (1024K)]
  0x000001e720101ca0 WorkerThread "GC Thread#3"                     [id=14580, stack(0x00000076b4500000,0x00000076b4600000) (1024K)]
  0x000001e720102040 WorkerThread "GC Thread#4"                     [id=4744, stack(0x00000076b4600000,0x00000076b4700000) (1024K)]
  0x000001e72076d8d0 WorkerThread "GC Thread#5"                     [id=13268, stack(0x00000076b4700000,0x00000076b4800000) (1024K)]
  0x000001e725c6ec10 WorkerThread "GC Thread#6"                     [id=17228, stack(0x00000076b5000000,0x00000076b5100000) (1024K)]
  0x000001e725c6bcf0 WorkerThread "GC Thread#7"                     [id=5588, stack(0x00000076b5100000,0x00000076b5200000) (1024K)]
  0x000001e6bb157cb0 ConcurrentGCThread "G1 Main Marker"            terminated
  0x000001e6bb1587b0 WorkerThread "G1 Conc#0"                       [id=17552, stack(0x00000076b2900000,0x00000076b2a00000) (1024K)]
  0x000001e6bb1ae850 ConcurrentGCThread "G1 Refine#0"               terminated
  0x000001e6d9fc1550 ConcurrentGCThread "G1 Service"                terminated
Total: 13

Threads with active compile tasks:
C2 CompilerThread0    46545 3003       4       java.util.concurrent.ConcurrentHashMap$Traverser::advance (188 bytes)
Total: 1

VM state: at safepoint (shutting down)

VM Mutex/Monitor currently owned by a thread:  ([mutex/lock_event])
[0x00007ffa8d47a5f8] Threads_lock - owner thread: 0x000001e6da104b70
[0x00007ffa8d47a6f8] Heap_lock - owner thread: 0x000001e720d8d580

Heap address: 0x0000000704c00000, size: 4020 MB, Compressed Oops mode: Zero based, Oop shift amount: 3

CDS archive(s) mapped at: [0x000001e6db000000-0x000001e6dbc90000-0x000001e6dbc90000), size 13172736, SharedBaseAddress: 0x000001e6db000000, ArchiveRelocationMode: 1.
Compressed class space mapped at: 0x000001e6dc000000-0x000001e71c000000, reserved size: 1073741824
Narrow klass base: 0x000001e6db000000, Narrow klass shift: 0, Narrow klass range: 0x100000000

GC Precious Log:
 CardTable entry size: 512
 Card Set container configuration: InlinePtr #cards 4 size 8 Array Of Cards #cards 16 size 48 Howl #buckets 8 coarsen threshold 3686 Howl Bitmap #cards 512 size 80 coarsen threshold 460 Card regions per heap region 1 cards per card region 4096
 CPUs: 8 total, 8 available
 Memory: 16075M
 Large Page Support: Disabled
 NUMA Support: Disabled
 Compressed Oops: Enabled (Zero based)
 Heap Region Size: 2M
 Heap Min Capacity: 8M
 Heap Initial Capacity: 252M
 Heap Max Capacity: 4020M
 Pre-touch: Disabled
 Parallel Workers: 8
 Concurrent Workers: 2
 Concurrent Refinement Workers: 8
 Periodic GC: Disabled

Heap:
 garbage-first heap   total 258048K, used 28942K [0x0000000704c00000, 0x0000000800000000)
  region size 2048K, 14 young (28672K), 3 survivors (6144K)
 Metaspace       used 16152K, committed 16448K, reserved 1114112K
  class space    used 2317K, committed 2432K, reserved 1048576K

Heap Regions: E=young(eden), S=young(survivor), O=old, HS=humongous(starts), HC=humongous(continues), CS=collection set, F=free, TAMS=top-at-mark-start, PB=parsable bottom
|   0|0x0000000704c00000, 0x0000000704c439b0, 0x0000000704e00000| 13%| O|  |TAMS 0x0000000704c00000| PB 0x0000000704c00000| Untracked 
|   1|0x0000000704e00000, 0x0000000705000000, 0x0000000705000000|100%|HS|  |TAMS 0x0000000704e00000| PB 0x0000000704e00000| Complete 
|   2|0x0000000705000000, 0x0000000705000000, 0x0000000705200000|  0%| F|  |TAMS 0x0000000705000000| PB 0x0000000705000000| Untracked 
|   3|0x0000000705200000, 0x0000000705200000, 0x0000000705400000|  0%| F|  |TAMS 0x0000000705200000| PB 0x0000000705200000| Untracked 
|   4|0x0000000705400000, 0x0000000705400000, 0x0000000705600000|  0%| F|  |TAMS 0x0000000705400000| PB 0x0000000705400000| Untracked 
|   5|0x0000000705600000, 0x0000000705600000, 0x0000000705800000|  0%| F|  |TAMS 0x0000000705600000| PB 0x0000000705600000| Untracked 
|   6|0x0000000705800000, 0x0000000705800000, 0x0000000705a00000|  0%| F|  |TAMS 0x0000000705800000| PB 0x0000000705800000| Untracked 
|   7|0x0000000705a00000, 0x0000000705a00000, 0x0000000705c00000|  0%| F|  |TAMS 0x0000000705a00000| PB 0x0000000705a00000| Untracked 
|   8|0x0000000705c00000, 0x0000000705c00000, 0x0000000705e00000|  0%| F|  |TAMS 0x0000000705c00000| PB 0x0000000705c00000| Untracked 
|   9|0x0000000705e00000, 0x0000000705e00000, 0x0000000706000000|  0%| F|  |TAMS 0x0000000705e00000| PB 0x0000000705e00000| Untracked 
|  10|0x0000000706000000, 0x0000000706000000, 0x0000000706200000|  0%| F|  |TAMS 0x0000000706000000| PB 0x0000000706000000| Untracked 
|  11|0x0000000706200000, 0x0000000706200000, 0x0000000706400000|  0%| F|  |TAMS 0x0000000706200000| PB 0x0000000706200000| Untracked 
|  12|0x0000000706400000, 0x0000000706400000, 0x0000000706600000|  0%| F|  |TAMS 0x0000000706400000| PB 0x0000000706400000| Untracked 
|  13|0x0000000706600000, 0x0000000706600000, 0x0000000706800000|  0%| F|  |TAMS 0x0000000706600000| PB 0x0000000706600000| Untracked 
|  14|0x0000000706800000, 0x0000000706800000, 0x0000000706a00000|  0%| F|  |TAMS 0x0000000706800000| PB 0x0000000706800000| Untracked 
|  15|0x0000000706a00000, 0x0000000706a00000, 0x0000000706c00000|  0%| F|  |TAMS 0x0000000706a00000| PB 0x0000000706a00000| Untracked 
|  16|0x0000000706c00000, 0x0000000706c00000, 0x0000000706e00000|  0%| F|  |TAMS 0x0000000706c00000| PB 0x0000000706c00000| Untracked 
|  17|0x0000000706e00000, 0x0000000706e00000, 0x0000000707000000|  0%| F|  |TAMS 0x0000000706e00000| PB 0x0000000706e00000| Untracked 
|  18|0x0000000707000000, 0x0000000707000000, 0x0000000707200000|  0%| F|  |TAMS 0x0000000707000000| PB 0x0000000707000000| Untracked 
|  19|0x0000000707200000, 0x0000000707200000, 0x0000000707400000|  0%| F|  |TAMS 0x0000000707200000| PB 0x0000000707200000| Untracked 
|  20|0x0000000707400000, 0x0000000707400000, 0x0000000707600000|  0%| F|  |TAMS 0x0000000707400000| PB 0x0000000707400000| Untracked 
|  21|0x0000000707600000, 0x0000000707600000, 0x0000000707800000|  0%| F|  |TAMS 0x0000000707600000| PB 0x0000000707600000| Untracked 
|  22|0x0000000707800000, 0x0000000707800000, 0x0000000707a00000|  0%| F|  |TAMS 0x0000000707800000| PB 0x0000000707800000| Untracked 
|  23|0x0000000707a00000, 0x0000000707a00000, 0x0000000707c00000|  0%| F|  |TAMS 0x0000000707a00000| PB 0x0000000707a00000| Untracked 
|  24|0x0000000707c00000, 0x0000000707c00000, 0x0000000707e00000|  0%| F|  |TAMS 0x0000000707c00000| PB 0x0000000707c00000| Untracked 
|  25|0x0000000707e00000, 0x0000000707e00000, 0x0000000708000000|  0%| F|  |TAMS 0x0000000707e00000| PB 0x0000000707e00000| Untracked 
|  26|0x0000000708000000, 0x0000000708000000, 0x0000000708200000|  0%| F|  |TAMS 0x0000000708000000| PB 0x0000000708000000| Untracked 
|  27|0x0000000708200000, 0x0000000708200000, 0x0000000708400000|  0%| F|  |TAMS 0x0000000708200000| PB 0x0000000708200000| Untracked 
|  28|0x0000000708400000, 0x0000000708400000, 0x0000000708600000|  0%| F|  |TAMS 0x0000000708400000| PB 0x0000000708400000| Untracked 
|  29|0x0000000708600000, 0x0000000708600000, 0x0000000708800000|  0%| F|  |TAMS 0x0000000708600000| PB 0x0000000708600000| Untracked 
|  30|0x0000000708800000, 0x0000000708800000, 0x0000000708a00000|  0%| F|  |TAMS 0x0000000708800000| PB 0x0000000708800000| Untracked 
|  31|0x0000000708a00000, 0x0000000708a00000, 0x0000000708c00000|  0%| F|  |TAMS 0x0000000708a00000| PB 0x0000000708a00000| Untracked 
|  32|0x0000000708c00000, 0x0000000708c00000, 0x0000000708e00000|  0%| F|  |TAMS 0x0000000708c00000| PB 0x0000000708c00000| Untracked 
|  33|0x0000000708e00000, 0x0000000708e00000, 0x0000000709000000|  0%| F|  |TAMS 0x0000000708e00000| PB 0x0000000708e00000| Untracked 
|  34|0x0000000709000000, 0x0000000709000000, 0x0000000709200000|  0%| F|  |TAMS 0x0000000709000000| PB 0x0000000709000000| Untracked 
|  35|0x0000000709200000, 0x0000000709200000, 0x0000000709400000|  0%| F|  |TAMS 0x0000000709200000| PB 0x0000000709200000| Untracked 
|  36|0x0000000709400000, 0x0000000709400000, 0x0000000709600000|  0%| F|  |TAMS 0x0000000709400000| PB 0x0000000709400000| Untracked 
|  37|0x0000000709600000, 0x0000000709600000, 0x0000000709800000|  0%| F|  |TAMS 0x0000000709600000| PB 0x0000000709600000| Untracked 
|  38|0x0000000709800000, 0x0000000709800000, 0x0000000709a00000|  0%| F|  |TAMS 0x0000000709800000| PB 0x0000000709800000| Untracked 
|  39|0x0000000709a00000, 0x0000000709a00000, 0x0000000709c00000|  0%| F|  |TAMS 0x0000000709a00000| PB 0x0000000709a00000| Untracked 
|  40|0x0000000709c00000, 0x0000000709c00000, 0x0000000709e00000|  0%| F|  |TAMS 0x0000000709c00000| PB 0x0000000709c00000| Untracked 
|  41|0x0000000709e00000, 0x0000000709e00000, 0x000000070a000000|  0%| F|  |TAMS 0x0000000709e00000| PB 0x0000000709e00000| Untracked 
|  42|0x000000070a000000, 0x000000070a000000, 0x000000070a200000|  0%| F|  |TAMS 0x000000070a000000| PB 0x000000070a000000| Untracked 
|  43|0x000000070a200000, 0x000000070a200000, 0x000000070a400000|  0%| F|  |TAMS 0x000000070a200000| PB 0x000000070a200000| Untracked 
|  44|0x000000070a400000, 0x000000070a400000, 0x000000070a600000|  0%| F|  |TAMS 0x000000070a400000| PB 0x000000070a400000| Untracked 
|  45|0x000000070a600000, 0x000000070a600000, 0x000000070a800000|  0%| F|  |TAMS 0x000000070a600000| PB 0x000000070a600000| Untracked 
|  46|0x000000070a800000, 0x000000070a800000, 0x000000070aa00000|  0%| F|  |TAMS 0x000000070a800000| PB 0x000000070a800000| Untracked 
|  47|0x000000070aa00000, 0x000000070aa00000, 0x000000070ac00000|  0%| F|  |TAMS 0x000000070aa00000| PB 0x000000070aa00000| Untracked 
|  48|0x000000070ac00000, 0x000000070ac00000, 0x000000070ae00000|  0%| F|  |TAMS 0x000000070ac00000| PB 0x000000070ac00000| Untracked 
|  49|0x000000070ae00000, 0x000000070ae00000, 0x000000070b000000|  0%| F|  |TAMS 0x000000070ae00000| PB 0x000000070ae00000| Untracked 
|  50|0x000000070b000000, 0x000000070b000000, 0x000000070b200000|  0%| F|  |TAMS 0x000000070b000000| PB 0x000000070b000000| Untracked 
|  51|0x000000070b200000, 0x000000070b200000, 0x000000070b400000|  0%| F|  |TAMS 0x000000070b200000| PB 0x000000070b200000| Untracked 
|  52|0x000000070b400000, 0x000000070b400000, 0x000000070b600000|  0%| F|  |TAMS 0x000000070b400000| PB 0x000000070b400000| Untracked 
|  53|0x000000070b600000, 0x000000070b600000, 0x000000070b800000|  0%| F|  |TAMS 0x000000070b600000| PB 0x000000070b600000| Untracked 
|  54|0x000000070b800000, 0x000000070b800000, 0x000000070ba00000|  0%| F|  |TAMS 0x000000070b800000| PB 0x000000070b800000| Untracked 
|  55|0x000000070ba00000, 0x000000070ba00000, 0x000000070bc00000|  0%| F|  |TAMS 0x000000070ba00000| PB 0x000000070ba00000| Untracked 
|  56|0x000000070bc00000, 0x000000070bc00000, 0x000000070be00000|  0%| F|  |TAMS 0x000000070bc00000| PB 0x000000070bc00000| Untracked 
|  57|0x000000070be00000, 0x000000070be00000, 0x000000070c000000|  0%| F|  |TAMS 0x000000070be00000| PB 0x000000070be00000| Untracked 
|  58|0x000000070c000000, 0x000000070c000000, 0x000000070c200000|  0%| F|  |TAMS 0x000000070c000000| PB 0x000000070c000000| Untracked 
|  59|0x000000070c200000, 0x000000070c200000, 0x000000070c400000|  0%| F|  |TAMS 0x000000070c200000| PB 0x000000070c200000| Untracked 
|  60|0x000000070c400000, 0x000000070c400000, 0x000000070c600000|  0%| F|  |TAMS 0x000000070c400000| PB 0x000000070c400000| Untracked 
|  61|0x000000070c600000, 0x000000070c600000, 0x000000070c800000|  0%| F|  |TAMS 0x000000070c600000| PB 0x000000070c600000| Untracked 
|  62|0x000000070c800000, 0x000000070c800000, 0x000000070ca00000|  0%| F|  |TAMS 0x000000070c800000| PB 0x000000070c800000| Untracked 
|  63|0x000000070ca00000, 0x000000070ca00000, 0x000000070cc00000|  0%| F|  |TAMS 0x000000070ca00000| PB 0x000000070ca00000| Untracked 
|  64|0x000000070cc00000, 0x000000070cc00000, 0x000000070ce00000|  0%| F|  |TAMS 0x000000070cc00000| PB 0x000000070cc00000| Untracked 
|  65|0x000000070ce00000, 0x000000070ce00000, 0x000000070d000000|  0%| F|  |TAMS 0x000000070ce00000| PB 0x000000070ce00000| Untracked 
|  66|0x000000070d000000, 0x000000070d000000, 0x000000070d200000|  0%| F|  |TAMS 0x000000070d000000| PB 0x000000070d000000| Untracked 
|  67|0x000000070d200000, 0x000000070d200000, 0x000000070d400000|  0%| F|  |TAMS 0x000000070d200000| PB 0x000000070d200000| Untracked 
|  68|0x000000070d400000, 0x000000070d400000, 0x000000070d600000|  0%| F|  |TAMS 0x000000070d400000| PB 0x000000070d400000| Untracked 
|  69|0x000000070d600000, 0x000000070d600000, 0x000000070d800000|  0%| F|  |TAMS 0x000000070d600000| PB 0x000000070d600000| Untracked 
|  70|0x000000070d800000, 0x000000070d800000, 0x000000070da00000|  0%| F|  |TAMS 0x000000070d800000| PB 0x000000070d800000| Untracked 
|  71|0x000000070da00000, 0x000000070da00000, 0x000000070dc00000|  0%| F|  |TAMS 0x000000070da00000| PB 0x000000070da00000| Untracked 
|  72|0x000000070dc00000, 0x000000070dc00000, 0x000000070de00000|  0%| F|  |TAMS 0x000000070dc00000| PB 0x000000070dc00000| Untracked 
|  73|0x000000070de00000, 0x000000070de00000, 0x000000070e000000|  0%| F|  |TAMS 0x000000070de00000| PB 0x000000070de00000| Untracked 
|  74|0x000000070e000000, 0x000000070e000000, 0x000000070e200000|  0%| F|  |TAMS 0x000000070e000000| PB 0x000000070e000000| Untracked 
|  75|0x000000070e200000, 0x000000070e200000, 0x000000070e400000|  0%| F|  |TAMS 0x000000070e200000| PB 0x000000070e200000| Untracked 
|  76|0x000000070e400000, 0x000000070e400000, 0x000000070e600000|  0%| F|  |TAMS 0x000000070e400000| PB 0x000000070e400000| Untracked 
|  77|0x000000070e600000, 0x000000070e600000, 0x000000070e800000|  0%| F|  |TAMS 0x000000070e600000| PB 0x000000070e600000| Untracked 
|  78|0x000000070e800000, 0x000000070e800000, 0x000000070ea00000|  0%| F|  |TAMS 0x000000070e800000| PB 0x000000070e800000| Untracked 
|  79|0x000000070ea00000, 0x000000070ea00000, 0x000000070ec00000|  0%| F|  |TAMS 0x000000070ea00000| PB 0x000000070ea00000| Untracked 
|  80|0x000000070ec00000, 0x000000070ec00000, 0x000000070ee00000|  0%| F|  |TAMS 0x000000070ec00000| PB 0x000000070ec00000| Untracked 
|  81|0x000000070ee00000, 0x000000070ee00000, 0x000000070f000000|  0%| F|  |TAMS 0x000000070ee00000| PB 0x000000070ee00000| Untracked 
|  82|0x000000070f000000, 0x000000070f000000, 0x000000070f200000|  0%| F|  |TAMS 0x000000070f000000| PB 0x000000070f000000| Untracked 
|  83|0x000000070f200000, 0x000000070f200000, 0x000000070f400000|  0%| F|  |TAMS 0x000000070f200000| PB 0x000000070f200000| Untracked 
|  84|0x000000070f400000, 0x000000070f400000, 0x000000070f600000|  0%| F|  |TAMS 0x000000070f400000| PB 0x000000070f400000| Untracked 
|  85|0x000000070f600000, 0x000000070f600000, 0x000000070f800000|  0%| F|  |TAMS 0x000000070f600000| PB 0x000000070f600000| Untracked 
|  86|0x000000070f800000, 0x000000070f800000, 0x000000070fa00000|  0%| F|  |TAMS 0x000000070f800000| PB 0x000000070f800000| Untracked 
|  87|0x000000070fa00000, 0x000000070fa00000, 0x000000070fc00000|  0%| F|  |TAMS 0x000000070fa00000| PB 0x000000070fa00000| Untracked 
|  88|0x000000070fc00000, 0x000000070fc00000, 0x000000070fe00000|  0%| F|  |TAMS 0x000000070fc00000| PB 0x000000070fc00000| Untracked 
|  89|0x000000070fe00000, 0x000000070fe00000, 0x0000000710000000|  0%| F|  |TAMS 0x000000070fe00000| PB 0x000000070fe00000| Untracked 
|  90|0x0000000710000000, 0x0000000710000000, 0x0000000710200000|  0%| F|  |TAMS 0x0000000710000000| PB 0x0000000710000000| Untracked 
|  91|0x0000000710200000, 0x0000000710200000, 0x0000000710400000|  0%| F|  |TAMS 0x0000000710200000| PB 0x0000000710200000| Untracked 
|  92|0x0000000710400000, 0x0000000710400000, 0x0000000710600000|  0%| F|  |TAMS 0x0000000710400000| PB 0x0000000710400000| Untracked 
|  93|0x0000000710600000, 0x0000000710600000, 0x0000000710800000|  0%| F|  |TAMS 0x0000000710600000| PB 0x0000000710600000| Untracked 
|  94|0x0000000710800000, 0x0000000710800000, 0x0000000710a00000|  0%| F|  |TAMS 0x0000000710800000| PB 0x0000000710800000| Untracked 
|  95|0x0000000710a00000, 0x0000000710a00000, 0x0000000710c00000|  0%| F|  |TAMS 0x0000000710a00000| PB 0x0000000710a00000| Untracked 
|  96|0x0000000710c00000, 0x0000000710c00000, 0x0000000710e00000|  0%| F|  |TAMS 0x0000000710c00000| PB 0x0000000710c00000| Untracked 
|  97|0x0000000710e00000, 0x0000000710e00000, 0x0000000711000000|  0%| F|  |TAMS 0x0000000710e00000| PB 0x0000000710e00000| Untracked 
|  98|0x0000000711000000, 0x0000000711000000, 0x0000000711200000|  0%| F|  |TAMS 0x0000000711000000| PB 0x0000000711000000| Untracked 
|  99|0x0000000711200000, 0x0000000711200000, 0x0000000711400000|  0%| F|  |TAMS 0x0000000711200000| PB 0x0000000711200000| Untracked 
| 100|0x0000000711400000, 0x0000000711400000, 0x0000000711600000|  0%| F|  |TAMS 0x0000000711400000| PB 0x0000000711400000| Untracked 
| 101|0x0000000711600000, 0x0000000711600000, 0x0000000711800000|  0%| F|  |TAMS 0x0000000711600000| PB 0x0000000711600000| Untracked 
| 102|0x0000000711800000, 0x0000000711800000, 0x0000000711a00000|  0%| F|  |TAMS 0x0000000711800000| PB 0x0000000711800000| Untracked 
| 103|0x0000000711a00000, 0x0000000711c00000, 0x0000000711c00000|100%| S|CS|TAMS 0x0000000711a00000| PB 0x0000000711a00000| Complete 
| 104|0x0000000711c00000, 0x0000000711e00000, 0x0000000711e00000|100%| S|CS|TAMS 0x0000000711c00000| PB 0x0000000711c00000| Complete 
| 105|0x0000000711e00000, 0x0000000712000000, 0x0000000712000000|100%| S|CS|TAMS 0x0000000711e00000| PB 0x0000000711e00000| Complete 
| 106|0x0000000712000000, 0x0000000712000000, 0x0000000712200000|  0%| F|  |TAMS 0x0000000712000000| PB 0x0000000712000000| Untracked 
| 107|0x0000000712200000, 0x0000000712200000, 0x0000000712400000|  0%| F|  |TAMS 0x0000000712200000| PB 0x0000000712200000| Untracked 
| 108|0x0000000712400000, 0x0000000712400000, 0x0000000712600000|  0%| F|  |TAMS 0x0000000712400000| PB 0x0000000712400000| Untracked 
| 109|0x0000000712600000, 0x0000000712600000, 0x0000000712800000|  0%| F|  |TAMS 0x0000000712600000| PB 0x0000000712600000| Untracked 
| 110|0x0000000712800000, 0x0000000712800000, 0x0000000712a00000|  0%| F|  |TAMS 0x0000000712800000| PB 0x0000000712800000| Untracked 
| 111|0x0000000712a00000, 0x0000000712a00000, 0x0000000712c00000|  0%| F|  |TAMS 0x0000000712a00000| PB 0x0000000712a00000| Untracked 
| 112|0x0000000712c00000, 0x0000000712c00000, 0x0000000712e00000|  0%| F|  |TAMS 0x0000000712c00000| PB 0x0000000712c00000| Untracked 
| 113|0x0000000712e00000, 0x0000000712e00000, 0x0000000713000000|  0%| F|  |TAMS 0x0000000712e00000| PB 0x0000000712e00000| Untracked 
| 114|0x0000000713000000, 0x0000000713000000, 0x0000000713200000|  0%| F|  |TAMS 0x0000000713000000| PB 0x0000000713000000| Untracked 
| 115|0x0000000713200000, 0x000000071333c800, 0x0000000713400000| 61%| E|  |TAMS 0x0000000713200000| PB 0x0000000713200000| Complete 
| 116|0x0000000713400000, 0x0000000713600000, 0x0000000713600000|100%| E|CS|TAMS 0x0000000713400000| PB 0x0000000713400000| Complete 
| 117|0x0000000713600000, 0x0000000713800000, 0x0000000713800000|100%| E|CS|TAMS 0x0000000713600000| PB 0x0000000713600000| Complete 
| 118|0x0000000713800000, 0x0000000713a00000, 0x0000000713a00000|100%| E|CS|TAMS 0x0000000713800000| PB 0x0000000713800000| Complete 
| 119|0x0000000713a00000, 0x0000000713c00000, 0x0000000713c00000|100%| E|CS|TAMS 0x0000000713a00000| PB 0x0000000713a00000| Complete 
| 120|0x0000000713c00000, 0x0000000713e00000, 0x0000000713e00000|100%| E|CS|TAMS 0x0000000713c00000| PB 0x0000000713c00000| Complete 
| 121|0x0000000713e00000, 0x0000000714000000, 0x0000000714000000|100%| E|CS|TAMS 0x0000000713e00000| PB 0x0000000713e00000| Complete 
| 122|0x0000000714000000, 0x0000000714200000, 0x0000000714200000|100%| E|CS|TAMS 0x0000000714000000| PB 0x0000000714000000| Complete 
| 123|0x0000000714200000, 0x0000000714400000, 0x0000000714400000|100%| E|CS|TAMS 0x0000000714200000| PB 0x0000000714200000| Complete 
| 124|0x0000000714400000, 0x0000000714600000, 0x0000000714600000|100%| E|CS|TAMS 0x0000000714400000| PB 0x0000000714400000| Complete 
| 125|0x0000000714600000, 0x0000000714800000, 0x0000000714800000|100%| E|CS|TAMS 0x0000000714600000| PB 0x0000000714600000| Complete 

Card table byte_map: [0x000001e6d3050000,0x000001e6d3830000] _byte_map_base: 0x000001e6cf82a000

Marking Bits: (CMBitMap*) 0x000001e6bb145880
 Bits: [0x000001e6d3830000, 0x000001e6d7700000)

Polling page: 0x000001e6b9070000

Metaspace:

Usage:
  Non-class:     13.51 MB used.
      Class:      2.26 MB used.
       Both:     15.77 MB used.

Virtual space:
  Non-class space:       64.00 MB reserved,      13.69 MB ( 21%) committed,  1 nodes.
      Class space:        1.00 GB reserved,       2.38 MB ( <1%) committed,  1 nodes.
             Both:        1.06 GB reserved,      16.06 MB (  1%) committed. 

Chunk freelists:
   Non-Class:  1.95 MB
       Class:  13.57 MB
        Both:  15.52 MB

MaxMetaspaceSize: unlimited
CompressedClassSpaceSize: 1.00 GB
Initial GC threshold: 21.00 MB
Current GC threshold: 21.00 MB
CDS: on
 - commit_granule_bytes: 65536.
 - commit_granule_words: 8192.
 - virtual_space_node_default_size: 8388608.
 - enlarge_chunks_in_place: 1.
 - use_allocation_guard: 0.


Internal statistics:

num_allocs_failed_limit: 0.
num_arena_births: 356.
num_arena_deaths: 0.
num_vsnodes_births: 2.
num_vsnodes_deaths: 0.
num_space_committed: 257.
num_space_uncommitted: 0.
num_chunks_returned_to_freelist: 0.
num_chunks_taken_from_freelist: 873.
num_chunk_merges: 0.
num_chunk_splits: 593.
num_chunks_enlarged: 438.
num_inconsistent_stats: 0.

CodeHeap 'non-profiled nmethods': size=120000Kb used=1217Kb max_used=1217Kb free=118782Kb
 bounds [0x000001e6cb010000, 0x000001e6cb280000, 0x000001e6d2540000]
CodeHeap 'profiled nmethods': size=120000Kb used=5569Kb max_used=5569Kb free=114430Kb
 bounds [0x000001e6c3540000, 0x000001e6c3ac0000, 0x000001e6caa70000]
CodeHeap 'non-nmethods': size=5760Kb used=2035Kb max_used=2067Kb free=3724Kb
 bounds [0x000001e6caa70000, 0x000001e6cace0000, 0x000001e6cb010000]
 total_blobs=3813 nmethods=3001 adapters=715
 compilation: enabled
              stopped_count=0, restarted_count=0
 full_count=0

Compilation events (20 events):
Event: 17.968 Thread 0x000001e6da13b2f0 nmethod 2994 0x000001e6cb13e390 code [0x000001e6cb13e520, 0x000001e6cb13e5f0]
Event: 17.968 Thread 0x000001e6da13b2f0 2996       1       com.sun.marlin.MaskMarlinAlphaConsumer::supportBlockFlags (2 bytes)
Event: 17.968 Thread 0x000001e6da13b2f0 nmethod 2996 0x000001e6cb13e690 code [0x000001e6cb13e820, 0x000001e6cb13e8e8]
Event: 17.968 Thread 0x000001e6da13b2f0 2995       1       com.sun.javafx.text.TextRun::getLocation (5 bytes)
Event: 17.968 Thread 0x000001e6da13b2f0 nmethod 2995 0x000001e6cb13e990 code [0x000001e6cb13eb20, 0x000001e6cb13ebf0]
Event: 18.499 Thread 0x000001e6da138230 2997       4       com.sun.javafx.geom.RectBounds::deriveWithNewBounds (96 bytes)
Event: 18.499 Thread 0x000001e6da138230 nmethod 2997 0x000001e6cb13ec90 code [0x000001e6cb13ee20, 0x000001e6cb13ef70]
Event: 18.713 Thread 0x000001e6da138230 2998       4       java.util.stream.StreamSupport::stream (19 bytes)
Event: 18.715 Thread 0x000001e6da138230 nmethod 2998 0x000001e6cb13f090 code [0x000001e6cb13f240, 0x000001e6cb13f5d8]
Event: 18.748 Thread 0x000001e6da13b2f0 2999       3       com.sun.javafx.event.CompositeEventHandler::dispatchBubblingEvent (57 bytes)
Event: 18.749 Thread 0x000001e6da13b2f0 nmethod 2999 0x000001e6c3aaf910 code [0x000001e6c3aafb00, 0x000001e6c3ab0010]
Event: 18.749 Thread 0x000001e6da13b2f0 3000       3       javafx.scene.control.SkinBase$$Lambda/0x000001e6dc1b45c0::handle (8 bytes)
Event: 18.749 Thread 0x000001e6da13b2f0 nmethod 3000 0x000001e6c3ab0190 code [0x000001e6c3ab0340, 0x000001e6c3ab0688]
Event: 19.971 Thread 0x000001e6da13b2f0 3001       1       java.util.stream.Collectors$CollectorImpl::characteristics (5 bytes)
Event: 19.971 Thread 0x000001e6da13b2f0 nmethod 3001 0x000001e6cb13f790 code [0x000001e6cb13f920, 0x000001e6cb13f9f0]
Event: 20.019 Thread 0x000001e6da138230 3002       4       com.sun.javafx.event.EventHandlerManager::dispatchBubblingEvent (41 bytes)
Event: 20.023 Thread 0x000001e6da138230 nmethod 3002 0x000001e6cb13fa90 code [0x000001e6cb13fc80, 0x000001e6cb140068]
Event: 45.948 Thread 0x000001e6da138230 3003       4       java.util.concurrent.ConcurrentHashMap$Traverser::advance (188 bytes)
Event: 45.949 Thread 0x000001e6da13b2f0 3004       1       java.util.logging.LogManager$LoggerContext::getOwner (5 bytes)
Event: 45.949 Thread 0x000001e6da13b2f0 nmethod 3004 0x000001e6cb140410 code [0x000001e6cb1405a0, 0x000001e6cb140670]

GC Heap History (4 events):
Event: 0.490 GC heap before
{Heap before GC invocations=0 (full 0):
 garbage-first heap   total 258048K, used 22528K [0x0000000704c00000, 0x0000000800000000)
  region size 2048K, 11 young (22528K), 0 survivors (0K)
 Metaspace       used 4468K, committed 4672K, reserved 1114112K
  class space    used 482K, committed 576K, reserved 1048576K
}
Event: 0.493 GC heap after
{Heap after GC invocations=1 (full 0):
 garbage-first heap   total 258048K, used 2687K [0x0000000704c00000, 0x0000000800000000)
  region size 2048K, 2 young (4096K), 2 survivors (4096K)
 Metaspace       used 4468K, committed 4672K, reserved 1114112K
  class space    used 482K, committed 576K, reserved 1048576K
}
Event: 1.008 GC heap before
{Heap before GC invocations=1 (full 0):
 garbage-first heap   total 258048K, used 37503K [0x0000000704c00000, 0x0000000800000000)
  region size 2048K, 20 young (40960K), 2 survivors (4096K)
 Metaspace       used 12882K, committed 13248K, reserved 1114112K
  class space    used 1760K, committed 1920K, reserved 1048576K
}
Event: 1.013 GC heap after
{Heap after GC invocations=2 (full 0):
 garbage-first heap   total 258048K, used 6414K [0x0000000704c00000, 0x0000000800000000)
  region size 2048K, 3 young (6144K), 3 survivors (6144K)
 Metaspace       used 12882K, committed 13248K, reserved 1114112K
  class space    used 1760K, committed 1920K, reserved 1048576K
}

Dll operation events (20 events):
Event: 0.320 Loaded shared library C:\Users\Алекс\.openjfx\cache\19+11\amd64\api-ms-win-crt-locale-l1-1-0.dll
Event: 0.323 Loaded shared library C:\Users\Алекс\.openjfx\cache\19+11\amd64\api-ms-win-crt-math-l1-1-0.dll
Event: 0.324 Loaded shared library C:\Users\Алекс\.openjfx\cache\19+11\amd64\api-ms-win-crt-multibyte-l1-1-0.dll
Event: 0.327 Loaded shared library C:\Users\Алекс\.openjfx\cache\19+11\amd64\api-ms-win-crt-private-l1-1-0.dll
Event: 0.329 Loaded shared library C:\Users\Алекс\.openjfx\cache\19+11\amd64\api-ms-win-crt-process-l1-1-0.dll
Event: 0.331 Loaded shared library C:\Users\Алекс\.openjfx\cache\19+11\amd64\api-ms-win-crt-runtime-l1-1-0.dll
Event: 0.333 Loaded shared library C:\Users\Алекс\.openjfx\cache\19+11\amd64\api-ms-win-crt-stdio-l1-1-0.dll
Event: 0.335 Loaded shared library C:\Users\Алекс\.openjfx\cache\19+11\amd64\api-ms-win-crt-string-l1-1-0.dll
Event: 0.337 Loaded shared library C:\Users\Алекс\.openjfx\cache\19+11\amd64\api-ms-win-crt-time-l1-1-0.dll
Event: 0.339 Loaded shared library C:\Users\Алекс\.openjfx\cache\19+11\amd64\api-ms-win-crt-utility-l1-1-0.dll
Event: 0.351 Loaded shared library C:\Users\Алекс\.openjfx\cache\19+11\amd64\ucrtbase.dll
Event: 0.354 Loaded shared library C:\Users\Алекс\.openjfx\cache\19+11\amd64\vcruntime140.dll
Event: 0.356 Loaded shared library C:\Users\Алекс\.openjfx\cache\19+11\amd64\vcruntime140_1.dll
Event: 0.363 Loaded shared library C:\Users\Алекс\.openjfx\cache\19+11\amd64\msvcp140.dll
Event: 0.366 Loaded shared library C:\Users\Алекс\.openjfx\cache\19+11\amd64\msvcp140_1.dll
Event: 0.370 Loaded shared library C:\Users\Алекс\.openjfx\cache\19+11\amd64\msvcp140_2.dll
Event: 0.403 Loaded shared library C:\Users\Алекс\.openjfx\cache\19+11\amd64\prism_d3d.dll
Event: 0.434 Loaded shared library C:\Users\Алекс\.openjfx\cache\19+11\amd64\glass.dll
Event: 0.513 Loaded shared library C:\Program Files\Java\jdk-21\bin\jimage.dll
Event: 0.651 Loaded shared library C:\Users\Алекс\.openjfx\cache\19+11\amd64\javafx_font.dll

Deoptimization events (20 events):
Event: 3.387 Thread 0x000001e7205d3090 Uncommon trap: trap_request=0xffffffc6 fr.pc=0x000001e6cb0c4de0 relative=0x0000000000000920
Event: 3.387 Thread 0x000001e7205d3090 Uncommon trap: reason=bimorphic_or_optimized_type_check action=maybe_recompile pc=0x000001e6cb0c4de0 method=java.util.regex.Pattern$Start.match(Ljava/util/regex/Matcher;ILjava/lang/CharSequence;)Z @ 44 c2
Event: 3.387 Thread 0x000001e7205d3090 DEOPT PACKING pc=0x000001e6cb0c4de0 sp=0x00000076b3dfc4d0
Event: 3.387 Thread 0x000001e7205d3090 DEOPT UNPACKING pc=0x000001e6caac7da2 sp=0x00000076b3dfc440 mode 2
Event: 3.387 Thread 0x000001e7205d3090 Uncommon trap: trap_request=0xffffffc6 fr.pc=0x000001e6cb0c2cf0 relative=0x00000000000003f0
Event: 3.387 Thread 0x000001e7205d3090 Uncommon trap: reason=bimorphic_or_optimized_type_check action=maybe_recompile pc=0x000001e6cb0c2cf0 method=java.util.regex.Pattern$BmpCharPropertyGreedy.match(Ljava/util/regex/Matcher;ILjava/lang/CharSequence;)Z @ 26 c2
Event: 3.387 Thread 0x000001e7205d3090 DEOPT PACKING pc=0x000001e6cb0c2cf0 sp=0x00000076b3dfbf80
Event: 3.387 Thread 0x000001e7205d3090 DEOPT UNPACKING pc=0x000001e6caac7da2 sp=0x00000076b3dfbf38 mode 2
Event: 6.188 Thread 0x000001e72057d0e0 DEOPT PACKING pc=0x000001e6c391db50 sp=0x00000076b3bfe230
Event: 6.188 Thread 0x000001e72057d0e0 DEOPT UNPACKING pc=0x000001e6caac88e2 sp=0x00000076b3bfd5e8 mode 0
Event: 6.539 Thread 0x000001e72057d0e0 DEOPT PACKING pc=0x000001e6c38a5a71 sp=0x00000076b3bfd9b0
Event: 6.539 Thread 0x000001e72057d0e0 DEOPT UNPACKING pc=0x000001e6caac88e2 sp=0x00000076b3bfcde8 mode 0
Event: 6.635 Thread 0x000001e72057d0e0 DEOPT PACKING pc=0x000001e6c391ea4b sp=0x00000076b3bfe4e0
Event: 6.635 Thread 0x000001e72057d0e0 DEOPT UNPACKING pc=0x000001e6caac88e2 sp=0x00000076b3bfd900 mode 0
Event: 6.779 Thread 0x000001e72057d0e0 DEOPT PACKING pc=0x000001e6c388315a sp=0x00000076b3bfe350
Event: 6.779 Thread 0x000001e72057d0e0 DEOPT UNPACKING pc=0x000001e6caac88e2 sp=0x00000076b3bfd7e0 mode 0
Event: 9.084 Thread 0x000001e7205d3090 Uncommon trap: trap_request=0xffffff45 fr.pc=0x000001e6cb0ae3b0 relative=0x0000000000000190
Event: 9.084 Thread 0x000001e7205d3090 Uncommon trap: reason=unstable_if action=reinterpret pc=0x000001e6cb0ae3b0 method=java.lang.String.equals(Ljava/lang/Object;)Z @ 33 c2
Event: 9.084 Thread 0x000001e7205d3090 DEOPT PACKING pc=0x000001e6cb0ae3b0 sp=0x00000076b3df8030
Event: 9.084 Thread 0x000001e7205d3090 DEOPT UNPACKING pc=0x000001e6caac7da2 sp=0x00000076b3df7fc0 mode 2

Classes loaded (20 events):
Event: 1.092 Loading class sun/util/resources/TimeZoneNames_en
Event: 1.092 Loading class sun/util/resources/TimeZoneNames_en done
Event: 3.244 Loading class java/io/UnsupportedEncodingException
Event: 3.244 Loading class java/io/UnsupportedEncodingException done
Event: 3.477 Loading class java/lang/FdLibm$Hypot
Event: 3.477 Loading class java/lang/FdLibm$Hypot done
Event: 6.184 Loading class java/text/BreakIterator
Event: 6.184 Loading class java/text/BreakIterator done
Event: 6.184 Loading class sun/util/locale/provider/BreakIteratorProviderImpl
Event: 6.184 Loading class sun/util/locale/provider/BreakIteratorProviderImpl done
Event: 6.184 Loading class sun/util/locale/provider/BreakIteratorProviderImpl$GraphemeBreakIterator
Event: 6.185 Loading class sun/util/locale/provider/BreakIteratorProviderImpl$GraphemeBreakIterator done
Event: 6.185 Loading class java/text/StringCharacterIterator
Event: 6.185 Loading class java/text/StringCharacterIterator done
Event: 6.185 Loading class sun/util/locale/provider/BreakIteratorProviderImpl$CharacterIteratorCharSequence
Event: 6.185 Loading class sun/util/locale/provider/BreakIteratorProviderImpl$CharacterIteratorCharSequence done
Event: 6.185 Loading class java/text/BreakIterator$BreakIteratorCache
Event: 6.185 Loading class java/text/BreakIterator$BreakIteratorCache done
Event: 45.947 Loading class jdk/internal/misc/Signal$1
Event: 45.947 Loading class jdk/internal/misc/Signal$1 done

Classes unloaded (0 events):
No events

Classes redefined (0 events):
No events

Internal exceptions (20 events):
Event: 0.766 Thread 0x000001e7205d3090 Exception <a 'java/lang/NoSuchMethodError'{0x0000000712cc4a50}: 'int java.lang.invoke.DirectMethodHandle$Holder.invokeSpecial(java.lang.Object, java.lang.Object, java.lang.Object, int)'> (0x0000000712cc4a50) 
thrown [s\open\src\hotspot\share\interpreter\linkResolver.cpp, line 773]
Event: 0.767 Thread 0x000001e7205d3090 Exception <a 'java/lang/NoSuchMethodError'{0x0000000712cce928}: 'void java.lang.invoke.DelegatingMethodHandle$Holder.reinvoke_L(java.lang.Object, java.lang.Object, int)'> (0x0000000712cce928) 
thrown [s\open\src\hotspot\share\interpreter\linkResolver.cpp, line 773]
Event: 0.767 Thread 0x000001e7205d3090 Exception <a 'java/lang/NoSuchMethodError'{0x0000000712cd5608}: 'int java.lang.invoke.DirectMethodHandle$Holder.invokeSpecial(java.lang.Object, java.lang.Object, java.lang.Object)'> (0x0000000712cd5608) 
thrown [s\open\src\hotspot\share\interpreter\linkResolver.cpp, line 773]
Event: 0.787 Thread 0x000001e7205d3090 Implicit null exception at 0x000001e6cb099762 to 0x000001e6cb099aac
Event: 0.883 Thread 0x000001e7205d3090 Exception <a 'java/lang/IncompatibleClassChangeError'{0x00000007124709f0}: Found class java.lang.Object, but interface was expected> (0x00000007124709f0) 
thrown [s\open\src\hotspot\share\interpreter\linkResolver.cpp, line 840]
Event: 0.909 Thread 0x000001e7205d3090 Exception <a 'java/lang/NoSuchMethodError'{0x00000007125812f0}: 'int java.lang.invoke.DirectMethodHandle$Holder.invokeSpecial(java.lang.Object, java.lang.Object, int)'> (0x00000007125812f0) 
thrown [s\open\src\hotspot\share\interpreter\linkResolver.cpp, line 773]
Event: 0.925 Thread 0x000001e7205d3090 Exception <a 'java/lang/NoSuchMethodError'{0x000000071222a388}: 'java.lang.Object java.lang.invoke.DirectMethodHandle$Holder.newInvokeSpecial(java.lang.Object, java.lang.Object, int)'> (0x000000071222a388) 
thrown [s\open\src\hotspot\share\interpreter\linkResolver.cpp, line 773]
Event: 0.944 Thread 0x000001e72057d0e0 Exception <a 'java/lang/NoSuchMethodError'{0x00000007122c9378}: 'int java.lang.invoke.DirectMethodHandle$Holder.invokeStaticInit(java.lang.Object, java.lang.Object)'> (0x00000007122c9378) 
thrown [s\open\src\hotspot\share\interpreter\linkResolver.cpp, line 773]
Event: 3.259 Thread 0x000001e7205d3090 Exception <a 'java/lang/NoSuchMethodError'{0x00000007142f04c8}: 'long java.lang.invoke.DirectMethodHandle$Holder.invokeStatic(java.lang.Object, java.lang.Object, java.lang.Object)'> (0x00000007142f04c8) 
thrown [s\open\src\hotspot\share\interpreter\linkResolver.cpp, line 773]
Event: 3.260 Thread 0x000001e7205d3090 Exception <a 'java/lang/NoSuchMethodError'{0x00000007142f3898}: 'long java.lang.invoke.DirectMethodHandle$Holder.invokeStaticInit(java.lang.Object, java.lang.Object, java.lang.Object)'> (0x00000007142f3898) 
thrown [s\open\src\hotspot\share\interpreter\linkResolver.cpp, line 773]
Event: 3.261 Thread 0x000001e7205d3090 Exception <a 'java/lang/NoSuchMethodError'{0x0000000714307e90}: 'java.lang.Object java.lang.invoke.DirectMethodHandle$Holder.newInvokeSpecial(java.lang.Object, java.lang.Object, long)'> (0x0000000714307e90) 
thrown [s\open\src\hotspot\share\interpreter\linkResolver.cpp, line 773]
Event: 3.262 Thread 0x000001e7205d3090 Exception <a 'java/lang/NoSuchMethodError'{0x000000071430b788}: 'java.lang.Object java.lang.invoke.Invokers$Holder.linkToTargetMethod(java.lang.Object, long, java.lang.Object)'> (0x000000071430b788) 
thrown [s\open\src\hotspot\share\interpreter\linkResolver.cpp, line 773]
Event: 3.432 Thread 0x000001e7205d3090 Exception <a 'java/lang/ClassNotFoundException'{0x00000007141e1ab0}: com/sun/javafx/scene/control/skin/resources/controls> (0x00000007141e1ab0) 
thrown [s\open\src\hotspot\share\prims\jni.cpp, line 539]
Event: 3.433 Thread 0x000001e7205d3090 Exception <a 'java/lang/ClassNotFoundException'{0x00000007141efaf8}: com/sun/javafx/scene/control/skin/resources/controls_ru> (0x00000007141efaf8) 
thrown [s\open\src\hotspot\share\prims\jni.cpp, line 539]
Event: 3.433 Thread 0x000001e7205d3090 Exception <a 'java/lang/ClassNotFoundException'{0x00000007141f0d78}: com/sun/javafx/scene/control/skin/resources/controls_ru_RU> (0x00000007141f0d78) 
thrown [s\open\src\hotspot\share\prims\jni.cpp, line 539]
Event: 3.458 Thread 0x000001e7205d3090 Exception <a 'java/lang/NoSuchMethodError'{0x0000000713c28688}: 'void java.lang.invoke.DirectMethodHandle$Holder.invokeSpecial(java.lang.Object, java.lang.Object, java.lang.Object, java.lang.Object, java.lang.Object, java.lang.Object)'> (0x0000000713c28688) 
thrown [s\open\src\hotspot\share\interpreter\linkResolver.cpp, line 773]
Event: 3.504 Thread 0x000001e7205d3090 Exception <a 'java/lang/NoSuchMethodError'{0x0000000713be3a78}: 'java.lang.Object java.lang.invoke.DirectMethodHandle$Holder.newInvokeSpecial(java.lang.Object, java.lang.Object, int, int, int, int, int, java.lang.Object)'> (0x0000000713be3a78) 
thrown [s\open\src\hotspot\share\interpreter\linkResolver.cpp, line 773]
Event: 3.506 Thread 0x000001e7205d3090 Exception <a 'java/lang/NoSuchMethodError'{0x0000000713bf5be8}: 'java.lang.Object java.lang.invoke.DirectMethodHandle$Holder.newInvokeSpecial(java.lang.Object, java.lang.Object, java.lang.Object, int, int, int, int, int)'> (0x0000000713bf5be8) 
thrown [s\open\src\hotspot\share\interpreter\linkResolver.cpp, line 773]
Event: 3.507 Thread 0x000001e7205d3090 Exception <a 'java/lang/NoSuchMethodError'{0x0000000713bfd488}: 'java.lang.Object java.lang.invoke.Invokers$Holder.linkToTargetMethod(java.lang.Object, java.lang.Object, int, int, int, int, int, java.lang.Object)'> (0x0000000713bfd488) 
thrown [s\open\src\hotspot\share\interpreter\linkResolver.cpp, line 773]
Event: 9.074 Thread 0x000001e7205d3090 Exception <a 'sun/nio/fs/WindowsException'{0x0000000713630210}> (0x0000000713630210) 
thrown [s\open\src\hotspot\share\prims\jni.cpp, line 520]

ZGC Phase Switch (0 events):
No events

VM Operations (20 events):
Event: 10.016 Executing VM operation: Cleanup done
Event: 12.018 Executing VM operation: Cleanup
Event: 12.018 Executing VM operation: Cleanup done
Event: 13.018 Executing VM operation: Cleanup
Event: 13.018 Executing VM operation: Cleanup done
Event: 14.019 Executing VM operation: Cleanup
Event: 14.019 Executing VM operation: Cleanup done
Event: 15.019 Executing VM operation: Cleanup
Event: 15.019 Executing VM operation: Cleanup done
Event: 16.020 Executing VM operation: Cleanup
Event: 16.020 Executing VM operation: Cleanup done
Event: 17.021 Executing VM operation: Cleanup
Event: 17.021 Executing VM operation: Cleanup done
Event: 18.022 Executing VM operation: Cleanup
Event: 18.022 Executing VM operation: Cleanup done
Event: 20.022 Executing VM operation: Cleanup
Event: 20.022 Executing VM operation: Cleanup done
Event: 22.023 Executing VM operation: Cleanup
Event: 22.023 Executing VM operation: Cleanup done
Event: 45.949 Executing VM operation: Exit

Events (20 events):
Event: 0.165 Thread 0x000001e6da3c1e40 Thread added: 0x000001e6da3c1e40
Event: 0.165 Thread 0x000001e6da3c24b0 Thread added: 0x000001e6da3c24b0
Event: 0.395 Thread 0x000001e72057d0e0 Thread added: 0x000001e72057d0e0
Event: 0.435 Thread 0x000001e6da6eeaf0 Thread added: 0x000001e6da6eeaf0
Event: 0.437 Thread 0x000001e7205d3090 Thread added: 0x000001e7205d3090
Event: 0.488 Thread 0x000001e720761fd0 Thread added: 0x000001e720761fd0
Event: 0.490 Thread 0x000001e6da814e70 Thread added: 0x000001e6da814e70
Event: 0.667 Thread 0x000001e7208d1080 Thread added: 0x000001e7208d1080
Event: 0.997 Thread 0x000001e720d90370 Thread added: 0x000001e720d90370
Event: 1.627 Thread 0x000001e6da45c900 Thread exited: 0x000001e6da45c900
Event: 1.634 Thread 0x000001e6da45b130 Thread exited: 0x000001e6da45b130
Event: 9.090 Thread 0x000001e6dac5fd00 Thread added: 0x000001e6dac5fd00
Event: 9.873 Thread 0x000001e6dac5fd00 Thread exited: 0x000001e6dac5fd00
Event: 14.388 Thread 0x000001e6da438930 Thread added: 0x000001e6da438930
Event: 15.106 Thread 0x000001e6da438930 Thread exited: 0x000001e6da438930
Event: 45.948 Thread 0x000001e720d8d580 Thread added: 0x000001e720d8d580
Event: 45.948 Thread 0x000001e720d8e2a0 Thread added: 0x000001e720d8e2a0
Event: 45.948 Thread 0x000001e720d8cef0 Thread added: 0x000001e720d8cef0
Event: 45.949 Thread 0x000001e720d8cef0 Thread exited: 0x000001e720d8cef0
Event: 45.949 Thread 0x000001e720d8e2a0 Thread exited: 0x000001e720d8e2a0


Dynamic libraries:
0x00007ff7e33c0000 - 0x00007ff7e33d0000 	C:\Program Files\Java\jdk-21\bin\java.exe
0x00007ffad4a90000 - 0x00007ffad4ca7000 	C:\WINDOWS\SYSTEM32\ntdll.dll
0x00007ffad4630000 - 0x00007ffad46f4000 	C:\WINDOWS\System32\KERNEL32.DLL
0x00007ffad2150000 - 0x00007ffad24f6000 	C:\WINDOWS\System32\KERNELBASE.dll
0x00007ffad26a0000 - 0x00007ffad27b1000 	C:\WINDOWS\System32\ucrtbase.dll
0x00007ffabc860000 - 0x00007ffabc87b000 	C:\Program Files\Java\jdk-21\bin\VCRUNTIME140.dll
0x00007ffac0190000 - 0x00007ffac01a9000 	C:\Program Files\Java\jdk-21\bin\jli.dll
0x00007ffad31b0000 - 0x00007ffad3260000 	C:\WINDOWS\System32\ADVAPI32.dll
0x00007ffad43b0000 - 0x00007ffad4457000 	C:\WINDOWS\System32\msvcrt.dll
0x00007ffad44d0000 - 0x00007ffad4576000 	C:\WINDOWS\System32\sechost.dll
0x00007ffad3260000 - 0x00007ffad3377000 	C:\WINDOWS\System32\RPCRT4.dll
0x00007ffad4080000 - 0x00007ffad422d000 	C:\WINDOWS\System32\USER32.dll
0x00007ffab1200000 - 0x00007ffab1493000 	C:\WINDOWS\WinSxS\amd64_microsoft.windows.common-controls_6595b64144ccf1df_6.0.22621.2361_none_2712ced57382f843\COMCTL32.dll
0x00007ffad27c0000 - 0x00007ffad27e6000 	C:\WINDOWS\System32\win32u.dll
0x00007ffad4580000 - 0x00007ffad45a9000 	C:\WINDOWS\System32\GDI32.dll
0x00007ffad2500000 - 0x00007ffad2618000 	C:\WINDOWS\System32\gdi32full.dll
0x00007ffad20b0000 - 0x00007ffad214a000 	C:\WINDOWS\System32\msvcp_win.dll
0x00007ffac6850000 - 0x00007ffac685a000 	C:\WINDOWS\SYSTEM32\VERSION.dll
0x00007ffad30c0000 - 0x00007ffad30f1000 	C:\WINDOWS\System32\IMM32.DLL
0x00007ffaca4c0000 - 0x00007ffaca4cc000 	C:\Program Files\Java\jdk-21\bin\vcruntime140_1.dll
0x00007ffaa8090000 - 0x00007ffaa811e000 	C:\Program Files\Java\jdk-21\bin\msvcp140.dll
0x00007ffa8c840000 - 0x00007ffa8d555000 	C:\Program Files\Java\jdk-21\bin\server\jvm.dll
0x00007ffad4760000 - 0x00007ffad47d1000 	C:\WINDOWS\System32\WS2_32.dll
0x00007ffad0ca0000 - 0x00007ffad0ced000 	C:\WINDOWS\SYSTEM32\POWRPROF.dll
0x00007ffac00b0000 - 0x00007ffac00e4000 	C:\WINDOWS\SYSTEM32\WINMM.dll
0x00007ffad0c80000 - 0x00007ffad0c93000 	C:\WINDOWS\SYSTEM32\UMPDC.dll
0x00007ffad0f40000 - 0x00007ffad0f58000 	C:\WINDOWS\SYSTEM32\kernel.appcore.dll
0x00007ffac7b60000 - 0x00007ffac7b6a000 	C:\Program Files\Java\jdk-21\bin\jimage.dll
0x00007ffacf2b0000 - 0x00007ffacf4de000 	C:\WINDOWS\SYSTEM32\DBGHELP.DLL
0x00007ffad2d30000 - 0x00007ffad30ba000 	C:\WINDOWS\System32\combase.dll
0x00007ffad2c50000 - 0x00007ffad2d27000 	C:\WINDOWS\System32\OLEAUT32.dll
0x00007ffac3480000 - 0x00007ffac34b2000 	C:\WINDOWS\SYSTEM32\dbgcore.DLL
0x00007ffad2620000 - 0x00007ffad269a000 	C:\WINDOWS\System32\bcryptPrimitives.dll
0x00007ffabc850000 - 0x00007ffabc85f000 	C:\Program Files\Java\jdk-21\bin\instrument.dll
0x00007ffabc720000 - 0x00007ffabc73f000 	C:\Program Files\Java\jdk-21\bin\java.dll
0x00007ffad3820000 - 0x00007ffad4078000 	C:\WINDOWS\System32\SHELL32.dll
0x00007ffacfd40000 - 0x00007ffad0632000 	C:\WINDOWS\SYSTEM32\windows.storage.dll
0x00007ffacfc00000 - 0x00007ffacfd3e000 	C:\WINDOWS\SYSTEM32\wintypes.dll
0x00007ffad42b0000 - 0x00007ffad43a3000 	C:\WINDOWS\System32\SHCORE.dll
0x00007ffad4470000 - 0x00007ffad44ce000 	C:\WINDOWS\System32\shlwapi.dll
0x00007ffad1d40000 - 0x00007ffad1d66000 	C:\WINDOWS\SYSTEM32\profapi.dll
0x00007ffa99f20000 - 0x00007ffa99ff7000 	C:\Program Files\Java\jdk-21\bin\jsvml.dll
0x00007ffabc840000 - 0x00007ffabc850000 	C:\Program Files\Java\jdk-21\bin\net.dll
0x00007ffac8790000 - 0x00007ffac88c7000 	C:\WINDOWS\SYSTEM32\WINHTTP.dll
0x00007ffad13c0000 - 0x00007ffad1429000 	C:\WINDOWS\system32\mswsock.dll
0x00007ffab9fb0000 - 0x00007ffab9fc6000 	C:\Program Files\Java\jdk-21\bin\nio.dll
0x00007ffab9f90000 - 0x00007ffab9fa8000 	C:\Program Files\Java\jdk-21\bin\zip.dll
0x00007ffab9f70000 - 0x00007ffab9f8a000 	C:\Program Files\JetBrains\IntelliJ IDEA 2022.3.1\bin\breakgen64.dll
0x000001e6b90c0000 - 0x000001e6b90c3000 	C:\Users\Алекс\.openjfx\cache\19+11\amd64\api-ms-win-core-console-l1-1-0.dll
0x000001e6b90d0000 - 0x000001e6b90d3000 	C:\Users\Алекс\.openjfx\cache\19+11\amd64\api-ms-win-core-console-l1-2-0.dll
0x000001e6b90e0000 - 0x000001e6b90e3000 	C:\Users\Алекс\.openjfx\cache\19+11\amd64\api-ms-win-core-datetime-l1-1-0.dll
0x000001e6b90f0000 - 0x000001e6b90f3000 	C:\Users\Алекс\.openjfx\cache\19+11\amd64\api-ms-win-core-debug-l1-1-0.dll
0x000001e6bb070000 - 0x000001e6bb073000 	C:\Users\Алекс\.openjfx\cache\19+11\amd64\api-ms-win-core-errorhandling-l1-1-0.dll
0x000001e6bb080000 - 0x000001e6bb084000 	C:\Users\Алекс\.openjfx\cache\19+11\amd64\api-ms-win-core-file-l1-1-0.dll
0x000001e6bb090000 - 0x000001e6bb093000 	C:\Users\Алекс\.openjfx\cache\19+11\amd64\api-ms-win-core-file-l1-2-0.dll
0x000001e6bb0a0000 - 0x000001e6bb0a3000 	C:\Users\Алекс\.openjfx\cache\19+11\amd64\api-ms-win-core-file-l2-1-0.dll
0x000001e6dae90000 - 0x000001e6dae93000 	C:\Users\Алекс\.openjfx\cache\19+11\amd64\api-ms-win-core-handle-l1-1-0.dll
0x000001e6daea0000 - 0x000001e6daea3000 	C:\Users\Алекс\.openjfx\cache\19+11\amd64\api-ms-win-core-heap-l1-1-0.dll
0x000001e6daeb0000 - 0x000001e6daeb3000 	C:\Users\Алекс\.openjfx\cache\19+11\amd64\api-ms-win-core-interlocked-l1-1-0.dll
0x000001e6daec0000 - 0x000001e6daec3000 	C:\Users\Алекс\.openjfx\cache\19+11\amd64\api-ms-win-core-libraryloader-l1-1-0.dll
0x000001e6daed0000 - 0x000001e6daed3000 	C:\Users\Алекс\.openjfx\cache\19+11\amd64\api-ms-win-core-localization-l1-2-0.dll
0x000001e6daee0000 - 0x000001e6daee3000 	C:\Users\Алекс\.openjfx\cache\19+11\amd64\api-ms-win-core-memory-l1-1-0.dll
0x000001e6daef0000 - 0x000001e6daef3000 	C:\Users\Алекс\.openjfx\cache\19+11\amd64\api-ms-win-core-namedpipe-l1-1-0.dll
0x000001e6daf00000 - 0x000001e6daf03000 	C:\Users\Алекс\.openjfx\cache\19+11\amd64\api-ms-win-core-processenvironment-l1-1-0.dll
0x000001e6daf10000 - 0x000001e6daf13000 	C:\Users\Алекс\.openjfx\cache\19+11\amd64\api-ms-win-core-processthreads-l1-1-0.dll
0x000001e6daf20000 - 0x000001e6daf23000 	C:\Users\Алекс\.openjfx\cache\19+11\amd64\api-ms-win-core-processthreads-l1-1-1.dll
0x000001e6daf30000 - 0x000001e6daf33000 	C:\Users\Алекс\.openjfx\cache\19+11\amd64\api-ms-win-core-profile-l1-1-0.dll
0x000001e6daf40000 - 0x000001e6daf43000 	C:\Users\Алекс\.openjfx\cache\19+11\amd64\api-ms-win-core-rtlsupport-l1-1-0.dll
0x000001e6daf50000 - 0x000001e6daf53000 	C:\Users\Алекс\.openjfx\cache\19+11\amd64\api-ms-win-core-string-l1-1-0.dll
0x000001e6daf60000 - 0x000001e6daf63000 	C:\Users\Алекс\.openjfx\cache\19+11\amd64\api-ms-win-core-synch-l1-1-0.dll
0x000001e6daf70000 - 0x000001e6daf73000 	C:\Users\Алекс\.openjfx\cache\19+11\amd64\api-ms-win-core-synch-l1-2-0.dll
0x000001e6daf80000 - 0x000001e6daf83000 	C:\Users\Алекс\.openjfx\cache\19+11\amd64\api-ms-win-core-sysinfo-l1-1-0.dll
0x000001e6daf90000 - 0x000001e6daf93000 	C:\Users\Алекс\.openjfx\cache\19+11\amd64\api-ms-win-core-timezone-l1-1-0.dll
0x000001e6dafa0000 - 0x000001e6dafa3000 	C:\Users\Алекс\.openjfx\cache\19+11\amd64\api-ms-win-core-util-l1-1-0.dll
0x000001e6dafb0000 - 0x000001e6dafb3000 	C:\Users\Алекс\.openjfx\cache\19+11\amd64\api-ms-win-crt-conio-l1-1-0.dll
0x000001e6dafc0000 - 0x000001e6dafc4000 	C:\Users\Алекс\.openjfx\cache\19+11\amd64\api-ms-win-crt-convert-l1-1-0.dll
0x000001e6dafd0000 - 0x000001e6dafd3000 	C:\Users\Алекс\.openjfx\cache\19+11\amd64\api-ms-win-crt-environment-l1-1-0.dll
0x000001e6dafe0000 - 0x000001e6dafe3000 	C:\Users\Алекс\.openjfx\cache\19+11\amd64\api-ms-win-crt-filesystem-l1-1-0.dll
0x000001e6daff0000 - 0x000001e6daff3000 	C:\Users\Алекс\.openjfx\cache\19+11\amd64\api-ms-win-crt-heap-l1-1-0.dll
0x000001e720fd0000 - 0x000001e720fd3000 	C:\Users\Алекс\.openjfx\cache\19+11\amd64\api-ms-win-crt-locale-l1-1-0.dll
0x000001e720fe0000 - 0x000001e720fe5000 	C:\Users\Алекс\.openjfx\cache\19+11\amd64\api-ms-win-crt-math-l1-1-0.dll
0x000001e720ff0000 - 0x000001e720ff5000 	C:\Users\Алекс\.openjfx\cache\19+11\amd64\api-ms-win-crt-multibyte-l1-1-0.dll
0x000001e721000000 - 0x000001e721010000 	C:\Users\Алекс\.openjfx\cache\19+11\amd64\api-ms-win-crt-private-l1-1-0.dll
0x000001e721010000 - 0x000001e721013000 	C:\Users\Алекс\.openjfx\cache\19+11\amd64\api-ms-win-crt-process-l1-1-0.dll
0x000001e721280000 - 0x000001e721284000 	C:\Users\Алекс\.openjfx\cache\19+11\amd64\api-ms-win-crt-runtime-l1-1-0.dll
0x000001e721290000 - 0x000001e721294000 	C:\Users\Алекс\.openjfx\cache\19+11\amd64\api-ms-win-crt-stdio-l1-1-0.dll
0x000001e7212a0000 - 0x000001e7212a4000 	C:\Users\Алекс\.openjfx\cache\19+11\amd64\api-ms-win-crt-string-l1-1-0.dll
0x000001e7212b0000 - 0x000001e7212b3000 	C:\Users\Алекс\.openjfx\cache\19+11\amd64\api-ms-win-crt-time-l1-1-0.dll
0x000001e7212c0000 - 0x000001e7212c3000 	C:\Users\Алекс\.openjfx\cache\19+11\amd64\api-ms-win-crt-utility-l1-1-0.dll
0x00007ffa959a0000 - 0x00007ffa95a9c000 	C:\Users\Алекс\.openjfx\cache\19+11\amd64\ucrtbase.dll
0x00007ffab8030000 - 0x00007ffab804b000 	C:\Users\Алекс\.openjfx\cache\19+11\amd64\vcruntime140.dll
0x00007ffabc710000 - 0x00007ffabc71c000 	C:\Users\Алекс\.openjfx\cache\19+11\amd64\vcruntime140_1.dll
0x00007ffa95050000 - 0x00007ffa950de000 	C:\Users\Алекс\.openjfx\cache\19+11\amd64\msvcp140.dll
0x00007ffab9f50000 - 0x00007ffab9f59000 	C:\Users\Алекс\.openjfx\cache\19+11\amd64\msvcp140_1.dll
0x00007ffab7d90000 - 0x00007ffab7dc0000 	C:\Users\Алекс\.openjfx\cache\19+11\amd64\msvcp140_2.dll
0x00007ffaaeee0000 - 0x00007ffaaef0c000 	C:\Users\Алекс\.openjfx\cache\19+11\amd64\prism_d3d.dll
0x00007ffac1130000 - 0x00007ffac12d9000 	C:\WINDOWS\system32\d3d9.dll
0x00007ffacc7a0000 - 0x00007ffacc7cb000 	C:\WINDOWS\SYSTEM32\dwmapi.dll
0x00007ffacef70000 - 0x00007ffacefa6000 	C:\WINDOWS\SYSTEM32\dxcore.dll
0x00007ffacc560000 - 0x00007ffacc60b000 	C:\WINDOWS\system32\uxtheme.dll
0x00007ffac0330000 - 0x00007ffac04d8000 	C:\WINDOWS\System32\DriverStore\FileRepository\iigd_dch.inf_amd64_e04d20469f199b2b\igdumdim64.dll
0x00007ffad2ab0000 - 0x00007ffad2c4f000 	C:\WINDOWS\System32\ole32.dll
0x00007ffa592b0000 - 0x00007ffa5ced1000 	C:\WINDOWS\System32\DriverStore\FileRepository\iigd_dch.inf_amd64_e04d20469f199b2b\igd9dxva64.dll
0x00007ffad33a0000 - 0x00007ffad3814000 	C:\WINDOWS\System32\SETUPAPI.dll
0x00007ffad1b00000 - 0x00007ffad1b4e000 	C:\WINDOWS\SYSTEM32\cfgmgr32.dll
0x00007ffac34c0000 - 0x00007ffac3888000 	C:\WINDOWS\System32\DriverStore\FileRepository\iigd_dch.inf_amd64_e04d20469f199b2b\igdgmm64.dll
0x00007ffac9a20000 - 0x00007ffac9a6a000 	C:\WINDOWS\SYSTEM32\directxdatabasehelper.dll
0x00007ffaaee90000 - 0x00007ffaaeed2000 	C:\Users\Алекс\.openjfx\cache\19+11\amd64\glass.dll
0x00007ffad29b0000 - 0x00007ffad2aa9000 	C:\WINDOWS\System32\COMDLG32.dll
0x00007ffad47e0000 - 0x00007ffad492c000 	C:\WINDOWS\System32\MSCTF.dll
0x00007ffa7d380000 - 0x00007ffa7d3a7000 	C:\WINDOWS\System32\DriverStore\FileRepository\iigd_dch.inf_amd64_e04d20469f199b2b\igdinfo64.dll
0x00007ffabc8d0000 - 0x00007ffabfed5000 	C:\WINDOWS\System32\DriverStore\FileRepository\iigd_dch.inf_amd64_e04d20469f199b2b\igc64.dll
0x00007ffaaaf60000 - 0x00007ffaaaf74000 	C:\Users\Алекс\.openjfx\cache\19+11\amd64\javafx_font.dll
0x00007ffacb000000 - 0x00007ffacb273000 	C:\WINDOWS\SYSTEM32\dwrite.dll
0x00007ffad3100000 - 0x00007ffad31b0000 	C:\WINDOWS\System32\clbcatq.dll
0x00007ffacaa60000 - 0x00007ffacac10000 	C:\WINDOWS\SYSTEM32\WindowsCodecs.dll
0x00007ffa994d0000 - 0x00007ffa9952e000 	C:\WINDOWS\system32\dataexchange.dll
0x00007ffac6470000 - 0x00007ffac66f5000 	C:\WINDOWS\system32\twinapi.appcore.dll
0x00007ffab9fd0000 - 0x00007ffaba002000 	C:\Program Files\Common Files\Microsoft Shared\Ink\rtscom.dll
0x00007ffab7400000 - 0x00007ffab754a000 	C:\WINDOWS\SYSTEM32\textinputframework.dll
0x00007ffacc140000 - 0x00007ffacc273000 	C:\WINDOWS\SYSTEM32\CoreMessaging.dll
0x00007ffac74c0000 - 0x00007ffac782c000 	C:\WINDOWS\SYSTEM32\CoreUIComponents.dll
0x00007ffad1610000 - 0x00007ffad161c000 	C:\WINDOWS\SYSTEM32\CRYPTBASE.DLL
0x00007ffacb280000 - 0x00007ffacb86e000 	C:\WINDOWS\SYSTEM32\d2d1.dll
0x00007ffacb870000 - 0x00007ffacbac7000 	C:\WINDOWS\SYSTEM32\d3d11.dll
0x00007ffacc690000 - 0x00007ffacc788000 	C:\WINDOWS\SYSTEM32\dxgi.dll
0x00007ffac6b00000 - 0x00007ffac7211000 	C:\WINDOWS\SYSTEM32\D3D10Warp.dll

dbghelp: loaded successfully - version: 4.0.5 - missing functions: none
symbol engine: initialized successfully - sym options: 0x614 - pdb path: .;C:\Program Files\Java\jdk-21\bin;C:\WINDOWS\SYSTEM32;C:\WINDOWS\WinSxS\amd64_microsoft.windows.common-controls_6595b64144ccf1df_6.0.22621.2361_none_2712ced57382f843;C:\Program Files\Java\jdk-21\bin\server;C:\Program Files\JetBrains\IntelliJ IDEA 2022.3.1\bin;C:\Users\Алекс\.openjfx\cache\19+11\amd64;C:\WINDOWS\System32\DriverStore\FileRepository\iigd_dch.inf_amd64_e04d20469f199b2b;C:\Program Files\Common Files\Microsoft Shared\Ink

VM Arguments:
jvm_args: -javaagent:C:\Program Files\JetBrains\IntelliJ IDEA 2022.3.1\lib\idea_rt.jar=51747:C:\Program Files\JetBrains\IntelliJ IDEA 2022.3.1\bin -Dfile.encoding=UTF-8 -Dsun.stdout.encoding=UTF-8 -Dsun.stderr.encoding=UTF-8 --module-path=C:\Users\Алекс\.m2\repository\org\openjfx\javafx-fxml\19\javafx-fxml-19-win.jar;C:\Users\Алекс\.m2\repository\org\openjfx\javafx-base\19\javafx-base-19-win.jar;C:\Users\Алекс\.m2\repository\org\openjfx\javafx-controls\19\javafx-controls-19-win.jar;C:\Users\Алекс\.m2\repository\org\openjfx\javafx-graphics\19\javafx-graphics-19-win.jar;C:\Users\Алекс\IdeaProjects\FirstApp\target\classes -Djdk.module.main=com.example.firstapp 
java_command: com.example.firstapp/com.example.firstapp.HelloApplication
java_class_path (initial): C:\Users\Алекс\.m2\repository\org\openjfx\javafx-controls\19\javafx-controls-19.jar;C:\Users\Алекс\.m2\repository\org\openjfx\javafx-graphics\19\javafx-graphics-19.jar;C:\Users\Алекс\.m2\repository\org\openjfx\javafx-base\19\javafx-base-19.jar;C:\Users\Алекс\.m2\repository\org\openjfx\javafx-fxml\19\javafx-fxml-19.jar
Launcher Type: SUN_STANDARD

[Global flags]
     intx CICompilerCount                          = 4                                         {product} {ergonomic}
     uint ConcGCThreads                            = 2                                         {product} {ergonomic}
     uint G1ConcRefinementThreads                  = 8                                         {product} {ergonomic}
   size_t G1HeapRegionSize                         = 2097152                                   {product} {ergonomic}
    uintx GCDrainStackTargetSize                   = 64                                        {product} {ergonomic}
   size_t InitialHeapSize                          = 264241152                                 {product} {ergonomic}
   size_t MarkStackSize                            = 4194304                                   {product} {ergonomic}
   size_t MaxHeapSize                              = 4215275520                                {product} {ergonomic}
   size_t MaxNewSize                               = 2529165312                                {product} {ergonomic}
   size_t MinHeapDeltaBytes                        = 2097152                                   {product} {ergonomic}
   size_t MinHeapSize                              = 8388608                                   {product} {ergonomic}
    uintx NonNMethodCodeHeapSize                   = 5839372                                {pd product} {ergonomic}
    uintx NonProfiledCodeHeapSize                  = 122909434                              {pd product} {ergonomic}
    uintx ProfiledCodeHeapSize                     = 122909434                              {pd product} {ergonomic}
    uintx ReservedCodeCacheSize                    = 251658240                              {pd product} {ergonomic}
     bool SegmentedCodeCache                       = true                                      {product} {ergonomic}
   size_t SoftMaxHeapSize                          = 4215275520                             {manageable} {ergonomic}
     bool UseCompressedOops                        = true                           {product lp64_product} {ergonomic}
     bool UseG1GC                                  = true                                      {product} {ergonomic}
     bool UseLargePagesIndividualAllocation        = false                                  {pd product} {ergonomic}

Logging:
Log output configuration:
 #0: stdout all=off uptime,level,tags foldmultilines=false
 #1: stderr all=off uptime,level,tags foldmultilines=false

Environment Variables:
JAVA_HOME=C:\Program Files\Java\jdk-21
PATH=C:\WINDOWS\system32;C:\WINDOWS;C:\WINDOWS\System32\Wbem;C:\WINDOWS\System32\WindowsPowerShell\v1.0\;C:\WINDOWS\System32\OpenSSH\;C:\Program Files\Git\cmd;C:\Program Files\Cloudflare\Cloudflare WARP\;C:\apache-tomcat-10\bin;C:\Program Files\Java\jdk-21\bin;C:\Program Files\PowerShell\7\;C:\Users\Алекс\AppData\Local\Programs\Python\Python311\Scripts\;C:\Users\Алекс\AppData\Local\Programs\Python\Python311\;C:\Users\Алекс\AppData\Local\Microsoft\WindowsApps;C:\Users\Алекс\AppData\Local\GitHubDesktop\bin;C:\Users\Алекс\AppData\Local\Programs\Microsoft VS Code\bin;
USERNAME=Алекс
OS=Windows_NT
PROCESSOR_IDENTIFIER=Intel64 Family 6 Model 140 Stepping 1, GenuineIntel
TMP=C:\Users\E47B~1\AppData\Local\Temp
TEMP=C:\Users\E47B~1\AppData\Local\Temp




Periodic native trim disabled

---------------  S Y S T E M  ---------------

OS:
 Windows 11 , 64 bit Build 22621 (10.0.22621.2428)
OS uptime: 0 days 3:28 hours
Hyper-V role detected

CPU: total 8 (initial active 8) (4 cores per cpu, 2 threads per core) family 6 model 140 stepping 1 microcode 0x86, cx8, cmov, fxsr, ht, mmx, 3dnowpref, sse, sse2, sse3, ssse3, sse4.1, sse4.2, popcnt, lzcnt, tsc, tscinvbit, avx, avx2, aes, erms, clmul, bmi1, bmi2, adx, avx512f, avx512dq, avx512cd, avx512bw, avx512vl, sha, fma, vzeroupper, avx512_vpopcntdq, avx512_vpclmulqdq, avx512_vaes, avx512_vnni, clflush, clflushopt, clwb, avx512_vbmi2, avx512_vbmi, hv, rdtscp, rdpid, fsrm, gfni, avx512_bitalg, f16c, cet_ibt, cet_ss, avx512_ifma
Processor Information for all 8 processors :
  Max Mhz: 3110, Current Mhz: 3110, Mhz Limit: 3110

Memory: 4k page, system-wide physical 16075M (6266M free)
TotalPageFile size 17803M (AvailPageFile size 4253M)
current process WorkingSet (physical memory assigned to process): 179M, peak: 203M
current process commit charge ("private bytes"): 417M, peak: 442M

vm_info: Java HotSpot(TM) 64-Bit Server VM (21.0.1+12-LTS-29) for windows-amd64 JRE (21.0.1+12-LTS-29), built on 2023-10-05T13:27:09Z by "mach5one" with MS VC++ 17.1 (VS2022)

END.
