#
# A fatal error has been detected by the Java Runtime Environment:
#
#  EXCEPTION_ACCESS_VIOLATION (0xc0000005) at pc=0x00007ffaaeeb63b7, pid=5696, tid=12872
#
# JRE version: Java(TM) SE Runtime Environment (21.0.1+12) (build 21.0.1+12-LTS-29)
# Java VM: Java HotSpot(TM) 64-Bit Server VM (21.0.1+12-LTS-29, mixed mode, sharing, tiered, compressed oops, compressed class ptrs, g1 gc, windows-amd64)
# Problematic frame:
# C  [glass.dll+0x263b7]
#
# No core dump will be written. Minidumps are not enabled by default on client versions of Windows
#
# If you would like to submit a bug report, please visit:
#   https://bugreport.java.com/bugreport/crash.jsp
#

---------------  S U M M A R Y ------------

Command Line: -javaagent:C:\Program Files\JetBrains\IntelliJ IDEA 2022.3.1\lib\idea_rt.jar=53836:C:\Program Files\JetBrains\IntelliJ IDEA 2022.3.1\bin -Dfile.encoding=UTF-8 -Dsun.stdout.encoding=UTF-8 -Dsun.stderr.encoding=UTF-8 --module-path=C:\Users\Алекс\.m2\repository\org\openjfx\javafx-controls\19\javafx-controls-19-win.jar;C:\Users\Алекс\.m2\repository\org\openjfx\javafx-fxml\19\javafx-fxml-19-win.jar;C:\Users\Алекс\IdeaProjects\FirstApp\target\classes;C:\Users\Алекс\.m2\repository\org\openjfx\javafx-base\19\javafx-base-19-win.jar;C:\Users\Алекс\.m2\repository\org\openjfx\javafx-graphics\19\javafx-graphics-19-win.jar -Djdk.module.main=com.example.firstapp com.example.firstapp/com.example.firstapp.HelloApplication

Host: 11th Gen Intel(R) Core(TM) i5-11300H @ 3.10GHz, 8 cores, 15G,  Windows 11 , 64 bit Build 22621 (10.0.22621.2428)
Time: Tue Nov  7 20:08:11 2023  Windows 11 , 64 bit Build 22621 (10.0.22621.2428) elapsed time: 14836.168052 seconds (0d 4h 7m 16s)

---------------  T H R E A D  ---------------

Current thread (0x000002605f7c5750):  VMThread "VM Thread"          [id=12872, stack(0x000000b4d2f00000,0x000000b4d3000000) (1024K)]

Stack: [0x000000b4d2f00000,0x000000b4d3000000],  sp=0x000000b4d2fff3a0,  free space=1020k
Native frames: (J=compiled Java code, j=interpreted, Vv=VM code, C=native code)
C  [glass.dll+0x263b7]


siginfo: EXCEPTION_ACCESS_VIOLATION (0xc0000005), reading address 0x0000000000000000


Registers:
RAX=0x0000000000000000, RBX=0x000002605f7d05ea, RCX=0x000002605f7c5750, RDX=0x000000b4d2fff3a0
RSP=0x000000b4d2fff3a0, RBP=0x00000260a5a050b8, RSI=0x000000b4d2fff4a8, RDI=0x00000260a5a05090
R8 =0x0000000000010002, R9 =0x00000260a5a05090, R10=0x85f13e9656da4870, R11=0x000000b4d2fff330
R12=0x00007ffaaeeb3cf0, R13=0x00007ffa8d4a1fa0, R14=0x0000e485a04df14a, R15=0x00000260a5a05090
RIP=0x00007ffaaeeb63b7, EFLAGS=0x0000000000010202


Register to memory mapping:

RAX=0x0 is null
RBX=0x000002605f7d05ea is a global jni handle
RCX=0x000002605f7c5750 points into unknown readable memory: 0x00007ffa8d2b3f88 | 88 3f 2b 8d fa 7f 00 00
RDX=0x000000b4d2fff3a0 points into unknown readable memory: 0x0000000000000000 | 00 00 00 00 00 00 00 00
RSP=0x000000b4d2fff3a0 points into unknown readable memory: 0x0000000000000000 | 00 00 00 00 00 00 00 00
RBP=0x00000260a5a050b8 points into unknown readable memory: 0x0000e485a04df14a | 4a f1 4d a0 85 e4 00 00
RSI=0x000000b4d2fff4a8 points into unknown readable memory: 0x000000b4d2fff490 | 90 f4 ff d2 b4 00 00 00
RDI=0x00000260a5a05090 points into unknown readable memory: 0x01ff0e3e0cadd14a | 4a d1 ad 0c 3e 0e ff 01
R8 =0x0000000000010002 is an unknown value
R9 =0x00000260a5a05090 points into unknown readable memory: 0x01ff0e3e0cadd14a | 4a d1 ad 0c 3e 0e ff 01
R10=0x85f13e9656da4870 is an unknown value
R11=0x000000b4d2fff330 points into unknown readable memory: 0x00000260a5a05090 | 90 50 a0 a5 60 02 00 00
R12=0x00007ffaaeeb3cf0 glass.dll
R13=0x00007ffa8d4a1fa0 jvm.dll
R14=0x0000e485a04df14a is an unknown value
R15=0x00000260a5a05090 points into unknown readable memory: 0x01ff0e3e0cadd14a | 4a d1 ad 0c 3e 0e ff 01

Top of Stack: (sp=0x000000b4d2fff3a0)
0x000000b4d2fff3a0:   0000000000000000 000000b4d2fff4a8
0x000000b4d2fff3b0:   00007ffa8d4a1fa0 00007ffaaeeb3cf0
0x000000b4d2fff3c0:   00000260a5a05098 00007ffad26f3a83
0x000000b4d2fff3d0:   00000260a5a05090 0000026000000000
0x000000b4d2fff3e0:   00000260a5a050b8 000000b4d2fff4a8
0x000000b4d2fff3f0:   fffffffffffffffe 0000000000000000
0x000000b4d2fff400:   0000000000000001 00007ffaaee90000
0x000000b4d2fff410:   000000b4d2fff498 00007ffad26c006e
0x000000b4d2fff420:   0000000000000000 000000b4d2fff4a8
0x000000b4d2fff430:   000000b4d2fff790 0000000000000001
0x000000b4d2fff440:   0000000000000001 00007ffad26bda1d
0x000000b4d2fff450:   0000000000000000 00007ffaaeeb34e9
0x000000b4d2fff460:   0000000000000000 000000b4d2fff498
0x000000b4d2fff470:   fffffffffffffffe 000000b4d2fff700
0x000000b4d2fff480:   0000000000000000 00007ffaaeeb3b7d
0x000000b4d2fff490:   00007ffaaeec9f88 00007ffa00000002
0x000000b4d2fff4a0:   0000000000000002 000000b4d2fff490
0x000000b4d2fff4b0:   0000000000000000 00007ffad4ab85f3
0x000000b4d2fff4c0:   0000000000000000 00007ffaaeeb3ca2
0x000000b4d2fff4d0:   0000000000000001 0000000000000001
0x000000b4d2fff4e0:   000000b4d2fff790 0000000000000001
0x000000b4d2fff4f0:   0000000000000001 00007ffad1612223
0x000000b4d2fff500:   00007ffa00000001 0000000000000000
0x000000b4d2fff510:   00007ffaaee90000 000000007ffe0384
0x000000b4d2fff520:   0000000000000000 00007ffad4ab868f
0x000000b4d2fff530:   00007ffaaee90000 0000000000000000
0x000000b4d2fff540:   0000000000000001 000000007ffe0385
0x000000b4d2fff550:   00007ffad4bc7a20 00007ffabdbcd880
0x000000b4d2fff560:   000042d0a45c0c00 00007ffabc8d0000
0x000000b4d2fff570:   00007ffaaeeb3cf0 0000000000000000
0x000000b4d2fff580:   0000000000000000 000000b4d223f000
0x000000b4d2fff590:   00000260a595b780 00007ffad4ae1096 

Instructions: (pc=0x00007ffaaeeb63b7)
0x00007ffaaeeb62b7:   8b 4d 58 e8 7d cf ff ff 48 8b 4d 60 e8 74 cf ff
0x00007ffaaeeb62c7:   ff 48 8b 95 80 00 00 00 48 8b 8d 18 01 00 00 e8
0x00007ffaaeeb62d7:   66 c4 ff ff 33 d2 33 c9 e8 bc e1 ff ff 90 48 89
0x00007ffaaeeb62e7:   54 24 10 55 48 83 ec 20 48 8b ea 48 b8 00 00 00
0x00007ffaaeeb62f7:   00 00 00 00 00 48 83 c4 20 5d c3 cc 40 55 48 8b
0x00007ffaaeeb6307:   ea 48 8b 01 33 c9 81 38 05 00 00 c0 0f 94 c1 8b
0x00007ffaaeeb6317:   c1 5d c3 cc 40 55 48 83 ec 20 48 8b ea 8a 4d 40
0x00007ffaaeeb6327:   48 83 c4 20 5d e9 63 d3 ff ff cc 40 55 48 83 ec
0x00007ffaaeeb6337:   20 48 8b ea 8a 4d 20 e8 51 d3 ff ff 90 48 83 c4
0x00007ffaaeeb6347:   20 5d c3 cc 40 55 48 83 ec 20 48 8b ea 48 83 c4
0x00007ffaaeeb6357:   20 5d e9 b2 d1 ff ff cc 40 55 48 83 ec 30 48 8b
0x00007ffaaeeb6367:   ea 48 8b 01 8b 10 48 89 4c 24 28 89 54 24 20 4c
0x00007ffaaeeb6377:   8d 0d 53 d6 ff ff 4c 8b 45 70 8b 55 68 48 8b 4d
0x00007ffaaeeb6387:   60 e8 f3 d0 ff ff 90 48 83 c4 30 5d c3 cc cc cc
0x00007ffaaeeb6397:   cc cc cc cc cc cc cc cc cc 40 53 48 83 ec 20 48
0x00007ffaaeeb63a7:   8b 1d db 35 01 00 48 85 db 74 16 e8 79 8b ff ff
0x00007ffaaeeb63b7:   4c 8b 00 48 8b d3 48 8b c8 41 ff 90 b0 00 00 00
0x00007ffaaeeb63c7:   90 48 83 c4 20 5b c3 cc cc 40 53 48 83 ec 20 48
0x00007ffaaeeb63d7:   8b 1d 4b 37 01 00 48 85 db 74 57 b8 ff ff ff ff
0x00007ffaaeeb63e7:   f0 0f c1 43 10 83 f8 01 75 3d 48 85 db 74 38 48
0x00007ffaaeeb63f7:   8b 0b 48 85 c9 74 0d ff 15 a4 0e 00 00 48 c7 03
0x00007ffaaeeb6407:   00 00 00 00 48 8b 4b 08 48 85 c9 74 0d e8 23 ce
0x00007ffaaeeb6417:   ff ff 48 c7 43 08 00 00 00 00 ba 18 00 00 00 48
0x00007ffaaeeb6427:   8b cb e8 0e ce ff ff 48 c7 05 ef 36 01 00 00 00
0x00007ffaaeeb6437:   00 00 48 83 c4 20 5b c3 cc 40 53 48 83 ec 20 48
0x00007ffaaeeb6447:   8b 1d bb 36 01 00 48 85 db 74 57 b8 ff ff ff ff
0x00007ffaaeeb6457:   f0 0f c1 43 10 83 f8 01 75 3d 48 85 db 74 38 48
0x00007ffaaeeb6467:   8b 0b 48 85 c9 74 0d ff 15 34 0e 00 00 48 c7 03
0x00007ffaaeeb6477:   00 00 00 00 48 8b 4b 08 48 85 c9 74 0d e8 b3 cd
0x00007ffaaeeb6487:   ff ff 48 c7 43 08 00 00 00 00 ba 18 00 00 00 48
0x00007ffaaeeb6497:   8b cb e8 9e cd ff ff 48 c7 05 5f 36 01 00 00 00
0x00007ffaaeeb64a7:   00 00 48 83 c4 20 5b c3 cc 40 53 48 83 ec 20 48 


Stack slot to memory mapping:

stack at sp + 0 slots: 0x0 is null
stack at sp + 1 slots: 0x000000b4d2fff4a8 points into unknown readable memory: 0x000000b4d2fff490 | 90 f4 ff d2 b4 00 00 00
stack at sp + 2 slots: 0x00007ffa8d4a1fa0 jvm.dll
stack at sp + 3 slots: 0x00007ffaaeeb3cf0 glass.dll
stack at sp + 4 slots: 0x00000260a5a05098 points into unknown readable memory: 0x0000e485a04df14a | 4a f1 4d a0 85 e4 00 00
stack at sp + 5 slots: 0x00007ffad26f3a83 ucrtbase.dll
stack at sp + 6 slots: 0x00000260a5a05090 points into unknown readable memory: 0x01ff0e3e0cadd14a | 4a d1 ad 0c 3e 0e ff 01
stack at sp + 7 slots: 0x0000026000000000 is an unknown value

VM_Operation (0x000000b4d26ff280): Exit, mode: safepoint, requested by thread 0x00000260a5d69580


---------------  P R O C E S S  ---------------

Threads class SMR info:
_java_thread_list=0x00000260a5a3e9d0, length=19, elements={
0x000002604077ef90, 0x000002605f7e3030, 0x000002605f7e3d80, 0x000002605f7e78c0,
0x000002605f7eb340, 0x000002605f7ecee0, 0x000002605f804ca0, 0x000002605f805870,
0x000002605fa14940, 0x00000260a5538d50, 0x000002605fd211b0, 0x00000260a57d39e0,
0x00000260a5955000, 0x00000260a596a340, 0x00000260a5c4d7d0, 0x00000260a5c84ff0,
0x00000260a5dc68a0, 0x00000260a5d6a2a0, 0x00000260a5d69580
}

Java Threads: ( => current thread )
  0x000002604077ef90 JavaThread "main"                              [_thread_blocked, id=17108, stack(0x000000b4d2800000,0x000000b4d2900000) (1024K)]
  0x000002605f7e3030 JavaThread "Reference Handler"          daemon [_thread_blocked, id=17096, stack(0x000000b4d3000000,0x000000b4d3100000) (1024K)]
  0x000002605f7e3d80 JavaThread "Finalizer"                  daemon [_thread_blocked, id=17088, stack(0x000000b4d3100000,0x000000b4d3200000) (1024K)]
  0x000002605f7e78c0 JavaThread "Attach Listener"            daemon [_thread_blocked, id=6140, stack(0x000000b4d3300000,0x000000b4d3400000) (1024K)]
  0x000002605f7eb340 JavaThread "Service Thread"             daemon [_thread_blocked, id=11032, stack(0x000000b4d3400000,0x000000b4d3500000) (1024K)]
  0x000002605f7ecee0 JavaThread "Monitor Deflation Thread"   daemon [_thread_blocked, id=18560, stack(0x000000b4d3500000,0x000000b4d3600000) (1024K)]
  0x000002605f804ca0 JavaThread "C2 CompilerThread0"         daemon [_thread_blocked, id=16532, stack(0x000000b4d3600000,0x000000b4d3700000) (1024K)]
  0x000002605f805870 JavaThread "C1 CompilerThread0"         daemon [_thread_blocked, id=18232, stack(0x000000b4d3700000,0x000000b4d3800000) (1024K)]
  0x000002605fa14940 JavaThread "Common-Cleaner"             daemon [_thread_blocked, id=20208, stack(0x000000b4d3800000,0x000000b4d3900000) (1024K)]
  0x00000260a5538d50 JavaThread "Monitor Ctrl-Break"         daemon [_thread_in_native, id=7756, stack(0x000000b4d3b00000,0x000000b4d3c00000) (1024K)]
  0x000002605fd211b0 JavaThread "Notification Thread"        daemon [_thread_blocked, id=2092, stack(0x000000b4d3c00000,0x000000b4d3d00000) (1024K)]
  0x00000260a57d39e0 JavaThread "QuantumRenderer-0"          daemon [_thread_blocked, id=16044, stack(0x000000b4d3d00000,0x000000b4d3e00000) (1024K)]
  0x00000260a5955000 JavaThread "InvokeLaterDispatcher"      daemon [_thread_blocked, id=17428, stack(0x000000b4d3e00000,0x000000b4d3f00000) (1024K)]
  0x00000260a596a340 JavaThread "JavaFX Application Thread"         [_thread_in_native, id=15068, stack(0x000000b4d3f00000,0x000000b4d4000000) (1024K)]
  0x00000260a5c4d7d0 JavaThread "JavaFX-Launcher"                   [_thread_blocked, id=6060, stack(0x000000b4d4400000,0x000000b4d4500000) (1024K)]
  0x00000260a5c84ff0 JavaThread "Thread-2"                   daemon [_thread_in_native, id=13236, stack(0x000000b4d4300000,0x000000b4d4400000) (1024K)]
  0x00000260a5dc68a0 JavaThread "Prism Font Disposer"        daemon [_thread_blocked, id=19288, stack(0x000000b4d4a00000,0x000000b4d4b00000) (1024K)]
  0x00000260a5d6a2a0 JavaThread "Cleaner-0"                  daemon [_thread_blocked, id=3836, stack(0x000000b4d5100000,0x000000b4d5200000) (1024K)]
  0x00000260a5d69580 JavaThread "SIGINT handler"             daemon [_thread_blocked, id=20036, stack(0x000000b4d2600000,0x000000b4d2700000) (1024K)]
Total: 19

Other Threads:
=>0x000002605f7c5750 VMThread "VM Thread"                           [id=12872, stack(0x000000b4d2f00000,0x000000b4d3000000) (1024K)]
  0x00000260407e74a0 WorkerThread "GC Thread#0"                     [id=19880, stack(0x000000b4d2900000,0x000000b4d2a00000) (1024K)]
  0x00000260a5c4bae0 WorkerThread "GC Thread#1"                     [id=7216, stack(0x000000b4d4500000,0x000000b4d4600000) (1024K)]
  0x00000260a5c4c5c0 WorkerThread "GC Thread#2"                     [id=17496, stack(0x000000b4d4600000,0x000000b4d4700000) (1024K)]
  0x00000260a5c4be80 WorkerThread "GC Thread#3"                     [id=19696, stack(0x000000b4d4700000,0x000000b4d4800000) (1024K)]
  0x00000260a5c4c220 WorkerThread "GC Thread#4"                     [id=15056, stack(0x000000b4d4800000,0x000000b4d4900000) (1024K)]
  0x00000260a5c4b000 WorkerThread "GC Thread#5"                     [id=17836, stack(0x000000b4d4900000,0x000000b4d4a00000) (1024K)]
  0x00000260a5d34ab0 WorkerThread "GC Thread#6"                     [id=17144, stack(0x000000b4d3900000,0x000000b4d3a00000) (1024K)]
  0x00000260a5d351f0 WorkerThread "GC Thread#7"                     [id=16636, stack(0x000000b4d5200000,0x000000b4d5300000) (1024K)]
  0x00000260407f8170 ConcurrentGCThread "G1 Main Marker"            terminated
  0x00000260407f9410 WorkerThread "G1 Conc#0"                       [id=2384, stack(0x000000b4d2b00000,0x000000b4d2c00000) (1024K)]
  0x000002604084dff0 ConcurrentGCThread "G1 Refine#0"               terminated
  0x000002604084eb60 ConcurrentGCThread "G1 Service"                terminated
Total: 13

Threads with active compile tasks:
Total: 0

VM state: at safepoint (shutting down)

VM Mutex/Monitor currently owned by a thread:  ([mutex/lock_event])
[0x00007ffa8d47a5f8] Threads_lock - owner thread: 0x000002605f7c5750
[0x00007ffa8d47a6f8] Heap_lock - owner thread: 0x00000260a5d69580

Heap address: 0x0000000704c00000, size: 4020 MB, Compressed Oops mode: Zero based, Oop shift amount: 3

CDS archive(s) mapped at: [0x0000026060000000-0x0000026060c90000-0x0000026060c90000), size 13172736, SharedBaseAddress: 0x0000026060000000, ArchiveRelocationMode: 1.
Compressed class space mapped at: 0x0000026061000000-0x00000260a1000000, reserved size: 1073741824
Narrow klass base: 0x0000026060000000, Narrow klass shift: 0, Narrow klass range: 0x100000000

GC Precious Log:
 CardTable entry size: 512
 Card Set container configuration: InlinePtr #cards 4 size 8 Array Of Cards #cards 16 size 48 Howl #buckets 8 coarsen threshold 3686 Howl Bitmap #cards 512 size 80 coarsen threshold 460 Card regions per heap region 1 cards per card region 4096
 CPUs: 8 total, 8 available
 Memory: 16075M
 Large Page Support: Disabled
 NUMA Support: Disabled
 Compressed Oops: Enabled (Zero based)
 Heap Region Size: 2M
 Heap Min Capacity: 8M
 Heap Initial Capacity: 252M
 Heap Max Capacity: 4020M
 Pre-touch: Disabled
 Parallel Workers: 8
 Concurrent Workers: 2
 Concurrent Refinement Workers: 8
 Periodic GC: Disabled

Heap:
 garbage-first heap   total 258048K, used 23427K [0x0000000704c00000, 0x0000000800000000)
  region size 2048K, 9 young (18432K), 3 survivors (6144K)
 Metaspace       used 14691K, committed 14976K, reserved 1114112K
  class space    used 1926K, committed 2048K, reserved 1048576K

Heap Regions: E=young(eden), S=young(survivor), O=old, HS=humongous(starts), HC=humongous(continues), CS=collection set, F=free, TAMS=top-at-mark-start, PB=parsable bottom
|   0|0x0000000704c00000, 0x0000000704e00000, 0x0000000704e00000|100%|HS|  |TAMS 0x0000000704c00000| PB 0x0000000704c00000| Complete 
|   1|0x0000000704e00000, 0x0000000704ee0d78, 0x0000000705000000| 43%| O|  |TAMS 0x0000000704e00000| PB 0x0000000704e00000| Untracked 
|   2|0x0000000705000000, 0x0000000705200000, 0x0000000705200000|100%|HS|  |TAMS 0x0000000705000000| PB 0x0000000705000000| Complete 
|   3|0x0000000705200000, 0x0000000705400000, 0x0000000705400000|100%|HC|  |TAMS 0x0000000705200000| PB 0x0000000705200000| Complete 
|   4|0x0000000705400000, 0x0000000705400000, 0x0000000705600000|  0%| F|  |TAMS 0x0000000705400000| PB 0x0000000705400000| Untracked 
|   5|0x0000000705600000, 0x0000000705600000, 0x0000000705800000|  0%| F|  |TAMS 0x0000000705600000| PB 0x0000000705600000| Untracked 
|   6|0x0000000705800000, 0x0000000705800000, 0x0000000705a00000|  0%| F|  |TAMS 0x0000000705800000| PB 0x0000000705800000| Untracked 
|   7|0x0000000705a00000, 0x0000000705a00000, 0x0000000705c00000|  0%| F|  |TAMS 0x0000000705a00000| PB 0x0000000705a00000| Untracked 
|   8|0x0000000705c00000, 0x0000000705c00000, 0x0000000705e00000|  0%| F|  |TAMS 0x0000000705c00000| PB 0x0000000705c00000| Untracked 
|   9|0x0000000705e00000, 0x0000000705e00000, 0x0000000706000000|  0%| F|  |TAMS 0x0000000705e00000| PB 0x0000000705e00000| Untracked 
|  10|0x0000000706000000, 0x0000000706000000, 0x0000000706200000|  0%| F|  |TAMS 0x0000000706000000| PB 0x0000000706000000| Untracked 
|  11|0x0000000706200000, 0x0000000706200000, 0x0000000706400000|  0%| F|  |TAMS 0x0000000706200000| PB 0x0000000706200000| Untracked 
|  12|0x0000000706400000, 0x0000000706400000, 0x0000000706600000|  0%| F|  |TAMS 0x0000000706400000| PB 0x0000000706400000| Untracked 
|  13|0x0000000706600000, 0x0000000706600000, 0x0000000706800000|  0%| F|  |TAMS 0x0000000706600000| PB 0x0000000706600000| Untracked 
|  14|0x0000000706800000, 0x0000000706800000, 0x0000000706a00000|  0%| F|  |TAMS 0x0000000706800000| PB 0x0000000706800000| Untracked 
|  15|0x0000000706a00000, 0x0000000706a00000, 0x0000000706c00000|  0%| F|  |TAMS 0x0000000706a00000| PB 0x0000000706a00000| Untracked 
|  16|0x0000000706c00000, 0x0000000706c00000, 0x0000000706e00000|  0%| F|  |TAMS 0x0000000706c00000| PB 0x0000000706c00000| Untracked 
|  17|0x0000000706e00000, 0x0000000706e00000, 0x0000000707000000|  0%| F|  |TAMS 0x0000000706e00000| PB 0x0000000706e00000| Untracked 
|  18|0x0000000707000000, 0x0000000707000000, 0x0000000707200000|  0%| F|  |TAMS 0x0000000707000000| PB 0x0000000707000000| Untracked 
|  19|0x0000000707200000, 0x0000000707200000, 0x0000000707400000|  0%| F|  |TAMS 0x0000000707200000| PB 0x0000000707200000| Untracked 
|  20|0x0000000707400000, 0x0000000707400000, 0x0000000707600000|  0%| F|  |TAMS 0x0000000707400000| PB 0x0000000707400000| Untracked 
|  21|0x0000000707600000, 0x0000000707600000, 0x0000000707800000|  0%| F|  |TAMS 0x0000000707600000| PB 0x0000000707600000| Untracked 
|  22|0x0000000707800000, 0x0000000707800000, 0x0000000707a00000|  0%| F|  |TAMS 0x0000000707800000| PB 0x0000000707800000| Untracked 
|  23|0x0000000707a00000, 0x0000000707a00000, 0x0000000707c00000|  0%| F|  |TAMS 0x0000000707a00000| PB 0x0000000707a00000| Untracked 
|  24|0x0000000707c00000, 0x0000000707c00000, 0x0000000707e00000|  0%| F|  |TAMS 0x0000000707c00000| PB 0x0000000707c00000| Untracked 
|  25|0x0000000707e00000, 0x0000000707e00000, 0x0000000708000000|  0%| F|  |TAMS 0x0000000707e00000| PB 0x0000000707e00000| Untracked 
|  26|0x0000000708000000, 0x0000000708000000, 0x0000000708200000|  0%| F|  |TAMS 0x0000000708000000| PB 0x0000000708000000| Untracked 
|  27|0x0000000708200000, 0x0000000708200000, 0x0000000708400000|  0%| F|  |TAMS 0x0000000708200000| PB 0x0000000708200000| Untracked 
|  28|0x0000000708400000, 0x0000000708400000, 0x0000000708600000|  0%| F|  |TAMS 0x0000000708400000| PB 0x0000000708400000| Untracked 
|  29|0x0000000708600000, 0x0000000708600000, 0x0000000708800000|  0%| F|  |TAMS 0x0000000708600000| PB 0x0000000708600000| Untracked 
|  30|0x0000000708800000, 0x0000000708800000, 0x0000000708a00000|  0%| F|  |TAMS 0x0000000708800000| PB 0x0000000708800000| Untracked 
|  31|0x0000000708a00000, 0x0000000708a00000, 0x0000000708c00000|  0%| F|  |TAMS 0x0000000708a00000| PB 0x0000000708a00000| Untracked 
|  32|0x0000000708c00000, 0x0000000708c00000, 0x0000000708e00000|  0%| F|  |TAMS 0x0000000708c00000| PB 0x0000000708c00000| Untracked 
|  33|0x0000000708e00000, 0x0000000708e00000, 0x0000000709000000|  0%| F|  |TAMS 0x0000000708e00000| PB 0x0000000708e00000| Untracked 
|  34|0x0000000709000000, 0x0000000709000000, 0x0000000709200000|  0%| F|  |TAMS 0x0000000709000000| PB 0x0000000709000000| Untracked 
|  35|0x0000000709200000, 0x0000000709200000, 0x0000000709400000|  0%| F|  |TAMS 0x0000000709200000| PB 0x0000000709200000| Untracked 
|  36|0x0000000709400000, 0x0000000709400000, 0x0000000709600000|  0%| F|  |TAMS 0x0000000709400000| PB 0x0000000709400000| Untracked 
|  37|0x0000000709600000, 0x0000000709600000, 0x0000000709800000|  0%| F|  |TAMS 0x0000000709600000| PB 0x0000000709600000| Untracked 
|  38|0x0000000709800000, 0x0000000709800000, 0x0000000709a00000|  0%| F|  |TAMS 0x0000000709800000| PB 0x0000000709800000| Untracked 
|  39|0x0000000709a00000, 0x0000000709a00000, 0x0000000709c00000|  0%| F|  |TAMS 0x0000000709a00000| PB 0x0000000709a00000| Untracked 
|  40|0x0000000709c00000, 0x0000000709c00000, 0x0000000709e00000|  0%| F|  |TAMS 0x0000000709c00000| PB 0x0000000709c00000| Untracked 
|  41|0x0000000709e00000, 0x0000000709e00000, 0x000000070a000000|  0%| F|  |TAMS 0x0000000709e00000| PB 0x0000000709e00000| Untracked 
|  42|0x000000070a000000, 0x000000070a000000, 0x000000070a200000|  0%| F|  |TAMS 0x000000070a000000| PB 0x000000070a000000| Untracked 
|  43|0x000000070a200000, 0x000000070a200000, 0x000000070a400000|  0%| F|  |TAMS 0x000000070a200000| PB 0x000000070a200000| Untracked 
|  44|0x000000070a400000, 0x000000070a400000, 0x000000070a600000|  0%| F|  |TAMS 0x000000070a400000| PB 0x000000070a400000| Untracked 
|  45|0x000000070a600000, 0x000000070a600000, 0x000000070a800000|  0%| F|  |TAMS 0x000000070a600000| PB 0x000000070a600000| Untracked 
|  46|0x000000070a800000, 0x000000070a800000, 0x000000070aa00000|  0%| F|  |TAMS 0x000000070a800000| PB 0x000000070a800000| Untracked 
|  47|0x000000070aa00000, 0x000000070aa00000, 0x000000070ac00000|  0%| F|  |TAMS 0x000000070aa00000| PB 0x000000070aa00000| Untracked 
|  48|0x000000070ac00000, 0x000000070ac00000, 0x000000070ae00000|  0%| F|  |TAMS 0x000000070ac00000| PB 0x000000070ac00000| Untracked 
|  49|0x000000070ae00000, 0x000000070ae00000, 0x000000070b000000|  0%| F|  |TAMS 0x000000070ae00000| PB 0x000000070ae00000| Untracked 
|  50|0x000000070b000000, 0x000000070b000000, 0x000000070b200000|  0%| F|  |TAMS 0x000000070b000000| PB 0x000000070b000000| Untracked 
|  51|0x000000070b200000, 0x000000070b200000, 0x000000070b400000|  0%| F|  |TAMS 0x000000070b200000| PB 0x000000070b200000| Untracked 
|  52|0x000000070b400000, 0x000000070b400000, 0x000000070b600000|  0%| F|  |TAMS 0x000000070b400000| PB 0x000000070b400000| Untracked 
|  53|0x000000070b600000, 0x000000070b600000, 0x000000070b800000|  0%| F|  |TAMS 0x000000070b600000| PB 0x000000070b600000| Untracked 
|  54|0x000000070b800000, 0x000000070b800000, 0x000000070ba00000|  0%| F|  |TAMS 0x000000070b800000| PB 0x000000070b800000| Untracked 
|  55|0x000000070ba00000, 0x000000070ba00000, 0x000000070bc00000|  0%| F|  |TAMS 0x000000070ba00000| PB 0x000000070ba00000| Untracked 
|  56|0x000000070bc00000, 0x000000070bc00000, 0x000000070be00000|  0%| F|  |TAMS 0x000000070bc00000| PB 0x000000070bc00000| Untracked 
|  57|0x000000070be00000, 0x000000070be00000, 0x000000070c000000|  0%| F|  |TAMS 0x000000070be00000| PB 0x000000070be00000| Untracked 
|  58|0x000000070c000000, 0x000000070c000000, 0x000000070c200000|  0%| F|  |TAMS 0x000000070c000000| PB 0x000000070c000000| Untracked 
|  59|0x000000070c200000, 0x000000070c200000, 0x000000070c400000|  0%| F|  |TAMS 0x000000070c200000| PB 0x000000070c200000| Untracked 
|  60|0x000000070c400000, 0x000000070c400000, 0x000000070c600000|  0%| F|  |TAMS 0x000000070c400000| PB 0x000000070c400000| Untracked 
|  61|0x000000070c600000, 0x000000070c600000, 0x000000070c800000|  0%| F|  |TAMS 0x000000070c600000| PB 0x000000070c600000| Untracked 
|  62|0x000000070c800000, 0x000000070c800000, 0x000000070ca00000|  0%| F|  |TAMS 0x000000070c800000| PB 0x000000070c800000| Untracked 
|  63|0x000000070ca00000, 0x000000070ca00000, 0x000000070cc00000|  0%| F|  |TAMS 0x000000070ca00000| PB 0x000000070ca00000| Untracked 
|  64|0x000000070cc00000, 0x000000070cc00000, 0x000000070ce00000|  0%| F|  |TAMS 0x000000070cc00000| PB 0x000000070cc00000| Untracked 
|  65|0x000000070ce00000, 0x000000070ce00000, 0x000000070d000000|  0%| F|  |TAMS 0x000000070ce00000| PB 0x000000070ce00000| Untracked 
|  66|0x000000070d000000, 0x000000070d000000, 0x000000070d200000|  0%| F|  |TAMS 0x000000070d000000| PB 0x000000070d000000| Untracked 
|  67|0x000000070d200000, 0x000000070d200000, 0x000000070d400000|  0%| F|  |TAMS 0x000000070d200000| PB 0x000000070d200000| Untracked 
|  68|0x000000070d400000, 0x000000070d400000, 0x000000070d600000|  0%| F|  |TAMS 0x000000070d400000| PB 0x000000070d400000| Untracked 
|  69|0x000000070d600000, 0x000000070d600000, 0x000000070d800000|  0%| F|  |TAMS 0x000000070d600000| PB 0x000000070d600000| Untracked 
|  70|0x000000070d800000, 0x000000070d800000, 0x000000070da00000|  0%| F|  |TAMS 0x000000070d800000| PB 0x000000070d800000| Untracked 
|  71|0x000000070da00000, 0x000000070da00000, 0x000000070dc00000|  0%| F|  |TAMS 0x000000070da00000| PB 0x000000070da00000| Untracked 
|  72|0x000000070dc00000, 0x000000070dc00000, 0x000000070de00000|  0%| F|  |TAMS 0x000000070dc00000| PB 0x000000070dc00000| Untracked 
|  73|0x000000070de00000, 0x000000070de00000, 0x000000070e000000|  0%| F|  |TAMS 0x000000070de00000| PB 0x000000070de00000| Untracked 
|  74|0x000000070e000000, 0x000000070e000000, 0x000000070e200000|  0%| F|  |TAMS 0x000000070e000000| PB 0x000000070e000000| Untracked 
|  75|0x000000070e200000, 0x000000070e200000, 0x000000070e400000|  0%| F|  |TAMS 0x000000070e200000| PB 0x000000070e200000| Untracked 
|  76|0x000000070e400000, 0x000000070e400000, 0x000000070e600000|  0%| F|  |TAMS 0x000000070e400000| PB 0x000000070e400000| Untracked 
|  77|0x000000070e600000, 0x000000070e600000, 0x000000070e800000|  0%| F|  |TAMS 0x000000070e600000| PB 0x000000070e600000| Untracked 
|  78|0x000000070e800000, 0x000000070e800000, 0x000000070ea00000|  0%| F|  |TAMS 0x000000070e800000| PB 0x000000070e800000| Untracked 
|  79|0x000000070ea00000, 0x000000070ea00000, 0x000000070ec00000|  0%| F|  |TAMS 0x000000070ea00000| PB 0x000000070ea00000| Untracked 
|  80|0x000000070ec00000, 0x000000070ec00000, 0x000000070ee00000|  0%| F|  |TAMS 0x000000070ec00000| PB 0x000000070ec00000| Untracked 
|  81|0x000000070ee00000, 0x000000070ee00000, 0x000000070f000000|  0%| F|  |TAMS 0x000000070ee00000| PB 0x000000070ee00000| Untracked 
|  82|0x000000070f000000, 0x000000070f000000, 0x000000070f200000|  0%| F|  |TAMS 0x000000070f000000| PB 0x000000070f000000| Untracked 
|  83|0x000000070f200000, 0x000000070f200000, 0x000000070f400000|  0%| F|  |TAMS 0x000000070f200000| PB 0x000000070f200000| Untracked 
|  84|0x000000070f400000, 0x000000070f400000, 0x000000070f600000|  0%| F|  |TAMS 0x000000070f400000| PB 0x000000070f400000| Untracked 
|  85|0x000000070f600000, 0x000000070f600000, 0x000000070f800000|  0%| F|  |TAMS 0x000000070f600000| PB 0x000000070f600000| Untracked 
|  86|0x000000070f800000, 0x000000070f800000, 0x000000070fa00000|  0%| F|  |TAMS 0x000000070f800000| PB 0x000000070f800000| Untracked 
|  87|0x000000070fa00000, 0x000000070fa00000, 0x000000070fc00000|  0%| F|  |TAMS 0x000000070fa00000| PB 0x000000070fa00000| Untracked 
|  88|0x000000070fc00000, 0x000000070fc00000, 0x000000070fe00000|  0%| F|  |TAMS 0x000000070fc00000| PB 0x000000070fc00000| Untracked 
|  89|0x000000070fe00000, 0x000000070fe00000, 0x0000000710000000|  0%| F|  |TAMS 0x000000070fe00000| PB 0x000000070fe00000| Untracked 
|  90|0x0000000710000000, 0x0000000710000000, 0x0000000710200000|  0%| F|  |TAMS 0x0000000710000000| PB 0x0000000710000000| Untracked 
|  91|0x0000000710200000, 0x0000000710200000, 0x0000000710400000|  0%| F|  |TAMS 0x0000000710200000| PB 0x0000000710200000| Untracked 
|  92|0x0000000710400000, 0x0000000710400000, 0x0000000710600000|  0%| F|  |TAMS 0x0000000710400000| PB 0x0000000710400000| Untracked 
|  93|0x0000000710600000, 0x0000000710600000, 0x0000000710800000|  0%| F|  |TAMS 0x0000000710600000| PB 0x0000000710600000| Untracked 
|  94|0x0000000710800000, 0x0000000710800000, 0x0000000710a00000|  0%| F|  |TAMS 0x0000000710800000| PB 0x0000000710800000| Untracked 
|  95|0x0000000710a00000, 0x0000000710a00000, 0x0000000710c00000|  0%| F|  |TAMS 0x0000000710a00000| PB 0x0000000710a00000| Untracked 
|  96|0x0000000710c00000, 0x0000000710c00000, 0x0000000710e00000|  0%| F|  |TAMS 0x0000000710c00000| PB 0x0000000710c00000| Untracked 
|  97|0x0000000710e00000, 0x0000000710e00000, 0x0000000711000000|  0%| F|  |TAMS 0x0000000710e00000| PB 0x0000000710e00000| Untracked 
|  98|0x0000000711000000, 0x0000000711000000, 0x0000000711200000|  0%| F|  |TAMS 0x0000000711000000| PB 0x0000000711000000| Untracked 
|  99|0x0000000711200000, 0x0000000711200000, 0x0000000711400000|  0%| F|  |TAMS 0x0000000711200000| PB 0x0000000711200000| Untracked 
| 100|0x0000000711400000, 0x0000000711400000, 0x0000000711600000|  0%| F|  |TAMS 0x0000000711400000| PB 0x0000000711400000| Untracked 
| 101|0x0000000711600000, 0x0000000711600000, 0x0000000711800000|  0%| F|  |TAMS 0x0000000711600000| PB 0x0000000711600000| Untracked 
| 102|0x0000000711800000, 0x0000000711a00000, 0x0000000711a00000|100%| S|CS|TAMS 0x0000000711800000| PB 0x0000000711800000| Complete 
| 103|0x0000000711a00000, 0x0000000711c00000, 0x0000000711c00000|100%| S|CS|TAMS 0x0000000711a00000| PB 0x0000000711a00000| Complete 
| 104|0x0000000711c00000, 0x0000000711e00000, 0x0000000711e00000|100%| S|CS|TAMS 0x0000000711c00000| PB 0x0000000711c00000| Complete 
| 105|0x0000000711e00000, 0x0000000711e00000, 0x0000000712000000|  0%| F|  |TAMS 0x0000000711e00000| PB 0x0000000711e00000| Untracked 
| 106|0x0000000712000000, 0x0000000712000000, 0x0000000712200000|  0%| F|  |TAMS 0x0000000712000000| PB 0x0000000712000000| Untracked 
| 107|0x0000000712200000, 0x0000000712200000, 0x0000000712400000|  0%| F|  |TAMS 0x0000000712200000| PB 0x0000000712200000| Untracked 
| 108|0x0000000712400000, 0x0000000712400000, 0x0000000712600000|  0%| F|  |TAMS 0x0000000712400000| PB 0x0000000712400000| Untracked 
| 109|0x0000000712600000, 0x0000000712600000, 0x0000000712800000|  0%| F|  |TAMS 0x0000000712600000| PB 0x0000000712600000| Untracked 
| 110|0x0000000712800000, 0x0000000712800000, 0x0000000712a00000|  0%| F|  |TAMS 0x0000000712800000| PB 0x0000000712800000| Untracked 
| 111|0x0000000712a00000, 0x0000000712a00000, 0x0000000712c00000|  0%| F|  |TAMS 0x0000000712a00000| PB 0x0000000712a00000| Untracked 
| 112|0x0000000712c00000, 0x0000000712c00000, 0x0000000712e00000|  0%| F|  |TAMS 0x0000000712c00000| PB 0x0000000712c00000| Untracked 
| 113|0x0000000712e00000, 0x0000000712e00000, 0x0000000713000000|  0%| F|  |TAMS 0x0000000712e00000| PB 0x0000000712e00000| Untracked 
| 114|0x0000000713000000, 0x0000000713000000, 0x0000000713200000|  0%| F|  |TAMS 0x0000000713000000| PB 0x0000000713000000| Untracked 
| 115|0x0000000713200000, 0x0000000713200000, 0x0000000713400000|  0%| F|  |TAMS 0x0000000713200000| PB 0x0000000713200000| Untracked 
| 116|0x0000000713400000, 0x0000000713400000, 0x0000000713600000|  0%| F|  |TAMS 0x0000000713400000| PB 0x0000000713400000| Untracked 
| 117|0x0000000713600000, 0x0000000713600000, 0x0000000713800000|  0%| F|  |TAMS 0x0000000713600000| PB 0x0000000713600000| Untracked 
| 118|0x0000000713800000, 0x0000000713800000, 0x0000000713a00000|  0%| F|  |TAMS 0x0000000713800000| PB 0x0000000713800000| Untracked 
| 119|0x0000000713a00000, 0x0000000713a00000, 0x0000000713c00000|  0%| F|  |TAMS 0x0000000713a00000| PB 0x0000000713a00000| Untracked 
| 120|0x0000000713c00000, 0x0000000713d3c800, 0x0000000713e00000| 61%| E|  |TAMS 0x0000000713c00000| PB 0x0000000713c00000| Complete 
| 121|0x0000000713e00000, 0x0000000714000000, 0x0000000714000000|100%| E|CS|TAMS 0x0000000713e00000| PB 0x0000000713e00000| Complete 
| 122|0x0000000714000000, 0x0000000714200000, 0x0000000714200000|100%| E|CS|TAMS 0x0000000714000000| PB 0x0000000714000000| Complete 
| 123|0x0000000714200000, 0x0000000714400000, 0x0000000714400000|100%| E|CS|TAMS 0x0000000714200000| PB 0x0000000714200000| Complete 
| 124|0x0000000714400000, 0x0000000714600000, 0x0000000714600000|100%| E|CS|TAMS 0x0000000714400000| PB 0x0000000714400000| Complete 
| 125|0x0000000714600000, 0x0000000714800000, 0x0000000714800000|100%| E|CS|TAMS 0x0000000714600000| PB 0x0000000714600000| Complete 

Card table byte_map: [0x0000026058710000,0x0000026058ef0000] _byte_map_base: 0x0000026054eea000

Marking Bits: (CMBitMap*) 0x00000260407e7ba0
 Bits: [0x0000026058ef0000, 0x000002605cdc0000)

Polling page: 0x000002603ff50000

Metaspace:

Usage:
  Non-class:     12.47 MB used.
      Class:      1.88 MB used.
       Both:     14.35 MB used.

Virtual space:
  Non-class space:       64.00 MB reserved,      12.62 MB ( 20%) committed,  1 nodes.
      Class space:        1.00 GB reserved,       2.00 MB ( <1%) committed,  1 nodes.
             Both:        1.06 GB reserved,      14.62 MB (  1%) committed. 

Chunk freelists:
   Non-Class:  2.95 MB
       Class:  13.95 MB
        Both:  16.90 MB

MaxMetaspaceSize: unlimited
CompressedClassSpaceSize: 1.00 GB
Initial GC threshold: 21.00 MB
Current GC threshold: 21.00 MB
CDS: on
 - commit_granule_bytes: 65536.
 - commit_granule_words: 8192.
 - virtual_space_node_default_size: 8388608.
 - enlarge_chunks_in_place: 1.
 - use_allocation_guard: 0.


Internal statistics:

num_allocs_failed_limit: 0.
num_arena_births: 340.
num_arena_deaths: 0.
num_vsnodes_births: 2.
num_vsnodes_deaths: 0.
num_space_committed: 234.
num_space_uncommitted: 0.
num_chunks_returned_to_freelist: 0.
num_chunks_taken_from_freelist: 797.
num_chunk_merges: 0.
num_chunk_splits: 536.
num_chunks_enlarged: 389.
num_inconsistent_stats: 0.

CodeHeap 'non-profiled nmethods': size=120000Kb used=1157Kb max_used=1157Kb free=118843Kb
 bounds [0x00000260506b0000, 0x0000026050920000, 0x0000026057be0000]
CodeHeap 'profiled nmethods': size=120000Kb used=5076Kb max_used=5076Kb free=114923Kb
 bounds [0x0000026048be0000, 0x00000260490e0000, 0x0000026050110000]
CodeHeap 'non-nmethods': size=5760Kb used=2027Kb max_used=2046Kb free=3733Kb
 bounds [0x0000026050110000, 0x0000026050380000, 0x00000260506b0000]
 total_blobs=3606 nmethods=2799 adapters=711
 compilation: enabled
              stopped_count=0, restarted_count=0
 full_count=0

Compilation events (20 events):
Event: 11569.843 Thread 0x000002605f805870 2791       3       java.util.concurrent.locks.AbstractQueuedSynchronizer$ConditionNode::<init> (5 bytes)
Event: 11569.843 Thread 0x000002605f805870 nmethod 2791 0x00000260490d0410 code [0x00000260490d05c0, 0x00000260490d0788]
Event: 11569.843 Thread 0x000002605f805870 2792       3       java.util.concurrent.locks.AbstractQueuedSynchronizer$ConditionObject::enableWait (84 bytes)
Event: 11569.844 Thread 0x000002605f805870 nmethod 2792 0x00000260490d0890 code [0x00000260490d0ac0, 0x00000260490d1260]
Event: 13908.460 Thread 0x000002605f805870 2793       3       java.util.concurrent.TimeUnit::toNanos (45 bytes)
Event: 13908.461 Thread 0x000002605f805870 nmethod 2793 0x00000260490d1510 code [0x00000260490d16c0, 0x00000260490d1938]
Event: 13909.640 Thread 0x000002605f805870 2795       3       java.util.concurrent.locks.AbstractQueuedSynchronizer$ConditionObject::await (207 bytes)
Event: 13909.642 Thread 0x000002605f805870 nmethod 2795 0x00000260490d1a10 code [0x00000260490d1d20, 0x00000260490d2cc0]
Event: 13909.642 Thread 0x000002605f805870 2794       3       java.lang.ref.ReferenceQueue::await (15 bytes)
Event: 13909.643 Thread 0x000002605f805870 nmethod 2794 0x00000260490d3310 code [0x00000260490d34c0, 0x00000260490d3668]
Event: 13968.463 Thread 0x000002605f805870 2796   !   3       java.util.concurrent.locks.LockSupport::parkNanos (56 bytes)
Event: 13968.463 Thread 0x000002605f805870 nmethod 2796 0x00000260490d3790 code [0x00000260490d39a0, 0x00000260490d3df8]
Event: 14089.664 Thread 0x000002605f805870 2797       3       java.util.concurrent.locks.AbstractQueuedSynchronizer$Node::clearStatus (12 bytes)
Event: 14089.664 Thread 0x000002605f805870 nmethod 2797 0x00000260490d4010 code [0x00000260490d41c0, 0x00000260490d4360]
Event: 14089.664 Thread 0x000002605f805870 2798   !   3       java.util.concurrent.locks.AbstractQueuedSynchronizer::tryInitializeHead (66 bytes)
Event: 14089.664 Thread 0x000002605f805870 nmethod 2798 0x00000260490d4410 code [0x00000260490d4600, 0x00000260490d4c00]
Event: 14833.193 Thread 0x000002605f805870 2799       1       java.util.logging.LogManager$LoggerContext::getOwner (5 bytes)
Event: 14833.196 Thread 0x000002605f805870 nmethod 2799 0x00000260507d1110 code [0x00000260507d12a0, 0x00000260507d1370]
Event: 14833.507 Thread 0x000002605f805870 2800       3       jdk.internal.org.objectweb.asm.MethodVisitor::visitInsn (16 bytes)
Event: 14833.518 Thread 0x000002605f805870 nmethod 2800 0x00000260490d4d90 code [0x00000260490d4f40, 0x00000260490d5158]

GC Heap History (4 events):
Event: 0.548 GC heap before
{Heap before GC invocations=0 (full 0):
 garbage-first heap   total 258048K, used 22528K [0x0000000704c00000, 0x0000000800000000)
  region size 2048K, 11 young (22528K), 0 survivors (0K)
 Metaspace       used 4512K, committed 4736K, reserved 1114112K
  class space    used 501K, committed 576K, reserved 1048576K
}
Event: 0.550 GC heap after
{Heap after GC invocations=1 (full 0):
 garbage-first heap   total 258048K, used 2687K [0x0000000704c00000, 0x0000000800000000)
  region size 2048K, 2 young (4096K), 2 survivors (4096K)
 Metaspace       used 4512K, committed 4736K, reserved 1114112K
  class space    used 501K, committed 576K, reserved 1048576K
}
Event: 2.197 GC heap before
{Heap before GC invocations=1 (full 0):
 garbage-first heap   total 258048K, used 41599K [0x0000000704c00000, 0x0000000800000000)
  region size 2048K, 21 young (43008K), 2 survivors (4096K)
 Metaspace       used 13484K, committed 13824K, reserved 1114112K
  class space    used 1808K, committed 1920K, reserved 1048576K
}
Event: 2.202 GC heap after
{Heap after GC invocations=2 (full 0):
 garbage-first heap   total 258048K, used 9091K [0x0000000704c00000, 0x0000000800000000)
  region size 2048K, 3 young (6144K), 3 survivors (6144K)
 Metaspace       used 13484K, committed 13824K, reserved 1114112K
  class space    used 1808K, committed 1920K, reserved 1048576K
}

Dll operation events (20 events):
Event: 0.381 Loaded shared library C:\Users\Алекс\.openjfx\cache\19+11\amd64\api-ms-win-crt-math-l1-1-0.dll
Event: 0.383 Loaded shared library C:\Users\Алекс\.openjfx\cache\19+11\amd64\api-ms-win-crt-multibyte-l1-1-0.dll
Event: 0.385 Loaded shared library C:\Users\Алекс\.openjfx\cache\19+11\amd64\api-ms-win-crt-private-l1-1-0.dll
Event: 0.387 Loaded shared library C:\Users\Алекс\.openjfx\cache\19+11\amd64\api-ms-win-crt-process-l1-1-0.dll
Event: 0.389 Loaded shared library C:\Users\Алекс\.openjfx\cache\19+11\amd64\api-ms-win-crt-runtime-l1-1-0.dll
Event: 0.390 Loaded shared library C:\Users\Алекс\.openjfx\cache\19+11\amd64\api-ms-win-crt-stdio-l1-1-0.dll
Event: 0.392 Loaded shared library C:\Users\Алекс\.openjfx\cache\19+11\amd64\api-ms-win-crt-string-l1-1-0.dll
Event: 0.395 Loaded shared library C:\Users\Алекс\.openjfx\cache\19+11\amd64\api-ms-win-crt-time-l1-1-0.dll
Event: 0.396 Loaded shared library C:\Users\Алекс\.openjfx\cache\19+11\amd64\api-ms-win-crt-utility-l1-1-0.dll
Event: 0.407 Loaded shared library C:\Users\Алекс\.openjfx\cache\19+11\amd64\ucrtbase.dll
Event: 0.411 Loaded shared library C:\Users\Алекс\.openjfx\cache\19+11\amd64\vcruntime140.dll
Event: 0.413 Loaded shared library C:\Users\Алекс\.openjfx\cache\19+11\amd64\vcruntime140_1.dll
Event: 0.419 Loaded shared library C:\Users\Алекс\.openjfx\cache\19+11\amd64\msvcp140.dll
Event: 0.421 Loaded shared library C:\Users\Алекс\.openjfx\cache\19+11\amd64\msvcp140_1.dll
Event: 0.424 Loaded shared library C:\Users\Алекс\.openjfx\cache\19+11\amd64\msvcp140_2.dll
Event: 0.452 Loaded shared library C:\Users\Алекс\.openjfx\cache\19+11\amd64\prism_d3d.dll
Event: 0.487 Loaded shared library C:\Users\Алекс\.openjfx\cache\19+11\amd64\glass.dll
Event: 0.568 Loaded shared library C:\Program Files\Java\jdk-21\bin\jimage.dll
Event: 0.712 Loaded shared library C:\Users\Алекс\.openjfx\cache\19+11\amd64\javafx_font.dll
Event: 20.094 Loaded shared library C:\Users\Алекс\.openjfx\cache\19+11\amd64\javafx_iio.dll

Deoptimization events (20 events):
Event: 13.307 Thread 0x00000260a596a340 Uncommon trap: trap_request=0xffffff45 fr.pc=0x000002605074ee30 relative=0x0000000000000190
Event: 13.307 Thread 0x00000260a596a340 Uncommon trap: reason=unstable_if action=reinterpret pc=0x000002605074ee30 method=java.lang.String.equals(Ljava/lang/Object;)Z @ 33 c2
Event: 13.307 Thread 0x00000260a596a340 DEOPT PACKING pc=0x000002605074ee30 sp=0x000000b4d3ff6750
Event: 13.307 Thread 0x00000260a596a340 DEOPT UNPACKING pc=0x0000026050167da2 sp=0x000000b4d3ff66e0 mode 2
Event: 20.087 Thread 0x00000260a596a340 Uncommon trap: trap_request=0xffffff45 fr.pc=0x00000260506bf5a0 relative=0x00000000000001e0
Event: 20.087 Thread 0x00000260a596a340 Uncommon trap: reason=unstable_if action=reinterpret pc=0x00000260506bf5a0 method=jdk.internal.util.ArraysSupport.vectorizedHashCode(Ljava/lang/Object;IIII)I @ 2 c2
Event: 20.087 Thread 0x00000260a596a340 DEOPT PACKING pc=0x00000260506bf5a0 sp=0x000000b4d3ff3480
Event: 20.087 Thread 0x00000260a596a340 DEOPT UNPACKING pc=0x0000026050167da2 sp=0x000000b4d3ff3430 mode 2
Event: 20.095 Thread 0x00000260a596a340 Uncommon trap: trap_request=0xffffff45 fr.pc=0x0000026050737648 relative=0x0000000000000388
Event: 20.095 Thread 0x00000260a596a340 Uncommon trap: reason=unstable_if action=reinterpret pc=0x0000026050737648 method=java.io.ByteArrayInputStream.read([BII)I @ 35 c2
Event: 20.095 Thread 0x00000260a596a340 DEOPT PACKING pc=0x0000026050737648 sp=0x000000b4d3ff2ec0
Event: 20.095 Thread 0x00000260a596a340 DEOPT UNPACKING pc=0x0000026050167da2 sp=0x000000b4d3ff2e80 mode 2
Event: 20.120 Thread 0x00000260a596a340 Uncommon trap: trap_request=0xffffff45 fr.pc=0x00000260507abd20 relative=0x00000000000003c0
Event: 20.120 Thread 0x00000260a596a340 Uncommon trap: reason=unstable_if action=reinterpret pc=0x00000260507abd20 method=java.util.regex.Pattern$BmpCharPropertyGreedy.match(Ljava/util/regex/Matcher;ILjava/lang/CharSequence;)Z @ 73 c2
Event: 20.120 Thread 0x00000260a596a340 DEOPT PACKING pc=0x00000260507abd20 sp=0x000000b4d3ff31a0
Event: 20.120 Thread 0x00000260a596a340 DEOPT UNPACKING pc=0x0000026050167da2 sp=0x000000b4d3ff3140 mode 2
Event: 14833.150 Thread 0x00000260a5c84ff0 Uncommon trap: trap_request=0xffffff45 fr.pc=0x00000260507d04bc relative=0x00000000000001bc
Event: 14833.151 Thread 0x00000260a5c84ff0 Uncommon trap: reason=unstable_if action=reinterpret pc=0x00000260507d04bc method=com.sun.javafx.tk.quantum.QuantumToolkit.postPulse()V @ 7 c2
Event: 14833.155 Thread 0x00000260a5c84ff0 DEOPT PACKING pc=0x00000260507d04bc sp=0x000000b4d43ff590
Event: 14833.158 Thread 0x00000260a5c84ff0 DEOPT UNPACKING pc=0x0000026050167da2 sp=0x000000b4d43ff480 mode 2

Classes loaded (20 events):
Event: 1.103 Loading class sun/util/resources/TimeZoneNamesBundle done
Event: 1.103 Loading class sun/util/resources/cldr/TimeZoneNames done
Event: 1.103 Loading class sun/util/resources/cldr/TimeZoneNames_en
Event: 1.105 Loading class sun/util/resources/cldr/TimeZoneNames_en done
Event: 1.105 Loading class sun/util/resources/cldr/TimeZoneNames_en_US
Event: 1.105 Loading class sun/util/resources/cldr/TimeZoneNames_en_US done
Event: 1.107 Loading class sun/util/cldr/CLDRBaseLocaleDataMetaInfo$TZCanonicalIDMapHolder
Event: 1.107 Loading class sun/util/cldr/CLDRBaseLocaleDataMetaInfo$TZCanonicalIDMapHolder done
Event: 1.109 Loading class sun/util/resources/TimeZoneNames
Event: 1.109 Loading class sun/util/resources/TimeZoneNames done
Event: 1.110 Loading class sun/util/resources/TimeZoneNames_en
Event: 1.110 Loading class sun/util/resources/TimeZoneNames_en done
Event: 13.055 Loading class java/io/UnsupportedEncodingException
Event: 13.055 Loading class java/io/UnsupportedEncodingException done
Event: 20.086 Loading class java/io/SequenceInputStream
Event: 20.086 Loading class java/io/SequenceInputStream done
Event: 20.119 Loading class java/util/ComparableTimSort
Event: 20.119 Loading class java/util/ComparableTimSort done
Event: 14832.506 Loading class jdk/internal/misc/Signal$1
Event: 14832.555 Loading class jdk/internal/misc/Signal$1 done

Classes unloaded (0 events):
No events

Classes redefined (0 events):
No events

Internal exceptions (20 events):
Event: 0.759 Thread 0x00000260a596a340 Exception <a 'java/lang/ClassNotFoundException'{0x00000007137f7e28}: com/sun/glass/ui/win/themes> (0x00000007137f7e28) 
thrown [s\open\src\hotspot\share\prims\jni.cpp, line 539]
Event: 0.760 Thread 0x00000260a596a340 Exception <a 'java/lang/ClassNotFoundException'{0x00000007134000c8}: com/sun/glass/ui/win/themes_ru> (0x00000007134000c8) 
thrown [s\open\src\hotspot\share\prims\jni.cpp, line 539]
Event: 0.760 Thread 0x00000260a596a340 Exception <a 'java/lang/ClassNotFoundException'{0x0000000713401160}: com/sun/glass/ui/win/themes_ru_RU> (0x0000000713401160) 
thrown [s\open\src\hotspot\share\prims\jni.cpp, line 539]
Event: 0.816 Thread 0x00000260a596a340 Exception <a 'java/lang/NoSuchMethodError'{0x00000007133b6c80}: 'void java.lang.invoke.DirectMethodHandle$Holder.invokeStaticInit(java.lang.Object, java.lang.Object)'> (0x00000007133b6c80) 
thrown [s\open\src\hotspot\share\interpreter\linkResolver.cpp, line 773]
Event: 0.823 Thread 0x00000260a596a340 Exception <a 'java/lang/NoSuchMethodError'{0x0000000712c25c20}: 'void java.lang.invoke.DirectMethodHandle$Holder.invokeSpecial(java.lang.Object, java.lang.Object, int)'> (0x0000000712c25c20) 
thrown [s\open\src\hotspot\share\interpreter\linkResolver.cpp, line 773]
Event: 0.824 Thread 0x00000260a596a340 Exception <a 'java/lang/NoSuchMethodError'{0x0000000712c29e58}: 'int java.lang.invoke.DirectMethodHandle$Holder.invokeSpecial(java.lang.Object, java.lang.Object, java.lang.Object, int)'> (0x0000000712c29e58) 
thrown [s\open\src\hotspot\share\interpreter\linkResolver.cpp, line 773]
Event: 0.825 Thread 0x00000260a596a340 Exception <a 'java/lang/NoSuchMethodError'{0x0000000712c34258}: 'void java.lang.invoke.DelegatingMethodHandle$Holder.reinvoke_L(java.lang.Object, java.lang.Object, int)'> (0x0000000712c34258) 
thrown [s\open\src\hotspot\share\interpreter\linkResolver.cpp, line 773]
Event: 0.825 Thread 0x00000260a596a340 Exception <a 'java/lang/NoSuchMethodError'{0x0000000712c3af38}: 'int java.lang.invoke.DirectMethodHandle$Holder.invokeSpecial(java.lang.Object, java.lang.Object, java.lang.Object)'> (0x0000000712c3af38) 
thrown [s\open\src\hotspot\share\interpreter\linkResolver.cpp, line 773]
Event: 0.845 Thread 0x00000260a596a340 Implicit null exception at 0x00000260506d1de6 to 0x00000260506d1e8a
Event: 0.848 Thread 0x00000260a596a340 Implicit null exception at 0x00000260507328e2 to 0x0000026050732c2c
Event: 0.949 Thread 0x00000260a596a340 Exception <a 'java/lang/IncompatibleClassChangeError'{0x00000007127d60f0}: Found class java.lang.Object, but interface was expected> (0x00000007127d60f0) 
thrown [s\open\src\hotspot\share\interpreter\linkResolver.cpp, line 840]
Event: 0.976 Thread 0x00000260a596a340 Exception <a 'java/lang/NoSuchMethodError'{0x00000007124e60e0}: 'int java.lang.invoke.DirectMethodHandle$Holder.invokeSpecial(java.lang.Object, java.lang.Object, int)'> (0x00000007124e60e0) 
thrown [s\open\src\hotspot\share\interpreter\linkResolver.cpp, line 773]
Event: 0.988 Thread 0x00000260a596a340 Exception <a 'java/lang/NoSuchMethodError'{0x000000071258e7d0}: 'java.lang.Object java.lang.invoke.DirectMethodHandle$Holder.newInvokeSpecial(java.lang.Object, java.lang.Object, int)'> (0x000000071258e7d0) 
thrown [s\open\src\hotspot\share\interpreter\linkResolver.cpp, line 773]
Event: 1.005 Thread 0x00000260a57d39e0 Exception <a 'java/lang/NoSuchMethodError'{0x000000071228aa40}: 'int java.lang.invoke.DirectMethodHandle$Holder.invokeStaticInit(java.lang.Object, java.lang.Object)'> (0x000000071228aa40) 
thrown [s\open\src\hotspot\share\interpreter\linkResolver.cpp, line 773]
Event: 13.295 Thread 0x00000260a596a340 Exception <a 'sun/nio/fs/WindowsException'{0x00000007142e4ca0}> (0x00000007142e4ca0) 
thrown [s\open\src\hotspot\share\prims\jni.cpp, line 520]
Event: 14.902 Thread 0x00000260a596a340 Exception <a 'java/lang/NoSuchMethodError'{0x00000007140e2f88}: 'long java.lang.invoke.DirectMethodHandle$Holder.invokeStatic(java.lang.Object, java.lang.Object, java.lang.Object)'> (0x00000007140e2f88) 
thrown [s\open\src\hotspot\share\interpreter\linkResolver.cpp, line 773]
Event: 14.902 Thread 0x00000260a596a340 Exception <a 'java/lang/NoSuchMethodError'{0x00000007140e7628}: 'long java.lang.invoke.DirectMethodHandle$Holder.invokeStaticInit(java.lang.Object, java.lang.Object, java.lang.Object)'> (0x00000007140e7628) 
thrown [s\open\src\hotspot\share\interpreter\linkResolver.cpp, line 773]
Event: 14.903 Thread 0x00000260a596a340 Exception <a 'java/lang/NoSuchMethodError'{0x00000007140fd168}: 'java.lang.Object java.lang.invoke.DirectMethodHandle$Holder.newInvokeSpecial(java.lang.Object, java.lang.Object, long)'> (0x00000007140fd168) 
thrown [s\open\src\hotspot\share\interpreter\linkResolver.cpp, line 773]
Event: 14.903 Thread 0x00000260a596a340 Exception <a 'java/lang/NoSuchMethodError'{0x0000000714101a80}: 'java.lang.Object java.lang.invoke.Invokers$Holder.linkToTargetMethod(java.lang.Object, long, java.lang.Object)'> (0x0000000714101a80) 
thrown [s\open\src\hotspot\share\interpreter\linkResolver.cpp, line 773]
Event: 20.118 Thread 0x00000260a596a340 Exception <a 'java/lang/ClassCastException'{0x0000000713f11b48}: class java.lang.String cannot be cast to class javafx.scene.paint.Paint (java.lang.String is in module java.base of loader 'bootstrap'; javafx.scene.paint.Paint is in module javafx.graphics@19 of loader 'app')> (0x0000000713f11b48) 
thrown [s\open\src\hotspot\share\interpreter\interpreterRuntime.cpp, line 455]

ZGC Phase Switch (0 events):
No events

VM Operations (20 events):
Event: 16.207 Executing VM operation: Cleanup done
Event: 17.208 Executing VM operation: Cleanup
Event: 17.208 Executing VM operation: Cleanup done
Event: 18.209 Executing VM operation: Cleanup
Event: 18.209 Executing VM operation: Cleanup done
Event: 20.209 Executing VM operation: Cleanup
Event: 20.210 Executing VM operation: Cleanup done
Event: 21.210 Executing VM operation: Cleanup
Event: 21.210 Executing VM operation: Cleanup done
Event: 22.211 Executing VM operation: Cleanup
Event: 22.211 Executing VM operation: Cleanup done
Event: 60.251 Executing VM operation: HandshakeAllThreads (HandshakeForDeflation)
Event: 60.251 Executing VM operation: HandshakeAllThreads (HandshakeForDeflation) done
Event: 60.251 Executing VM operation: RendezvousGCThreads
Event: 60.251 Executing VM operation: RendezvousGCThreads done
Event: 5957.953 Executing VM operation: Cleanup
Event: 5957.954 Executing VM operation: Cleanup done
Event: 13968.726 Executing VM operation: Cleanup
Event: 13968.727 Executing VM operation: Cleanup done
Event: 14833.546 Executing VM operation: Exit

Events (20 events):
Event: 0.199 Thread 0x000002605fd211b0 Thread added: 0x000002605fd211b0
Event: 0.445 Thread 0x00000260a57d39e0 Thread added: 0x00000260a57d39e0
Event: 0.489 Thread 0x00000260a5955000 Thread added: 0x00000260a5955000
Event: 0.492 Thread 0x00000260a596a340 Thread added: 0x00000260a596a340
Event: 0.543 Thread 0x00000260a5c4d7d0 Thread added: 0x00000260a5c4d7d0
Event: 0.548 Thread 0x00000260a5c84ff0 Thread added: 0x00000260a5c84ff0
Event: 0.730 Thread 0x00000260a5dc68a0 Thread added: 0x00000260a5dc68a0
Event: 0.928 Thread 0x000002605faef7c0 Thread exited: 0x000002605faef7c0
Event: 1.062 Thread 0x00000260a5d6a2a0 Thread added: 0x00000260a5d6a2a0
Event: 1.837 Thread 0x000002605faeeda0 Thread exited: 0x000002605faeeda0
Event: 3.799 Thread 0x00000260a608c570 Thread added: 0x00000260a608c570
Event: 4.435 Thread 0x00000260a608c570 Thread exited: 0x00000260a608c570
Event: 5.509 Thread 0x00000260a608c570 Thread added: 0x00000260a608c570
Event: 5.891 Thread 0x00000260a608c570 Thread exited: 0x00000260a608c570
Event: 14832.643 Thread 0x00000260a5d69580 Thread added: 0x00000260a5d69580
Event: 14832.999 Thread 0x00000260a5d6a930 Thread added: 0x00000260a5d6a930
Event: 14833.000 Thread 0x00000260a5d681d0 Thread added: 0x00000260a5d681d0
Event: 14833.234 Thread 0x00000260a5d681d0 Thread exited: 0x00000260a5d681d0
Event: 14833.540 Thread 0x00000260a5d6a930 Thread exited: 0x00000260a5d6a930
Event: 14833.546 Thread 0x000002605f7e6b70 Thread exited: 0x000002605f7e6b70


Dynamic libraries:
0x00007ff7e33c0000 - 0x00007ff7e33d0000 	C:\Program Files\Java\jdk-21\bin\java.exe
0x00007ffad4a90000 - 0x00007ffad4ca7000 	C:\WINDOWS\SYSTEM32\ntdll.dll
0x00007ffad4630000 - 0x00007ffad46f4000 	C:\WINDOWS\System32\KERNEL32.DLL
0x00007ffad2150000 - 0x00007ffad24f6000 	C:\WINDOWS\System32\KERNELBASE.dll
0x00007ffad26a0000 - 0x00007ffad27b1000 	C:\WINDOWS\System32\ucrtbase.dll
0x00007ffabc860000 - 0x00007ffabc87b000 	C:\Program Files\Java\jdk-21\bin\VCRUNTIME140.dll
0x00007ffac0190000 - 0x00007ffac01a9000 	C:\Program Files\Java\jdk-21\bin\jli.dll
0x00007ffad31b0000 - 0x00007ffad3260000 	C:\WINDOWS\System32\ADVAPI32.dll
0x00007ffad43b0000 - 0x00007ffad4457000 	C:\WINDOWS\System32\msvcrt.dll
0x00007ffad44d0000 - 0x00007ffad4576000 	C:\WINDOWS\System32\sechost.dll
0x00007ffad3260000 - 0x00007ffad3377000 	C:\WINDOWS\System32\RPCRT4.dll
0x00007ffad4080000 - 0x00007ffad422d000 	C:\WINDOWS\System32\USER32.dll
0x00007ffad27c0000 - 0x00007ffad27e6000 	C:\WINDOWS\System32\win32u.dll
0x00007ffab1200000 - 0x00007ffab1493000 	C:\WINDOWS\WinSxS\amd64_microsoft.windows.common-controls_6595b64144ccf1df_6.0.22621.2361_none_2712ced57382f843\COMCTL32.dll
0x00007ffad4580000 - 0x00007ffad45a9000 	C:\WINDOWS\System32\GDI32.dll
0x00007ffad2500000 - 0x00007ffad2618000 	C:\WINDOWS\System32\gdi32full.dll
0x00007ffad20b0000 - 0x00007ffad214a000 	C:\WINDOWS\System32\msvcp_win.dll
0x00007ffac6850000 - 0x00007ffac685a000 	C:\WINDOWS\SYSTEM32\VERSION.dll
0x00007ffad30c0000 - 0x00007ffad30f1000 	C:\WINDOWS\System32\IMM32.DLL
0x00007ffaca4c0000 - 0x00007ffaca4cc000 	C:\Program Files\Java\jdk-21\bin\vcruntime140_1.dll
0x00007ffaa8090000 - 0x00007ffaa811e000 	C:\Program Files\Java\jdk-21\bin\msvcp140.dll
0x00007ffa8c840000 - 0x00007ffa8d555000 	C:\Program Files\Java\jdk-21\bin\server\jvm.dll
0x00007ffad4760000 - 0x00007ffad47d1000 	C:\WINDOWS\System32\WS2_32.dll
0x00007ffad0ca0000 - 0x00007ffad0ced000 	C:\WINDOWS\SYSTEM32\POWRPROF.dll
0x00007ffac00b0000 - 0x00007ffac00e4000 	C:\WINDOWS\SYSTEM32\WINMM.dll
0x00007ffad0c80000 - 0x00007ffad0c93000 	C:\WINDOWS\SYSTEM32\UMPDC.dll
0x00007ffad0f40000 - 0x00007ffad0f58000 	C:\WINDOWS\SYSTEM32\kernel.appcore.dll
0x00007ffac7b60000 - 0x00007ffac7b6a000 	C:\Program Files\Java\jdk-21\bin\jimage.dll
0x00007ffacf2b0000 - 0x00007ffacf4de000 	C:\WINDOWS\SYSTEM32\DBGHELP.DLL
0x00007ffad2d30000 - 0x00007ffad30ba000 	C:\WINDOWS\System32\combase.dll
0x00007ffad2c50000 - 0x00007ffad2d27000 	C:\WINDOWS\System32\OLEAUT32.dll
0x00007ffac3480000 - 0x00007ffac34b2000 	C:\WINDOWS\SYSTEM32\dbgcore.DLL
0x00007ffad2620000 - 0x00007ffad269a000 	C:\WINDOWS\System32\bcryptPrimitives.dll
0x00007ffabc850000 - 0x00007ffabc85f000 	C:\Program Files\Java\jdk-21\bin\instrument.dll
0x00007ffabc720000 - 0x00007ffabc73f000 	C:\Program Files\Java\jdk-21\bin\java.dll
0x00007ffad3820000 - 0x00007ffad4078000 	C:\WINDOWS\System32\SHELL32.dll
0x00007ffacfd40000 - 0x00007ffad0632000 	C:\WINDOWS\SYSTEM32\windows.storage.dll
0x00007ffacfc00000 - 0x00007ffacfd3e000 	C:\WINDOWS\SYSTEM32\wintypes.dll
0x00007ffad42b0000 - 0x00007ffad43a3000 	C:\WINDOWS\System32\SHCORE.dll
0x00007ffad4470000 - 0x00007ffad44ce000 	C:\WINDOWS\System32\shlwapi.dll
0x00007ffad1d40000 - 0x00007ffad1d66000 	C:\WINDOWS\SYSTEM32\profapi.dll
0x00007ffa99f20000 - 0x00007ffa99ff7000 	C:\Program Files\Java\jdk-21\bin\jsvml.dll
0x00007ffabc840000 - 0x00007ffabc850000 	C:\Program Files\Java\jdk-21\bin\net.dll
0x00007ffac8790000 - 0x00007ffac88c7000 	C:\WINDOWS\SYSTEM32\WINHTTP.dll
0x00007ffad13c0000 - 0x00007ffad1429000 	C:\WINDOWS\system32\mswsock.dll
0x00007ffab9fb0000 - 0x00007ffab9fc6000 	C:\Program Files\Java\jdk-21\bin\nio.dll
0x00007ffab9f90000 - 0x00007ffab9fa8000 	C:\Program Files\Java\jdk-21\bin\zip.dll
0x00007ffab9f70000 - 0x00007ffab9f8a000 	C:\Program Files\JetBrains\IntelliJ IDEA 2022.3.1\bin\breakgen64.dll
0x000002605fd60000 - 0x000002605fd63000 	C:\Users\Алекс\.openjfx\cache\19+11\amd64\api-ms-win-core-console-l1-1-0.dll
0x000002605fd70000 - 0x000002605fd73000 	C:\Users\Алекс\.openjfx\cache\19+11\amd64\api-ms-win-core-console-l1-2-0.dll
0x000002605fd80000 - 0x000002605fd83000 	C:\Users\Алекс\.openjfx\cache\19+11\amd64\api-ms-win-core-datetime-l1-1-0.dll
0x000002605fd90000 - 0x000002605fd93000 	C:\Users\Алекс\.openjfx\cache\19+11\amd64\api-ms-win-core-debug-l1-1-0.dll
0x000002605fda0000 - 0x000002605fda3000 	C:\Users\Алекс\.openjfx\cache\19+11\amd64\api-ms-win-core-errorhandling-l1-1-0.dll
0x000002605fdb0000 - 0x000002605fdb4000 	C:\Users\Алекс\.openjfx\cache\19+11\amd64\api-ms-win-core-file-l1-1-0.dll
0x000002605fdc0000 - 0x000002605fdc3000 	C:\Users\Алекс\.openjfx\cache\19+11\amd64\api-ms-win-core-file-l1-2-0.dll
0x000002605fdd0000 - 0x000002605fdd3000 	C:\Users\Алекс\.openjfx\cache\19+11\amd64\api-ms-win-core-file-l2-1-0.dll
0x000002605fde0000 - 0x000002605fde3000 	C:\Users\Алекс\.openjfx\cache\19+11\amd64\api-ms-win-core-handle-l1-1-0.dll
0x000002605fdf0000 - 0x000002605fdf3000 	C:\Users\Алекс\.openjfx\cache\19+11\amd64\api-ms-win-core-heap-l1-1-0.dll
0x000002605fe00000 - 0x000002605fe03000 	C:\Users\Алекс\.openjfx\cache\19+11\amd64\api-ms-win-core-interlocked-l1-1-0.dll
0x000002605fe10000 - 0x000002605fe13000 	C:\Users\Алекс\.openjfx\cache\19+11\amd64\api-ms-win-core-libraryloader-l1-1-0.dll
0x000002605fe20000 - 0x000002605fe23000 	C:\Users\Алекс\.openjfx\cache\19+11\amd64\api-ms-win-core-localization-l1-2-0.dll
0x000002605fe30000 - 0x000002605fe33000 	C:\Users\Алекс\.openjfx\cache\19+11\amd64\api-ms-win-core-memory-l1-1-0.dll
0x000002605fe40000 - 0x000002605fe43000 	C:\Users\Алекс\.openjfx\cache\19+11\amd64\api-ms-win-core-namedpipe-l1-1-0.dll
0x000002605fe50000 - 0x000002605fe53000 	C:\Users\Алекс\.openjfx\cache\19+11\amd64\api-ms-win-core-processenvironment-l1-1-0.dll
0x000002605fe60000 - 0x000002605fe63000 	C:\Users\Алекс\.openjfx\cache\19+11\amd64\api-ms-win-core-processthreads-l1-1-0.dll
0x000002605fe70000 - 0x000002605fe73000 	C:\Users\Алекс\.openjfx\cache\19+11\amd64\api-ms-win-core-processthreads-l1-1-1.dll
0x000002605fe80000 - 0x000002605fe83000 	C:\Users\Алекс\.openjfx\cache\19+11\amd64\api-ms-win-core-profile-l1-1-0.dll
0x000002605fe90000 - 0x000002605fe93000 	C:\Users\Алекс\.openjfx\cache\19+11\amd64\api-ms-win-core-rtlsupport-l1-1-0.dll
0x000002605fea0000 - 0x000002605fea3000 	C:\Users\Алекс\.openjfx\cache\19+11\amd64\api-ms-win-core-string-l1-1-0.dll
0x000002605feb0000 - 0x000002605feb3000 	C:\Users\Алекс\.openjfx\cache\19+11\amd64\api-ms-win-core-synch-l1-1-0.dll
0x000002605fec0000 - 0x000002605fec3000 	C:\Users\Алекс\.openjfx\cache\19+11\amd64\api-ms-win-core-synch-l1-2-0.dll
0x000002605fed0000 - 0x000002605fed3000 	C:\Users\Алекс\.openjfx\cache\19+11\amd64\api-ms-win-core-sysinfo-l1-1-0.dll
0x000002605fee0000 - 0x000002605fee3000 	C:\Users\Алекс\.openjfx\cache\19+11\amd64\api-ms-win-core-timezone-l1-1-0.dll
0x000002605fef0000 - 0x000002605fef3000 	C:\Users\Алекс\.openjfx\cache\19+11\amd64\api-ms-win-core-util-l1-1-0.dll
0x000002605ff00000 - 0x000002605ff03000 	C:\Users\Алекс\.openjfx\cache\19+11\amd64\api-ms-win-crt-conio-l1-1-0.dll
0x000002605ff10000 - 0x000002605ff14000 	C:\Users\Алекс\.openjfx\cache\19+11\amd64\api-ms-win-crt-convert-l1-1-0.dll
0x000002605ff20000 - 0x000002605ff23000 	C:\Users\Алекс\.openjfx\cache\19+11\amd64\api-ms-win-crt-environment-l1-1-0.dll
0x000002605ff30000 - 0x000002605ff33000 	C:\Users\Алекс\.openjfx\cache\19+11\amd64\api-ms-win-crt-filesystem-l1-1-0.dll
0x000002605ff40000 - 0x000002605ff43000 	C:\Users\Алекс\.openjfx\cache\19+11\amd64\api-ms-win-crt-heap-l1-1-0.dll
0x000002605ff50000 - 0x000002605ff53000 	C:\Users\Алекс\.openjfx\cache\19+11\amd64\api-ms-win-crt-locale-l1-1-0.dll
0x000002605ff60000 - 0x000002605ff65000 	C:\Users\Алекс\.openjfx\cache\19+11\amd64\api-ms-win-crt-math-l1-1-0.dll
0x000002605ff70000 - 0x000002605ff75000 	C:\Users\Алекс\.openjfx\cache\19+11\amd64\api-ms-win-crt-multibyte-l1-1-0.dll
0x000002605ff80000 - 0x000002605ff90000 	C:\Users\Алекс\.openjfx\cache\19+11\amd64\api-ms-win-crt-private-l1-1-0.dll
0x000002605ff90000 - 0x000002605ff93000 	C:\Users\Алекс\.openjfx\cache\19+11\amd64\api-ms-win-crt-process-l1-1-0.dll
0x000002605ffa0000 - 0x000002605ffa4000 	C:\Users\Алекс\.openjfx\cache\19+11\amd64\api-ms-win-crt-runtime-l1-1-0.dll
0x000002605ffb0000 - 0x000002605ffb4000 	C:\Users\Алекс\.openjfx\cache\19+11\amd64\api-ms-win-crt-stdio-l1-1-0.dll
0x000002605ffc0000 - 0x000002605ffc4000 	C:\Users\Алекс\.openjfx\cache\19+11\amd64\api-ms-win-crt-string-l1-1-0.dll
0x000002605ffd0000 - 0x000002605ffd3000 	C:\Users\Алекс\.openjfx\cache\19+11\amd64\api-ms-win-crt-time-l1-1-0.dll
0x000002605ffe0000 - 0x000002605ffe3000 	C:\Users\Алекс\.openjfx\cache\19+11\amd64\api-ms-win-crt-utility-l1-1-0.dll
0x00007ffa959a0000 - 0x00007ffa95a9c000 	C:\Users\Алекс\.openjfx\cache\19+11\amd64\ucrtbase.dll
0x00007ffab8030000 - 0x00007ffab804b000 	C:\Users\Алекс\.openjfx\cache\19+11\amd64\vcruntime140.dll
0x00007ffabc710000 - 0x00007ffabc71c000 	C:\Users\Алекс\.openjfx\cache\19+11\amd64\vcruntime140_1.dll
0x00007ffa95050000 - 0x00007ffa950de000 	C:\Users\Алекс\.openjfx\cache\19+11\amd64\msvcp140.dll
0x00007ffab9f50000 - 0x00007ffab9f59000 	C:\Users\Алекс\.openjfx\cache\19+11\amd64\msvcp140_1.dll
0x00007ffab7d90000 - 0x00007ffab7dc0000 	C:\Users\Алекс\.openjfx\cache\19+11\amd64\msvcp140_2.dll
0x00007ffaaeee0000 - 0x00007ffaaef0c000 	C:\Users\Алекс\.openjfx\cache\19+11\amd64\prism_d3d.dll
0x00007ffac1130000 - 0x00007ffac12d9000 	C:\WINDOWS\system32\d3d9.dll
0x00007ffacc7a0000 - 0x00007ffacc7cb000 	C:\WINDOWS\SYSTEM32\dwmapi.dll
0x00007ffacef70000 - 0x00007ffacefa6000 	C:\WINDOWS\SYSTEM32\dxcore.dll
0x00007ffacc560000 - 0x00007ffacc60b000 	C:\WINDOWS\system32\uxtheme.dll
0x00007ffac0330000 - 0x00007ffac04d8000 	C:\WINDOWS\System32\DriverStore\FileRepository\iigd_dch.inf_amd64_e04d20469f199b2b\igdumdim64.dll
0x00007ffad2ab0000 - 0x00007ffad2c4f000 	C:\WINDOWS\System32\ole32.dll
0x00007ffa592b0000 - 0x00007ffa5ced1000 	C:\WINDOWS\System32\DriverStore\FileRepository\iigd_dch.inf_amd64_e04d20469f199b2b\igd9dxva64.dll
0x00007ffad33a0000 - 0x00007ffad3814000 	C:\WINDOWS\System32\SETUPAPI.dll
0x00007ffad1b00000 - 0x00007ffad1b4e000 	C:\WINDOWS\SYSTEM32\cfgmgr32.dll
0x00007ffac34c0000 - 0x00007ffac3888000 	C:\WINDOWS\System32\DriverStore\FileRepository\iigd_dch.inf_amd64_e04d20469f199b2b\igdgmm64.dll
0x00007ffac9a20000 - 0x00007ffac9a6a000 	C:\WINDOWS\SYSTEM32\directxdatabasehelper.dll
0x00007ffaaee90000 - 0x00007ffaaeed2000 	C:\Users\Алекс\.openjfx\cache\19+11\amd64\glass.dll
0x00007ffad29b0000 - 0x00007ffad2aa9000 	C:\WINDOWS\System32\COMDLG32.dll
0x00007ffad47e0000 - 0x00007ffad492c000 	C:\WINDOWS\System32\MSCTF.dll
0x00007ffa7d380000 - 0x00007ffa7d3a7000 	C:\WINDOWS\System32\DriverStore\FileRepository\iigd_dch.inf_amd64_e04d20469f199b2b\igdinfo64.dll
0x00007ffabc8d0000 - 0x00007ffabfed5000 	C:\WINDOWS\System32\DriverStore\FileRepository\iigd_dch.inf_amd64_e04d20469f199b2b\igc64.dll
0x00007ffaaaf60000 - 0x00007ffaaaf74000 	C:\Users\Алекс\.openjfx\cache\19+11\amd64\javafx_font.dll
0x00007ffacb000000 - 0x00007ffacb273000 	C:\WINDOWS\SYSTEM32\dwrite.dll
0x00007ffad3100000 - 0x00007ffad31b0000 	C:\WINDOWS\System32\clbcatq.dll
0x00007ffacaa60000 - 0x00007ffacac10000 	C:\WINDOWS\SYSTEM32\WindowsCodecs.dll
0x00007ffa994d0000 - 0x00007ffa9952e000 	C:\WINDOWS\system32\dataexchange.dll
0x00007ffac6470000 - 0x00007ffac66f5000 	C:\WINDOWS\system32\twinapi.appcore.dll
0x00007ffab9fd0000 - 0x00007ffaba002000 	C:\Program Files\Common Files\Microsoft Shared\Ink\rtscom.dll
0x00007ffab7400000 - 0x00007ffab754a000 	C:\WINDOWS\SYSTEM32\textinputframework.dll
0x00007ffacc140000 - 0x00007ffacc273000 	C:\WINDOWS\SYSTEM32\CoreMessaging.dll
0x00007ffac74c0000 - 0x00007ffac782c000 	C:\WINDOWS\SYSTEM32\CoreUIComponents.dll
0x00007ffad1610000 - 0x00007ffad161c000 	C:\WINDOWS\SYSTEM32\CRYPTBASE.DLL
0x00007ffacb280000 - 0x00007ffacb86e000 	C:\WINDOWS\SYSTEM32\d2d1.dll
0x00007ffacb870000 - 0x00007ffacbac7000 	C:\WINDOWS\SYSTEM32\d3d11.dll
0x00007ffacc690000 - 0x00007ffacc788000 	C:\WINDOWS\SYSTEM32\dxgi.dll
0x00007ffac6b00000 - 0x00007ffac7211000 	C:\WINDOWS\SYSTEM32\D3D10Warp.dll
0x00007ffa9a200000 - 0x00007ffa9a22d000 	C:\Users\Алекс\.openjfx\cache\19+11\amd64\javafx_iio.dll

dbghelp: loaded successfully - version: 4.0.5 - missing functions: none
symbol engine: initialized successfully - sym options: 0x614 - pdb path: .;C:\Program Files\Java\jdk-21\bin;C:\WINDOWS\SYSTEM32;C:\WINDOWS\WinSxS\amd64_microsoft.windows.common-controls_6595b64144ccf1df_6.0.22621.2361_none_2712ced57382f843;C:\Program Files\Java\jdk-21\bin\server;C:\Program Files\JetBrains\IntelliJ IDEA 2022.3.1\bin;C:\Users\Алекс\.openjfx\cache\19+11\amd64;C:\WINDOWS\System32\DriverStore\FileRepository\iigd_dch.inf_amd64_e04d20469f199b2b;C:\Program Files\Common Files\Microsoft Shared\Ink

VM Arguments:
jvm_args: -javaagent:C:\Program Files\JetBrains\IntelliJ IDEA 2022.3.1\lib\idea_rt.jar=53836:C:\Program Files\JetBrains\IntelliJ IDEA 2022.3.1\bin -Dfile.encoding=UTF-8 -Dsun.stdout.encoding=UTF-8 -Dsun.stderr.encoding=UTF-8 --module-path=C:\Users\Алекс\.m2\repository\org\openjfx\javafx-controls\19\javafx-controls-19-win.jar;C:\Users\Алекс\.m2\repository\org\openjfx\javafx-fxml\19\javafx-fxml-19-win.jar;C:\Users\Алекс\IdeaProjects\FirstApp\target\classes;C:\Users\Алекс\.m2\repository\org\openjfx\javafx-base\19\javafx-base-19-win.jar;C:\Users\Алекс\.m2\repository\org\openjfx\javafx-graphics\19\javafx-graphics-19-win.jar -Djdk.module.main=com.example.firstapp 
java_command: com.example.firstapp/com.example.firstapp.HelloApplication
java_class_path (initial): C:\Users\Алекс\.m2\repository\org\openjfx\javafx-controls\19\javafx-controls-19.jar;C:\Users\Алекс\.m2\repository\org\openjfx\javafx-graphics\19\javafx-graphics-19.jar;C:\Users\Алекс\.m2\repository\org\openjfx\javafx-base\19\javafx-base-19.jar;C:\Users\Алекс\.m2\repository\org\openjfx\javafx-fxml\19\javafx-fxml-19.jar
Launcher Type: SUN_STANDARD

[Global flags]
     intx CICompilerCount                          = 4                                         {product} {ergonomic}
     uint ConcGCThreads                            = 2                                         {product} {ergonomic}
     uint G1ConcRefinementThreads                  = 8                                         {product} {ergonomic}
   size_t G1HeapRegionSize                         = 2097152                                   {product} {ergonomic}
    uintx GCDrainStackTargetSize                   = 64                                        {product} {ergonomic}
   size_t InitialHeapSize                          = 264241152                                 {product} {ergonomic}
   size_t MarkStackSize                            = 4194304                                   {product} {ergonomic}
   size_t MaxHeapSize                              = 4215275520                                {product} {ergonomic}
   size_t MaxNewSize                               = 2529165312                                {product} {ergonomic}
   size_t MinHeapDeltaBytes                        = 2097152                                   {product} {ergonomic}
   size_t MinHeapSize                              = 8388608                                   {product} {ergonomic}
    uintx NonNMethodCodeHeapSize                   = 5839372                                {pd product} {ergonomic}
    uintx NonProfiledCodeHeapSize                  = 122909434                              {pd product} {ergonomic}
    uintx ProfiledCodeHeapSize                     = 122909434                              {pd product} {ergonomic}
    uintx ReservedCodeCacheSize                    = 251658240                              {pd product} {ergonomic}
     bool SegmentedCodeCache                       = true                                      {product} {ergonomic}
   size_t SoftMaxHeapSize                          = 4215275520                             {manageable} {ergonomic}
     bool UseCompressedOops                        = true                           {product lp64_product} {ergonomic}
     bool UseG1GC                                  = true                                      {product} {ergonomic}
     bool UseLargePagesIndividualAllocation        = false                                  {pd product} {ergonomic}

Logging:
Log output configuration:
 #0: stdout all=off uptime,level,tags foldmultilines=false
 #1: stderr all=off uptime,level,tags foldmultilines=false

Environment Variables:
JAVA_HOME=C:\Program Files\Java\jdk-21
PATH=C:\WINDOWS\system32;C:\WINDOWS;C:\WINDOWS\System32\Wbem;C:\WINDOWS\System32\WindowsPowerShell\v1.0\;C:\WINDOWS\System32\OpenSSH\;C:\Program Files\Git\cmd;C:\Program Files\Cloudflare\Cloudflare WARP\;C:\apache-tomcat-10\bin;C:\Program Files\Java\jdk-21\bin;C:\Program Files\PowerShell\7\;C:\Users\Алекс\AppData\Local\Programs\Python\Python311\Scripts\;C:\Users\Алекс\AppData\Local\Programs\Python\Python311\;C:\Users\Алекс\AppData\Local\Microsoft\WindowsApps;C:\Users\Алекс\AppData\Local\GitHubDesktop\bin;C:\Users\Алекс\AppData\Local\Programs\Microsoft VS Code\bin;
USERNAME=Алекс
OS=Windows_NT
PROCESSOR_IDENTIFIER=Intel64 Family 6 Model 140 Stepping 1, GenuineIntel
TMP=C:\Users\E47B~1\AppData\Local\Temp
TEMP=C:\Users\E47B~1\AppData\Local\Temp




Periodic native trim disabled

---------------  S Y S T E M  ---------------

OS:
 Windows 11 , 64 bit Build 22621 (10.0.22621.2428)
OS uptime: 0 days 8:42 hours
Hyper-V role detected

CPU: total 8 (initial active 8) (4 cores per cpu, 2 threads per core) family 6 model 140 stepping 1 microcode 0x86, cx8, cmov, fxsr, ht, mmx, 3dnowpref, sse, sse2, sse3, ssse3, sse4.1, sse4.2, popcnt, lzcnt, tsc, tscinvbit, avx, avx2, aes, erms, clmul, bmi1, bmi2, adx, avx512f, avx512dq, avx512cd, avx512bw, avx512vl, sha, fma, vzeroupper, avx512_vpopcntdq, avx512_vpclmulqdq, avx512_vaes, avx512_vnni, clflush, clflushopt, clwb, avx512_vbmi2, avx512_vbmi, hv, rdtscp, rdpid, fsrm, gfni, avx512_bitalg, f16c, cet_ibt, cet_ss, avx512_ifma
Processor Information for all 8 processors :
  Max Mhz: 3110, Current Mhz: 3110, Mhz Limit: 3110

Memory: 4k page, system-wide physical 16075M (7323M free)
TotalPageFile size 17803M (AvailPageFile size 5178M)
current process WorkingSet (physical memory assigned to process): 62M, peak: 215M
current process commit charge ("private bytes"): 443M, peak: 453M

vm_info: Java HotSpot(TM) 64-Bit Server VM (21.0.1+12-LTS-29) for windows-amd64 JRE (21.0.1+12-LTS-29), built on 2023-10-05T13:27:09Z by "mach5one" with MS VC++ 17.1 (VS2022)

END.
