#
# A fatal error has been detected by the Java Runtime Environment:
#
#  EXCEPTION_ACCESS_VIOLATION (0xc0000005) at pc=0x00007ffbdba363b7, pid=10024, tid=3152
#
# JRE version: OpenJDK Runtime Environment (19.0.1+10) (build 19.0.1+10-21)
# Java VM: OpenJDK 64-Bit Server VM (19.0.1+10-21, mixed mode, sharing, tiered, compressed oops, compressed class ptrs, g1 gc, windows-amd64)
# Problematic frame:
# C  [glass.dll+0x263b7]
#
# No core dump will be written. Minidumps are not enabled by default on client versions of Windows
#
# If you would like to submit a bug report, please visit:
#   https://bugreport.java.com/bugreport/crash.jsp
#

---------------  S U M M A R Y ------------

Command Line: -javaagent:C:\Program Files\JetBrains\IntelliJ IDEA 2022.3.1\lib\idea_rt.jar=60791:C:\Program Files\JetBrains\IntelliJ IDEA 2022.3.1\bin -Dfile.encoding=UTF-8 -Dsun.stdout.encoding=UTF-8 -Dsun.stderr.encoding=UTF-8 --module-path=C:\Users\Алекс\IdeaProjects\FirstApp\target\classes;C:\Users\Алекс\.m2\repository\org\openjfx\javafx-base\19\javafx-base-19-win.jar;C:\Users\Алекс\.m2\repository\org\openjfx\javafx-controls\19\javafx-controls-19-win.jar;C:\Users\Алекс\.m2\repository\org\openjfx\javafx-graphics\19\javafx-graphics-19-win.jar;C:\Users\Алекс\.m2\repository\org\openjfx\javafx-fxml\19\javafx-fxml-19-win.jar -Djdk.module.main=com.example.firstapp com.example.firstapp/com.example.firstapp.HelloApplication

Host: 11th Gen Intel(R) Core(TM) i5-11300H @ 3.10GHz, 8 cores, 15G,  Windows 11 , 64 bit Build 22621 (10.0.22621.2428)
Time: Tue Oct 31 15:28:37 2023  Windows 11 , 64 bit Build 22621 (10.0.22621.2428) elapsed time: 185.945299 seconds (0d 0h 3m 5s)

---------------  T H R E A D  ---------------

Current thread (0x00000194ba4383b0):  VMThread "VM Thread" [stack: 0x000000011f600000,0x000000011f700000] [id=3152]

Stack: [0x000000011f600000,0x000000011f700000],  sp=0x000000011f6fed20,  free space=1019k
Native frames: (J=compiled Java code, j=interpreted, Vv=VM code, C=native code)
C  [glass.dll+0x263b7]


siginfo: EXCEPTION_ACCESS_VIOLATION (0xc0000005), reading address 0x0000000000000000


Registers:
RAX=0x0000000000000000, RBX=0x00000194ba44d1a8, RCX=0x00000194ba4383b0, RDX=0x000000011f6fed20
RSP=0x000000011f6fed20, RBP=0x00000194ba449388, RSI=0x000000011f6fee28, RDI=0x00000194ba449360
R8 =0x0000000000010002, R9 =0x00000194ba449360, R10=0x85f13e9656da4870, R11=0x000000011f6fecb0
R12=0x00007ffbdba33cf0, R13=0x00007ffbb8e372a0, R14=0x000087b305bc20c1, R15=0x00000194ba449360
RIP=0x00007ffbdba363b7, EFLAGS=0x0000000000010206


Register to memory mapping:

RIP=0x00007ffbdba363b7 glass.dll
RAX=0x0 is NULL
RBX=0x00000194ba44d1a8 is a global jni handle
RCX=0x00000194ba4383b0 points into unknown readable memory: 0x00007ffbb8c445d8 | d8 45 c4 b8 fb 7f 00 00
RDX=0x000000011f6fed20 points into unknown readable memory: 0x0000000000000000 | 00 00 00 00 00 00 00 00
RSP=0x000000011f6fed20 points into unknown readable memory: 0x0000000000000000 | 00 00 00 00 00 00 00 00
RBP=0x00000194ba449388 points into unknown readable memory: 0x000087b305bc20c1 | c1 20 bc 05 b3 87 00 00
RSI=0x000000011f6fee28 points into unknown readable memory: 0x000000011f6fee10 | 10 ee 6f 1f 01 00 00 00
RDI=0x00000194ba449360 points into unknown readable memory: 0x00007844b2fa50d1 | d1 50 fa b2 44 78 00 00
R8 =0x0000000000010002 is an unknown value
R9 =0x00000194ba449360 points into unknown readable memory: 0x00007844b2fa50d1 | d1 50 fa b2 44 78 00 00
R10=0x85f13e9656da4870 is an unknown value
R11=0x000000011f6fecb0 points into unknown readable memory: 0x00000194ba449360 | 60 93 44 ba 94 01 00 00
R12=0x00007ffbdba33cf0 glass.dll
R13=0x00007ffbb8e372a0 jvm.dll
R14=0x000087b305bc20c1 is an unknown value
R15=0x00000194ba449360 points into unknown readable memory: 0x00007844b2fa50d1 | d1 50 fa b2 44 78 00 00


Top of Stack: (sp=0x000000011f6fed20)
0x000000011f6fed20:   0000000000000000 000000011f6fee28
0x000000011f6fed30:   00007ffbb8e372a0 00007ffbdba33cf0
0x000000011f6fed40:   00000194ba449368 00007ffc3aac3a83
0x000000011f6fed50:   00000194ba449360 0000019400000000
0x000000011f6fed60:   00000194ba449388 000000011f6fee28
0x000000011f6fed70:   fffffffffffffffe 0000000000000000
0x000000011f6fed80:   0000000000000001 00007ffbdba10000
0x000000011f6fed90:   000000011f6fee18 00007ffc3aa9006e
0x000000011f6feda0:   0000000000000000 000000011f6fee28
0x000000011f6fedb0:   000000011f6ff110 0000000000000001
0x000000011f6fedc0:   0000000000000001 00007ffc3aa8da1d
0x000000011f6fedd0:   0000000000000000 00007ffbdba334e9
0x000000011f6fede0:   0000000000000000 000000011f6fee18
0x000000011f6fedf0:   fffffffffffffffe 000000011f6ff100
0x000000011f6fee00:   0000000000000000 00007ffbdba33b7d
0x000000011f6fee10:   00007ffbdba49f88 00007ffc00000002 

Instructions: (pc=0x00007ffbdba363b7)
0x00007ffbdba362b7:   8b 4d 58 e8 7d cf ff ff 48 8b 4d 60 e8 74 cf ff
0x00007ffbdba362c7:   ff 48 8b 95 80 00 00 00 48 8b 8d 18 01 00 00 e8
0x00007ffbdba362d7:   66 c4 ff ff 33 d2 33 c9 e8 bc e1 ff ff 90 48 89
0x00007ffbdba362e7:   54 24 10 55 48 83 ec 20 48 8b ea 48 b8 00 00 00
0x00007ffbdba362f7:   00 00 00 00 00 48 83 c4 20 5d c3 cc 40 55 48 8b
0x00007ffbdba36307:   ea 48 8b 01 33 c9 81 38 05 00 00 c0 0f 94 c1 8b
0x00007ffbdba36317:   c1 5d c3 cc 40 55 48 83 ec 20 48 8b ea 8a 4d 40
0x00007ffbdba36327:   48 83 c4 20 5d e9 63 d3 ff ff cc 40 55 48 83 ec
0x00007ffbdba36337:   20 48 8b ea 8a 4d 20 e8 51 d3 ff ff 90 48 83 c4
0x00007ffbdba36347:   20 5d c3 cc 40 55 48 83 ec 20 48 8b ea 48 83 c4
0x00007ffbdba36357:   20 5d e9 b2 d1 ff ff cc 40 55 48 83 ec 30 48 8b
0x00007ffbdba36367:   ea 48 8b 01 8b 10 48 89 4c 24 28 89 54 24 20 4c
0x00007ffbdba36377:   8d 0d 53 d6 ff ff 4c 8b 45 70 8b 55 68 48 8b 4d
0x00007ffbdba36387:   60 e8 f3 d0 ff ff 90 48 83 c4 30 5d c3 cc cc cc
0x00007ffbdba36397:   cc cc cc cc cc cc cc cc cc 40 53 48 83 ec 20 48
0x00007ffbdba363a7:   8b 1d db 35 01 00 48 85 db 74 16 e8 79 8b ff ff
0x00007ffbdba363b7:   4c 8b 00 48 8b d3 48 8b c8 41 ff 90 b0 00 00 00
0x00007ffbdba363c7:   90 48 83 c4 20 5b c3 cc cc 40 53 48 83 ec 20 48
0x00007ffbdba363d7:   8b 1d 4b 37 01 00 48 85 db 74 57 b8 ff ff ff ff
0x00007ffbdba363e7:   f0 0f c1 43 10 83 f8 01 75 3d 48 85 db 74 38 48
0x00007ffbdba363f7:   8b 0b 48 85 c9 74 0d ff 15 a4 0e 00 00 48 c7 03
0x00007ffbdba36407:   00 00 00 00 48 8b 4b 08 48 85 c9 74 0d e8 23 ce
0x00007ffbdba36417:   ff ff 48 c7 43 08 00 00 00 00 ba 18 00 00 00 48
0x00007ffbdba36427:   8b cb e8 0e ce ff ff 48 c7 05 ef 36 01 00 00 00
0x00007ffbdba36437:   00 00 48 83 c4 20 5b c3 cc 40 53 48 83 ec 20 48
0x00007ffbdba36447:   8b 1d bb 36 01 00 48 85 db 74 57 b8 ff ff ff ff
0x00007ffbdba36457:   f0 0f c1 43 10 83 f8 01 75 3d 48 85 db 74 38 48
0x00007ffbdba36467:   8b 0b 48 85 c9 74 0d ff 15 34 0e 00 00 48 c7 03
0x00007ffbdba36477:   00 00 00 00 48 8b 4b 08 48 85 c9 74 0d e8 b3 cd
0x00007ffbdba36487:   ff ff 48 c7 43 08 00 00 00 00 ba 18 00 00 00 48
0x00007ffbdba36497:   8b cb e8 9e cd ff ff 48 c7 05 5f 36 01 00 00 00
0x00007ffbdba364a7:   00 00 48 83 c4 20 5b c3 cc 40 53 48 83 ec 20 48 


Stack slot to memory mapping:
stack at sp + 0 slots: 0x0 is NULL
stack at sp + 1 slots: 0x000000011f6fee28 points into unknown readable memory: 0x000000011f6fee10 | 10 ee 6f 1f 01 00 00 00
stack at sp + 2 slots: 0x00007ffbb8e372a0 jvm.dll
stack at sp + 3 slots: 0x00007ffbdba33cf0 glass.dll
stack at sp + 4 slots: 0x00000194ba449368 points into unknown readable memory: 0x000087b305bc20c1 | c1 20 bc 05 b3 87 00 00
stack at sp + 5 slots: 0x00007ffc3aac3a83 ucrtbase.dll
stack at sp + 6 slots: 0x00000194ba449360 points into unknown readable memory: 0x00007844b2fa50d1 | d1 50 fa b2 44 78 00 00
stack at sp + 7 slots: 0x0000019400000000 is an unknown value

VM_Operation (0x000000011edfefa0): Exit, mode: safepoint, requested by thread 0x00000194c42487f0


---------------  P R O C E S S  ---------------

Threads class SMR info:
_java_thread_list=0x00000194c48b4d20, length=20, elements={
0x000001949724ad60, 0x00000194ba455680, 0x00000194ba4562a0, 0x00000194ba45a160,
0x00000194ba45ad90, 0x00000194ba465ff0, 0x00000194ba46c9a0, 0x00000194ba471c30,
0x00000194ba473f40, 0x00000194ba472f50, 0x00000194ba4739f0, 0x00000194ba4749e0,
0x00000194ba4734a0, 0x00000194ba474490, 0x00000194ba474f30, 0x00000194ba475f20,
0x00000194ba472a00, 0x00000194c4248d40, 0x00000194c42462c0, 0x00000194c42487f0
}

Java Threads: ( => current thread )
  0x000001949724ad60 JavaThread "main" [_thread_blocked, id=23884, stack(0x000000011f000000,0x000000011f100000)]
  0x00000194ba455680 JavaThread "Reference Handler" daemon [_thread_blocked, id=6748, stack(0x000000011f700000,0x000000011f800000)]
  0x00000194ba4562a0 JavaThread "Finalizer" daemon [_thread_blocked, id=11996, stack(0x000000011f800000,0x000000011f900000)]
  0x00000194ba45a160 JavaThread "Attach Listener" daemon [_thread_blocked, id=16720, stack(0x000000011fa00000,0x000000011fb00000)]
  0x00000194ba45ad90 JavaThread "Service Thread" daemon [_thread_blocked, id=25808, stack(0x000000011fb00000,0x000000011fc00000)]
  0x00000194ba465ff0 JavaThread "Monitor Deflation Thread" daemon [_thread_blocked, id=15688, stack(0x000000011fc00000,0x000000011fd00000)]
  0x00000194ba46c9a0 JavaThread "C2 CompilerThread0" daemon [_thread_blocked, id=2780, stack(0x000000011fd00000,0x000000011fe00000)]
  0x00000194ba471c30 JavaThread "C1 CompilerThread0" daemon [_thread_blocked, id=6324, stack(0x000000011fe00000,0x000000011ff00000)]
  0x00000194ba473f40 JavaThread "Sweeper thread" daemon [_thread_blocked, id=10924, stack(0x000000011ff00000,0x0000000120000000)]
  0x00000194ba472f50 JavaThread "Common-Cleaner" daemon [_thread_blocked, id=25528, stack(0x0000000120000000,0x0000000120100000)]
  0x00000194ba4739f0 JavaThread "Monitor Ctrl-Break" daemon [_thread_in_native, id=9184, stack(0x0000000120300000,0x0000000120400000)]
  0x00000194ba4749e0 JavaThread "Notification Thread" daemon [_thread_blocked, id=11848, stack(0x0000000120400000,0x0000000120500000)]
  0x00000194ba4734a0 JavaThread "QuantumRenderer-0" daemon [_thread_blocked, id=25624, stack(0x0000000120600000,0x0000000120700000)]
  0x00000194ba474490 JavaThread "InvokeLaterDispatcher" daemon [_thread_blocked, id=5484, stack(0x0000000120700000,0x0000000120800000)]
  0x00000194ba474f30 JavaThread "JavaFX Application Thread" [_thread_in_native, id=1592, stack(0x0000000120800000,0x0000000120900000)]
  0x00000194ba475f20 JavaThread "JavaFX-Launcher" [_thread_blocked, id=16884, stack(0x0000000120d00000,0x0000000120e00000)]
  0x00000194ba472a00 JavaThread "Thread-2" daemon [_thread_in_native, id=9400, stack(0x0000000120c00000,0x0000000120d00000)]
  0x00000194c4248d40 JavaThread "Prism Font Disposer" daemon [_thread_blocked, id=6112, stack(0x0000000121300000,0x0000000121400000)]
  0x00000194c42462c0 JavaThread "Cleaner-0" daemon [_thread_blocked, id=16652, stack(0x0000000121800000,0x0000000121900000)]
  0x00000194c42487f0 JavaThread "SIGINT handler" daemon [_thread_blocked, id=6160, stack(0x000000011ed00000,0x000000011ee00000)]

Other Threads:
=>0x00000194ba4383b0 VMThread "VM Thread" [stack: 0x000000011f600000,0x000000011f700000] [id=3152]
  0x00000194972b9100 WorkerThread "GC Thread#0" [stack: 0x000000011f100000,0x000000011f200000] [id=9808]
  0x00000194c3fb1260 WorkerThread "GC Thread#1" [stack: 0x0000000120e00000,0x0000000120f00000] [id=22508]
  0x00000194c41987d0 WorkerThread "GC Thread#2" [stack: 0x0000000120f00000,0x0000000121000000] [id=27044]
  0x00000194bf3d8bc0 WorkerThread "GC Thread#3" [stack: 0x0000000121000000,0x0000000121100000] [id=7728]
  0x00000194c3f446a0 WorkerThread "GC Thread#4" [stack: 0x0000000121100000,0x0000000121200000] [id=20884]
  0x00000194c3f451e0 WorkerThread "GC Thread#5" [stack: 0x0000000121200000,0x0000000121300000] [id=2808]
  0x00000194c3f44970 WorkerThread "GC Thread#6" [stack: 0x0000000120100000,0x0000000120200000] [id=11460]
  0x00000194c3f45780 WorkerThread "GC Thread#7" [stack: 0x0000000120200000,0x0000000120300000] [id=14032]
  0x00000194972cad50 ConcurrentGCThread "G1 Main Marker" terminated
  0x00000194972cb780 WorkerThread "G1 Conc#0" [stack: 0x000000011f300000,0x000000011f400000] [id=5032]
  0x000001949730e7b0 ConcurrentGCThread "G1 Refine#0" terminated
  0x00000194ba2f44c0 ConcurrentGCThread "G1 Service" terminated

Threads with active compile tasks:

VM state: at safepoint (shutting down)

VM Mutex/Monitor currently owned by a thread:  ([mutex/lock_event])
[0x0000019497245570] Threads_lock - owner thread: 0x00000194ba4383b0
[0x0000019497245600] Heap_lock - owner thread: 0x00000194c42487f0

Heap address: 0x0000000704c00000, size: 4020 MB, Compressed Oops mode: Zero based, Oop shift amount: 3

CDS archive(s) mapped at: [0x0000000800000000-0x0000000800c30000-0x0000000800c30000), size 12779520, SharedBaseAddress: 0x0000000800000000, ArchiveRelocationMode: 0.
Compressed class space mapped at: 0x0000000801000000-0x0000000841000000, reserved size: 1073741824
Narrow klass base: 0x0000000800000000, Narrow klass shift: 0, Narrow klass range: 0x100000000

GC Precious Log:
 CardTable entry size: 512
 Card Set container configuration: InlinePtr #cards 4 size 8 Array Of Cards #cards 16 size 48 Howl #buckets 8 coarsen threshold 3686 Howl Bitmap #cards 512 size 80 coarsen threshold 460 Card regions per heap region 1 cards per card region 4096
 CPUs: 8 total, 8 available
 Memory: 16075M
 Large Page Support: Disabled
 NUMA Support: Disabled
 Compressed Oops: Enabled (Zero based)
 Heap Region Size: 2M
 Heap Min Capacity: 8M
 Heap Initial Capacity: 252M
 Heap Max Capacity: 4020M
 Pre-touch: Disabled
 Parallel Workers: 8
 Concurrent Workers: 2
 Concurrent Refinement Workers: 8
 Periodic GC: Disabled

Heap:
 garbage-first heap   total 258048K, used 13745K [0x0000000704c00000, 0x0000000800000000)
  region size 2048K, 6 young (12288K), 3 survivors (6144K)
 Metaspace       used 16365K, committed 16704K, reserved 1114112K
  class space    used 2283K, committed 2432K, reserved 1048576K

Heap Regions: E=young(eden), S=young(survivor), O=old, HS=humongous(starts), HC=humongous(continues), CS=collection set, F=free, OA=open archive, CA=closed archive, TAMS=top-at-mark-start (previous, next)
|   0|0x0000000704c00000, 0x0000000704e00000, 0x0000000704e00000|100%|HS|  |TAMS 0x0000000704c00000, 0x0000000704c00000| Complete 
|   1|0x0000000704e00000, 0x0000000704f6c400, 0x0000000705000000| 71%| O|  |TAMS 0x0000000704e00000, 0x0000000704e00000| Untracked 
|   2|0x0000000705000000, 0x0000000705000000, 0x0000000705200000|  0%| F|  |TAMS 0x0000000705000000, 0x0000000705000000| Untracked 
|   3|0x0000000705200000, 0x0000000705200000, 0x0000000705400000|  0%| F|  |TAMS 0x0000000705200000, 0x0000000705200000| Untracked 
|   4|0x0000000705400000, 0x0000000705400000, 0x0000000705600000|  0%| F|  |TAMS 0x0000000705400000, 0x0000000705400000| Untracked 
|   5|0x0000000705600000, 0x0000000705600000, 0x0000000705800000|  0%| F|  |TAMS 0x0000000705600000, 0x0000000705600000| Untracked 
|   6|0x0000000705800000, 0x0000000705800000, 0x0000000705a00000|  0%| F|  |TAMS 0x0000000705800000, 0x0000000705800000| Untracked 
|   7|0x0000000705a00000, 0x0000000705a00000, 0x0000000705c00000|  0%| F|  |TAMS 0x0000000705a00000, 0x0000000705a00000| Untracked 
|   8|0x0000000705c00000, 0x0000000705c00000, 0x0000000705e00000|  0%| F|  |TAMS 0x0000000705c00000, 0x0000000705c00000| Untracked 
|   9|0x0000000705e00000, 0x0000000705e00000, 0x0000000706000000|  0%| F|  |TAMS 0x0000000705e00000, 0x0000000705e00000| Untracked 
|  10|0x0000000706000000, 0x0000000706000000, 0x0000000706200000|  0%| F|  |TAMS 0x0000000706000000, 0x0000000706000000| Untracked 
|  11|0x0000000706200000, 0x0000000706200000, 0x0000000706400000|  0%| F|  |TAMS 0x0000000706200000, 0x0000000706200000| Untracked 
|  12|0x0000000706400000, 0x0000000706400000, 0x0000000706600000|  0%| F|  |TAMS 0x0000000706400000, 0x0000000706400000| Untracked 
|  13|0x0000000706600000, 0x0000000706600000, 0x0000000706800000|  0%| F|  |TAMS 0x0000000706600000, 0x0000000706600000| Untracked 
|  14|0x0000000706800000, 0x0000000706800000, 0x0000000706a00000|  0%| F|  |TAMS 0x0000000706800000, 0x0000000706800000| Untracked 
|  15|0x0000000706a00000, 0x0000000706a00000, 0x0000000706c00000|  0%| F|  |TAMS 0x0000000706a00000, 0x0000000706a00000| Untracked 
|  16|0x0000000706c00000, 0x0000000706c00000, 0x0000000706e00000|  0%| F|  |TAMS 0x0000000706c00000, 0x0000000706c00000| Untracked 
|  17|0x0000000706e00000, 0x0000000706e00000, 0x0000000707000000|  0%| F|  |TAMS 0x0000000706e00000, 0x0000000706e00000| Untracked 
|  18|0x0000000707000000, 0x0000000707000000, 0x0000000707200000|  0%| F|  |TAMS 0x0000000707000000, 0x0000000707000000| Untracked 
|  19|0x0000000707200000, 0x0000000707200000, 0x0000000707400000|  0%| F|  |TAMS 0x0000000707200000, 0x0000000707200000| Untracked 
|  20|0x0000000707400000, 0x0000000707400000, 0x0000000707600000|  0%| F|  |TAMS 0x0000000707400000, 0x0000000707400000| Untracked 
|  21|0x0000000707600000, 0x0000000707600000, 0x0000000707800000|  0%| F|  |TAMS 0x0000000707600000, 0x0000000707600000| Untracked 
|  22|0x0000000707800000, 0x0000000707800000, 0x0000000707a00000|  0%| F|  |TAMS 0x0000000707800000, 0x0000000707800000| Untracked 
|  23|0x0000000707a00000, 0x0000000707a00000, 0x0000000707c00000|  0%| F|  |TAMS 0x0000000707a00000, 0x0000000707a00000| Untracked 
|  24|0x0000000707c00000, 0x0000000707c00000, 0x0000000707e00000|  0%| F|  |TAMS 0x0000000707c00000, 0x0000000707c00000| Untracked 
|  25|0x0000000707e00000, 0x0000000707e00000, 0x0000000708000000|  0%| F|  |TAMS 0x0000000707e00000, 0x0000000707e00000| Untracked 
|  26|0x0000000708000000, 0x0000000708000000, 0x0000000708200000|  0%| F|  |TAMS 0x0000000708000000, 0x0000000708000000| Untracked 
|  27|0x0000000708200000, 0x0000000708200000, 0x0000000708400000|  0%| F|  |TAMS 0x0000000708200000, 0x0000000708200000| Untracked 
|  28|0x0000000708400000, 0x0000000708400000, 0x0000000708600000|  0%| F|  |TAMS 0x0000000708400000, 0x0000000708400000| Untracked 
|  29|0x0000000708600000, 0x0000000708600000, 0x0000000708800000|  0%| F|  |TAMS 0x0000000708600000, 0x0000000708600000| Untracked 
|  30|0x0000000708800000, 0x0000000708800000, 0x0000000708a00000|  0%| F|  |TAMS 0x0000000708800000, 0x0000000708800000| Untracked 
|  31|0x0000000708a00000, 0x0000000708a00000, 0x0000000708c00000|  0%| F|  |TAMS 0x0000000708a00000, 0x0000000708a00000| Untracked 
|  32|0x0000000708c00000, 0x0000000708c00000, 0x0000000708e00000|  0%| F|  |TAMS 0x0000000708c00000, 0x0000000708c00000| Untracked 
|  33|0x0000000708e00000, 0x0000000708e00000, 0x0000000709000000|  0%| F|  |TAMS 0x0000000708e00000, 0x0000000708e00000| Untracked 
|  34|0x0000000709000000, 0x0000000709000000, 0x0000000709200000|  0%| F|  |TAMS 0x0000000709000000, 0x0000000709000000| Untracked 
|  35|0x0000000709200000, 0x0000000709200000, 0x0000000709400000|  0%| F|  |TAMS 0x0000000709200000, 0x0000000709200000| Untracked 
|  36|0x0000000709400000, 0x0000000709400000, 0x0000000709600000|  0%| F|  |TAMS 0x0000000709400000, 0x0000000709400000| Untracked 
|  37|0x0000000709600000, 0x0000000709600000, 0x0000000709800000|  0%| F|  |TAMS 0x0000000709600000, 0x0000000709600000| Untracked 
|  38|0x0000000709800000, 0x0000000709800000, 0x0000000709a00000|  0%| F|  |TAMS 0x0000000709800000, 0x0000000709800000| Untracked 
|  39|0x0000000709a00000, 0x0000000709a00000, 0x0000000709c00000|  0%| F|  |TAMS 0x0000000709a00000, 0x0000000709a00000| Untracked 
|  40|0x0000000709c00000, 0x0000000709c00000, 0x0000000709e00000|  0%| F|  |TAMS 0x0000000709c00000, 0x0000000709c00000| Untracked 
|  41|0x0000000709e00000, 0x0000000709e00000, 0x000000070a000000|  0%| F|  |TAMS 0x0000000709e00000, 0x0000000709e00000| Untracked 
|  42|0x000000070a000000, 0x000000070a000000, 0x000000070a200000|  0%| F|  |TAMS 0x000000070a000000, 0x000000070a000000| Untracked 
|  43|0x000000070a200000, 0x000000070a200000, 0x000000070a400000|  0%| F|  |TAMS 0x000000070a200000, 0x000000070a200000| Untracked 
|  44|0x000000070a400000, 0x000000070a400000, 0x000000070a600000|  0%| F|  |TAMS 0x000000070a400000, 0x000000070a400000| Untracked 
|  45|0x000000070a600000, 0x000000070a600000, 0x000000070a800000|  0%| F|  |TAMS 0x000000070a600000, 0x000000070a600000| Untracked 
|  46|0x000000070a800000, 0x000000070a800000, 0x000000070aa00000|  0%| F|  |TAMS 0x000000070a800000, 0x000000070a800000| Untracked 
|  47|0x000000070aa00000, 0x000000070aa00000, 0x000000070ac00000|  0%| F|  |TAMS 0x000000070aa00000, 0x000000070aa00000| Untracked 
|  48|0x000000070ac00000, 0x000000070ac00000, 0x000000070ae00000|  0%| F|  |TAMS 0x000000070ac00000, 0x000000070ac00000| Untracked 
|  49|0x000000070ae00000, 0x000000070ae00000, 0x000000070b000000|  0%| F|  |TAMS 0x000000070ae00000, 0x000000070ae00000| Untracked 
|  50|0x000000070b000000, 0x000000070b000000, 0x000000070b200000|  0%| F|  |TAMS 0x000000070b000000, 0x000000070b000000| Untracked 
|  51|0x000000070b200000, 0x000000070b200000, 0x000000070b400000|  0%| F|  |TAMS 0x000000070b200000, 0x000000070b200000| Untracked 
|  52|0x000000070b400000, 0x000000070b400000, 0x000000070b600000|  0%| F|  |TAMS 0x000000070b400000, 0x000000070b400000| Untracked 
|  53|0x000000070b600000, 0x000000070b600000, 0x000000070b800000|  0%| F|  |TAMS 0x000000070b600000, 0x000000070b600000| Untracked 
|  54|0x000000070b800000, 0x000000070b800000, 0x000000070ba00000|  0%| F|  |TAMS 0x000000070b800000, 0x000000070b800000| Untracked 
|  55|0x000000070ba00000, 0x000000070ba00000, 0x000000070bc00000|  0%| F|  |TAMS 0x000000070ba00000, 0x000000070ba00000| Untracked 
|  56|0x000000070bc00000, 0x000000070bc00000, 0x000000070be00000|  0%| F|  |TAMS 0x000000070bc00000, 0x000000070bc00000| Untracked 
|  57|0x000000070be00000, 0x000000070be00000, 0x000000070c000000|  0%| F|  |TAMS 0x000000070be00000, 0x000000070be00000| Untracked 
|  58|0x000000070c000000, 0x000000070c000000, 0x000000070c200000|  0%| F|  |TAMS 0x000000070c000000, 0x000000070c000000| Untracked 
|  59|0x000000070c200000, 0x000000070c200000, 0x000000070c400000|  0%| F|  |TAMS 0x000000070c200000, 0x000000070c200000| Untracked 
|  60|0x000000070c400000, 0x000000070c400000, 0x000000070c600000|  0%| F|  |TAMS 0x000000070c400000, 0x000000070c400000| Untracked 
|  61|0x000000070c600000, 0x000000070c600000, 0x000000070c800000|  0%| F|  |TAMS 0x000000070c600000, 0x000000070c600000| Untracked 
|  62|0x000000070c800000, 0x000000070c800000, 0x000000070ca00000|  0%| F|  |TAMS 0x000000070c800000, 0x000000070c800000| Untracked 
|  63|0x000000070ca00000, 0x000000070ca00000, 0x000000070cc00000|  0%| F|  |TAMS 0x000000070ca00000, 0x000000070ca00000| Untracked 
|  64|0x000000070cc00000, 0x000000070cc00000, 0x000000070ce00000|  0%| F|  |TAMS 0x000000070cc00000, 0x000000070cc00000| Untracked 
|  65|0x000000070ce00000, 0x000000070ce00000, 0x000000070d000000|  0%| F|  |TAMS 0x000000070ce00000, 0x000000070ce00000| Untracked 
|  66|0x000000070d000000, 0x000000070d000000, 0x000000070d200000|  0%| F|  |TAMS 0x000000070d000000, 0x000000070d000000| Untracked 
|  67|0x000000070d200000, 0x000000070d200000, 0x000000070d400000|  0%| F|  |TAMS 0x000000070d200000, 0x000000070d200000| Untracked 
|  68|0x000000070d400000, 0x000000070d400000, 0x000000070d600000|  0%| F|  |TAMS 0x000000070d400000, 0x000000070d400000| Untracked 
|  69|0x000000070d600000, 0x000000070d600000, 0x000000070d800000|  0%| F|  |TAMS 0x000000070d600000, 0x000000070d600000| Untracked 
|  70|0x000000070d800000, 0x000000070d800000, 0x000000070da00000|  0%| F|  |TAMS 0x000000070d800000, 0x000000070d800000| Untracked 
|  71|0x000000070da00000, 0x000000070da00000, 0x000000070dc00000|  0%| F|  |TAMS 0x000000070da00000, 0x000000070da00000| Untracked 
|  72|0x000000070dc00000, 0x000000070dc00000, 0x000000070de00000|  0%| F|  |TAMS 0x000000070dc00000, 0x000000070dc00000| Untracked 
|  73|0x000000070de00000, 0x000000070de00000, 0x000000070e000000|  0%| F|  |TAMS 0x000000070de00000, 0x000000070de00000| Untracked 
|  74|0x000000070e000000, 0x000000070e000000, 0x000000070e200000|  0%| F|  |TAMS 0x000000070e000000, 0x000000070e000000| Untracked 
|  75|0x000000070e200000, 0x000000070e200000, 0x000000070e400000|  0%| F|  |TAMS 0x000000070e200000, 0x000000070e200000| Untracked 
|  76|0x000000070e400000, 0x000000070e400000, 0x000000070e600000|  0%| F|  |TAMS 0x000000070e400000, 0x000000070e400000| Untracked 
|  77|0x000000070e600000, 0x000000070e600000, 0x000000070e800000|  0%| F|  |TAMS 0x000000070e600000, 0x000000070e600000| Untracked 
|  78|0x000000070e800000, 0x000000070e800000, 0x000000070ea00000|  0%| F|  |TAMS 0x000000070e800000, 0x000000070e800000| Untracked 
|  79|0x000000070ea00000, 0x000000070ea00000, 0x000000070ec00000|  0%| F|  |TAMS 0x000000070ea00000, 0x000000070ea00000| Untracked 
|  80|0x000000070ec00000, 0x000000070ec00000, 0x000000070ee00000|  0%| F|  |TAMS 0x000000070ec00000, 0x000000070ec00000| Untracked 
|  81|0x000000070ee00000, 0x000000070ee00000, 0x000000070f000000|  0%| F|  |TAMS 0x000000070ee00000, 0x000000070ee00000| Untracked 
|  82|0x000000070f000000, 0x000000070f000000, 0x000000070f200000|  0%| F|  |TAMS 0x000000070f000000, 0x000000070f000000| Untracked 
|  83|0x000000070f200000, 0x000000070f200000, 0x000000070f400000|  0%| F|  |TAMS 0x000000070f200000, 0x000000070f200000| Untracked 
|  84|0x000000070f400000, 0x000000070f400000, 0x000000070f600000|  0%| F|  |TAMS 0x000000070f400000, 0x000000070f400000| Untracked 
|  85|0x000000070f600000, 0x000000070f600000, 0x000000070f800000|  0%| F|  |TAMS 0x000000070f600000, 0x000000070f600000| Untracked 
|  86|0x000000070f800000, 0x000000070f800000, 0x000000070fa00000|  0%| F|  |TAMS 0x000000070f800000, 0x000000070f800000| Untracked 
|  87|0x000000070fa00000, 0x000000070fa00000, 0x000000070fc00000|  0%| F|  |TAMS 0x000000070fa00000, 0x000000070fa00000| Untracked 
|  88|0x000000070fc00000, 0x000000070fc00000, 0x000000070fe00000|  0%| F|  |TAMS 0x000000070fc00000, 0x000000070fc00000| Untracked 
|  89|0x000000070fe00000, 0x000000070fe00000, 0x0000000710000000|  0%| F|  |TAMS 0x000000070fe00000, 0x000000070fe00000| Untracked 
|  90|0x0000000710000000, 0x0000000710000000, 0x0000000710200000|  0%| F|  |TAMS 0x0000000710000000, 0x0000000710000000| Untracked 
|  91|0x0000000710200000, 0x0000000710200000, 0x0000000710400000|  0%| F|  |TAMS 0x0000000710200000, 0x0000000710200000| Untracked 
|  92|0x0000000710400000, 0x0000000710400000, 0x0000000710600000|  0%| F|  |TAMS 0x0000000710400000, 0x0000000710400000| Untracked 
|  93|0x0000000710600000, 0x0000000710600000, 0x0000000710800000|  0%| F|  |TAMS 0x0000000710600000, 0x0000000710600000| Untracked 
|  94|0x0000000710800000, 0x0000000710800000, 0x0000000710a00000|  0%| F|  |TAMS 0x0000000710800000, 0x0000000710800000| Untracked 
|  95|0x0000000710a00000, 0x0000000710a00000, 0x0000000710c00000|  0%| F|  |TAMS 0x0000000710a00000, 0x0000000710a00000| Untracked 
|  96|0x0000000710c00000, 0x0000000710c00000, 0x0000000710e00000|  0%| F|  |TAMS 0x0000000710c00000, 0x0000000710c00000| Untracked 
|  97|0x0000000710e00000, 0x0000000710e00000, 0x0000000711000000|  0%| F|  |TAMS 0x0000000710e00000, 0x0000000710e00000| Untracked 
|  98|0x0000000711000000, 0x0000000711000000, 0x0000000711200000|  0%| F|  |TAMS 0x0000000711000000, 0x0000000711000000| Untracked 
|  99|0x0000000711200000, 0x0000000711200000, 0x0000000711400000|  0%| F|  |TAMS 0x0000000711200000, 0x0000000711200000| Untracked 
| 100|0x0000000711400000, 0x0000000711400000, 0x0000000711600000|  0%| F|  |TAMS 0x0000000711400000, 0x0000000711400000| Untracked 
| 101|0x0000000711600000, 0x0000000711600000, 0x0000000711800000|  0%| F|  |TAMS 0x0000000711600000, 0x0000000711600000| Untracked 
| 102|0x0000000711800000, 0x0000000711a00000, 0x0000000711a00000|100%| S|CS|TAMS 0x0000000711800000, 0x0000000711800000| Complete 
| 103|0x0000000711a00000, 0x0000000711c00000, 0x0000000711c00000|100%| S|CS|TAMS 0x0000000711a00000, 0x0000000711a00000| Complete 
| 104|0x0000000711c00000, 0x0000000711e00000, 0x0000000711e00000|100%| S|CS|TAMS 0x0000000711c00000, 0x0000000711c00000| Complete 
| 105|0x0000000711e00000, 0x0000000711e00000, 0x0000000712000000|  0%| F|  |TAMS 0x0000000711e00000, 0x0000000711e00000| Untracked 
| 106|0x0000000712000000, 0x0000000712000000, 0x0000000712200000|  0%| F|  |TAMS 0x0000000712000000, 0x0000000712000000| Untracked 
| 107|0x0000000712200000, 0x0000000712200000, 0x0000000712400000|  0%| F|  |TAMS 0x0000000712200000, 0x0000000712200000| Untracked 
| 108|0x0000000712400000, 0x0000000712400000, 0x0000000712600000|  0%| F|  |TAMS 0x0000000712400000, 0x0000000712400000| Untracked 
| 109|0x0000000712600000, 0x0000000712600000, 0x0000000712800000|  0%| F|  |TAMS 0x0000000712600000, 0x0000000712600000| Untracked 
| 110|0x0000000712800000, 0x0000000712800000, 0x0000000712a00000|  0%| F|  |TAMS 0x0000000712800000, 0x0000000712800000| Untracked 
| 111|0x0000000712a00000, 0x0000000712a00000, 0x0000000712c00000|  0%| F|  |TAMS 0x0000000712a00000, 0x0000000712a00000| Untracked 
| 112|0x0000000712c00000, 0x0000000712c00000, 0x0000000712e00000|  0%| F|  |TAMS 0x0000000712c00000, 0x0000000712c00000| Untracked 
| 113|0x0000000712e00000, 0x0000000712e00000, 0x0000000713000000|  0%| F|  |TAMS 0x0000000712e00000, 0x0000000712e00000| Untracked 
| 114|0x0000000713000000, 0x0000000713000000, 0x0000000713200000|  0%| F|  |TAMS 0x0000000713000000, 0x0000000713000000| Untracked 
| 115|0x0000000713200000, 0x0000000713200000, 0x0000000713400000|  0%| F|  |TAMS 0x0000000713200000, 0x0000000713200000| Untracked 
| 116|0x0000000713400000, 0x0000000713400000, 0x0000000713600000|  0%| F|  |TAMS 0x0000000713400000, 0x0000000713400000| Untracked 
| 117|0x0000000713600000, 0x0000000713600000, 0x0000000713800000|  0%| F|  |TAMS 0x0000000713600000, 0x0000000713600000| Untracked 
| 118|0x0000000713800000, 0x0000000713800000, 0x0000000713a00000|  0%| F|  |TAMS 0x0000000713800000, 0x0000000713800000| Untracked 
| 119|0x0000000713a00000, 0x0000000713a00000, 0x0000000713c00000|  0%| F|  |TAMS 0x0000000713a00000, 0x0000000713a00000| Untracked 
| 120|0x0000000713c00000, 0x0000000713c00000, 0x0000000713e00000|  0%| F|  |TAMS 0x0000000713c00000, 0x0000000713c00000| Untracked 
| 121|0x0000000713e00000, 0x0000000713e00000, 0x0000000714000000|  0%| F|  |TAMS 0x0000000713e00000, 0x0000000713e00000| Untracked 
| 122|0x0000000714000000, 0x0000000714000000, 0x0000000714200000|  0%| F|  |TAMS 0x0000000714000000, 0x0000000714000000| Untracked 
| 123|0x0000000714200000, 0x00000007143cd578, 0x0000000714400000| 90%| E|  |TAMS 0x0000000714200000, 0x0000000714200000| Complete 
| 124|0x0000000714400000, 0x0000000714600000, 0x0000000714600000|100%| E|CS|TAMS 0x0000000714400000, 0x0000000714400000| Complete 
| 125|0x0000000714600000, 0x0000000714800000, 0x0000000714800000|100%| E|CS|TAMS 0x0000000714600000, 0x0000000714600000| Complete 

Card table byte_map: [0x00000194aecb0000,0x00000194af490000] _byte_map_base: 0x00000194ab48a000

Marking Bits (Prev, Next): (CMBitMap*) 0x00000194972b9730, (CMBitMap*) 0x00000194972b9770
 Prev Bits: [0x00000194afc70000, 0x00000194b3b40000)
 Next Bits: [0x00000194b3b40000, 0x00000194b7a10000)

Polling page: 0x0000019496a10000

Metaspace:

Usage:
  Non-class:     13.75 MB used.
      Class:      2.23 MB used.
       Both:     15.98 MB used.

Virtual space:
  Non-class space:       64.00 MB reserved,      13.94 MB ( 22%) committed,  1 nodes.
      Class space:        1.00 GB reserved,       2.38 MB ( <1%) committed,  1 nodes.
             Both:        1.06 GB reserved,      16.31 MB (  1%) committed. 

Chunk freelists:
   Non-Class:  1.82 MB
       Class:  1.60 MB
        Both:  3.42 MB

MaxMetaspaceSize: unlimited
CompressedClassSpaceSize: 1.00 GB
Initial GC threshold: 21.00 MB
Current GC threshold: 21.00 MB
CDS: on
MetaspaceReclaimPolicy: balanced
 - commit_granule_bytes: 65536.
 - commit_granule_words: 8192.
 - virtual_space_node_default_size: 8388608.
 - enlarge_chunks_in_place: 1.
 - new_chunks_are_fully_committed: 0.
 - uncommit_free_chunks: 1.
 - use_allocation_guard: 0.


Internal statistics:

num_allocs_failed_limit: 0.
num_arena_births: 380.
num_arena_deaths: 0.
num_vsnodes_births: 2.
num_vsnodes_deaths: 0.
num_space_committed: 261.
num_space_uncommitted: 0.
num_chunks_returned_to_freelist: 0.
num_chunks_taken_from_freelist: 878.
num_chunk_merges: 0.
num_chunk_splits: 616.
num_chunks_enlarged: 468.
num_inconsistent_stats: 0.

CodeHeap 'non-profiled nmethods': size=120000Kb used=1341Kb max_used=1341Kb free=118658Kb
 bounds [0x00000194a6c70000, 0x00000194a6ee0000, 0x00000194ae1a0000]
CodeHeap 'profiled nmethods': size=120000Kb used=5560Kb max_used=5560Kb free=114439Kb
 bounds [0x000001949f1a0000, 0x000001949f710000, 0x00000194a66d0000]
CodeHeap 'non-nmethods': size=5760Kb used=1539Kb max_used=1570Kb free=4220Kb
 bounds [0x00000194a66d0000, 0x00000194a6940000, 0x00000194a6c70000]
 total_blobs=3764 nmethods=2958 adapters=715
 compilation: enabled
              stopped_count=0, restarted_count=0
 full_count=0

Compilation events (20 events):
Event: 50.900 Thread 0x00000194ba471c30 nmethod 2947 0x000001949f70bf90 code [0x000001949f70c1e0, 0x000001949f70cc08]
Event: 50.900 Thread 0x00000194ba471c30 2949       3       com.sun.javafx.font.CompositeStrike::getAAMode (18 bytes)
Event: 50.901 Thread 0x00000194ba471c30 nmethod 2949 0x000001949f70cf90 code [0x000001949f70d140, 0x000001949f70d3e8]
Event: 50.901 Thread 0x00000194ba471c30 2951       3       com.sun.javafx.geom.transform.GeneralTransform3D::get (29 bytes)
Event: 50.901 Thread 0x00000194ba471c30 nmethod 2951 0x000001949f70d510 code [0x000001949f70d6c0, 0x000001949f70d9a8]
Event: 50.901 Thread 0x00000194ba471c30 2952       3       com.sun.javafx.geom.transform.GeneralTransform3D::set (21 bytes)
Event: 50.901 Thread 0x00000194ba471c30 nmethod 2952 0x000001949f70da90 code [0x000001949f70dc40, 0x000001949f70de38]
Event: 50.945 Thread 0x00000194ba46c9a0 nmethod 2943 0x00000194a6db5c10 code [0x00000194a6db5e40, 0x00000194a6db83b0]
Event: 51.294 Thread 0x00000194ba46c9a0 2953   !   4       javafx.scene.Node::intersectsBounds (1005 bytes)
Event: 51.304 Thread 0x00000194ba46c9a0 nmethod 2953 0x00000194a6dba710 code [0x00000194a6dba9c0, 0x00000194a6dbbb80]
Event: 52.033 Thread 0x00000194ba471c30 2954       3       com.sun.javafx.css.PseudoClassState::add (6 bytes)
Event: 52.033 Thread 0x00000194ba471c30 nmethod 2954 0x000001949f70df10 code [0x000001949f70e0c0, 0x000001949f70e208]
Event: 52.687 Thread 0x00000194ba46c9a0 2955       4       com.sun.javafx.geom.PickRay::setDirection (12 bytes)
Event: 52.687 Thread 0x00000194ba46c9a0 nmethod 2955 0x00000194a6dbd410 code [0x00000194a6dbd5a0, 0x00000194a6dbd658]
Event: 52.957 Thread 0x00000194ba46c9a0 2956   !   4       javafx.scene.Node::pickNode (130 bytes)
Event: 52.960 Thread 0x00000194ba46c9a0 nmethod 2956 0x00000194a6dbd710 code [0x00000194a6dbd900, 0x00000194a6dbdee8]
Event: 85.761 Thread 0x00000194ba46c9a0 2957       4       com.sun.javafx.tk.quantum.QuantumToolkit::postPulse (133 bytes)
Event: 85.763 Thread 0x00000194ba46c9a0 nmethod 2957 0x00000194a6dbe690 code [0x00000194a6dbe840, 0x00000194a6dbea58]
Event: 86.417 Thread 0x00000194ba46c9a0 2958       4       com.sun.javafx.tk.quantum.QuantumToolkit$$Lambda$80/0x000000080103bf70::run (8 bytes)
Event: 86.419 Thread 0x00000194ba46c9a0 nmethod 2958 0x00000194a6dbed10 code [0x00000194a6dbeee0, 0x00000194a6dbf168]

GC Heap History (4 events):
Event: 0.440 GC heap before
{Heap before GC invocations=0 (full 0):
 garbage-first heap   total 258048K, used 20480K [0x0000000704c00000, 0x0000000800000000)
  region size 2048K, 11 young (22528K), 0 survivors (0K)
 Metaspace       used 5297K, committed 5568K, reserved 1114112K
  class space    used 604K, committed 704K, reserved 1048576K
}
Event: 0.443 GC heap after
{Heap after GC invocations=1 (full 0):
 garbage-first heap   total 258048K, used 2687K [0x0000000704c00000, 0x0000000800000000)
  region size 2048K, 2 young (4096K), 2 survivors (4096K)
 Metaspace       used 5297K, committed 5568K, reserved 1114112K
  class space    used 604K, committed 704K, reserved 1048576K
}
Event: 21.403 GC heap before
{Heap before GC invocations=1 (full 0):
 garbage-first heap   total 258048K, used 43647K [0x0000000704c00000, 0x0000000800000000)
  region size 2048K, 21 young (43008K), 2 survivors (4096K)
 Metaspace       used 16073K, committed 16448K, reserved 1114112K
  class space    used 2276K, committed 2432K, reserved 1048576K
}
Event: 21.408 GC heap after
{Heap after GC invocations=2 (full 0):
 garbage-first heap   total 258048K, used 9649K [0x0000000704c00000, 0x0000000800000000)
  region size 2048K, 3 young (6144K), 3 survivors (6144K)
 Metaspace       used 16073K, committed 16448K, reserved 1114112K
  class space    used 2276K, committed 2432K, reserved 1048576K
}

Dll operation events (20 events):
Event: 0.250 Loaded shared library C:\Users\Алекс\.openjfx\cache\19+11\amd64\api-ms-win-crt-locale-l1-1-0.dll
Event: 0.252 Loaded shared library C:\Users\Алекс\.openjfx\cache\19+11\amd64\api-ms-win-crt-math-l1-1-0.dll
Event: 0.254 Loaded shared library C:\Users\Алекс\.openjfx\cache\19+11\amd64\api-ms-win-crt-multibyte-l1-1-0.dll
Event: 0.257 Loaded shared library C:\Users\Алекс\.openjfx\cache\19+11\amd64\api-ms-win-crt-private-l1-1-0.dll
Event: 0.259 Loaded shared library C:\Users\Алекс\.openjfx\cache\19+11\amd64\api-ms-win-crt-process-l1-1-0.dll
Event: 0.261 Loaded shared library C:\Users\Алекс\.openjfx\cache\19+11\amd64\api-ms-win-crt-runtime-l1-1-0.dll
Event: 0.263 Loaded shared library C:\Users\Алекс\.openjfx\cache\19+11\amd64\api-ms-win-crt-stdio-l1-1-0.dll
Event: 0.265 Loaded shared library C:\Users\Алекс\.openjfx\cache\19+11\amd64\api-ms-win-crt-string-l1-1-0.dll
Event: 0.266 Loaded shared library C:\Users\Алекс\.openjfx\cache\19+11\amd64\api-ms-win-crt-time-l1-1-0.dll
Event: 0.268 Loaded shared library C:\Users\Алекс\.openjfx\cache\19+11\amd64\api-ms-win-crt-utility-l1-1-0.dll
Event: 0.280 Loaded shared library C:\Users\Алекс\.openjfx\cache\19+11\amd64\ucrtbase.dll
Event: 0.283 Loaded shared library C:\Users\Алекс\.openjfx\cache\19+11\amd64\vcruntime140.dll
Event: 0.285 Loaded shared library C:\Users\Алекс\.openjfx\cache\19+11\amd64\vcruntime140_1.dll
Event: 0.291 Loaded shared library C:\Users\Алекс\.openjfx\cache\19+11\amd64\msvcp140.dll
Event: 0.294 Loaded shared library C:\Users\Алекс\.openjfx\cache\19+11\amd64\msvcp140_1.dll
Event: 0.297 Loaded shared library C:\Users\Алекс\.openjfx\cache\19+11\amd64\msvcp140_2.dll
Event: 0.322 Loaded shared library C:\Users\Алекс\.openjfx\cache\19+11\amd64\prism_d3d.dll
Event: 0.352 Loaded shared library C:\Users\Алекс\.openjfx\cache\19+11\amd64\glass.dll
Event: 0.433 Loaded shared library C:\Users\Алекс\.jdks\openjdk-19.0.1\bin\jimage.dll
Event: 0.582 Loaded shared library C:\Users\Алекс\.openjfx\cache\19+11\amd64\javafx_font.dll

Deoptimization events (20 events):
Event: 14.896 Thread 0x00000194ba474f30 Uncommon trap: trap_request=0xffffffc6 fr.pc=0x00000194a6d288fc relative=0x000000000000087c
Event: 14.896 Thread 0x00000194ba474f30 Uncommon trap: reason=bimorphic_or_optimized_type_check action=maybe_recompile pc=0x00000194a6d288fc method=java.util.regex.Pattern$Start.match(Ljava/util/regex/Matcher;ILjava/lang/CharSequence;)Z @ 44 c2
Event: 14.896 Thread 0x00000194ba474f30 DEOPT PACKING pc=0x00000194a6d288fc sp=0x00000001208fc960
Event: 14.896 Thread 0x00000194ba474f30 DEOPT UNPACKING pc=0x00000194a673a5a3 sp=0x00000001208fc8d0 mode 2
Event: 14.896 Thread 0x00000194ba474f30 Uncommon trap: trap_request=0xffffffc6 fr.pc=0x00000194a6d2706c relative=0x000000000000038c
Event: 14.896 Thread 0x00000194ba474f30 Uncommon trap: reason=bimorphic_or_optimized_type_check action=maybe_recompile pc=0x00000194a6d2706c method=java.util.regex.Pattern$BmpCharPropertyGreedy.match(Ljava/util/regex/Matcher;ILjava/lang/CharSequence;)Z @ 26 c2
Event: 14.896 Thread 0x00000194ba474f30 DEOPT PACKING pc=0x00000194a6d2706c sp=0x00000001208fc3f0
Event: 14.896 Thread 0x00000194ba474f30 DEOPT UNPACKING pc=0x00000194a673a5a3 sp=0x00000001208fc3a8 mode 2
Event: 15.017 Thread 0x00000194ba4734a0 Uncommon trap: trap_request=0xffffff45 fr.pc=0x00000194a6d57d7c relative=0x000000000000203c
Event: 15.017 Thread 0x00000194ba4734a0 Uncommon trap: reason=unstable_if action=reinterpret pc=0x00000194a6d57d7c method=com.sun.marlin.Renderer._endRendering(IILcom/sun/marlin/MarlinAlphaConsumer;)V @ 207 c2
Event: 15.017 Thread 0x00000194ba4734a0 DEOPT PACKING pc=0x00000194a6d57d7c sp=0x00000001206fe6c0
Event: 15.017 Thread 0x00000194ba4734a0 DEOPT UNPACKING pc=0x00000194a673a5a3 sp=0x00000001206fe510 mode 2
Event: 15.017 Thread 0x00000194ba4734a0 Uncommon trap: trap_request=0xffffff45 fr.pc=0x00000194a6d4fa48 relative=0x0000000000002748
Event: 15.017 Thread 0x00000194ba4734a0 Uncommon trap: reason=unstable_if action=reinterpret pc=0x00000194a6d4fa48 method=com.sun.marlin.Renderer._endRendering(IILcom/sun/marlin/MarlinAlphaConsumer;)V @ 2268 c2
Event: 15.017 Thread 0x00000194ba4734a0 DEOPT PACKING pc=0x00000194a6d4fa48 sp=0x00000001206fe610
Event: 15.017 Thread 0x00000194ba4734a0 DEOPT UNPACKING pc=0x00000194a673a5a3 sp=0x00000001206fe510 mode 2
Event: 50.899 Thread 0x00000194ba4734a0 DEOPT PACKING pc=0x000001949f5ab34a sp=0x00000001206fe540
Event: 50.899 Thread 0x00000194ba4734a0 DEOPT UNPACKING pc=0x00000194a673b0e3 sp=0x00000001206fd978 mode 0
Event: 50.900 Thread 0x00000194ba4734a0 DEOPT PACKING pc=0x000001949f5ab859 sp=0x00000001206fe540
Event: 50.900 Thread 0x00000194ba4734a0 DEOPT UNPACKING pc=0x00000194a673b0e3 sp=0x00000001206fd978 mode 0

Classes loaded (20 events):
Event: 18.776 Loading class java/text/BreakIterator
Event: 18.776 Loading class java/text/BreakIterator done
Event: 18.776 Loading class sun/util/locale/provider/BreakIteratorProviderImpl
Event: 18.776 Loading class sun/util/locale/provider/BreakIteratorProviderImpl done
Event: 18.777 Loading class sun/text/resources/BreakIteratorInfo
Event: 18.777 Loading class sun/text/resources/BreakIteratorInfo done
Event: 18.777 Loading class sun/text/resources/BreakIteratorResources
Event: 18.777 Loading class sun/util/resources/BreakIteratorResourceBundle
Event: 18.777 Loading class sun/util/resources/BreakIteratorResourceBundle done
Event: 18.777 Loading class sun/text/resources/BreakIteratorResources done
Event: 18.777 Loading class sun/text/RuleBasedBreakIterator
Event: 18.777 Loading class sun/text/RuleBasedBreakIterator done
Event: 18.778 Loading class sun/text/CompactByteArray
Event: 18.778 Loading class sun/text/CompactByteArray done
Event: 18.778 Loading class sun/text/SupplementaryCharacterData
Event: 18.778 Loading class sun/text/SupplementaryCharacterData done
Event: 18.778 Loading class java/text/BreakIterator$BreakIteratorCache
Event: 18.778 Loading class java/text/BreakIterator$BreakIteratorCache done
Event: 185.434 Loading class jdk/internal/misc/Signal$1
Event: 185.434 Loading class jdk/internal/misc/Signal$1 done

Classes unloaded (0 events):
No events

Classes redefined (0 events):
No events

Internal exceptions (20 events):
Event: 0.669 Thread 0x00000194ba474f30 Exception <a 'java/lang/NoSuchMethodError'{0x000000071362ed98}: 'void java.lang.invoke.DelegatingMethodHandle$Holder.reinvoke_L(java.lang.Object, java.lang.Object, int)'> (0x000000071362ed98) 
thrown [s\open\src\hotspot\share\interpreter\linkResolver.cpp, line 774]
Event: 0.688 Thread 0x00000194ba474f30 Implicit null exception at 0x00000194a6cf884f to 0x00000194a6cf8b14
Event: 0.695 Thread 0x00000194ba474f30 Implicit null exception at 0x00000194a6c89e2f to 0x00000194a6c8a008
Event: 0.735 Thread 0x00000194ba474f30 Implicit null exception at 0x00000194a6ce950c to 0x00000194a6ce9b4c
Event: 0.791 Thread 0x00000194ba474f30 Exception <a 'java/lang/NoSuchMethodError'{0x0000000712c04a40}: 'java.lang.Object java.lang.invoke.DirectMethodHandle$Holder.invokeInterface(java.lang.Object, java.lang.Object, java.lang.Object)'> (0x0000000712c04a40) 
thrown [s\open\src\hotspot\share\interpreter\linkResolver.cpp, line 774]
Event: 0.791 Thread 0x00000194ba474f30 Exception <a 'java/lang/IncompatibleClassChangeError'{0x0000000712c083d0}: Found class java.lang.Object, but interface was expected> (0x0000000712c083d0) 
thrown [s\open\src\hotspot\share\interpreter\linkResolver.cpp, line 841]
Event: 0.821 Thread 0x00000194ba474f30 Exception <a 'java/lang/NoSuchMethodError'{0x0000000712d0a828}: 'int java.lang.invoke.DirectMethodHandle$Holder.invokeSpecial(java.lang.Object, java.lang.Object, int)'> (0x0000000712d0a828) 
thrown [s\open\src\hotspot\share\interpreter\linkResolver.cpp, line 774]
Event: 0.835 Thread 0x00000194ba474f30 Exception <a 'java/lang/NoSuchMethodError'{0x0000000712d99b90}: 'java.lang.Object java.lang.invoke.DirectMethodHandle$Holder.newInvokeSpecial(java.lang.Object, java.lang.Object, int)'> (0x0000000712d99b90) 
thrown [s\open\src\hotspot\share\interpreter\linkResolver.cpp, line 774]
Event: 0.856 Thread 0x00000194ba4734a0 Exception <a 'java/lang/NoSuchMethodError'{0x0000000712a4f6b0}: 'int java.lang.invoke.DirectMethodHandle$Holder.invokeStaticInit(java.lang.Object, java.lang.Object)'> (0x0000000712a4f6b0) 
thrown [s\open\src\hotspot\share\interpreter\linkResolver.cpp, line 774]
Event: 14.763 Thread 0x00000194ba474f30 Exception <a 'java/lang/NoSuchMethodError'{0x00000007127e0d60}: 'long java.lang.invoke.DirectMethodHandle$Holder.invokeStatic(java.lang.Object, java.lang.Object, java.lang.Object)'> (0x00000007127e0d60) 
thrown [s\open\src\hotspot\share\interpreter\linkResolver.cpp, line 774]
Event: 14.763 Thread 0x00000194ba474f30 Exception <a 'java/lang/NoSuchMethodError'{0x00000007127e43d8}: 'long java.lang.invoke.DirectMethodHandle$Holder.invokeStaticInit(java.lang.Object, java.lang.Object, java.lang.Object)'> (0x00000007127e43d8) 
thrown [s\open\src\hotspot\share\interpreter\linkResolver.cpp, line 774]
Event: 14.765 Thread 0x00000194ba474f30 Exception <a 'java/lang/NoSuchMethodError'{0x00000007127fc780}: 'java.lang.Object java.lang.invoke.DirectMethodHandle$Holder.newInvokeSpecial(java.lang.Object, java.lang.Object, long)'> (0x00000007127fc780) 
thrown [s\open\src\hotspot\share\interpreter\linkResolver.cpp, line 774]
Event: 14.765 Thread 0x00000194ba474f30 Exception <a 'java/lang/NoSuchMethodError'{0x0000000712400548}: 'java.lang.Object java.lang.invoke.Invokers$Holder.linkToTargetMethod(java.lang.Object, long, java.lang.Object)'> (0x0000000712400548) 
thrown [s\open\src\hotspot\share\interpreter\linkResolver.cpp, line 774]
Event: 14.943 Thread 0x00000194ba474f30 Exception <a 'java/lang/ClassNotFoundException'{0x0000000712229b20}: com/sun/javafx/scene/control/skin/resources/controls> (0x0000000712229b20) 
thrown [s\open\src\hotspot\share\prims\jni.cpp, line 536]
Event: 14.944 Thread 0x00000194ba474f30 Exception <a 'java/lang/ClassNotFoundException'{0x0000000712237e20}: com/sun/javafx/scene/control/skin/resources/controls_ru> (0x0000000712237e20) 
thrown [s\open\src\hotspot\share\prims\jni.cpp, line 536]
Event: 14.944 Thread 0x00000194ba474f30 Exception <a 'java/lang/ClassNotFoundException'{0x00000007122390a0}: com/sun/javafx/scene/control/skin/resources/controls_ru_RU> (0x00000007122390a0) 
thrown [s\open\src\hotspot\share\prims\jni.cpp, line 536]
Event: 14.970 Thread 0x00000194ba474f30 Exception <a 'java/lang/NoSuchMethodError'{0x000000071200d7a0}: 'void java.lang.invoke.DirectMethodHandle$Holder.invokeSpecial(java.lang.Object, java.lang.Object, java.lang.Object, java.lang.Object, java.lang.Object, java.lang.Object)'> (0x000000071200d7a0) 
thrown [s\open\src\hotspot\share\interpreter\linkResolver.cpp, line 774]
Event: 15.018 Thread 0x00000194ba474f30 Exception <a 'java/lang/NoSuchMethodError'{0x0000000711eaaeb8}: 'java.lang.Object java.lang.invoke.DirectMethodHandle$Holder.newInvokeSpecial(java.lang.Object, java.lang.Object, int, int, int, int, int, java.lang.Object)'> (0x0000000711eaaeb8) 
thrown [s\open\src\hotspot\share\interpreter\linkResolver.cpp, line 774]
Event: 15.021 Thread 0x00000194ba474f30 Exception <a 'java/lang/NoSuchMethodError'{0x0000000711ebe400}: 'java.lang.Object java.lang.invoke.DirectMethodHandle$Holder.newInvokeSpecial(java.lang.Object, java.lang.Object, java.lang.Object, int, int, int, int, int)'> (0x0000000711ebe400) 
thrown [s\open\src\hotspot\share\interpreter\linkResolver.cpp, line 774]
Event: 15.021 Thread 0x00000194ba474f30 Exception <a 'java/lang/NoSuchMethodError'{0x0000000711ec61d0}: 'java.lang.Object java.lang.invoke.Invokers$Holder.linkToTargetMethod(java.lang.Object, java.lang.Object, int, int, int, int, int, java.lang.Object)'> (0x0000000711ec61d0) 
thrown [s\open\src\hotspot\share\interpreter\linkResolver.cpp, line 774]

VM Operations (20 events):
Event: 22.409 Executing VM operation: Cleanup done
Event: 24.409 Executing VM operation: Cleanup
Event: 24.409 Executing VM operation: Cleanup done
Event: 26.410 Executing VM operation: Cleanup
Event: 26.411 Executing VM operation: Cleanup done
Event: 27.411 Executing VM operation: Cleanup
Event: 27.411 Executing VM operation: Cleanup done
Event: 44.419 Executing VM operation: Cleanup
Event: 44.419 Executing VM operation: Cleanup done
Event: 46.421 Executing VM operation: Cleanup
Event: 46.421 Executing VM operation: Cleanup done
Event: 47.422 Executing VM operation: Cleanup
Event: 47.422 Executing VM operation: Cleanup done
Event: 48.423 Executing VM operation: Cleanup
Event: 48.423 Executing VM operation: Cleanup done
Event: 51.424 Executing VM operation: Cleanup
Event: 51.425 Executing VM operation: Cleanup done
Event: 53.426 Executing VM operation: Cleanup
Event: 53.426 Executing VM operation: Cleanup done
Event: 185.436 Executing VM operation: Exit

Events (20 events):
Event: 0.049 Thread 0x00000194ba472f50 Thread added: 0x00000194ba472f50
Event: 0.092 Thread 0x00000194be8f1700 Thread added: 0x00000194be8f1700
Event: 0.093 Thread 0x00000194be8f1c80 Thread added: 0x00000194be8f1c80
Event: 0.133 Thread 0x00000194ba4739f0 Thread added: 0x00000194ba4739f0
Event: 0.133 Thread 0x00000194ba4749e0 Thread added: 0x00000194ba4749e0
Event: 0.316 Thread 0x00000194ba4734a0 Thread added: 0x00000194ba4734a0
Event: 0.354 Thread 0x00000194ba474490 Thread added: 0x00000194ba474490
Event: 0.356 Thread 0x00000194ba474f30 Thread added: 0x00000194ba474f30
Event: 0.407 Thread 0x00000194ba475f20 Thread added: 0x00000194ba475f20
Event: 0.409 Thread 0x00000194ba472a00 Thread added: 0x00000194ba472a00
Event: 0.599 Thread 0x00000194c4248d40 Thread added: 0x00000194c4248d40
Event: 0.913 Thread 0x00000194c42462c0 Thread added: 0x00000194c42462c0
Event: 2.314 Thread 0x00000194be8f1c80 Thread exited: 0x00000194be8f1c80
Event: 4.474 Thread 0x00000194be8f1700 Thread exited: 0x00000194be8f1700
Event: 185.435 Thread 0x00000194c42487f0 Thread added: 0x00000194c42487f0
Event: 185.435 Thread 0x00000194c4247d50 Thread added: 0x00000194c4247d50
Event: 185.435 Thread 0x00000194c4246d60 Thread added: 0x00000194c4246d60
Event: 185.435 Thread 0x00000194c4247d50 Thread exited: 0x00000194c4247d50
Event: 185.436 Thread 0x00000194c4246d60 Thread exited: 0x00000194c4246d60
Event: 185.436 Thread 0x00000194ba457630 Thread exited: 0x00000194ba457630


Dynamic libraries:
0x00007ff6b71a0000 - 0x00007ff6b71ae000 	C:\Users\Алекс\.jdks\openjdk-19.0.1\bin\java.exe
0x00007ffc3ced0000 - 0x00007ffc3d0e7000 	C:\WINDOWS\SYSTEM32\ntdll.dll
0x00007ffc3c9c0000 - 0x00007ffc3ca84000 	C:\WINDOWS\System32\KERNEL32.DLL
0x00007ffc3a590000 - 0x00007ffc3a936000 	C:\WINDOWS\System32\KERNELBASE.dll
0x00007ffc3aa70000 - 0x00007ffc3ab81000 	C:\WINDOWS\System32\ucrtbase.dll
0x00007ffbef8a0000 - 0x00007ffbef8bb000 	C:\Users\Алекс\.jdks\openjdk-19.0.1\bin\VCRUNTIME140.dll
0x00007ffbfeb80000 - 0x00007ffbfeb97000 	C:\Users\Алекс\.jdks\openjdk-19.0.1\bin\jli.dll
0x00007ffc3bd30000 - 0x00007ffc3bedd000 	C:\WINDOWS\System32\USER32.dll
0x00007ffc39440000 - 0x00007ffc396d3000 	C:\WINDOWS\WinSxS\amd64_microsoft.windows.common-controls_6595b64144ccf1df_6.0.22621.2361_none_2712ced57382f843\COMCTL32.dll
0x00007ffc3a250000 - 0x00007ffc3a276000 	C:\WINDOWS\System32\win32u.dll
0x00007ffc3cbe0000 - 0x00007ffc3cc87000 	C:\WINDOWS\System32\msvcrt.dll
0x00007ffc3cc90000 - 0x00007ffc3ccb9000 	C:\WINDOWS\System32\GDI32.dll
0x00007ffc3a280000 - 0x00007ffc3a398000 	C:\WINDOWS\System32\gdi32full.dll
0x00007ffc3ab90000 - 0x00007ffc3ac2a000 	C:\WINDOWS\System32\msvcp_win.dll
0x00007ffc3bee0000 - 0x00007ffc3bf11000 	C:\WINDOWS\System32\IMM32.DLL
0x00007ffc1a560000 - 0x00007ffc1a56c000 	C:\Users\Алекс\.jdks\openjdk-19.0.1\bin\vcruntime140_1.dll
0x00007ffbdbd60000 - 0x00007ffbdbdee000 	C:\Users\Алекс\.jdks\openjdk-19.0.1\bin\msvcp140.dll
0x00007ffbb8220000 - 0x00007ffbb8ee0000 	C:\Users\Алекс\.jdks\openjdk-19.0.1\bin\server\jvm.dll
0x00007ffc3bf20000 - 0x00007ffc3bfd0000 	C:\WINDOWS\System32\ADVAPI32.dll
0x00007ffc3c910000 - 0x00007ffc3c9b6000 	C:\WINDOWS\System32\sechost.dll
0x00007ffc3c770000 - 0x00007ffc3c887000 	C:\WINDOWS\System32\RPCRT4.dll
0x00007ffc30750000 - 0x00007ffc3075a000 	C:\WINDOWS\SYSTEM32\VERSION.dll
0x00007ffc25620000 - 0x00007ffc25654000 	C:\WINDOWS\SYSTEM32\WINMM.dll
0x00007ffc1bc80000 - 0x00007ffc1bc89000 	C:\WINDOWS\SYSTEM32\WSOCK32.dll
0x00007ffc3c640000 - 0x00007ffc3c6b1000 	C:\WINDOWS\System32\WS2_32.dll
0x00007ffc38e20000 - 0x00007ffc38e38000 	C:\WINDOWS\SYSTEM32\kernel.appcore.dll
0x00007ffc1a390000 - 0x00007ffc1a39a000 	C:\Users\Алекс\.jdks\openjdk-19.0.1\bin\jimage.dll
0x00007ffc39b80000 - 0x00007ffc39dae000 	C:\WINDOWS\SYSTEM32\DBGHELP.DLL
0x00007ffc3c0d0000 - 0x00007ffc3c45a000 	C:\WINDOWS\System32\combase.dll
0x00007ffc3bad0000 - 0x00007ffc3bba7000 	C:\WINDOWS\System32\OLEAUT32.dll
0x00007ffc39a40000 - 0x00007ffc39a72000 	C:\WINDOWS\SYSTEM32\dbgcore.DLL
0x00007ffc3a510000 - 0x00007ffc3a58a000 	C:\WINDOWS\System32\bcryptPrimitives.dll
0x00007ffc26860000 - 0x00007ffc2686e000 	C:\Users\Алекс\.jdks\openjdk-19.0.1\bin\instrument.dll
0x00007ffbdbd30000 - 0x00007ffbdbd56000 	C:\Users\Алекс\.jdks\openjdk-19.0.1\bin\java.dll
0x00007ffbd2500000 - 0x00007ffbd25d7000 	C:\Users\Алекс\.jdks\openjdk-19.0.1\bin\jsvml.dll
0x00007ffc3b270000 - 0x00007ffc3bac8000 	C:\WINDOWS\System32\SHELL32.dll
0x00007ffc377b0000 - 0x00007ffc380a2000 	C:\WINDOWS\SYSTEM32\windows.storage.dll
0x00007ffc37640000 - 0x00007ffc3777e000 	C:\WINDOWS\SYSTEM32\wintypes.dll
0x00007ffc3c460000 - 0x00007ffc3c553000 	C:\WINDOWS\System32\SHCORE.dll
0x00007ffc3c560000 - 0x00007ffc3c5be000 	C:\WINDOWS\System32\shlwapi.dll
0x00007ffc3a180000 - 0x00007ffc3a1a6000 	C:\WINDOWS\SYSTEM32\profapi.dll
0x00007ffbeb960000 - 0x00007ffbeb973000 	C:\Users\Алекс\.jdks\openjdk-19.0.1\bin\net.dll
0x00007ffc30d60000 - 0x00007ffc30e97000 	C:\WINDOWS\SYSTEM32\WINHTTP.dll
0x00007ffc39080000 - 0x00007ffc390e9000 	C:\WINDOWS\system32\mswsock.dll
0x00007ffbeb920000 - 0x00007ffbeb936000 	C:\Users\Алекс\.jdks\openjdk-19.0.1\bin\nio.dll
0x00007ffbeb770000 - 0x00007ffbeb788000 	C:\Users\Алекс\.jdks\openjdk-19.0.1\bin\zip.dll
0x00007ffbe10f0000 - 0x00007ffbe110a000 	C:\Program Files\JetBrains\IntelliJ IDEA 2022.3.1\bin\breakgen64.dll
0x00000194ba5c0000 - 0x00000194ba5c3000 	C:\Users\Алекс\.openjfx\cache\19+11\amd64\api-ms-win-core-console-l1-1-0.dll
0x00000194ba5d0000 - 0x00000194ba5d3000 	C:\Users\Алекс\.openjfx\cache\19+11\amd64\api-ms-win-core-console-l1-2-0.dll
0x00000194ba5e0000 - 0x00000194ba5e3000 	C:\Users\Алекс\.openjfx\cache\19+11\amd64\api-ms-win-core-datetime-l1-1-0.dll
0x00000194ba5f0000 - 0x00000194ba5f3000 	C:\Users\Алекс\.openjfx\cache\19+11\amd64\api-ms-win-core-debug-l1-1-0.dll
0x00000194ba600000 - 0x00000194ba603000 	C:\Users\Алекс\.openjfx\cache\19+11\amd64\api-ms-win-core-errorhandling-l1-1-0.dll
0x00000194ba610000 - 0x00000194ba614000 	C:\Users\Алекс\.openjfx\cache\19+11\amd64\api-ms-win-core-file-l1-1-0.dll
0x00000194ba620000 - 0x00000194ba623000 	C:\Users\Алекс\.openjfx\cache\19+11\amd64\api-ms-win-core-file-l1-2-0.dll
0x00000194ba630000 - 0x00000194ba633000 	C:\Users\Алекс\.openjfx\cache\19+11\amd64\api-ms-win-core-file-l2-1-0.dll
0x00000194ba640000 - 0x00000194ba643000 	C:\Users\Алекс\.openjfx\cache\19+11\amd64\api-ms-win-core-handle-l1-1-0.dll
0x00000194ba650000 - 0x00000194ba653000 	C:\Users\Алекс\.openjfx\cache\19+11\amd64\api-ms-win-core-heap-l1-1-0.dll
0x00000194ba660000 - 0x00000194ba663000 	C:\Users\Алекс\.openjfx\cache\19+11\amd64\api-ms-win-core-interlocked-l1-1-0.dll
0x00000194ba670000 - 0x00000194ba673000 	C:\Users\Алекс\.openjfx\cache\19+11\amd64\api-ms-win-core-libraryloader-l1-1-0.dll
0x00000194ba680000 - 0x00000194ba683000 	C:\Users\Алекс\.openjfx\cache\19+11\amd64\api-ms-win-core-localization-l1-2-0.dll
0x00000194ba690000 - 0x00000194ba693000 	C:\Users\Алекс\.openjfx\cache\19+11\amd64\api-ms-win-core-memory-l1-1-0.dll
0x00000194ba6a0000 - 0x00000194ba6a3000 	C:\Users\Алекс\.openjfx\cache\19+11\amd64\api-ms-win-core-namedpipe-l1-1-0.dll
0x00000194ba6b0000 - 0x00000194ba6b3000 	C:\Users\Алекс\.openjfx\cache\19+11\amd64\api-ms-win-core-processenvironment-l1-1-0.dll
0x00000194ba6c0000 - 0x00000194ba6c3000 	C:\Users\Алекс\.openjfx\cache\19+11\amd64\api-ms-win-core-processthreads-l1-1-0.dll
0x00000194ba6d0000 - 0x00000194ba6d3000 	C:\Users\Алекс\.openjfx\cache\19+11\amd64\api-ms-win-core-processthreads-l1-1-1.dll
0x00000194ba6e0000 - 0x00000194ba6e3000 	C:\Users\Алекс\.openjfx\cache\19+11\amd64\api-ms-win-core-profile-l1-1-0.dll
0x00000194ba6f0000 - 0x00000194ba6f3000 	C:\Users\Алекс\.openjfx\cache\19+11\amd64\api-ms-win-core-rtlsupport-l1-1-0.dll
0x00000194ba700000 - 0x00000194ba703000 	C:\Users\Алекс\.openjfx\cache\19+11\amd64\api-ms-win-core-string-l1-1-0.dll
0x00000194ba710000 - 0x00000194ba713000 	C:\Users\Алекс\.openjfx\cache\19+11\amd64\api-ms-win-core-synch-l1-1-0.dll
0x00000194ba720000 - 0x00000194ba723000 	C:\Users\Алекс\.openjfx\cache\19+11\amd64\api-ms-win-core-synch-l1-2-0.dll
0x00000194ba730000 - 0x00000194ba733000 	C:\Users\Алекс\.openjfx\cache\19+11\amd64\api-ms-win-core-sysinfo-l1-1-0.dll
0x00000194ba740000 - 0x00000194ba743000 	C:\Users\Алекс\.openjfx\cache\19+11\amd64\api-ms-win-core-timezone-l1-1-0.dll
0x00000194ba750000 - 0x00000194ba753000 	C:\Users\Алекс\.openjfx\cache\19+11\amd64\api-ms-win-core-util-l1-1-0.dll
0x00000194ba760000 - 0x00000194ba763000 	C:\Users\Алекс\.openjfx\cache\19+11\amd64\api-ms-win-crt-conio-l1-1-0.dll
0x00000194ba770000 - 0x00000194ba774000 	C:\Users\Алекс\.openjfx\cache\19+11\amd64\api-ms-win-crt-convert-l1-1-0.dll
0x00000194ba780000 - 0x00000194ba783000 	C:\Users\Алекс\.openjfx\cache\19+11\amd64\api-ms-win-crt-environment-l1-1-0.dll
0x00000194ba790000 - 0x00000194ba793000 	C:\Users\Алекс\.openjfx\cache\19+11\amd64\api-ms-win-crt-filesystem-l1-1-0.dll
0x00000194ba7a0000 - 0x00000194ba7a3000 	C:\Users\Алекс\.openjfx\cache\19+11\amd64\api-ms-win-crt-heap-l1-1-0.dll
0x00000194ba7b0000 - 0x00000194ba7b3000 	C:\Users\Алекс\.openjfx\cache\19+11\amd64\api-ms-win-crt-locale-l1-1-0.dll
0x00000194ba7c0000 - 0x00000194ba7c5000 	C:\Users\Алекс\.openjfx\cache\19+11\amd64\api-ms-win-crt-math-l1-1-0.dll
0x00000194ba7d0000 - 0x00000194ba7d5000 	C:\Users\Алекс\.openjfx\cache\19+11\amd64\api-ms-win-crt-multibyte-l1-1-0.dll
0x00000194ba7e0000 - 0x00000194ba7f0000 	C:\Users\Алекс\.openjfx\cache\19+11\amd64\api-ms-win-crt-private-l1-1-0.dll
0x00000194ba7f0000 - 0x00000194ba7f3000 	C:\Users\Алекс\.openjfx\cache\19+11\amd64\api-ms-win-crt-process-l1-1-0.dll
0x00000194bf400000 - 0x00000194bf404000 	C:\Users\Алекс\.openjfx\cache\19+11\amd64\api-ms-win-crt-runtime-l1-1-0.dll
0x00000194bf410000 - 0x00000194bf414000 	C:\Users\Алекс\.openjfx\cache\19+11\amd64\api-ms-win-crt-stdio-l1-1-0.dll
0x00000194bf420000 - 0x00000194bf424000 	C:\Users\Алекс\.openjfx\cache\19+11\amd64\api-ms-win-crt-string-l1-1-0.dll
0x00000194bf430000 - 0x00000194bf433000 	C:\Users\Алекс\.openjfx\cache\19+11\amd64\api-ms-win-crt-time-l1-1-0.dll
0x00000194bf440000 - 0x00000194bf443000 	C:\Users\Алекс\.openjfx\cache\19+11\amd64\api-ms-win-crt-utility-l1-1-0.dll
0x00007ffbd4450000 - 0x00007ffbd454c000 	C:\Users\Алекс\.openjfx\cache\19+11\amd64\ucrtbase.dll
0x00007ffbe05e0000 - 0x00007ffbe05fb000 	C:\Users\Алекс\.openjfx\cache\19+11\amd64\vcruntime140.dll
0x00007ffc11560000 - 0x00007ffc1156c000 	C:\Users\Алекс\.openjfx\cache\19+11\amd64\vcruntime140_1.dll
0x00007ffbd43c0000 - 0x00007ffbd444e000 	C:\Users\Алекс\.openjfx\cache\19+11\amd64\msvcp140.dll
0x00007ffc10b00000 - 0x00007ffc10b09000 	C:\Users\Алекс\.openjfx\cache\19+11\amd64\msvcp140_1.dll
0x00007ffbdbc90000 - 0x00007ffbdbcc0000 	C:\Users\Алекс\.openjfx\cache\19+11\amd64\msvcp140_2.dll
0x00007ffbdbc60000 - 0x00007ffbdbc8c000 	C:\Users\Алекс\.openjfx\cache\19+11\amd64\prism_d3d.dll
0x00007ffc25800000 - 0x00007ffc259a9000 	C:\WINDOWS\system32\d3d9.dll
0x00007ffc34170000 - 0x00007ffc3419b000 	C:\WINDOWS\SYSTEM32\dwmapi.dll
0x00007ffc36940000 - 0x00007ffc36976000 	C:\WINDOWS\SYSTEM32\dxcore.dll
0x00007ffc33ef0000 - 0x00007ffc33f9b000 	C:\WINDOWS\system32\uxtheme.dll
0x00007ffbda140000 - 0x00007ffbda2e8000 	C:\WINDOWS\System32\DriverStore\FileRepository\iigd_dch.inf_amd64_e04d20469f199b2b\igdumdim64.dll
0x00007ffc3b0d0000 - 0x00007ffc3b26f000 	C:\WINDOWS\System32\ole32.dll
0x00007ffbcd840000 - 0x00007ffbd1461000 	C:\WINDOWS\System32\DriverStore\FileRepository\iigd_dch.inf_amd64_e04d20469f199b2b\igd9dxva64.dll
0x00007ffc3ac30000 - 0x00007ffc3b0a4000 	C:\WINDOWS\System32\SETUPAPI.dll
0x00007ffc39f40000 - 0x00007ffc39f8e000 	C:\WINDOWS\SYSTEM32\cfgmgr32.dll
0x00007ffc2c3f0000 - 0x00007ffc2c7b8000 	C:\WINDOWS\System32\DriverStore\FileRepository\iigd_dch.inf_amd64_e04d20469f199b2b\igdgmm64.dll
0x00007ffc317f0000 - 0x00007ffc3183a000 	C:\WINDOWS\SYSTEM32\directxdatabasehelper.dll
0x00007ffbdba10000 - 0x00007ffbdba52000 	C:\Users\Алекс\.openjfx\cache\19+11\amd64\glass.dll
0x00007ffc3bfd0000 - 0x00007ffc3c0c9000 	C:\WINDOWS\System32\COMDLG32.dll
0x00007ffc3bbd0000 - 0x00007ffc3bd1c000 	C:\WINDOWS\System32\MSCTF.dll
0x00007ffc22220000 - 0x00007ffc22247000 	C:\WINDOWS\System32\DriverStore\FileRepository\iigd_dch.inf_amd64_e04d20469f199b2b\igdinfo64.dll
0x00007ffc28be0000 - 0x00007ffc2c1e5000 	C:\WINDOWS\System32\DriverStore\FileRepository\iigd_dch.inf_amd64_e04d20469f199b2b\igc64.dll
0x00007ffbdc3c0000 - 0x00007ffbdc3d4000 	C:\Users\Алекс\.openjfx\cache\19+11\amd64\javafx_font.dll
0x00007ffc33210000 - 0x00007ffc33483000 	C:\WINDOWS\SYSTEM32\dwrite.dll
0x00007ffc3cb30000 - 0x00007ffc3cbe0000 	C:\WINDOWS\System32\clbcatq.dll
0x00007ffc32420000 - 0x00007ffc325d0000 	C:\WINDOWS\SYSTEM32\WindowsCodecs.dll
0x00007ffc15500000 - 0x00007ffc1555e000 	C:\WINDOWS\system32\dataexchange.dll
0x00007ffc2e4e0000 - 0x00007ffc2e765000 	C:\WINDOWS\system32\twinapi.appcore.dll
0x00007ffc158c0000 - 0x00007ffc158f2000 	C:\Program Files\Common Files\Microsoft Shared\Ink\rtscom.dll
0x00007ffc256b0000 - 0x00007ffc257fa000 	C:\WINDOWS\SYSTEM32\textinputframework.dll
0x00007ffc33b00000 - 0x00007ffc33c33000 	C:\WINDOWS\SYSTEM32\CoreMessaging.dll
0x00007ffc2fcd0000 - 0x00007ffc3003c000 	C:\WINDOWS\SYSTEM32\CoreUIComponents.dll
0x00007ffc39320000 - 0x00007ffc3932c000 	C:\WINDOWS\SYSTEM32\CRYPTBASE.DLL
0x00007ffc32c20000 - 0x00007ffc3320e000 	C:\WINDOWS\SYSTEM32\d2d1.dll
0x00007ffc329c0000 - 0x00007ffc32c17000 	C:\WINDOWS\SYSTEM32\d3d11.dll
0x00007ffc34060000 - 0x00007ffc34158000 	C:\WINDOWS\SYSTEM32\dxgi.dll
0x00007ffc2ed20000 - 0x00007ffc2f431000 	C:\WINDOWS\SYSTEM32\D3D10Warp.dll

dbghelp: loaded successfully - version: 4.0.5 - missing functions: none
symbol engine: initialized successfully - sym options: 0x614 - pdb path: .;C:\Users\Алекс\.jdks\openjdk-19.0.1\bin;C:\WINDOWS\SYSTEM32;C:\WINDOWS\WinSxS\amd64_microsoft.windows.common-controls_6595b64144ccf1df_6.0.22621.2361_none_2712ced57382f843;C:\Users\Алекс\.jdks\openjdk-19.0.1\bin\server;C:\Program Files\JetBrains\IntelliJ IDEA 2022.3.1\bin;C:\Users\Алекс\.openjfx\cache\19+11\amd64;C:\WINDOWS\System32\DriverStore\FileRepository\iigd_dch.inf_amd64_e04d20469f199b2b;C:\Program Files\Common Files\Microsoft Shared\Ink

VM Arguments:
jvm_args: -javaagent:C:\Program Files\JetBrains\IntelliJ IDEA 2022.3.1\lib\idea_rt.jar=60791:C:\Program Files\JetBrains\IntelliJ IDEA 2022.3.1\bin -Dfile.encoding=UTF-8 -Dsun.stdout.encoding=UTF-8 -Dsun.stderr.encoding=UTF-8 --module-path=C:\Users\Алекс\IdeaProjects\FirstApp\target\classes;C:\Users\Алекс\.m2\repository\org\openjfx\javafx-base\19\javafx-base-19-win.jar;C:\Users\Алекс\.m2\repository\org\openjfx\javafx-controls\19\javafx-controls-19-win.jar;C:\Users\Алекс\.m2\repository\org\openjfx\javafx-graphics\19\javafx-graphics-19-win.jar;C:\Users\Алекс\.m2\repository\org\openjfx\javafx-fxml\19\javafx-fxml-19-win.jar -Djdk.module.main=com.example.firstapp 
java_command: com.example.firstapp/com.example.firstapp.HelloApplication
java_class_path (initial): C:\Users\Алекс\.m2\repository\org\openjfx\javafx-controls\19\javafx-controls-19.jar;C:\Users\Алекс\.m2\repository\org\openjfx\javafx-graphics\19\javafx-graphics-19.jar;C:\Users\Алекс\.m2\repository\org\openjfx\javafx-base\19\javafx-base-19.jar;C:\Users\Алекс\.m2\repository\org\openjfx\javafx-fxml\19\javafx-fxml-19.jar
Launcher Type: SUN_STANDARD

[Global flags]
     intx CICompilerCount                          = 4                                         {product} {ergonomic}
     uint ConcGCThreads                            = 2                                         {product} {ergonomic}
     uint G1ConcRefinementThreads                  = 8                                         {product} {ergonomic}
   size_t G1HeapRegionSize                         = 2097152                                   {product} {ergonomic}
    uintx GCDrainStackTargetSize                   = 64                                        {product} {ergonomic}
   size_t InitialHeapSize                          = 264241152                                 {product} {ergonomic}
   size_t MarkStackSize                            = 4194304                                   {product} {ergonomic}
   size_t MaxHeapSize                              = 4215275520                                {product} {ergonomic}
   size_t MaxNewSize                               = 2529165312                                {product} {ergonomic}
   size_t MinHeapDeltaBytes                        = 2097152                                   {product} {ergonomic}
   size_t MinHeapSize                              = 8388608                                   {product} {ergonomic}
    uintx NonNMethodCodeHeapSize                   = 5839372                                {pd product} {ergonomic}
    uintx NonProfiledCodeHeapSize                  = 122909434                              {pd product} {ergonomic}
    uintx ProfiledCodeHeapSize                     = 122909434                              {pd product} {ergonomic}
    uintx ReservedCodeCacheSize                    = 251658240                              {pd product} {ergonomic}
     bool SegmentedCodeCache                       = true                                      {product} {ergonomic}
   size_t SoftMaxHeapSize                          = 4215275520                             {manageable} {ergonomic}
     bool UseCompressedClassPointers               = true                           {product lp64_product} {ergonomic}
     bool UseCompressedOops                        = true                           {product lp64_product} {ergonomic}
     bool UseG1GC                                  = true                                      {product} {ergonomic}
     bool UseLargePagesIndividualAllocation        = false                                  {pd product} {ergonomic}

Logging:
Log output configuration:
 #0: stdout all=off uptime,level,tags foldmultilines=false
 #1: stderr all=off uptime,level,tags foldmultilines=false

Environment Variables:
PATH=C:\WINDOWS\system32;C:\WINDOWS;C:\WINDOWS\System32\Wbem;C:\WINDOWS\System32\WindowsPowerShell\v1.0\;C:\WINDOWS\System32\OpenSSH\;C:\Program Files\Git\cmd;C:\Program Files\PowerShell\7\;C:\Program Files\Cloudflare\Cloudflare WARP\;C:\Users\Алекс\AppData\Local\Programs\Python\Python311\Scripts\;C:\Users\Алекс\AppData\Local\Programs\Python\Python311\;C:\Users\Алекс\AppData\Local\Microsoft\WindowsApps;C:\Users\Алекс\AppData\Local\GitHubDesktop\bin;C:\Users\Алекс\AppData\Local\Programs\Microsoft VS Code\bin
USERNAME=Алекс
OS=Windows_NT
PROCESSOR_IDENTIFIER=Intel64 Family 6 Model 140 Stepping 1, GenuineIntel
TMP=C:\Users\E47B~1\AppData\Local\Temp
TEMP=C:\Users\E47B~1\AppData\Local\Temp



---------------  S Y S T E M  ---------------

OS:
 Windows 11 , 64 bit Build 22621 (10.0.22621.2428)
OS uptime: 11 days 18:15 hours
Hyper-V role detected

CPU: total 8 (initial active 8) (4 cores per cpu, 2 threads per core) family 6 model 140 stepping 1 microcode 0x86, cx8, cmov, fxsr, ht, mmx, 3dnowpref, sse, sse2, sse3, ssse3, sse4.1, sse4.2, popcnt, lzcnt, tsc, tscinvbit, avx, avx2, aes, erms, clmul, bmi1, bmi2, adx, avx512f, avx512dq, avx512cd, avx512bw, avx512vl, sha, fma, vzeroupper, avx512_vpopcntdq, avx512_vpclmulqdq, avx512_vaes, avx512_vnni, clflush, clflushopt, clwb, avx512_vbmi2, avx512_vbmi, hv, rdtscp, rdpid, fsrm, gfni, avx512_bitalg

Memory: 4k page, system-wide physical 16075M (5618M free)
TotalPageFile size 17700M (AvailPageFile size 2908M)
current process WorkingSet (physical memory assigned to process): 181M, peak: 205M
current process commit charge ("private bytes"): 424M, peak: 448M

vm_info: OpenJDK 64-Bit Server VM (19.0.1+10-21) for windows-amd64 JRE (19.0.1+10-21), built on 2022-09-14T12:45:06Z by "mach5one" with MS VC++ 17.1 (VS2022)

END.
