#
# A fatal error has been detected by the Java Runtime Environment:
#
#  EXCEPTION_ACCESS_VIOLATION (0xc0000005) at pc=0x00007ffaaeeb63b7, pid=10272, tid=12304
#
# JRE version: Java(TM) SE Runtime Environment (21.0.1+12) (build 21.0.1+12-LTS-29)
# Java VM: Java HotSpot(TM) 64-Bit Server VM (21.0.1+12-LTS-29, mixed mode, sharing, tiered, compressed oops, compressed class ptrs, g1 gc, windows-amd64)
# Problematic frame:
# C  [glass.dll+0x263b7]
#
# No core dump will be written. Minidumps are not enabled by default on client versions of Windows
#
# If you would like to submit a bug report, please visit:
#   https://bugreport.java.com/bugreport/crash.jsp
#

---------------  S U M M A R Y ------------

Command Line: -javaagent:C:\Program Files\JetBrains\IntelliJ IDEA 2022.3.1\lib\idea_rt.jar=51470:C:\Program Files\JetBrains\IntelliJ IDEA 2022.3.1\bin -Dfile.encoding=UTF-8 -Dsun.stdout.encoding=UTF-8 -Dsun.stderr.encoding=UTF-8 --module-path=C:\Users\Алекс\.m2\repository\org\openjfx\javafx-controls\19\javafx-controls-19-win.jar;C:\Users\Алекс\.m2\repository\org\openjfx\javafx-base\19\javafx-base-19-win.jar;C:\Users\Алекс\.m2\repository\org\openjfx\javafx-graphics\19\javafx-graphics-19-win.jar;C:\Users\Алекс\.m2\repository\org\openjfx\javafx-fxml\19\javafx-fxml-19-win.jar;C:\Users\Алекс\IdeaProjects\FirstApp\target\classes -Djdk.module.main=com.example.firstapp com.example.firstapp/com.example.firstapp.HelloApplication

Host: 11th Gen Intel(R) Core(TM) i5-11300H @ 3.10GHz, 8 cores, 15G,  Windows 11 , 64 bit Build 22621 (10.0.22621.2428)
Time: Tue Nov  7 14:41:49 2023  Windows 11 , 64 bit Build 22621 (10.0.22621.2428) elapsed time: 114.546503 seconds (0d 0h 1m 54s)

---------------  T H R E A D  ---------------

Current thread (0x00000297d2d77c80):  VMThread "VM Thread"          [id=12304, stack(0x000000c2aa900000,0x000000c2aaa00000) (1024K)]

Stack: [0x000000c2aa900000,0x000000c2aaa00000],  sp=0x000000c2aa9ff310,  free space=1020k
Native frames: (J=compiled Java code, j=interpreted, Vv=VM code, C=native code)
C  [glass.dll+0x263b7]


siginfo: EXCEPTION_ACCESS_VIOLATION (0xc0000005), reading address 0x0000000000000000


Registers:
RAX=0x0000000000000000, RBX=0x00000297d2d847e2, RCX=0x00000297d2d77c80, RDX=0x000000c2aa9ff310
RSP=0x000000c2aa9ff310, RBP=0x00000298198a9568, RSI=0x000000c2aa9ff418, RDI=0x00000298198a9540
R8 =0x0000000000010002, R9 =0x00000298198a9540, R10=0x85f13e9656da4870, R11=0x000000c2aa9ff2a0
R12=0x00007ffaaeeb3cf0, R13=0x00007ffa8d4a1fa0, R14=0x0000fe26fc8758bc, R15=0x00000298198a9540
RIP=0x00007ffaaeeb63b7, EFLAGS=0x0000000000010202


Register to memory mapping:

RAX=0x0 is null
RBX=0x00000297d2d847e2 is a global jni handle
RCX=0x00000297d2d77c80 points into unknown readable memory: 0x00007ffa8d2b3f88 | 88 3f 2b 8d fa 7f 00 00
RDX=0x000000c2aa9ff310 points into unknown readable memory: 0x0000000000000000 | 00 00 00 00 00 00 00 00
RSP=0x000000c2aa9ff310 points into unknown readable memory: 0x0000000000000000 | 00 00 00 00 00 00 00 00
RBP=0x00000298198a9568 points into unknown readable memory: 0x0000fe26fc8758bc | bc 58 87 fc 26 fe 00 00
RSI=0x000000c2aa9ff418 points into unknown readable memory: 0x000000c2aa9ff400 | 00 f4 9f aa c2 00 00 00
RDI=0x00000298198a9540 points into unknown readable memory: 0x8000f9d95669eb3c | 3c eb 69 56 d9 f9 00 80
R8 =0x0000000000010002 is an unknown value
R9 =0x00000298198a9540 points into unknown readable memory: 0x8000f9d95669eb3c | 3c eb 69 56 d9 f9 00 80
R10=0x85f13e9656da4870 is an unknown value
R11=0x000000c2aa9ff2a0 points into unknown readable memory: 0x00000298198a9540 | 40 95 8a 19 98 02 00 00
R12=0x00007ffaaeeb3cf0 glass.dll
R13=0x00007ffa8d4a1fa0 jvm.dll
R14=0x0000fe26fc8758bc is an unknown value
R15=0x00000298198a9540 points into unknown readable memory: 0x8000f9d95669eb3c | 3c eb 69 56 d9 f9 00 80

Top of Stack: (sp=0x000000c2aa9ff310)
0x000000c2aa9ff310:   0000000000000000 000000c2aa9ff418
0x000000c2aa9ff320:   00007ffa8d4a1fa0 00007ffaaeeb3cf0
0x000000c2aa9ff330:   00000298198a9548 00007ffad26f3a83
0x000000c2aa9ff340:   00000298198a9540 0000029800000000
0x000000c2aa9ff350:   00000298198a9568 000000c2aa9ff418
0x000000c2aa9ff360:   fffffffffffffffe 0000000000000000
0x000000c2aa9ff370:   0000000000000001 00007ffaaee90000
0x000000c2aa9ff380:   000000c2aa9ff408 00007ffad26c006e
0x000000c2aa9ff390:   0000000000000000 000000c2aa9ff418
0x000000c2aa9ff3a0:   000000c2aa9ff700 0000000000000001
0x000000c2aa9ff3b0:   0000000000000001 00007ffad26bda1d
0x000000c2aa9ff3c0:   0000000000000000 00007ffaaeeb34e9
0x000000c2aa9ff3d0:   0000000000000000 000000c2aa9ff408
0x000000c2aa9ff3e0:   fffffffffffffffe 000000c2aa9ff700
0x000000c2aa9ff3f0:   0000000000000000 00007ffaaeeb3b7d
0x000000c2aa9ff400:   00007ffaaeec9f88 00007ffa00000002
0x000000c2aa9ff410:   0000000000000002 000000c2aa9ff400
0x000000c2aa9ff420:   0000000000000000 00007ffad4ab85f3
0x000000c2aa9ff430:   0000000000000000 00007ffaaeeb3ca2
0x000000c2aa9ff440:   0000000000000001 0000000000000001
0x000000c2aa9ff450:   000000c2aa9ff700 0000000000000001
0x000000c2aa9ff460:   0000000000000001 00007ffad1612223
0x000000c2aa9ff470:   00007ffa00000001 0000000000000000
0x000000c2aa9ff480:   00007ffaaee90000 000000007ffe0384
0x000000c2aa9ff490:   0000000000000000 00007ffad4ab868f
0x000000c2aa9ff4a0:   00007ffaaee90000 0000000000000000
0x000000c2aa9ff4b0:   0000000000000001 000000007ffe0385
0x000000c2aa9ff4c0:   00007ffad4bc7a20 00007ffabdbcd880
0x000000c2aa9ff4d0:   0000055b369b1000 00007ffabc8d0000
0x000000c2aa9ff4e0:   00007ffaaeeb3cf0 0000000000000000
0x000000c2aa9ff4f0:   0000000000000000 000000c2a9cad000
0x000000c2aa9ff500:   00000297d3e0d3c0 00007ffad4ae1096 

Instructions: (pc=0x00007ffaaeeb63b7)
0x00007ffaaeeb62b7:   8b 4d 58 e8 7d cf ff ff 48 8b 4d 60 e8 74 cf ff
0x00007ffaaeeb62c7:   ff 48 8b 95 80 00 00 00 48 8b 8d 18 01 00 00 e8
0x00007ffaaeeb62d7:   66 c4 ff ff 33 d2 33 c9 e8 bc e1 ff ff 90 48 89
0x00007ffaaeeb62e7:   54 24 10 55 48 83 ec 20 48 8b ea 48 b8 00 00 00
0x00007ffaaeeb62f7:   00 00 00 00 00 48 83 c4 20 5d c3 cc 40 55 48 8b
0x00007ffaaeeb6307:   ea 48 8b 01 33 c9 81 38 05 00 00 c0 0f 94 c1 8b
0x00007ffaaeeb6317:   c1 5d c3 cc 40 55 48 83 ec 20 48 8b ea 8a 4d 40
0x00007ffaaeeb6327:   48 83 c4 20 5d e9 63 d3 ff ff cc 40 55 48 83 ec
0x00007ffaaeeb6337:   20 48 8b ea 8a 4d 20 e8 51 d3 ff ff 90 48 83 c4
0x00007ffaaeeb6347:   20 5d c3 cc 40 55 48 83 ec 20 48 8b ea 48 83 c4
0x00007ffaaeeb6357:   20 5d e9 b2 d1 ff ff cc 40 55 48 83 ec 30 48 8b
0x00007ffaaeeb6367:   ea 48 8b 01 8b 10 48 89 4c 24 28 89 54 24 20 4c
0x00007ffaaeeb6377:   8d 0d 53 d6 ff ff 4c 8b 45 70 8b 55 68 48 8b 4d
0x00007ffaaeeb6387:   60 e8 f3 d0 ff ff 90 48 83 c4 30 5d c3 cc cc cc
0x00007ffaaeeb6397:   cc cc cc cc cc cc cc cc cc 40 53 48 83 ec 20 48
0x00007ffaaeeb63a7:   8b 1d db 35 01 00 48 85 db 74 16 e8 79 8b ff ff
0x00007ffaaeeb63b7:   4c 8b 00 48 8b d3 48 8b c8 41 ff 90 b0 00 00 00
0x00007ffaaeeb63c7:   90 48 83 c4 20 5b c3 cc cc 40 53 48 83 ec 20 48
0x00007ffaaeeb63d7:   8b 1d 4b 37 01 00 48 85 db 74 57 b8 ff ff ff ff
0x00007ffaaeeb63e7:   f0 0f c1 43 10 83 f8 01 75 3d 48 85 db 74 38 48
0x00007ffaaeeb63f7:   8b 0b 48 85 c9 74 0d ff 15 a4 0e 00 00 48 c7 03
0x00007ffaaeeb6407:   00 00 00 00 48 8b 4b 08 48 85 c9 74 0d e8 23 ce
0x00007ffaaeeb6417:   ff ff 48 c7 43 08 00 00 00 00 ba 18 00 00 00 48
0x00007ffaaeeb6427:   8b cb e8 0e ce ff ff 48 c7 05 ef 36 01 00 00 00
0x00007ffaaeeb6437:   00 00 48 83 c4 20 5b c3 cc 40 53 48 83 ec 20 48
0x00007ffaaeeb6447:   8b 1d bb 36 01 00 48 85 db 74 57 b8 ff ff ff ff
0x00007ffaaeeb6457:   f0 0f c1 43 10 83 f8 01 75 3d 48 85 db 74 38 48
0x00007ffaaeeb6467:   8b 0b 48 85 c9 74 0d ff 15 34 0e 00 00 48 c7 03
0x00007ffaaeeb6477:   00 00 00 00 48 8b 4b 08 48 85 c9 74 0d e8 b3 cd
0x00007ffaaeeb6487:   ff ff 48 c7 43 08 00 00 00 00 ba 18 00 00 00 48
0x00007ffaaeeb6497:   8b cb e8 9e cd ff ff 48 c7 05 5f 36 01 00 00 00
0x00007ffaaeeb64a7:   00 00 48 83 c4 20 5b c3 cc 40 53 48 83 ec 20 48 


Stack slot to memory mapping:

stack at sp + 0 slots: 0x0 is null
stack at sp + 1 slots: 0x000000c2aa9ff418 points into unknown readable memory: 0x000000c2aa9ff400 | 00 f4 9f aa c2 00 00 00
stack at sp + 2 slots: 0x00007ffa8d4a1fa0 jvm.dll
stack at sp + 3 slots: 0x00007ffaaeeb3cf0 glass.dll
stack at sp + 4 slots: 0x00000298198a9548 points into unknown readable memory: 0x0000fe26fc8758bc | bc 58 87 fc 26 fe 00 00
stack at sp + 5 slots: 0x00007ffad26f3a83 ucrtbase.dll
stack at sp + 6 slots: 0x00000298198a9540 points into unknown readable memory: 0x8000f9d95669eb3c | 3c eb 69 56 d9 f9 00 80
stack at sp + 7 slots: 0x0000029800000000 is an unknown value

VM_Operation (0x000000c2a9fff150): Exit, mode: safepoint, requested by thread 0x00000298199a5b40


---------------  P R O C E S S  ---------------

Threads class SMR info:
_java_thread_list=0x000002981948bd30, length=19, elements={
0x00000297b404e870, 0x00000297d2d96e20, 0x00000297d2d97a80, 0x00000297d2d9cdc0,
0x00000297d2d9da40, 0x00000297d2da95c0, 0x00000297d2db0ad0, 0x00000297d2db36f0,
0x00000297d32cf0f0, 0x00000297d3559690, 0x00000298196fe3d0, 0x00000298196b9290,
0x000002981a4c75a0, 0x00000298195d68d0, 0x0000029819b7c4c0, 0x00000297d3b539e0,
0x000002981936fa40, 0x00000298199a4e20, 0x00000298199a5b40
}

Java Threads: ( => current thread )
  0x00000297b404e870 JavaThread "main"                              [_thread_blocked, id=7020, stack(0x000000c2aa200000,0x000000c2aa300000) (1024K)]
  0x00000297d2d96e20 JavaThread "Reference Handler"          daemon [_thread_blocked, id=3988, stack(0x000000c2aaa00000,0x000000c2aab00000) (1024K)]
  0x00000297d2d97a80 JavaThread "Finalizer"                  daemon [_thread_blocked, id=2812, stack(0x000000c2aab00000,0x000000c2aac00000) (1024K)]
  0x00000297d2d9cdc0 JavaThread "Attach Listener"            daemon [_thread_blocked, id=12736, stack(0x000000c2aad00000,0x000000c2aae00000) (1024K)]
  0x00000297d2d9da40 JavaThread "Service Thread"             daemon [_thread_blocked, id=7672, stack(0x000000c2aae00000,0x000000c2aaf00000) (1024K)]
  0x00000297d2da95c0 JavaThread "Monitor Deflation Thread"   daemon [_thread_blocked, id=14496, stack(0x000000c2aaf00000,0x000000c2ab000000) (1024K)]
  0x00000297d2db0ad0 JavaThread "C2 CompilerThread0"         daemon [_thread_blocked, id=20052, stack(0x000000c2ab000000,0x000000c2ab100000) (1024K)]
  0x00000297d2db36f0 JavaThread "C1 CompilerThread0"         daemon [_thread_blocked, id=5332, stack(0x000000c2ab100000,0x000000c2ab200000) (1024K)]
  0x00000297d32cf0f0 JavaThread "Common-Cleaner"             daemon [_thread_blocked, id=19984, stack(0x000000c2ab200000,0x000000c2ab300000) (1024K)]
  0x00000297d3559690 JavaThread "Monitor Ctrl-Break"         daemon [_thread_in_native, id=20228, stack(0x000000c2ab500000,0x000000c2ab600000) (1024K)]
  0x00000298196fe3d0 JavaThread "Notification Thread"        daemon [_thread_blocked, id=14420, stack(0x000000c2ab600000,0x000000c2ab700000) (1024K)]
  0x00000298196b9290 JavaThread "QuantumRenderer-0"          daemon [_thread_blocked, id=4900, stack(0x000000c2ab700000,0x000000c2ab800000) (1024K)]
  0x000002981a4c75a0 JavaThread "InvokeLaterDispatcher"      daemon [_thread_blocked, id=11528, stack(0x000000c2ab800000,0x000000c2ab900000) (1024K)]
  0x00000298195d68d0 JavaThread "JavaFX Application Thread"         [_thread_in_native, id=15660, stack(0x000000c2ab900000,0x000000c2aba00000) (1024K)]
  0x0000029819b7c4c0 JavaThread "JavaFX-Launcher"                   [_thread_blocked, id=15956, stack(0x000000c2abe00000,0x000000c2abf00000) (1024K)]
  0x00000297d3b539e0 JavaThread "Thread-2"                   daemon [_thread_in_native, id=6164, stack(0x000000c2abd00000,0x000000c2abe00000) (1024K)]
  0x000002981936fa40 JavaThread "Prism Font Disposer"        daemon [_thread_blocked, id=17212, stack(0x000000c2ac400000,0x000000c2ac500000) (1024K)]
  0x00000298199a4e20 JavaThread "Cleaner-0"                  daemon [_thread_blocked, id=3016, stack(0x000000c2acb00000,0x000000c2acc00000) (1024K)]
  0x00000298199a5b40 JavaThread "SIGINT handler"             daemon [_thread_blocked, id=9876, stack(0x000000c2a9f00000,0x000000c2aa000000) (1024K)]
Total: 19

Other Threads:
=>0x00000297d2d77c80 VMThread "VM Thread"                           [id=12304, stack(0x000000c2aa900000,0x000000c2aaa00000) (1024K)]
  0x00000297b40b9280 WorkerThread "GC Thread#0"                     [id=7164, stack(0x000000c2aa300000,0x000000c2aa400000) (1024K)]
  0x00000297d3b535a0 WorkerThread "GC Thread#1"                     [id=18392, stack(0x000000c2abf00000,0x000000c2ac000000) (1024K)]
  0x00000297d3b643e0 WorkerThread "GC Thread#2"                     [id=11056, stack(0x000000c2ac000000,0x000000c2ac100000) (1024K)]
  0x00000297d3b5f5f0 WorkerThread "GC Thread#3"                     [id=18048, stack(0x000000c2ac100000,0x000000c2ac200000) (1024K)]
  0x00000297d3b5f990 WorkerThread "GC Thread#4"                     [id=15824, stack(0x000000c2ac200000,0x000000c2ac300000) (1024K)]
  0x00000297d3b5fd30 WorkerThread "GC Thread#5"                     [id=20164, stack(0x000000c2ac300000,0x000000c2ac400000) (1024K)]
  0x0000029819cfab50 WorkerThread "GC Thread#6"                     [id=16872, stack(0x000000c2acc00000,0x000000c2acd00000) (1024K)]
  0x0000029819cf9930 WorkerThread "GC Thread#7"                     [id=17600, stack(0x000000c2acd00000,0x000000c2ace00000) (1024K)]
  0x00000297b40c9f50 ConcurrentGCThread "G1 Main Marker"            terminated
  0x00000297b40caa50 WorkerThread "G1 Conc#0"                       [id=14240, stack(0x000000c2aa500000,0x000000c2aa600000) (1024K)]
  0x00000297d2c36420 ConcurrentGCThread "G1 Refine#0"               terminated
  0x00000297b411d2b0 ConcurrentGCThread "G1 Service"                terminated
Total: 13

Threads with active compile tasks:
Total: 0

VM state: at safepoint (shutting down)

VM Mutex/Monitor currently owned by a thread:  ([mutex/lock_event])
[0x00007ffa8d47a5f8] Threads_lock - owner thread: 0x00000297d2d77c80
[0x00007ffa8d47a6f8] Heap_lock - owner thread: 0x00000298199a5b40

Heap address: 0x0000000704c00000, size: 4020 MB, Compressed Oops mode: Zero based, Oop shift amount: 3

CDS archive(s) mapped at: [0x00000297d4000000-0x00000297d4c90000-0x00000297d4c90000), size 13172736, SharedBaseAddress: 0x00000297d4000000, ArchiveRelocationMode: 1.
Compressed class space mapped at: 0x00000297d5000000-0x0000029815000000, reserved size: 1073741824
Narrow klass base: 0x00000297d4000000, Narrow klass shift: 0, Narrow klass range: 0x100000000

GC Precious Log:
 CardTable entry size: 512
 Card Set container configuration: InlinePtr #cards 4 size 8 Array Of Cards #cards 16 size 48 Howl #buckets 8 coarsen threshold 3686 Howl Bitmap #cards 512 size 80 coarsen threshold 460 Card regions per heap region 1 cards per card region 4096
 CPUs: 8 total, 8 available
 Memory: 16075M
 Large Page Support: Disabled
 NUMA Support: Disabled
 Compressed Oops: Enabled (Zero based)
 Heap Region Size: 2M
 Heap Min Capacity: 8M
 Heap Initial Capacity: 252M
 Heap Max Capacity: 4020M
 Pre-touch: Disabled
 Parallel Workers: 8
 Concurrent Workers: 2
 Concurrent Refinement Workers: 8
 Periodic GC: Disabled

Heap:
 garbage-first heap   total 258048K, used 23600K [0x0000000704c00000, 0x0000000800000000)
  region size 2048K, 12 young (24576K), 3 survivors (6144K)
 Metaspace       used 15763K, committed 16064K, reserved 1114112K
  class space    used 2310K, committed 2432K, reserved 1048576K

Heap Regions: E=young(eden), S=young(survivor), O=old, HS=humongous(starts), HC=humongous(continues), CS=collection set, F=free, TAMS=top-at-mark-start, PB=parsable bottom
|   0|0x0000000704c00000, 0x0000000704e00000, 0x0000000704e00000|100%|HS|  |TAMS 0x0000000704c00000| PB 0x0000000704c00000| Complete 
|   1|0x0000000704e00000, 0x0000000704f0c3f0, 0x0000000705000000| 52%| O|  |TAMS 0x0000000704e00000| PB 0x0000000704e00000| Untracked 
|   2|0x0000000705000000, 0x0000000705000000, 0x0000000705200000|  0%| F|  |TAMS 0x0000000705000000| PB 0x0000000705000000| Untracked 
|   3|0x0000000705200000, 0x0000000705200000, 0x0000000705400000|  0%| F|  |TAMS 0x0000000705200000| PB 0x0000000705200000| Untracked 
|   4|0x0000000705400000, 0x0000000705400000, 0x0000000705600000|  0%| F|  |TAMS 0x0000000705400000| PB 0x0000000705400000| Untracked 
|   5|0x0000000705600000, 0x0000000705600000, 0x0000000705800000|  0%| F|  |TAMS 0x0000000705600000| PB 0x0000000705600000| Untracked 
|   6|0x0000000705800000, 0x0000000705800000, 0x0000000705a00000|  0%| F|  |TAMS 0x0000000705800000| PB 0x0000000705800000| Untracked 
|   7|0x0000000705a00000, 0x0000000705a00000, 0x0000000705c00000|  0%| F|  |TAMS 0x0000000705a00000| PB 0x0000000705a00000| Untracked 
|   8|0x0000000705c00000, 0x0000000705c00000, 0x0000000705e00000|  0%| F|  |TAMS 0x0000000705c00000| PB 0x0000000705c00000| Untracked 
|   9|0x0000000705e00000, 0x0000000705e00000, 0x0000000706000000|  0%| F|  |TAMS 0x0000000705e00000| PB 0x0000000705e00000| Untracked 
|  10|0x0000000706000000, 0x0000000706000000, 0x0000000706200000|  0%| F|  |TAMS 0x0000000706000000| PB 0x0000000706000000| Untracked 
|  11|0x0000000706200000, 0x0000000706200000, 0x0000000706400000|  0%| F|  |TAMS 0x0000000706200000| PB 0x0000000706200000| Untracked 
|  12|0x0000000706400000, 0x0000000706400000, 0x0000000706600000|  0%| F|  |TAMS 0x0000000706400000| PB 0x0000000706400000| Untracked 
|  13|0x0000000706600000, 0x0000000706600000, 0x0000000706800000|  0%| F|  |TAMS 0x0000000706600000| PB 0x0000000706600000| Untracked 
|  14|0x0000000706800000, 0x0000000706800000, 0x0000000706a00000|  0%| F|  |TAMS 0x0000000706800000| PB 0x0000000706800000| Untracked 
|  15|0x0000000706a00000, 0x0000000706a00000, 0x0000000706c00000|  0%| F|  |TAMS 0x0000000706a00000| PB 0x0000000706a00000| Untracked 
|  16|0x0000000706c00000, 0x0000000706c00000, 0x0000000706e00000|  0%| F|  |TAMS 0x0000000706c00000| PB 0x0000000706c00000| Untracked 
|  17|0x0000000706e00000, 0x0000000706e00000, 0x0000000707000000|  0%| F|  |TAMS 0x0000000706e00000| PB 0x0000000706e00000| Untracked 
|  18|0x0000000707000000, 0x0000000707000000, 0x0000000707200000|  0%| F|  |TAMS 0x0000000707000000| PB 0x0000000707000000| Untracked 
|  19|0x0000000707200000, 0x0000000707200000, 0x0000000707400000|  0%| F|  |TAMS 0x0000000707200000| PB 0x0000000707200000| Untracked 
|  20|0x0000000707400000, 0x0000000707400000, 0x0000000707600000|  0%| F|  |TAMS 0x0000000707400000| PB 0x0000000707400000| Untracked 
|  21|0x0000000707600000, 0x0000000707600000, 0x0000000707800000|  0%| F|  |TAMS 0x0000000707600000| PB 0x0000000707600000| Untracked 
|  22|0x0000000707800000, 0x0000000707800000, 0x0000000707a00000|  0%| F|  |TAMS 0x0000000707800000| PB 0x0000000707800000| Untracked 
|  23|0x0000000707a00000, 0x0000000707a00000, 0x0000000707c00000|  0%| F|  |TAMS 0x0000000707a00000| PB 0x0000000707a00000| Untracked 
|  24|0x0000000707c00000, 0x0000000707c00000, 0x0000000707e00000|  0%| F|  |TAMS 0x0000000707c00000| PB 0x0000000707c00000| Untracked 
|  25|0x0000000707e00000, 0x0000000707e00000, 0x0000000708000000|  0%| F|  |TAMS 0x0000000707e00000| PB 0x0000000707e00000| Untracked 
|  26|0x0000000708000000, 0x0000000708000000, 0x0000000708200000|  0%| F|  |TAMS 0x0000000708000000| PB 0x0000000708000000| Untracked 
|  27|0x0000000708200000, 0x0000000708200000, 0x0000000708400000|  0%| F|  |TAMS 0x0000000708200000| PB 0x0000000708200000| Untracked 
|  28|0x0000000708400000, 0x0000000708400000, 0x0000000708600000|  0%| F|  |TAMS 0x0000000708400000| PB 0x0000000708400000| Untracked 
|  29|0x0000000708600000, 0x0000000708600000, 0x0000000708800000|  0%| F|  |TAMS 0x0000000708600000| PB 0x0000000708600000| Untracked 
|  30|0x0000000708800000, 0x0000000708800000, 0x0000000708a00000|  0%| F|  |TAMS 0x0000000708800000| PB 0x0000000708800000| Untracked 
|  31|0x0000000708a00000, 0x0000000708a00000, 0x0000000708c00000|  0%| F|  |TAMS 0x0000000708a00000| PB 0x0000000708a00000| Untracked 
|  32|0x0000000708c00000, 0x0000000708c00000, 0x0000000708e00000|  0%| F|  |TAMS 0x0000000708c00000| PB 0x0000000708c00000| Untracked 
|  33|0x0000000708e00000, 0x0000000708e00000, 0x0000000709000000|  0%| F|  |TAMS 0x0000000708e00000| PB 0x0000000708e00000| Untracked 
|  34|0x0000000709000000, 0x0000000709000000, 0x0000000709200000|  0%| F|  |TAMS 0x0000000709000000| PB 0x0000000709000000| Untracked 
|  35|0x0000000709200000, 0x0000000709200000, 0x0000000709400000|  0%| F|  |TAMS 0x0000000709200000| PB 0x0000000709200000| Untracked 
|  36|0x0000000709400000, 0x0000000709400000, 0x0000000709600000|  0%| F|  |TAMS 0x0000000709400000| PB 0x0000000709400000| Untracked 
|  37|0x0000000709600000, 0x0000000709600000, 0x0000000709800000|  0%| F|  |TAMS 0x0000000709600000| PB 0x0000000709600000| Untracked 
|  38|0x0000000709800000, 0x0000000709800000, 0x0000000709a00000|  0%| F|  |TAMS 0x0000000709800000| PB 0x0000000709800000| Untracked 
|  39|0x0000000709a00000, 0x0000000709a00000, 0x0000000709c00000|  0%| F|  |TAMS 0x0000000709a00000| PB 0x0000000709a00000| Untracked 
|  40|0x0000000709c00000, 0x0000000709c00000, 0x0000000709e00000|  0%| F|  |TAMS 0x0000000709c00000| PB 0x0000000709c00000| Untracked 
|  41|0x0000000709e00000, 0x0000000709e00000, 0x000000070a000000|  0%| F|  |TAMS 0x0000000709e00000| PB 0x0000000709e00000| Untracked 
|  42|0x000000070a000000, 0x000000070a000000, 0x000000070a200000|  0%| F|  |TAMS 0x000000070a000000| PB 0x000000070a000000| Untracked 
|  43|0x000000070a200000, 0x000000070a200000, 0x000000070a400000|  0%| F|  |TAMS 0x000000070a200000| PB 0x000000070a200000| Untracked 
|  44|0x000000070a400000, 0x000000070a400000, 0x000000070a600000|  0%| F|  |TAMS 0x000000070a400000| PB 0x000000070a400000| Untracked 
|  45|0x000000070a600000, 0x000000070a600000, 0x000000070a800000|  0%| F|  |TAMS 0x000000070a600000| PB 0x000000070a600000| Untracked 
|  46|0x000000070a800000, 0x000000070a800000, 0x000000070aa00000|  0%| F|  |TAMS 0x000000070a800000| PB 0x000000070a800000| Untracked 
|  47|0x000000070aa00000, 0x000000070aa00000, 0x000000070ac00000|  0%| F|  |TAMS 0x000000070aa00000| PB 0x000000070aa00000| Untracked 
|  48|0x000000070ac00000, 0x000000070ac00000, 0x000000070ae00000|  0%| F|  |TAMS 0x000000070ac00000| PB 0x000000070ac00000| Untracked 
|  49|0x000000070ae00000, 0x000000070ae00000, 0x000000070b000000|  0%| F|  |TAMS 0x000000070ae00000| PB 0x000000070ae00000| Untracked 
|  50|0x000000070b000000, 0x000000070b000000, 0x000000070b200000|  0%| F|  |TAMS 0x000000070b000000| PB 0x000000070b000000| Untracked 
|  51|0x000000070b200000, 0x000000070b200000, 0x000000070b400000|  0%| F|  |TAMS 0x000000070b200000| PB 0x000000070b200000| Untracked 
|  52|0x000000070b400000, 0x000000070b400000, 0x000000070b600000|  0%| F|  |TAMS 0x000000070b400000| PB 0x000000070b400000| Untracked 
|  53|0x000000070b600000, 0x000000070b600000, 0x000000070b800000|  0%| F|  |TAMS 0x000000070b600000| PB 0x000000070b600000| Untracked 
|  54|0x000000070b800000, 0x000000070b800000, 0x000000070ba00000|  0%| F|  |TAMS 0x000000070b800000| PB 0x000000070b800000| Untracked 
|  55|0x000000070ba00000, 0x000000070ba00000, 0x000000070bc00000|  0%| F|  |TAMS 0x000000070ba00000| PB 0x000000070ba00000| Untracked 
|  56|0x000000070bc00000, 0x000000070bc00000, 0x000000070be00000|  0%| F|  |TAMS 0x000000070bc00000| PB 0x000000070bc00000| Untracked 
|  57|0x000000070be00000, 0x000000070be00000, 0x000000070c000000|  0%| F|  |TAMS 0x000000070be00000| PB 0x000000070be00000| Untracked 
|  58|0x000000070c000000, 0x000000070c000000, 0x000000070c200000|  0%| F|  |TAMS 0x000000070c000000| PB 0x000000070c000000| Untracked 
|  59|0x000000070c200000, 0x000000070c200000, 0x000000070c400000|  0%| F|  |TAMS 0x000000070c200000| PB 0x000000070c200000| Untracked 
|  60|0x000000070c400000, 0x000000070c400000, 0x000000070c600000|  0%| F|  |TAMS 0x000000070c400000| PB 0x000000070c400000| Untracked 
|  61|0x000000070c600000, 0x000000070c600000, 0x000000070c800000|  0%| F|  |TAMS 0x000000070c600000| PB 0x000000070c600000| Untracked 
|  62|0x000000070c800000, 0x000000070c800000, 0x000000070ca00000|  0%| F|  |TAMS 0x000000070c800000| PB 0x000000070c800000| Untracked 
|  63|0x000000070ca00000, 0x000000070ca00000, 0x000000070cc00000|  0%| F|  |TAMS 0x000000070ca00000| PB 0x000000070ca00000| Untracked 
|  64|0x000000070cc00000, 0x000000070cc00000, 0x000000070ce00000|  0%| F|  |TAMS 0x000000070cc00000| PB 0x000000070cc00000| Untracked 
|  65|0x000000070ce00000, 0x000000070ce00000, 0x000000070d000000|  0%| F|  |TAMS 0x000000070ce00000| PB 0x000000070ce00000| Untracked 
|  66|0x000000070d000000, 0x000000070d000000, 0x000000070d200000|  0%| F|  |TAMS 0x000000070d000000| PB 0x000000070d000000| Untracked 
|  67|0x000000070d200000, 0x000000070d200000, 0x000000070d400000|  0%| F|  |TAMS 0x000000070d200000| PB 0x000000070d200000| Untracked 
|  68|0x000000070d400000, 0x000000070d400000, 0x000000070d600000|  0%| F|  |TAMS 0x000000070d400000| PB 0x000000070d400000| Untracked 
|  69|0x000000070d600000, 0x000000070d600000, 0x000000070d800000|  0%| F|  |TAMS 0x000000070d600000| PB 0x000000070d600000| Untracked 
|  70|0x000000070d800000, 0x000000070d800000, 0x000000070da00000|  0%| F|  |TAMS 0x000000070d800000| PB 0x000000070d800000| Untracked 
|  71|0x000000070da00000, 0x000000070da00000, 0x000000070dc00000|  0%| F|  |TAMS 0x000000070da00000| PB 0x000000070da00000| Untracked 
|  72|0x000000070dc00000, 0x000000070dc00000, 0x000000070de00000|  0%| F|  |TAMS 0x000000070dc00000| PB 0x000000070dc00000| Untracked 
|  73|0x000000070de00000, 0x000000070de00000, 0x000000070e000000|  0%| F|  |TAMS 0x000000070de00000| PB 0x000000070de00000| Untracked 
|  74|0x000000070e000000, 0x000000070e000000, 0x000000070e200000|  0%| F|  |TAMS 0x000000070e000000| PB 0x000000070e000000| Untracked 
|  75|0x000000070e200000, 0x000000070e200000, 0x000000070e400000|  0%| F|  |TAMS 0x000000070e200000| PB 0x000000070e200000| Untracked 
|  76|0x000000070e400000, 0x000000070e400000, 0x000000070e600000|  0%| F|  |TAMS 0x000000070e400000| PB 0x000000070e400000| Untracked 
|  77|0x000000070e600000, 0x000000070e600000, 0x000000070e800000|  0%| F|  |TAMS 0x000000070e600000| PB 0x000000070e600000| Untracked 
|  78|0x000000070e800000, 0x000000070e800000, 0x000000070ea00000|  0%| F|  |TAMS 0x000000070e800000| PB 0x000000070e800000| Untracked 
|  79|0x000000070ea00000, 0x000000070ea00000, 0x000000070ec00000|  0%| F|  |TAMS 0x000000070ea00000| PB 0x000000070ea00000| Untracked 
|  80|0x000000070ec00000, 0x000000070ec00000, 0x000000070ee00000|  0%| F|  |TAMS 0x000000070ec00000| PB 0x000000070ec00000| Untracked 
|  81|0x000000070ee00000, 0x000000070ee00000, 0x000000070f000000|  0%| F|  |TAMS 0x000000070ee00000| PB 0x000000070ee00000| Untracked 
|  82|0x000000070f000000, 0x000000070f000000, 0x000000070f200000|  0%| F|  |TAMS 0x000000070f000000| PB 0x000000070f000000| Untracked 
|  83|0x000000070f200000, 0x000000070f200000, 0x000000070f400000|  0%| F|  |TAMS 0x000000070f200000| PB 0x000000070f200000| Untracked 
|  84|0x000000070f400000, 0x000000070f400000, 0x000000070f600000|  0%| F|  |TAMS 0x000000070f400000| PB 0x000000070f400000| Untracked 
|  85|0x000000070f600000, 0x000000070f600000, 0x000000070f800000|  0%| F|  |TAMS 0x000000070f600000| PB 0x000000070f600000| Untracked 
|  86|0x000000070f800000, 0x000000070f800000, 0x000000070fa00000|  0%| F|  |TAMS 0x000000070f800000| PB 0x000000070f800000| Untracked 
|  87|0x000000070fa00000, 0x000000070fa00000, 0x000000070fc00000|  0%| F|  |TAMS 0x000000070fa00000| PB 0x000000070fa00000| Untracked 
|  88|0x000000070fc00000, 0x000000070fc00000, 0x000000070fe00000|  0%| F|  |TAMS 0x000000070fc00000| PB 0x000000070fc00000| Untracked 
|  89|0x000000070fe00000, 0x000000070fe00000, 0x0000000710000000|  0%| F|  |TAMS 0x000000070fe00000| PB 0x000000070fe00000| Untracked 
|  90|0x0000000710000000, 0x0000000710000000, 0x0000000710200000|  0%| F|  |TAMS 0x0000000710000000| PB 0x0000000710000000| Untracked 
|  91|0x0000000710200000, 0x0000000710200000, 0x0000000710400000|  0%| F|  |TAMS 0x0000000710200000| PB 0x0000000710200000| Untracked 
|  92|0x0000000710400000, 0x0000000710400000, 0x0000000710600000|  0%| F|  |TAMS 0x0000000710400000| PB 0x0000000710400000| Untracked 
|  93|0x0000000710600000, 0x0000000710600000, 0x0000000710800000|  0%| F|  |TAMS 0x0000000710600000| PB 0x0000000710600000| Untracked 
|  94|0x0000000710800000, 0x0000000710800000, 0x0000000710a00000|  0%| F|  |TAMS 0x0000000710800000| PB 0x0000000710800000| Untracked 
|  95|0x0000000710a00000, 0x0000000710a00000, 0x0000000710c00000|  0%| F|  |TAMS 0x0000000710a00000| PB 0x0000000710a00000| Untracked 
|  96|0x0000000710c00000, 0x0000000710c00000, 0x0000000710e00000|  0%| F|  |TAMS 0x0000000710c00000| PB 0x0000000710c00000| Untracked 
|  97|0x0000000710e00000, 0x0000000710e00000, 0x0000000711000000|  0%| F|  |TAMS 0x0000000710e00000| PB 0x0000000710e00000| Untracked 
|  98|0x0000000711000000, 0x0000000711000000, 0x0000000711200000|  0%| F|  |TAMS 0x0000000711000000| PB 0x0000000711000000| Untracked 
|  99|0x0000000711200000, 0x0000000711200000, 0x0000000711400000|  0%| F|  |TAMS 0x0000000711200000| PB 0x0000000711200000| Untracked 
| 100|0x0000000711400000, 0x0000000711400000, 0x0000000711600000|  0%| F|  |TAMS 0x0000000711400000| PB 0x0000000711400000| Untracked 
| 101|0x0000000711600000, 0x0000000711600000, 0x0000000711800000|  0%| F|  |TAMS 0x0000000711600000| PB 0x0000000711600000| Untracked 
| 102|0x0000000711800000, 0x0000000711a00000, 0x0000000711a00000|100%| S|CS|TAMS 0x0000000711800000| PB 0x0000000711800000| Complete 
| 103|0x0000000711a00000, 0x0000000711c00000, 0x0000000711c00000|100%| S|CS|TAMS 0x0000000711a00000| PB 0x0000000711a00000| Complete 
| 104|0x0000000711c00000, 0x0000000711e00000, 0x0000000711e00000|100%| S|CS|TAMS 0x0000000711c00000| PB 0x0000000711c00000| Complete 
| 105|0x0000000711e00000, 0x0000000711e00000, 0x0000000712000000|  0%| F|  |TAMS 0x0000000711e00000| PB 0x0000000711e00000| Untracked 
| 106|0x0000000712000000, 0x0000000712000000, 0x0000000712200000|  0%| F|  |TAMS 0x0000000712000000| PB 0x0000000712000000| Untracked 
| 107|0x0000000712200000, 0x0000000712200000, 0x0000000712400000|  0%| F|  |TAMS 0x0000000712200000| PB 0x0000000712200000| Untracked 
| 108|0x0000000712400000, 0x0000000712400000, 0x0000000712600000|  0%| F|  |TAMS 0x0000000712400000| PB 0x0000000712400000| Untracked 
| 109|0x0000000712600000, 0x0000000712600000, 0x0000000712800000|  0%| F|  |TAMS 0x0000000712600000| PB 0x0000000712600000| Untracked 
| 110|0x0000000712800000, 0x0000000712800000, 0x0000000712a00000|  0%| F|  |TAMS 0x0000000712800000| PB 0x0000000712800000| Untracked 
| 111|0x0000000712a00000, 0x0000000712a00000, 0x0000000712c00000|  0%| F|  |TAMS 0x0000000712a00000| PB 0x0000000712a00000| Untracked 
| 112|0x0000000712c00000, 0x0000000712c00000, 0x0000000712e00000|  0%| F|  |TAMS 0x0000000712c00000| PB 0x0000000712c00000| Untracked 
| 113|0x0000000712e00000, 0x0000000712e00000, 0x0000000713000000|  0%| F|  |TAMS 0x0000000712e00000| PB 0x0000000712e00000| Untracked 
| 114|0x0000000713000000, 0x0000000713000000, 0x0000000713200000|  0%| F|  |TAMS 0x0000000713000000| PB 0x0000000713000000| Untracked 
| 115|0x0000000713200000, 0x0000000713200000, 0x0000000713400000|  0%| F|  |TAMS 0x0000000713200000| PB 0x0000000713200000| Untracked 
| 116|0x0000000713400000, 0x0000000713400000, 0x0000000713600000|  0%| F|  |TAMS 0x0000000713400000| PB 0x0000000713400000| Untracked 
| 117|0x0000000713600000, 0x0000000713600800, 0x0000000713800000|  0%| E|  |TAMS 0x0000000713600000| PB 0x0000000713600000| Complete 
| 118|0x0000000713800000, 0x0000000713a00000, 0x0000000713a00000|100%| E|CS|TAMS 0x0000000713800000| PB 0x0000000713800000| Complete 
| 119|0x0000000713a00000, 0x0000000713c00000, 0x0000000713c00000|100%| E|CS|TAMS 0x0000000713a00000| PB 0x0000000713a00000| Complete 
| 120|0x0000000713c00000, 0x0000000713e00000, 0x0000000713e00000|100%| E|  |TAMS 0x0000000713c00000| PB 0x0000000713c00000| Complete 
| 121|0x0000000713e00000, 0x0000000714000000, 0x0000000714000000|100%| E|CS|TAMS 0x0000000713e00000| PB 0x0000000713e00000| Complete 
| 122|0x0000000714000000, 0x0000000714200000, 0x0000000714200000|100%| E|CS|TAMS 0x0000000714000000| PB 0x0000000714000000| Complete 
| 123|0x0000000714200000, 0x0000000714400000, 0x0000000714400000|100%| E|CS|TAMS 0x0000000714200000| PB 0x0000000714200000| Complete 
| 124|0x0000000714400000, 0x0000000714600000, 0x0000000714600000|100%| E|CS|TAMS 0x0000000714400000| PB 0x0000000714400000| Complete 
| 125|0x0000000714600000, 0x0000000714800000, 0x0000000714800000|100%| E|CS|TAMS 0x0000000714600000| PB 0x0000000714600000| Complete 

Card table byte_map: [0x00000297cbfc0000,0x00000297cc7a0000] _byte_map_base: 0x00000297c879a000

Marking Bits: (CMBitMap*) 0x00000297b40b9980
 Bits: [0x00000297cc7a0000, 0x00000297d0670000)

Polling page: 0x00000297b3820000

Metaspace:

Usage:
  Non-class:     13.14 MB used.
      Class:      2.26 MB used.
       Both:     15.39 MB used.

Virtual space:
  Non-class space:       64.00 MB reserved,      13.31 MB ( 21%) committed,  1 nodes.
      Class space:        1.00 GB reserved,       2.38 MB ( <1%) committed,  1 nodes.
             Both:        1.06 GB reserved,      15.69 MB (  1%) committed. 

Chunk freelists:
   Non-Class:  2.19 MB
       Class:  13.57 MB
        Both:  15.76 MB

MaxMetaspaceSize: unlimited
CompressedClassSpaceSize: 1.00 GB
Initial GC threshold: 21.00 MB
Current GC threshold: 21.00 MB
CDS: on
 - commit_granule_bytes: 65536.
 - commit_granule_words: 8192.
 - virtual_space_node_default_size: 8388608.
 - enlarge_chunks_in_place: 1.
 - use_allocation_guard: 0.


Internal statistics:

num_allocs_failed_limit: 0.
num_arena_births: 356.
num_arena_deaths: 0.
num_vsnodes_births: 2.
num_vsnodes_deaths: 0.
num_space_committed: 251.
num_space_uncommitted: 0.
num_chunks_returned_to_freelist: 0.
num_chunks_taken_from_freelist: 854.
num_chunk_merges: 0.
num_chunk_splits: 585.
num_chunks_enlarged: 435.
num_inconsistent_stats: 0.

CodeHeap 'non-profiled nmethods': size=120000Kb used=1139Kb max_used=1139Kb free=118860Kb
 bounds [0x00000297c3f80000, 0x00000297c41f0000, 0x00000297cb4b0000]
CodeHeap 'profiled nmethods': size=120000Kb used=4693Kb max_used=4693Kb free=115306Kb
 bounds [0x00000297bc4b0000, 0x00000297bc950000, 0x00000297c39e0000]
CodeHeap 'non-nmethods': size=5760Kb used=2029Kb max_used=2067Kb free=3730Kb
 bounds [0x00000297c39e0000, 0x00000297c3c50000, 0x00000297c3f80000]
 total_blobs=3407 nmethods=2596 adapters=715
 compilation: enabled
              stopped_count=0, restarted_count=0
 full_count=0

Compilation events (20 events):
Event: 16.843 Thread 0x00000297d2db36f0 2589       3       javafx.beans.property.BooleanPropertyBase::fireValueChangedEvent (8 bytes)
Event: 16.843 Thread 0x00000297d2db36f0 nmethod 2589 0x00000297bc944510 code [0x00000297bc9446c0, 0x00000297bc944930]
Event: 17.889 Thread 0x00000297d2db0ad0 2590       4       com.sun.glass.ui.Application::checkEventThread (35 bytes)
Event: 17.890 Thread 0x00000297d2db0ad0 nmethod 2590 0x00000297c409a790 code [0x00000297c409a920, 0x00000297c409a9c8]
Event: 18.241 Thread 0x00000297d2db36f0 2591       3       com.sun.javafx.css.PseudoClassState::cast (6 bytes)
Event: 18.241 Thread 0x00000297d2db36f0 nmethod 2591 0x00000297bc944a10 code [0x00000297bc944be0, 0x00000297bc944f48]
Event: 18.241 Thread 0x00000297d2db36f0 2592       3       com.sun.javafx.css.PseudoClassState::cast (21 bytes)
Event: 18.241 Thread 0x00000297d2db36f0 nmethod 2592 0x00000297bc945090 code [0x00000297bc945260, 0x00000297bc945570]
Event: 18.358 Thread 0x00000297d2db0ad0 2593       4       com.sun.javafx.event.EventHandlerManager::dispatchBubblingEvent (41 bytes)
Event: 18.361 Thread 0x00000297d2db0ad0 nmethod 2593 0x00000297c409aa90 code [0x00000297c409ac80, 0x00000297c409b068]
Event: 18.547 Thread 0x00000297d2db36f0 2594       1       javafx.scene.input.KeyCode::getCode (5 bytes)
Event: 18.547 Thread 0x00000297d2db36f0 nmethod 2594 0x00000297c409b410 code [0x00000297c409b5a0, 0x00000297c409b668]
Event: 18.688 Thread 0x00000297d2db0ad0 2595       4       com.sun.javafx.geom.RectBounds::deriveWithNewBounds (96 bytes)
Event: 18.689 Thread 0x00000297d2db0ad0 nmethod 2595 0x00000297c409b710 code [0x00000297c409b8c0, 0x00000297c409ba28]
Event: 86.253 Thread 0x00000297d2db0ad0 2596       4       com.sun.javafx.tk.quantum.QuantumToolkit::postPulse (133 bytes)
Event: 86.256 Thread 0x00000297d2db0ad0 nmethod 2596 0x00000297c409bb90 code [0x00000297c409bd60, 0x00000297c409bff0]
Event: 86.538 Thread 0x00000297d2db0ad0 2597       4       com.sun.javafx.tk.quantum.QuantumToolkit$$Lambda/0x00000297d503d590::run (8 bytes)
Event: 86.540 Thread 0x00000297d2db0ad0 nmethod 2597 0x00000297c409c290 code [0x00000297c409c460, 0x00000297c409c768]
Event: 114.029 Thread 0x00000297d2db36f0 2598       1       java.util.logging.LogManager$LoggerContext::getOwner (5 bytes)
Event: 114.029 Thread 0x00000297d2db36f0 nmethod 2598 0x00000297c409ca90 code [0x00000297c409cc20, 0x00000297c409ccf0]

GC Heap History (4 events):
Event: 0.524 GC heap before
{Heap before GC invocations=0 (full 0):
 garbage-first heap   total 258048K, used 22528K [0x0000000704c00000, 0x0000000800000000)
  region size 2048K, 11 young (22528K), 0 survivors (0K)
 Metaspace       used 4529K, committed 4800K, reserved 1114112K
  class space    used 506K, committed 640K, reserved 1048576K
}
Event: 0.526 GC heap after
{Heap after GC invocations=1 (full 0):
 garbage-first heap   total 258048K, used 2730K [0x0000000704c00000, 0x0000000800000000)
  region size 2048K, 2 young (4096K), 2 survivors (4096K)
 Metaspace       used 4529K, committed 4800K, reserved 1114112K
  class space    used 506K, committed 640K, reserved 1048576K
}
Event: 1.143 GC heap before
{Heap before GC invocations=1 (full 0):
 garbage-first heap   total 258048K, used 41642K [0x0000000704c00000, 0x0000000800000000)
  region size 2048K, 21 young (43008K), 2 survivors (4096K)
 Metaspace       used 13406K, committed 13696K, reserved 1114112K
  class space    used 1809K, committed 1920K, reserved 1048576K
}
Event: 1.149 GC heap after
{Heap after GC invocations=2 (full 0):
 garbage-first heap   total 258048K, used 9264K [0x0000000704c00000, 0x0000000800000000)
  region size 2048K, 3 young (6144K), 3 survivors (6144K)
 Metaspace       used 13406K, committed 13696K, reserved 1114112K
  class space    used 1809K, committed 1920K, reserved 1048576K
}

Dll operation events (20 events):
Event: 0.362 Loaded shared library C:\Users\Алекс\.openjfx\cache\19+11\amd64\api-ms-win-crt-locale-l1-1-0.dll
Event: 0.364 Loaded shared library C:\Users\Алекс\.openjfx\cache\19+11\amd64\api-ms-win-crt-math-l1-1-0.dll
Event: 0.366 Loaded shared library C:\Users\Алекс\.openjfx\cache\19+11\amd64\api-ms-win-crt-multibyte-l1-1-0.dll
Event: 0.368 Loaded shared library C:\Users\Алекс\.openjfx\cache\19+11\amd64\api-ms-win-crt-private-l1-1-0.dll
Event: 0.370 Loaded shared library C:\Users\Алекс\.openjfx\cache\19+11\amd64\api-ms-win-crt-process-l1-1-0.dll
Event: 0.371 Loaded shared library C:\Users\Алекс\.openjfx\cache\19+11\amd64\api-ms-win-crt-runtime-l1-1-0.dll
Event: 0.373 Loaded shared library C:\Users\Алекс\.openjfx\cache\19+11\amd64\api-ms-win-crt-stdio-l1-1-0.dll
Event: 0.375 Loaded shared library C:\Users\Алекс\.openjfx\cache\19+11\amd64\api-ms-win-crt-string-l1-1-0.dll
Event: 0.376 Loaded shared library C:\Users\Алекс\.openjfx\cache\19+11\amd64\api-ms-win-crt-time-l1-1-0.dll
Event: 0.378 Loaded shared library C:\Users\Алекс\.openjfx\cache\19+11\amd64\api-ms-win-crt-utility-l1-1-0.dll
Event: 0.388 Loaded shared library C:\Users\Алекс\.openjfx\cache\19+11\amd64\ucrtbase.dll
Event: 0.392 Loaded shared library C:\Users\Алекс\.openjfx\cache\19+11\amd64\vcruntime140.dll
Event: 0.394 Loaded shared library C:\Users\Алекс\.openjfx\cache\19+11\amd64\vcruntime140_1.dll
Event: 0.400 Loaded shared library C:\Users\Алекс\.openjfx\cache\19+11\amd64\msvcp140.dll
Event: 0.402 Loaded shared library C:\Users\Алекс\.openjfx\cache\19+11\amd64\msvcp140_1.dll
Event: 0.405 Loaded shared library C:\Users\Алекс\.openjfx\cache\19+11\amd64\msvcp140_2.dll
Event: 0.435 Loaded shared library C:\Users\Алекс\.openjfx\cache\19+11\amd64\prism_d3d.dll
Event: 0.470 Loaded shared library C:\Users\Алекс\.openjfx\cache\19+11\amd64\glass.dll
Event: 0.546 Loaded shared library C:\Program Files\Java\jdk-21\bin\jimage.dll
Event: 0.690 Loaded shared library C:\Users\Алекс\.openjfx\cache\19+11\amd64\javafx_font.dll

Deoptimization events (20 events):
Event: 3.244 Thread 0x00000298195d68d0 Uncommon trap: trap_request=0xffffffde fr.pc=0x00000297c40596cc relative=0x000000000000012c
Event: 3.244 Thread 0x00000298195d68d0 Uncommon trap: reason=class_check action=maybe_recompile pc=0x00000297c40596cc method=jdk.internal.misc.Unsafe.allocateUninitializedArray(Ljava/lang/Class;I)Ljava/lang/Object; @ 51 c2
Event: 3.244 Thread 0x00000298195d68d0 DEOPT PACKING pc=0x00000297c40596cc sp=0x000000c2ab9fb750
Event: 3.244 Thread 0x00000298195d68d0 DEOPT UNPACKING pc=0x00000297c3a37da2 sp=0x000000c2ab9fb6c8 mode 2
Event: 7.618 Thread 0x00000298196b9290 DEOPT PACKING pc=0x00000297bc88a850 sp=0x000000c2ab7fe2a0
Event: 7.618 Thread 0x00000298196b9290 DEOPT UNPACKING pc=0x00000297c3a388e2 sp=0x000000c2ab7fd658 mode 0
Event: 7.620 Thread 0x00000298196b9290 DEOPT PACKING pc=0x00000297bc8152e2 sp=0x000000c2ab7fe3c0
Event: 7.620 Thread 0x00000298196b9290 DEOPT UNPACKING pc=0x00000297c3a388e2 sp=0x000000c2ab7fd7f8 mode 0
Event: 7.621 Thread 0x00000298196b9290 DEOPT PACKING pc=0x00000297bc8249da sp=0x000000c2ab7fe250
Event: 7.621 Thread 0x00000298196b9290 DEOPT UNPACKING pc=0x00000297c3a388e2 sp=0x000000c2ab7fd6e0 mode 0
Event: 7.623 Thread 0x00000298196b9290 DEOPT PACKING pc=0x00000297bc8152e2 sp=0x000000c2ab7fe3c0
Event: 7.623 Thread 0x00000298196b9290 DEOPT UNPACKING pc=0x00000297c3a388e2 sp=0x000000c2ab7fd7f8 mode 0
Event: 7.623 Thread 0x00000298196b9290 DEOPT PACKING pc=0x00000297bc8249da sp=0x000000c2ab7fe250
Event: 7.623 Thread 0x00000298196b9290 DEOPT UNPACKING pc=0x00000297c3a388e2 sp=0x000000c2ab7fd6e0 mode 0
Event: 9.618 Thread 0x00000298196b9290 DEOPT PACKING pc=0x00000297bc7cdd4b sp=0x000000c2ab7fe520
Event: 9.619 Thread 0x00000298196b9290 DEOPT UNPACKING pc=0x00000297c3a388e2 sp=0x000000c2ab7fd940 mode 0
Event: 114.029 Thread 0x00000297d3b539e0 Uncommon trap: trap_request=0xffffff45 fr.pc=0x00000297c409c610 relative=0x00000000000001b0
Event: 114.029 Thread 0x00000297d3b539e0 Uncommon trap: reason=unstable_if action=reinterpret pc=0x00000297c409c610 method=com.sun.javafx.tk.quantum.QuantumToolkit.postPulse()V @ 7 c2
Event: 114.029 Thread 0x00000297d3b539e0 DEOPT PACKING pc=0x00000297c409c610 sp=0x000000c2abdff1d0
Event: 114.029 Thread 0x00000297d3b539e0 DEOPT UNPACKING pc=0x00000297c3a37da2 sp=0x000000c2abdff0a0 mode 2

Classes loaded (20 events):
Event: 1.086 Loading class sun/util/resources/cldr/TimeZoneNames_en_US
Event: 1.086 Loading class sun/util/resources/cldr/TimeZoneNames_en_US done
Event: 1.087 Loading class sun/util/cldr/CLDRBaseLocaleDataMetaInfo$TZCanonicalIDMapHolder
Event: 1.087 Loading class sun/util/cldr/CLDRBaseLocaleDataMetaInfo$TZCanonicalIDMapHolder done
Event: 1.089 Loading class sun/util/resources/TimeZoneNames
Event: 1.089 Loading class sun/util/resources/TimeZoneNames done
Event: 1.090 Loading class sun/util/resources/TimeZoneNames_en
Event: 1.090 Loading class sun/util/resources/TimeZoneNames_en done
Event: 1.093 Loading class java/nio/DirectFloatBufferU
Event: 1.093 Loading class java/nio/DirectFloatBufferU done
Event: 1.097 Loading class java/lang/FdLibm$Atan2
Event: 1.097 Loading class java/lang/FdLibm$Atan2 done
Event: 1.097 Loading class java/lang/FdLibm
Event: 1.097 Loading class java/lang/FdLibm done
Event: 2.977 Loading class java/io/UnsupportedEncodingException
Event: 2.977 Loading class java/io/UnsupportedEncodingException done
Event: 3.222 Loading class java/lang/FdLibm$Hypot
Event: 3.222 Loading class java/lang/FdLibm$Hypot done
Event: 114.028 Loading class jdk/internal/misc/Signal$1
Event: 114.028 Loading class jdk/internal/misc/Signal$1 done

Classes unloaded (0 events):
No events

Classes redefined (0 events):
No events

Internal exceptions (20 events):
Event: 0.800 Thread 0x00000298195d68d0 Exception <a 'java/lang/NoSuchMethodError'{0x0000000712c18298}: 'void java.lang.invoke.DirectMethodHandle$Holder.invokeSpecial(java.lang.Object, java.lang.Object, int)'> (0x0000000712c18298) 
thrown [s\open\src\hotspot\share\interpreter\linkResolver.cpp, line 773]
Event: 0.801 Thread 0x00000298195d68d0 Exception <a 'java/lang/NoSuchMethodError'{0x0000000712c1c4d0}: 'int java.lang.invoke.DirectMethodHandle$Holder.invokeSpecial(java.lang.Object, java.lang.Object, java.lang.Object, int)'> (0x0000000712c1c4d0) 
thrown [s\open\src\hotspot\share\interpreter\linkResolver.cpp, line 773]
Event: 0.801 Thread 0x00000298195d68d0 Exception <a 'java/lang/NoSuchMethodError'{0x0000000712c263a8}: 'void java.lang.invoke.DelegatingMethodHandle$Holder.reinvoke_L(java.lang.Object, java.lang.Object, int)'> (0x0000000712c263a8) 
thrown [s\open\src\hotspot\share\interpreter\linkResolver.cpp, line 773]
Event: 0.802 Thread 0x00000298195d68d0 Exception <a 'java/lang/NoSuchMethodError'{0x0000000712c2d088}: 'int java.lang.invoke.DirectMethodHandle$Holder.invokeSpecial(java.lang.Object, java.lang.Object, java.lang.Object)'> (0x0000000712c2d088) 
thrown [s\open\src\hotspot\share\interpreter\linkResolver.cpp, line 773]
Event: 0.824 Thread 0x00000298195d68d0 Implicit null exception at 0x00000297c400a1e2 to 0x00000297c400a52c
Event: 0.939 Thread 0x00000298195d68d0 Exception <a 'java/lang/IncompatibleClassChangeError'{0x00000007127c81a8}: Found class java.lang.Object, but interface was expected> (0x00000007127c81a8) 
thrown [s\open\src\hotspot\share\interpreter\linkResolver.cpp, line 840]
Event: 0.973 Thread 0x00000298195d68d0 Exception <a 'java/lang/NoSuchMethodError'{0x00000007124c4228}: 'int java.lang.invoke.DirectMethodHandle$Holder.invokeSpecial(java.lang.Object, java.lang.Object, int)'> (0x00000007124c4228) 
thrown [s\open\src\hotspot\share\interpreter\linkResolver.cpp, line 773]
Event: 0.989 Thread 0x00000298195d68d0 Exception <a 'java/lang/NoSuchMethodError'{0x000000071257ff18}: 'java.lang.Object java.lang.invoke.DirectMethodHandle$Holder.newInvokeSpecial(java.lang.Object, java.lang.Object, int)'> (0x000000071257ff18) 
thrown [s\open\src\hotspot\share\interpreter\linkResolver.cpp, line 773]
Event: 1.009 Thread 0x00000298196b9290 Exception <a 'java/lang/NoSuchMethodError'{0x00000007122528f0}: 'int java.lang.invoke.DirectMethodHandle$Holder.invokeStaticInit(java.lang.Object, java.lang.Object)'> (0x00000007122528f0) 
thrown [s\open\src\hotspot\share\interpreter\linkResolver.cpp, line 773]
Event: 2.989 Thread 0x00000298195d68d0 Exception <a 'java/lang/NoSuchMethodError'{0x00000007144d08b0}: 'long java.lang.invoke.DirectMethodHandle$Holder.invokeStatic(java.lang.Object, java.lang.Object, java.lang.Object)'> (0x00000007144d08b0) 
thrown [s\open\src\hotspot\share\interpreter\linkResolver.cpp, line 773]
Event: 2.989 Thread 0x00000298195d68d0 Exception <a 'java/lang/NoSuchMethodError'{0x00000007144d3c80}: 'long java.lang.invoke.DirectMethodHandle$Holder.invokeStaticInit(java.lang.Object, java.lang.Object, java.lang.Object)'> (0x00000007144d3c80) 
thrown [s\open\src\hotspot\share\interpreter\linkResolver.cpp, line 773]
Event: 2.990 Thread 0x00000298195d68d0 Exception <a 'java/lang/NoSuchMethodError'{0x00000007144e8278}: 'java.lang.Object java.lang.invoke.DirectMethodHandle$Holder.newInvokeSpecial(java.lang.Object, java.lang.Object, long)'> (0x00000007144e8278) 
thrown [s\open\src\hotspot\share\interpreter\linkResolver.cpp, line 773]
Event: 2.991 Thread 0x00000298195d68d0 Exception <a 'java/lang/NoSuchMethodError'{0x00000007144ebb70}: 'java.lang.Object java.lang.invoke.Invokers$Holder.linkToTargetMethod(java.lang.Object, long, java.lang.Object)'> (0x00000007144ebb70) 
thrown [s\open\src\hotspot\share\interpreter\linkResolver.cpp, line 773]
Event: 3.177 Thread 0x00000298195d68d0 Exception <a 'java/lang/ClassNotFoundException'{0x00000007143be588}: com/sun/javafx/scene/control/skin/resources/controls> (0x00000007143be588) 
thrown [s\open\src\hotspot\share\prims\jni.cpp, line 539]
Event: 3.178 Thread 0x00000298195d68d0 Exception <a 'java/lang/ClassNotFoundException'{0x00000007143cc5d0}: com/sun/javafx/scene/control/skin/resources/controls_ru> (0x00000007143cc5d0) 
thrown [s\open\src\hotspot\share\prims\jni.cpp, line 539]
Event: 3.178 Thread 0x00000298195d68d0 Exception <a 'java/lang/ClassNotFoundException'{0x00000007143cd850}: com/sun/javafx/scene/control/skin/resources/controls_ru_RU> (0x00000007143cd850) 
thrown [s\open\src\hotspot\share\prims\jni.cpp, line 539]
Event: 3.200 Thread 0x00000298195d68d0 Exception <a 'java/lang/NoSuchMethodError'{0x000000071415aac0}: 'void java.lang.invoke.DirectMethodHandle$Holder.invokeSpecial(java.lang.Object, java.lang.Object, java.lang.Object, java.lang.Object, java.lang.Object, java.lang.Object)'> (0x000000071415aac0) 
thrown [s\open\src\hotspot\share\interpreter\linkResolver.cpp, line 773]
Event: 3.252 Thread 0x00000298195d68d0 Exception <a 'java/lang/NoSuchMethodError'{0x0000000713db38a0}: 'java.lang.Object java.lang.invoke.DirectMethodHandle$Holder.newInvokeSpecial(java.lang.Object, java.lang.Object, int, int, int, int, int, java.lang.Object)'> (0x0000000713db38a0) 
thrown [s\open\src\hotspot\share\interpreter\linkResolver.cpp, line 773]
Event: 3.254 Thread 0x00000298195d68d0 Exception <a 'java/lang/NoSuchMethodError'{0x0000000713dc5a10}: 'java.lang.Object java.lang.invoke.DirectMethodHandle$Holder.newInvokeSpecial(java.lang.Object, java.lang.Object, java.lang.Object, int, int, int, int, int)'> (0x0000000713dc5a10) 
thrown [s\open\src\hotspot\share\interpreter\linkResolver.cpp, line 773]
Event: 3.254 Thread 0x00000298195d68d0 Exception <a 'java/lang/NoSuchMethodError'{0x0000000713dcd2b0}: 'java.lang.Object java.lang.invoke.Invokers$Holder.linkToTargetMethod(java.lang.Object, java.lang.Object, int, int, int, int, int, java.lang.Object)'> (0x0000000713dcd2b0) 
thrown [s\open\src\hotspot\share\interpreter\linkResolver.cpp, line 773]

ZGC Phase Switch (0 events):
No events

VM Operations (20 events):
Event: 11.154 Executing VM operation: Cleanup done
Event: 12.154 Executing VM operation: Cleanup
Event: 12.155 Executing VM operation: Cleanup done
Event: 13.155 Executing VM operation: Cleanup
Event: 13.155 Executing VM operation: Cleanup done
Event: 14.155 Executing VM operation: Cleanup
Event: 14.155 Executing VM operation: Cleanup done
Event: 15.155 Executing VM operation: Cleanup
Event: 15.155 Executing VM operation: Cleanup done
Event: 16.155 Executing VM operation: Cleanup
Event: 16.155 Executing VM operation: Cleanup done
Event: 17.156 Executing VM operation: Cleanup
Event: 17.156 Executing VM operation: Cleanup done
Event: 19.157 Executing VM operation: Cleanup
Event: 19.157 Executing VM operation: Cleanup done
Event: 60.076 Executing VM operation: HandshakeAllThreads (HandshakeForDeflation)
Event: 60.076 Executing VM operation: HandshakeAllThreads (HandshakeForDeflation) done
Event: 60.076 Executing VM operation: RendezvousGCThreads
Event: 60.076 Executing VM operation: RendezvousGCThreads done
Event: 114.030 Executing VM operation: Exit

Events (20 events):
Event: 0.100 Thread 0x00000297d33823f0 Thread added: 0x00000297d33823f0
Event: 0.181 Thread 0x00000297d3559690 Thread added: 0x00000297d3559690
Event: 0.181 Thread 0x00000298196fe3d0 Thread added: 0x00000298196fe3d0
Event: 0.428 Thread 0x00000298196b9290 Thread added: 0x00000298196b9290
Event: 0.472 Thread 0x000002981a4c75a0 Thread added: 0x000002981a4c75a0
Event: 0.474 Thread 0x00000298195d68d0 Thread added: 0x00000298195d68d0
Event: 0.519 Thread 0x0000029819b7c4c0 Thread added: 0x0000029819b7c4c0
Event: 0.524 Thread 0x00000297d3b539e0 Thread added: 0x00000297d3b539e0
Event: 0.709 Thread 0x000002981936fa40 Thread added: 0x000002981936fa40
Event: 0.911 Thread 0x00000297d33823f0 Thread exited: 0x00000297d33823f0
Event: 1.070 Thread 0x00000298199a4e20 Thread added: 0x00000298199a4e20
Event: 1.652 Thread 0x00000297d337f8c0 Thread exited: 0x00000297d337f8c0
Event: 3.232 Thread 0x00000297d337f8c0 Thread added: 0x00000297d337f8c0
Event: 3.405 Thread 0x00000297d337f8c0 Thread exited: 0x00000297d337f8c0
Event: 114.028 Thread 0x00000298199a5b40 Thread added: 0x00000298199a5b40
Event: 114.029 Thread 0x00000298199a4100 Thread added: 0x00000298199a4100
Event: 114.029 Thread 0x00000298199a61d0 Thread added: 0x00000298199a61d0
Event: 114.029 Thread 0x00000298199a61d0 Thread exited: 0x00000298199a61d0
Event: 114.030 Thread 0x00000298199a4100 Thread exited: 0x00000298199a4100
Event: 114.030 Thread 0x00000297d2d99dd0 Thread exited: 0x00000297d2d99dd0


Dynamic libraries:
0x00007ff7e33c0000 - 0x00007ff7e33d0000 	C:\Program Files\Java\jdk-21\bin\java.exe
0x00007ffad4a90000 - 0x00007ffad4ca7000 	C:\WINDOWS\SYSTEM32\ntdll.dll
0x00007ffad4630000 - 0x00007ffad46f4000 	C:\WINDOWS\System32\KERNEL32.DLL
0x00007ffad2150000 - 0x00007ffad24f6000 	C:\WINDOWS\System32\KERNELBASE.dll
0x00007ffad26a0000 - 0x00007ffad27b1000 	C:\WINDOWS\System32\ucrtbase.dll
0x00007ffac0190000 - 0x00007ffac01a9000 	C:\Program Files\Java\jdk-21\bin\jli.dll
0x00007ffabc860000 - 0x00007ffabc87b000 	C:\Program Files\Java\jdk-21\bin\VCRUNTIME140.dll
0x00007ffad31b0000 - 0x00007ffad3260000 	C:\WINDOWS\System32\ADVAPI32.dll
0x00007ffad43b0000 - 0x00007ffad4457000 	C:\WINDOWS\System32\msvcrt.dll
0x00007ffad44d0000 - 0x00007ffad4576000 	C:\WINDOWS\System32\sechost.dll
0x00007ffad3260000 - 0x00007ffad3377000 	C:\WINDOWS\System32\RPCRT4.dll
0x00007ffad4080000 - 0x00007ffad422d000 	C:\WINDOWS\System32\USER32.dll
0x00007ffab1200000 - 0x00007ffab1493000 	C:\WINDOWS\WinSxS\amd64_microsoft.windows.common-controls_6595b64144ccf1df_6.0.22621.2361_none_2712ced57382f843\COMCTL32.dll
0x00007ffad27c0000 - 0x00007ffad27e6000 	C:\WINDOWS\System32\win32u.dll
0x00007ffad4580000 - 0x00007ffad45a9000 	C:\WINDOWS\System32\GDI32.dll
0x00007ffad2500000 - 0x00007ffad2618000 	C:\WINDOWS\System32\gdi32full.dll
0x00007ffad20b0000 - 0x00007ffad214a000 	C:\WINDOWS\System32\msvcp_win.dll
0x00007ffac6850000 - 0x00007ffac685a000 	C:\WINDOWS\SYSTEM32\VERSION.dll
0x00007ffad30c0000 - 0x00007ffad30f1000 	C:\WINDOWS\System32\IMM32.DLL
0x00007ffaca4c0000 - 0x00007ffaca4cc000 	C:\Program Files\Java\jdk-21\bin\vcruntime140_1.dll
0x00007ffaa8090000 - 0x00007ffaa811e000 	C:\Program Files\Java\jdk-21\bin\msvcp140.dll
0x00007ffa8c840000 - 0x00007ffa8d555000 	C:\Program Files\Java\jdk-21\bin\server\jvm.dll
0x00007ffad4760000 - 0x00007ffad47d1000 	C:\WINDOWS\System32\WS2_32.dll
0x00007ffad0ca0000 - 0x00007ffad0ced000 	C:\WINDOWS\SYSTEM32\POWRPROF.dll
0x00007ffac00b0000 - 0x00007ffac00e4000 	C:\WINDOWS\SYSTEM32\WINMM.dll
0x00007ffad0c80000 - 0x00007ffad0c93000 	C:\WINDOWS\SYSTEM32\UMPDC.dll
0x00007ffad0f40000 - 0x00007ffad0f58000 	C:\WINDOWS\SYSTEM32\kernel.appcore.dll
0x00007ffac7b60000 - 0x00007ffac7b6a000 	C:\Program Files\Java\jdk-21\bin\jimage.dll
0x00007ffacf2b0000 - 0x00007ffacf4de000 	C:\WINDOWS\SYSTEM32\DBGHELP.DLL
0x00007ffad2d30000 - 0x00007ffad30ba000 	C:\WINDOWS\System32\combase.dll
0x00007ffad2c50000 - 0x00007ffad2d27000 	C:\WINDOWS\System32\OLEAUT32.dll
0x00007ffac3480000 - 0x00007ffac34b2000 	C:\WINDOWS\SYSTEM32\dbgcore.DLL
0x00007ffad2620000 - 0x00007ffad269a000 	C:\WINDOWS\System32\bcryptPrimitives.dll
0x00007ffabc850000 - 0x00007ffabc85f000 	C:\Program Files\Java\jdk-21\bin\instrument.dll
0x00007ffabc720000 - 0x00007ffabc73f000 	C:\Program Files\Java\jdk-21\bin\java.dll
0x00007ffad3820000 - 0x00007ffad4078000 	C:\WINDOWS\System32\SHELL32.dll
0x00007ffacfd40000 - 0x00007ffad0632000 	C:\WINDOWS\SYSTEM32\windows.storage.dll
0x00007ffacfc00000 - 0x00007ffacfd3e000 	C:\WINDOWS\SYSTEM32\wintypes.dll
0x00007ffad42b0000 - 0x00007ffad43a3000 	C:\WINDOWS\System32\SHCORE.dll
0x00007ffad4470000 - 0x00007ffad44ce000 	C:\WINDOWS\System32\shlwapi.dll
0x00007ffad1d40000 - 0x00007ffad1d66000 	C:\WINDOWS\SYSTEM32\profapi.dll
0x00007ffa99f20000 - 0x00007ffa99ff7000 	C:\Program Files\Java\jdk-21\bin\jsvml.dll
0x00007ffabc840000 - 0x00007ffabc850000 	C:\Program Files\Java\jdk-21\bin\net.dll
0x00007ffac8790000 - 0x00007ffac88c7000 	C:\WINDOWS\SYSTEM32\WINHTTP.dll
0x00007ffad13c0000 - 0x00007ffad1429000 	C:\WINDOWS\system32\mswsock.dll
0x00007ffab9fb0000 - 0x00007ffab9fc6000 	C:\Program Files\Java\jdk-21\bin\nio.dll
0x00007ffab9f90000 - 0x00007ffab9fa8000 	C:\Program Files\Java\jdk-21\bin\zip.dll
0x00007ffab9f70000 - 0x00007ffab9f8a000 	C:\Program Files\JetBrains\IntelliJ IDEA 2022.3.1\bin\breakgen64.dll
0x00000297d3e20000 - 0x00000297d3e23000 	C:\Users\Алекс\.openjfx\cache\19+11\amd64\api-ms-win-core-console-l1-1-0.dll
0x00000297d3e30000 - 0x00000297d3e33000 	C:\Users\Алекс\.openjfx\cache\19+11\amd64\api-ms-win-core-console-l1-2-0.dll
0x00000297d3e40000 - 0x00000297d3e43000 	C:\Users\Алекс\.openjfx\cache\19+11\amd64\api-ms-win-core-datetime-l1-1-0.dll
0x00000297d3e50000 - 0x00000297d3e53000 	C:\Users\Алекс\.openjfx\cache\19+11\amd64\api-ms-win-core-debug-l1-1-0.dll
0x00000297d3e60000 - 0x00000297d3e63000 	C:\Users\Алекс\.openjfx\cache\19+11\amd64\api-ms-win-core-errorhandling-l1-1-0.dll
0x00000297d3e70000 - 0x00000297d3e74000 	C:\Users\Алекс\.openjfx\cache\19+11\amd64\api-ms-win-core-file-l1-1-0.dll
0x00000297d3e80000 - 0x00000297d3e83000 	C:\Users\Алекс\.openjfx\cache\19+11\amd64\api-ms-win-core-file-l1-2-0.dll
0x00000297d3e90000 - 0x00000297d3e93000 	C:\Users\Алекс\.openjfx\cache\19+11\amd64\api-ms-win-core-file-l2-1-0.dll
0x00000297d3ea0000 - 0x00000297d3ea3000 	C:\Users\Алекс\.openjfx\cache\19+11\amd64\api-ms-win-core-handle-l1-1-0.dll
0x00000297d3eb0000 - 0x00000297d3eb3000 	C:\Users\Алекс\.openjfx\cache\19+11\amd64\api-ms-win-core-heap-l1-1-0.dll
0x00000297d3ec0000 - 0x00000297d3ec3000 	C:\Users\Алекс\.openjfx\cache\19+11\amd64\api-ms-win-core-interlocked-l1-1-0.dll
0x00000297d3ed0000 - 0x00000297d3ed3000 	C:\Users\Алекс\.openjfx\cache\19+11\amd64\api-ms-win-core-libraryloader-l1-1-0.dll
0x00000297d3ee0000 - 0x00000297d3ee3000 	C:\Users\Алекс\.openjfx\cache\19+11\amd64\api-ms-win-core-localization-l1-2-0.dll
0x00000297d3ef0000 - 0x00000297d3ef3000 	C:\Users\Алекс\.openjfx\cache\19+11\amd64\api-ms-win-core-memory-l1-1-0.dll
0x00000297d3f00000 - 0x00000297d3f03000 	C:\Users\Алекс\.openjfx\cache\19+11\amd64\api-ms-win-core-namedpipe-l1-1-0.dll
0x00000297d3f10000 - 0x00000297d3f13000 	C:\Users\Алекс\.openjfx\cache\19+11\amd64\api-ms-win-core-processenvironment-l1-1-0.dll
0x00000297d3f20000 - 0x00000297d3f23000 	C:\Users\Алекс\.openjfx\cache\19+11\amd64\api-ms-win-core-processthreads-l1-1-0.dll
0x00000297d3f30000 - 0x00000297d3f33000 	C:\Users\Алекс\.openjfx\cache\19+11\amd64\api-ms-win-core-processthreads-l1-1-1.dll
0x00000297d3f40000 - 0x00000297d3f43000 	C:\Users\Алекс\.openjfx\cache\19+11\amd64\api-ms-win-core-profile-l1-1-0.dll
0x00000297d3f50000 - 0x00000297d3f53000 	C:\Users\Алекс\.openjfx\cache\19+11\amd64\api-ms-win-core-rtlsupport-l1-1-0.dll
0x00000297d3f60000 - 0x00000297d3f63000 	C:\Users\Алекс\.openjfx\cache\19+11\amd64\api-ms-win-core-string-l1-1-0.dll
0x00000297d3f70000 - 0x00000297d3f73000 	C:\Users\Алекс\.openjfx\cache\19+11\amd64\api-ms-win-core-synch-l1-1-0.dll
0x00000297d3f80000 - 0x00000297d3f83000 	C:\Users\Алекс\.openjfx\cache\19+11\amd64\api-ms-win-core-synch-l1-2-0.dll
0x00000297d3f90000 - 0x00000297d3f93000 	C:\Users\Алекс\.openjfx\cache\19+11\amd64\api-ms-win-core-sysinfo-l1-1-0.dll
0x00000297d3fa0000 - 0x00000297d3fa3000 	C:\Users\Алекс\.openjfx\cache\19+11\amd64\api-ms-win-core-timezone-l1-1-0.dll
0x00000297d3fb0000 - 0x00000297d3fb3000 	C:\Users\Алекс\.openjfx\cache\19+11\amd64\api-ms-win-core-util-l1-1-0.dll
0x00000297d3fc0000 - 0x00000297d3fc3000 	C:\Users\Алекс\.openjfx\cache\19+11\amd64\api-ms-win-crt-conio-l1-1-0.dll
0x00000297d3fd0000 - 0x00000297d3fd4000 	C:\Users\Алекс\.openjfx\cache\19+11\amd64\api-ms-win-crt-convert-l1-1-0.dll
0x00000297d3fe0000 - 0x00000297d3fe3000 	C:\Users\Алекс\.openjfx\cache\19+11\amd64\api-ms-win-crt-environment-l1-1-0.dll
0x00000297d3ff0000 - 0x00000297d3ff3000 	C:\Users\Алекс\.openjfx\cache\19+11\amd64\api-ms-win-crt-filesystem-l1-1-0.dll
0x000002981afa0000 - 0x000002981afa3000 	C:\Users\Алекс\.openjfx\cache\19+11\amd64\api-ms-win-crt-heap-l1-1-0.dll
0x000002981afb0000 - 0x000002981afb3000 	C:\Users\Алекс\.openjfx\cache\19+11\amd64\api-ms-win-crt-locale-l1-1-0.dll
0x000002981afc0000 - 0x000002981afc5000 	C:\Users\Алекс\.openjfx\cache\19+11\amd64\api-ms-win-crt-math-l1-1-0.dll
0x000002981afd0000 - 0x000002981afd5000 	C:\Users\Алекс\.openjfx\cache\19+11\amd64\api-ms-win-crt-multibyte-l1-1-0.dll
0x000002981afe0000 - 0x000002981aff0000 	C:\Users\Алекс\.openjfx\cache\19+11\amd64\api-ms-win-crt-private-l1-1-0.dll
0x000002981aff0000 - 0x000002981aff3000 	C:\Users\Алекс\.openjfx\cache\19+11\amd64\api-ms-win-crt-process-l1-1-0.dll
0x000002981b000000 - 0x000002981b004000 	C:\Users\Алекс\.openjfx\cache\19+11\amd64\api-ms-win-crt-runtime-l1-1-0.dll
0x000002981b010000 - 0x000002981b014000 	C:\Users\Алекс\.openjfx\cache\19+11\amd64\api-ms-win-crt-stdio-l1-1-0.dll
0x000002981b020000 - 0x000002981b024000 	C:\Users\Алекс\.openjfx\cache\19+11\amd64\api-ms-win-crt-string-l1-1-0.dll
0x000002981b030000 - 0x000002981b033000 	C:\Users\Алекс\.openjfx\cache\19+11\amd64\api-ms-win-crt-time-l1-1-0.dll
0x000002981b040000 - 0x000002981b043000 	C:\Users\Алекс\.openjfx\cache\19+11\amd64\api-ms-win-crt-utility-l1-1-0.dll
0x00007ffa959a0000 - 0x00007ffa95a9c000 	C:\Users\Алекс\.openjfx\cache\19+11\amd64\ucrtbase.dll
0x00007ffab8030000 - 0x00007ffab804b000 	C:\Users\Алекс\.openjfx\cache\19+11\amd64\vcruntime140.dll
0x00007ffabc710000 - 0x00007ffabc71c000 	C:\Users\Алекс\.openjfx\cache\19+11\amd64\vcruntime140_1.dll
0x00007ffa95050000 - 0x00007ffa950de000 	C:\Users\Алекс\.openjfx\cache\19+11\amd64\msvcp140.dll
0x00007ffab9f50000 - 0x00007ffab9f59000 	C:\Users\Алекс\.openjfx\cache\19+11\amd64\msvcp140_1.dll
0x00007ffab7d90000 - 0x00007ffab7dc0000 	C:\Users\Алекс\.openjfx\cache\19+11\amd64\msvcp140_2.dll
0x00007ffaaeee0000 - 0x00007ffaaef0c000 	C:\Users\Алекс\.openjfx\cache\19+11\amd64\prism_d3d.dll
0x00007ffac1130000 - 0x00007ffac12d9000 	C:\WINDOWS\system32\d3d9.dll
0x00007ffacc7a0000 - 0x00007ffacc7cb000 	C:\WINDOWS\SYSTEM32\dwmapi.dll
0x00007ffacef70000 - 0x00007ffacefa6000 	C:\WINDOWS\SYSTEM32\dxcore.dll
0x00007ffacc560000 - 0x00007ffacc60b000 	C:\WINDOWS\system32\uxtheme.dll
0x00007ffac0330000 - 0x00007ffac04d8000 	C:\WINDOWS\System32\DriverStore\FileRepository\iigd_dch.inf_amd64_e04d20469f199b2b\igdumdim64.dll
0x00007ffad2ab0000 - 0x00007ffad2c4f000 	C:\WINDOWS\System32\ole32.dll
0x00007ffa592b0000 - 0x00007ffa5ced1000 	C:\WINDOWS\System32\DriverStore\FileRepository\iigd_dch.inf_amd64_e04d20469f199b2b\igd9dxva64.dll
0x00007ffad33a0000 - 0x00007ffad3814000 	C:\WINDOWS\System32\SETUPAPI.dll
0x00007ffad1b00000 - 0x00007ffad1b4e000 	C:\WINDOWS\SYSTEM32\cfgmgr32.dll
0x00007ffac34c0000 - 0x00007ffac3888000 	C:\WINDOWS\System32\DriverStore\FileRepository\iigd_dch.inf_amd64_e04d20469f199b2b\igdgmm64.dll
0x00007ffac9a20000 - 0x00007ffac9a6a000 	C:\WINDOWS\SYSTEM32\directxdatabasehelper.dll
0x00007ffaaee90000 - 0x00007ffaaeed2000 	C:\Users\Алекс\.openjfx\cache\19+11\amd64\glass.dll
0x00007ffad29b0000 - 0x00007ffad2aa9000 	C:\WINDOWS\System32\COMDLG32.dll
0x00007ffad47e0000 - 0x00007ffad492c000 	C:\WINDOWS\System32\MSCTF.dll
0x00007ffa7d380000 - 0x00007ffa7d3a7000 	C:\WINDOWS\System32\DriverStore\FileRepository\iigd_dch.inf_amd64_e04d20469f199b2b\igdinfo64.dll
0x00007ffabc8d0000 - 0x00007ffabfed5000 	C:\WINDOWS\System32\DriverStore\FileRepository\iigd_dch.inf_amd64_e04d20469f199b2b\igc64.dll
0x00007ffaaaf60000 - 0x00007ffaaaf74000 	C:\Users\Алекс\.openjfx\cache\19+11\amd64\javafx_font.dll
0x00007ffacb000000 - 0x00007ffacb273000 	C:\WINDOWS\SYSTEM32\dwrite.dll
0x00007ffad3100000 - 0x00007ffad31b0000 	C:\WINDOWS\System32\clbcatq.dll
0x00007ffacaa60000 - 0x00007ffacac10000 	C:\WINDOWS\SYSTEM32\WindowsCodecs.dll
0x00007ffa994d0000 - 0x00007ffa9952e000 	C:\WINDOWS\system32\dataexchange.dll
0x00007ffac6470000 - 0x00007ffac66f5000 	C:\WINDOWS\system32\twinapi.appcore.dll
0x00007ffab9fd0000 - 0x00007ffaba002000 	C:\Program Files\Common Files\Microsoft Shared\Ink\rtscom.dll
0x00007ffab7400000 - 0x00007ffab754a000 	C:\WINDOWS\SYSTEM32\textinputframework.dll
0x00007ffacc140000 - 0x00007ffacc273000 	C:\WINDOWS\SYSTEM32\CoreMessaging.dll
0x00007ffac74c0000 - 0x00007ffac782c000 	C:\WINDOWS\SYSTEM32\CoreUIComponents.dll
0x00007ffad1610000 - 0x00007ffad161c000 	C:\WINDOWS\SYSTEM32\CRYPTBASE.DLL
0x00007ffacb280000 - 0x00007ffacb86e000 	C:\WINDOWS\SYSTEM32\d2d1.dll
0x00007ffacb870000 - 0x00007ffacbac7000 	C:\WINDOWS\SYSTEM32\d3d11.dll
0x00007ffacc690000 - 0x00007ffacc788000 	C:\WINDOWS\SYSTEM32\dxgi.dll
0x00007ffac6b00000 - 0x00007ffac7211000 	C:\WINDOWS\SYSTEM32\D3D10Warp.dll

dbghelp: loaded successfully - version: 4.0.5 - missing functions: none
symbol engine: initialized successfully - sym options: 0x614 - pdb path: .;C:\Program Files\Java\jdk-21\bin;C:\WINDOWS\SYSTEM32;C:\WINDOWS\WinSxS\amd64_microsoft.windows.common-controls_6595b64144ccf1df_6.0.22621.2361_none_2712ced57382f843;C:\Program Files\Java\jdk-21\bin\server;C:\Program Files\JetBrains\IntelliJ IDEA 2022.3.1\bin;C:\Users\Алекс\.openjfx\cache\19+11\amd64;C:\WINDOWS\System32\DriverStore\FileRepository\iigd_dch.inf_amd64_e04d20469f199b2b;C:\Program Files\Common Files\Microsoft Shared\Ink

VM Arguments:
jvm_args: -javaagent:C:\Program Files\JetBrains\IntelliJ IDEA 2022.3.1\lib\idea_rt.jar=51470:C:\Program Files\JetBrains\IntelliJ IDEA 2022.3.1\bin -Dfile.encoding=UTF-8 -Dsun.stdout.encoding=UTF-8 -Dsun.stderr.encoding=UTF-8 --module-path=C:\Users\Алекс\.m2\repository\org\openjfx\javafx-controls\19\javafx-controls-19-win.jar;C:\Users\Алекс\.m2\repository\org\openjfx\javafx-base\19\javafx-base-19-win.jar;C:\Users\Алекс\.m2\repository\org\openjfx\javafx-graphics\19\javafx-graphics-19-win.jar;C:\Users\Алекс\.m2\repository\org\openjfx\javafx-fxml\19\javafx-fxml-19-win.jar;C:\Users\Алекс\IdeaProjects\FirstApp\target\classes -Djdk.module.main=com.example.firstapp 
java_command: com.example.firstapp/com.example.firstapp.HelloApplication
java_class_path (initial): C:\Users\Алекс\.m2\repository\org\openjfx\javafx-controls\19\javafx-controls-19.jar;C:\Users\Алекс\.m2\repository\org\openjfx\javafx-graphics\19\javafx-graphics-19.jar;C:\Users\Алекс\.m2\repository\org\openjfx\javafx-base\19\javafx-base-19.jar;C:\Users\Алекс\.m2\repository\org\openjfx\javafx-fxml\19\javafx-fxml-19.jar
Launcher Type: SUN_STANDARD

[Global flags]
     intx CICompilerCount                          = 4                                         {product} {ergonomic}
     uint ConcGCThreads                            = 2                                         {product} {ergonomic}
     uint G1ConcRefinementThreads                  = 8                                         {product} {ergonomic}
   size_t G1HeapRegionSize                         = 2097152                                   {product} {ergonomic}
    uintx GCDrainStackTargetSize                   = 64                                        {product} {ergonomic}
   size_t InitialHeapSize                          = 264241152                                 {product} {ergonomic}
   size_t MarkStackSize                            = 4194304                                   {product} {ergonomic}
   size_t MaxHeapSize                              = 4215275520                                {product} {ergonomic}
   size_t MaxNewSize                               = 2529165312                                {product} {ergonomic}
   size_t MinHeapDeltaBytes                        = 2097152                                   {product} {ergonomic}
   size_t MinHeapSize                              = 8388608                                   {product} {ergonomic}
    uintx NonNMethodCodeHeapSize                   = 5839372                                {pd product} {ergonomic}
    uintx NonProfiledCodeHeapSize                  = 122909434                              {pd product} {ergonomic}
    uintx ProfiledCodeHeapSize                     = 122909434                              {pd product} {ergonomic}
    uintx ReservedCodeCacheSize                    = 251658240                              {pd product} {ergonomic}
     bool SegmentedCodeCache                       = true                                      {product} {ergonomic}
   size_t SoftMaxHeapSize                          = 4215275520                             {manageable} {ergonomic}
     bool UseCompressedOops                        = true                           {product lp64_product} {ergonomic}
     bool UseG1GC                                  = true                                      {product} {ergonomic}
     bool UseLargePagesIndividualAllocation        = false                                  {pd product} {ergonomic}

Logging:
Log output configuration:
 #0: stdout all=off uptime,level,tags foldmultilines=false
 #1: stderr all=off uptime,level,tags foldmultilines=false

Environment Variables:
JAVA_HOME=C:\Program Files\Java\jdk-21
PATH=C:\WINDOWS\system32;C:\WINDOWS;C:\WINDOWS\System32\Wbem;C:\WINDOWS\System32\WindowsPowerShell\v1.0\;C:\WINDOWS\System32\OpenSSH\;C:\Program Files\Git\cmd;C:\Program Files\Cloudflare\Cloudflare WARP\;C:\apache-tomcat-10\bin;C:\Program Files\Java\jdk-21\bin;C:\Program Files\PowerShell\7\;C:\Users\Алекс\AppData\Local\Programs\Python\Python311\Scripts\;C:\Users\Алекс\AppData\Local\Programs\Python\Python311\;C:\Users\Алекс\AppData\Local\Microsoft\WindowsApps;C:\Users\Алекс\AppData\Local\GitHubDesktop\bin;C:\Users\Алекс\AppData\Local\Programs\Microsoft VS Code\bin;
USERNAME=Алекс
OS=Windows_NT
PROCESSOR_IDENTIFIER=Intel64 Family 6 Model 140 Stepping 1, GenuineIntel
TMP=C:\Users\E47B~1\AppData\Local\Temp
TEMP=C:\Users\E47B~1\AppData\Local\Temp




Periodic native trim disabled

---------------  S Y S T E M  ---------------

OS:
 Windows 11 , 64 bit Build 22621 (10.0.22621.2428)
OS uptime: 0 days 3:16 hours
Hyper-V role detected

CPU: total 8 (initial active 8) (4 cores per cpu, 2 threads per core) family 6 model 140 stepping 1 microcode 0x86, cx8, cmov, fxsr, ht, mmx, 3dnowpref, sse, sse2, sse3, ssse3, sse4.1, sse4.2, popcnt, lzcnt, tsc, tscinvbit, avx, avx2, aes, erms, clmul, bmi1, bmi2, adx, avx512f, avx512dq, avx512cd, avx512bw, avx512vl, sha, fma, vzeroupper, avx512_vpopcntdq, avx512_vpclmulqdq, avx512_vaes, avx512_vnni, clflush, clflushopt, clwb, avx512_vbmi2, avx512_vbmi, hv, rdtscp, rdpid, fsrm, gfni, avx512_bitalg, f16c, cet_ibt, cet_ss, avx512_ifma
Processor Information for all 8 processors :
  Max Mhz: 3110, Current Mhz: 3110, Mhz Limit: 3110

Memory: 4k page, system-wide physical 16075M (6249M free)
TotalPageFile size 17803M (AvailPageFile size 4466M)
current process WorkingSet (physical memory assigned to process): 180M, peak: 208M
current process commit charge ("private bytes"): 417M, peak: 447M

vm_info: Java HotSpot(TM) 64-Bit Server VM (21.0.1+12-LTS-29) for windows-amd64 JRE (21.0.1+12-LTS-29), built on 2023-10-05T13:27:09Z by "mach5one" with MS VC++ 17.1 (VS2022)

END.
