#
# A fatal error has been detected by the Java Runtime Environment:
#
#  EXCEPTION_ACCESS_VIOLATION (0xc0000005) at pc=0x00007ffaaeeb63b7, pid=11560, tid=2628
#
# JRE version: Java(TM) SE Runtime Environment (21.0.1+12) (build 21.0.1+12-LTS-29)
# Java VM: Java HotSpot(TM) 64-Bit Server VM (21.0.1+12-LTS-29, mixed mode, sharing, tiered, compressed oops, compressed class ptrs, g1 gc, windows-amd64)
# Problematic frame:
# C  [glass.dll+0x263b7]
#
# No core dump will be written. Minidumps are not enabled by default on client versions of Windows
#
# If you would like to submit a bug report, please visit:
#   https://bugreport.java.com/bugreport/crash.jsp
#

---------------  S U M M A R Y ------------

Command Line: -javaagent:C:\Program Files\JetBrains\IntelliJ IDEA 2022.3.1\lib\idea_rt.jar=52671:C:\Program Files\JetBrains\IntelliJ IDEA 2022.3.1\bin -Dfile.encoding=UTF-8 -Dsun.stdout.encoding=UTF-8 -Dsun.stderr.encoding=UTF-8 --module-path=C:\Users\Алекс\.m2\repository\org\openjfx\javafx-controls\19\javafx-controls-19-win.jar;C:\Users\Алекс\.m2\repository\org\openjfx\javafx-fxml\19\javafx-fxml-19-win.jar;C:\Users\Алекс\IdeaProjects\FirstApp\target\classes;C:\Users\Алекс\.m2\repository\org\openjfx\javafx-base\19\javafx-base-19-win.jar;C:\Users\Алекс\.m2\repository\org\openjfx\javafx-graphics\19\javafx-graphics-19-win.jar -Djdk.module.main=com.example.firstapp com.example.firstapp/com.example.firstapp.HelloApplication

Host: 11th Gen Intel(R) Core(TM) i5-11300H @ 3.10GHz, 8 cores, 15G,  Windows 11 , 64 bit Build 22621 (10.0.22621.2428)
Time: Tue Nov  7 16:01:25 2023  Windows 11 , 64 bit Build 22621 (10.0.22621.2428) elapsed time: 1555.667770 seconds (0d 0h 25m 55s)

---------------  T H R E A D  ---------------

Current thread (0x0000017df8bb61a0):  VMThread "VM Thread"          [id=2628, stack(0x00000012d4800000,0x00000012d4900000) (1024K)]

Stack: [0x00000012d4800000,0x00000012d4900000],  sp=0x00000012d48ff160,  free space=1020k
Native frames: (J=compiled Java code, j=interpreted, Vv=VM code, C=native code)
C  [glass.dll+0x263b7]


siginfo: EXCEPTION_ACCESS_VIOLATION (0xc0000005), reading address 0x0000000000000000


Registers:
RAX=0x0000000000000000, RBX=0x0000017df8bc6caa, RCX=0x0000017df8bb61a0, RDX=0x00000012d48ff160
RSP=0x00000012d48ff160, RBP=0x0000017dfdd35378, RSI=0x00000012d48ff268, RDI=0x0000017dfdd35350
R8 =0x0000000000010002, R9 =0x0000017dfdd35350, R10=0x85f13e9656da4870, R11=0x00000012d48ff0f0
R12=0x00007ffaaeeb3cf0, R13=0x00007ffa8d4a1fa0, R14=0x0000933e75f69f47, R15=0x0000017dfdd35350
RIP=0x00007ffaaeeb63b7, EFLAGS=0x0000000000010202


Register to memory mapping:

RAX=0x0 is null
RBX=0x0000017df8bc6caa is a global jni handle
RCX=0x0000017df8bb61a0 points into unknown readable memory: 0x00007ffa8d2b3f88 | 88 3f 2b 8d fa 7f 00 00
RDX=0x00000012d48ff160 points into unknown readable memory: 0x0000000000000000 | 00 00 00 00 00 00 00 00
RSP=0x00000012d48ff160 points into unknown readable memory: 0x0000000000000000 | 00 00 00 00 00 00 00 00
RBP=0x0000017dfdd35378 points into unknown readable memory: 0x0000933e75f69f47 | 47 9f f6 75 3e 93 00 00
RSI=0x00000012d48ff268 points into unknown readable memory: 0x00000012d48ff250 | 50 f2 8f d4 12 00 00 00
RDI=0x0000017dfdd35350 points into unknown readable memory: 0x003f6e69006a9b47 | 47 9b 6a 00 69 6e 3f 00
R8 =0x0000000000010002 is an unknown value
R9 =0x0000017dfdd35350 points into unknown readable memory: 0x003f6e69006a9b47 | 47 9b 6a 00 69 6e 3f 00
R10=0x85f13e9656da4870 is an unknown value
R11=0x00000012d48ff0f0 points into unknown readable memory: 0x0000017dfdd35350 | 50 53 d3 fd 7d 01 00 00
R12=0x00007ffaaeeb3cf0 glass.dll
R13=0x00007ffa8d4a1fa0 jvm.dll
R14=0x0000933e75f69f47 is an unknown value
R15=0x0000017dfdd35350 points into unknown readable memory: 0x003f6e69006a9b47 | 47 9b 6a 00 69 6e 3f 00

Top of Stack: (sp=0x00000012d48ff160)
0x00000012d48ff160:   0000000000000000 00000012d48ff268
0x00000012d48ff170:   00007ffa8d4a1fa0 00007ffaaeeb3cf0
0x00000012d48ff180:   0000017dfdd35358 00007ffad26f3a83
0x00000012d48ff190:   0000017dfdd35350 0000017d00000000
0x00000012d48ff1a0:   0000017dfdd35378 00000012d48ff268
0x00000012d48ff1b0:   fffffffffffffffe 0000000000000000
0x00000012d48ff1c0:   0000000000000001 00007ffaaee90000
0x00000012d48ff1d0:   00000012d48ff258 00007ffad26c006e
0x00000012d48ff1e0:   0000000000000000 00000012d48ff268
0x00000012d48ff1f0:   00000012d48ff550 0000000000000001
0x00000012d48ff200:   0000000000000001 00007ffad26bda1d
0x00000012d48ff210:   0000000000000000 00007ffaaeeb34e9
0x00000012d48ff220:   0000000000000000 00000012d48ff258
0x00000012d48ff230:   fffffffffffffffe 00000012d48ff500
0x00000012d48ff240:   0000000000000000 00007ffaaeeb3b7d
0x00000012d48ff250:   00007ffaaeec9f88 00007ffa00000002
0x00000012d48ff260:   0000000000000002 00000012d48ff250
0x00000012d48ff270:   0000000000000000 00007ffad4ab85f3
0x00000012d48ff280:   0000000000000000 00007ffaaeeb3ca2
0x00000012d48ff290:   0000000000000001 0000000000000001
0x00000012d48ff2a0:   00000012d48ff550 0000000000000001
0x00000012d48ff2b0:   0000000000000001 00007ffad1612223
0x00000012d48ff2c0:   00007ffa00000001 0000000000000000
0x00000012d48ff2d0:   00007ffaaee90000 000000007ffe0384
0x00000012d48ff2e0:   0000000000000000 00007ffad4ab868f
0x00000012d48ff2f0:   00007ffaaee90000 0000000000000000
0x00000012d48ff300:   0000000000000001 000000007ffe0385
0x00000012d48ff310:   00007ffad4bc7a20 00007ffabdbcd880
0x00000012d48ff320:   0000605d5dd83000 00007ffabc8d0000
0x00000012d48ff330:   00007ffaaeeb3cf0 0000000000000000
0x00000012d48ff340:   0000000000000000 00000012d3cbc000
0x00000012d48ff350:   0000017dfdd69fd0 00007ffad4ae1096 

Instructions: (pc=0x00007ffaaeeb63b7)
0x00007ffaaeeb62b7:   8b 4d 58 e8 7d cf ff ff 48 8b 4d 60 e8 74 cf ff
0x00007ffaaeeb62c7:   ff 48 8b 95 80 00 00 00 48 8b 8d 18 01 00 00 e8
0x00007ffaaeeb62d7:   66 c4 ff ff 33 d2 33 c9 e8 bc e1 ff ff 90 48 89
0x00007ffaaeeb62e7:   54 24 10 55 48 83 ec 20 48 8b ea 48 b8 00 00 00
0x00007ffaaeeb62f7:   00 00 00 00 00 48 83 c4 20 5d c3 cc 40 55 48 8b
0x00007ffaaeeb6307:   ea 48 8b 01 33 c9 81 38 05 00 00 c0 0f 94 c1 8b
0x00007ffaaeeb6317:   c1 5d c3 cc 40 55 48 83 ec 20 48 8b ea 8a 4d 40
0x00007ffaaeeb6327:   48 83 c4 20 5d e9 63 d3 ff ff cc 40 55 48 83 ec
0x00007ffaaeeb6337:   20 48 8b ea 8a 4d 20 e8 51 d3 ff ff 90 48 83 c4
0x00007ffaaeeb6347:   20 5d c3 cc 40 55 48 83 ec 20 48 8b ea 48 83 c4
0x00007ffaaeeb6357:   20 5d e9 b2 d1 ff ff cc 40 55 48 83 ec 30 48 8b
0x00007ffaaeeb6367:   ea 48 8b 01 8b 10 48 89 4c 24 28 89 54 24 20 4c
0x00007ffaaeeb6377:   8d 0d 53 d6 ff ff 4c 8b 45 70 8b 55 68 48 8b 4d
0x00007ffaaeeb6387:   60 e8 f3 d0 ff ff 90 48 83 c4 30 5d c3 cc cc cc
0x00007ffaaeeb6397:   cc cc cc cc cc cc cc cc cc 40 53 48 83 ec 20 48
0x00007ffaaeeb63a7:   8b 1d db 35 01 00 48 85 db 74 16 e8 79 8b ff ff
0x00007ffaaeeb63b7:   4c 8b 00 48 8b d3 48 8b c8 41 ff 90 b0 00 00 00
0x00007ffaaeeb63c7:   90 48 83 c4 20 5b c3 cc cc 40 53 48 83 ec 20 48
0x00007ffaaeeb63d7:   8b 1d 4b 37 01 00 48 85 db 74 57 b8 ff ff ff ff
0x00007ffaaeeb63e7:   f0 0f c1 43 10 83 f8 01 75 3d 48 85 db 74 38 48
0x00007ffaaeeb63f7:   8b 0b 48 85 c9 74 0d ff 15 a4 0e 00 00 48 c7 03
0x00007ffaaeeb6407:   00 00 00 00 48 8b 4b 08 48 85 c9 74 0d e8 23 ce
0x00007ffaaeeb6417:   ff ff 48 c7 43 08 00 00 00 00 ba 18 00 00 00 48
0x00007ffaaeeb6427:   8b cb e8 0e ce ff ff 48 c7 05 ef 36 01 00 00 00
0x00007ffaaeeb6437:   00 00 48 83 c4 20 5b c3 cc 40 53 48 83 ec 20 48
0x00007ffaaeeb6447:   8b 1d bb 36 01 00 48 85 db 74 57 b8 ff ff ff ff
0x00007ffaaeeb6457:   f0 0f c1 43 10 83 f8 01 75 3d 48 85 db 74 38 48
0x00007ffaaeeb6467:   8b 0b 48 85 c9 74 0d ff 15 34 0e 00 00 48 c7 03
0x00007ffaaeeb6477:   00 00 00 00 48 8b 4b 08 48 85 c9 74 0d e8 b3 cd
0x00007ffaaeeb6487:   ff ff 48 c7 43 08 00 00 00 00 ba 18 00 00 00 48
0x00007ffaaeeb6497:   8b cb e8 9e cd ff ff 48 c7 05 5f 36 01 00 00 00
0x00007ffaaeeb64a7:   00 00 48 83 c4 20 5b c3 cc 40 53 48 83 ec 20 48 


Stack slot to memory mapping:

stack at sp + 0 slots: 0x0 is null
stack at sp + 1 slots: 0x00000012d48ff268 points into unknown readable memory: 0x00000012d48ff250 | 50 f2 8f d4 12 00 00 00
stack at sp + 2 slots: 0x00007ffa8d4a1fa0 jvm.dll
stack at sp + 3 slots: 0x00007ffaaeeb3cf0 glass.dll
stack at sp + 4 slots: 0x0000017dfdd35358 points into unknown readable memory: 0x0000933e75f69f47 | 47 9f f6 75 3e 93 00 00
stack at sp + 5 slots: 0x00007ffad26f3a83 ucrtbase.dll
stack at sp + 6 slots: 0x0000017dfdd35350 points into unknown readable memory: 0x003f6e69006a9b47 | 47 9b 6a 00 69 6e 3f 00
stack at sp + 7 slots: 0x0000017d00000000 is an unknown value

VM_Operation (0x00000012d40ff060): Exit, mode: safepoint, requested by thread 0x0000017dfe3e04c0


---------------  P R O C E S S  ---------------

Threads class SMR info:
_java_thread_list=0x0000017dfe6137e0, length=19, elements={
0x0000017dd9e818f0, 0x0000017df8bd91f0, 0x0000017df8bd9e50, 0x0000017df8bdd1a0,
0x0000017df8be1c20, 0x0000017df8be4690, 0x0000017df8bed560, 0x0000017df8bf4920,
0x0000017dfd1d13d0, 0x0000017dfdb64710, 0x0000017dfd84b060, 0x0000017dfdb106d0,
0x0000017dfdcd56d0, 0x0000017dfdca18f0, 0x0000017dfe2a39d0, 0x0000017dfe2376c0,
0x0000017dfe3f8120, 0x0000017dfe3dea80, 0x0000017dfe3e04c0
}

Java Threads: ( => current thread )
  0x0000017dd9e818f0 JavaThread "main"                              [_thread_blocked, id=19908, stack(0x00000012d4100000,0x00000012d4200000) (1024K)]
  0x0000017df8bd91f0 JavaThread "Reference Handler"          daemon [_thread_blocked, id=10156, stack(0x00000012d4900000,0x00000012d4a00000) (1024K)]
  0x0000017df8bd9e50 JavaThread "Finalizer"                  daemon [_thread_blocked, id=11092, stack(0x00000012d4a00000,0x00000012d4b00000) (1024K)]
  0x0000017df8bdd1a0 JavaThread "Attach Listener"            daemon [_thread_blocked, id=7864, stack(0x00000012d4c00000,0x00000012d4d00000) (1024K)]
  0x0000017df8be1c20 JavaThread "Service Thread"             daemon [_thread_blocked, id=10244, stack(0x00000012d4d00000,0x00000012d4e00000) (1024K)]
  0x0000017df8be4690 JavaThread "Monitor Deflation Thread"   daemon [_thread_blocked, id=19348, stack(0x00000012d4e00000,0x00000012d4f00000) (1024K)]
  0x0000017df8bed560 JavaThread "C2 CompilerThread0"         daemon [_thread_blocked, id=3076, stack(0x00000012d4f00000,0x00000012d5000000) (1024K)]
  0x0000017df8bf4920 JavaThread "C1 CompilerThread0"         daemon [_thread_blocked, id=640, stack(0x00000012d5000000,0x00000012d5100000) (1024K)]
  0x0000017dfd1d13d0 JavaThread "Common-Cleaner"             daemon [_thread_blocked, id=18792, stack(0x00000012d5100000,0x00000012d5200000) (1024K)]
  0x0000017dfdb64710 JavaThread "Monitor Ctrl-Break"         daemon [_thread_in_native, id=12656, stack(0x00000012d5400000,0x00000012d5500000) (1024K)]
  0x0000017dfd84b060 JavaThread "Notification Thread"        daemon [_thread_blocked, id=7612, stack(0x00000012d5500000,0x00000012d5600000) (1024K)]
  0x0000017dfdb106d0 JavaThread "QuantumRenderer-0"          daemon [_thread_blocked, id=16752, stack(0x00000012d5600000,0x00000012d5700000) (1024K)]
  0x0000017dfdcd56d0 JavaThread "InvokeLaterDispatcher"      daemon [_thread_blocked, id=10320, stack(0x00000012d5700000,0x00000012d5800000) (1024K)]
  0x0000017dfdca18f0 JavaThread "JavaFX Application Thread"         [_thread_in_native, id=15696, stack(0x00000012d5800000,0x00000012d5900000) (1024K)]
  0x0000017dfe2a39d0 JavaThread "JavaFX-Launcher"                   [_thread_blocked, id=3808, stack(0x00000012d5d00000,0x00000012d5e00000) (1024K)]
  0x0000017dfe2376c0 JavaThread "Thread-2"                   daemon [_thread_in_native, id=11628, stack(0x00000012d5c00000,0x00000012d5d00000) (1024K)]
  0x0000017dfe3f8120 JavaThread "Prism Font Disposer"        daemon [_thread_blocked, id=2372, stack(0x00000012d6300000,0x00000012d6400000) (1024K)]
  0x0000017dfe3dea80 JavaThread "Cleaner-0"                  daemon [_thread_blocked, id=13588, stack(0x00000012d6b00000,0x00000012d6c00000) (1024K)]
  0x0000017dfe3e04c0 JavaThread "SIGINT handler"             daemon [_thread_blocked, id=3476, stack(0x00000012d4000000,0x00000012d4100000) (1024K)]
Total: 19

Other Threads:
=>0x0000017df8bb61a0 VMThread "VM Thread"                           [id=2628, stack(0x00000012d4800000,0x00000012d4900000) (1024K)]
  0x0000017dd9ee90e0 WorkerThread "GC Thread#0"                     [id=6956, stack(0x00000012d4200000,0x00000012d4300000) (1024K)]
  0x0000017dfe1f3780 WorkerThread "GC Thread#1"                     [id=19268, stack(0x00000012d5e00000,0x00000012d5f00000) (1024K)]
  0x0000017dfe1f3b20 WorkerThread "GC Thread#2"                     [id=13372, stack(0x00000012d5f00000,0x00000012d6000000) (1024K)]
  0x0000017dfe1f3ec0 WorkerThread "GC Thread#3"                     [id=8444, stack(0x00000012d6000000,0x00000012d6100000) (1024K)]
  0x0000017dfe1f4670 WorkerThread "GC Thread#4"                     [id=7608, stack(0x00000012d6100000,0x00000012d6200000) (1024K)]
  0x0000017dfe29f460 WorkerThread "GC Thread#5"                     [id=1232, stack(0x00000012d6200000,0x00000012d6300000) (1024K)]
  0x0000017dfe591630 WorkerThread "GC Thread#6"                     [id=17424, stack(0x00000012d5200000,0x00000012d5300000) (1024K)]
  0x0000017dfe5919d0 WorkerThread "GC Thread#7"                     [id=19816, stack(0x00000012d5300000,0x00000012d5400000) (1024K)]
  0x0000017dd9ef9db0 ConcurrentGCThread "G1 Main Marker"            terminated
  0x0000017dd9efa8b0 WorkerThread "G1 Conc#0"                       [id=19608, stack(0x00000012d4400000,0x00000012d4500000) (1024K)]
  0x0000017df8a76000 ConcurrentGCThread "G1 Refine#0"               terminated
  0x0000017df8a76b70 ConcurrentGCThread "G1 Service"                terminated
Total: 13

Threads with active compile tasks:
Total: 0

VM state: at safepoint (shutting down)

VM Mutex/Monitor currently owned by a thread:  ([mutex/lock_event])
[0x00007ffa8d47a5f8] Threads_lock - owner thread: 0x0000017df8bb61a0
[0x00007ffa8d47a6f8] Heap_lock - owner thread: 0x0000017dfe3e04c0

Heap address: 0x0000000704c00000, size: 4020 MB, Compressed Oops mode: Zero based, Oop shift amount: 3

CDS archive(s) mapped at: [0x0000017d80000000-0x0000017d80c90000-0x0000017d80c90000), size 13172736, SharedBaseAddress: 0x0000017d80000000, ArchiveRelocationMode: 1.
Compressed class space mapped at: 0x0000017d81000000-0x0000017dc1000000, reserved size: 1073741824
Narrow klass base: 0x0000017d80000000, Narrow klass shift: 0, Narrow klass range: 0x100000000

GC Precious Log:
 CardTable entry size: 512
 Card Set container configuration: InlinePtr #cards 4 size 8 Array Of Cards #cards 16 size 48 Howl #buckets 8 coarsen threshold 3686 Howl Bitmap #cards 512 size 80 coarsen threshold 460 Card regions per heap region 1 cards per card region 4096
 CPUs: 8 total, 8 available
 Memory: 16075M
 Large Page Support: Disabled
 NUMA Support: Disabled
 Compressed Oops: Enabled (Zero based)
 Heap Region Size: 2M
 Heap Min Capacity: 8M
 Heap Initial Capacity: 252M
 Heap Max Capacity: 4020M
 Pre-touch: Disabled
 Parallel Workers: 8
 Concurrent Workers: 2
 Concurrent Refinement Workers: 8
 Periodic GC: Disabled

Heap:
 garbage-first heap   total 258048K, used 39766K [0x0000000704c00000, 0x0000000800000000)
  region size 2048K, 17 young (34816K), 3 survivors (6144K)
 Metaspace       used 17177K, committed 17472K, reserved 1114112K
  class space    used 2375K, committed 2496K, reserved 1048576K

Heap Regions: E=young(eden), S=young(survivor), O=old, HS=humongous(starts), HC=humongous(continues), CS=collection set, F=free, TAMS=top-at-mark-start, PB=parsable bottom
|   0|0x0000000704c00000, 0x0000000704e00000, 0x0000000704e00000|100%|HS|  |TAMS 0x0000000704c00000| PB 0x0000000704c00000| Complete 
|   1|0x0000000704e00000, 0x0000000704ed5a60, 0x0000000705000000| 41%| O|  |TAMS 0x0000000704e00000| PB 0x0000000704e00000| Untracked 
|   2|0x0000000705000000, 0x0000000705200000, 0x0000000705200000|100%|HS|  |TAMS 0x0000000705000000| PB 0x0000000705000000| Complete 
|   3|0x0000000705200000, 0x0000000705400000, 0x0000000705400000|100%|HC|  |TAMS 0x0000000705200000| PB 0x0000000705200000| Complete 
|   4|0x0000000705400000, 0x0000000705400000, 0x0000000705600000|  0%| F|  |TAMS 0x0000000705400000| PB 0x0000000705400000| Untracked 
|   5|0x0000000705600000, 0x0000000705600000, 0x0000000705800000|  0%| F|  |TAMS 0x0000000705600000| PB 0x0000000705600000| Untracked 
|   6|0x0000000705800000, 0x0000000705800000, 0x0000000705a00000|  0%| F|  |TAMS 0x0000000705800000| PB 0x0000000705800000| Untracked 
|   7|0x0000000705a00000, 0x0000000705a00000, 0x0000000705c00000|  0%| F|  |TAMS 0x0000000705a00000| PB 0x0000000705a00000| Untracked 
|   8|0x0000000705c00000, 0x0000000705c00000, 0x0000000705e00000|  0%| F|  |TAMS 0x0000000705c00000| PB 0x0000000705c00000| Untracked 
|   9|0x0000000705e00000, 0x0000000705e00000, 0x0000000706000000|  0%| F|  |TAMS 0x0000000705e00000| PB 0x0000000705e00000| Untracked 
|  10|0x0000000706000000, 0x0000000706000000, 0x0000000706200000|  0%| F|  |TAMS 0x0000000706000000| PB 0x0000000706000000| Untracked 
|  11|0x0000000706200000, 0x0000000706200000, 0x0000000706400000|  0%| F|  |TAMS 0x0000000706200000| PB 0x0000000706200000| Untracked 
|  12|0x0000000706400000, 0x0000000706400000, 0x0000000706600000|  0%| F|  |TAMS 0x0000000706400000| PB 0x0000000706400000| Untracked 
|  13|0x0000000706600000, 0x0000000706600000, 0x0000000706800000|  0%| F|  |TAMS 0x0000000706600000| PB 0x0000000706600000| Untracked 
|  14|0x0000000706800000, 0x0000000706800000, 0x0000000706a00000|  0%| F|  |TAMS 0x0000000706800000| PB 0x0000000706800000| Untracked 
|  15|0x0000000706a00000, 0x0000000706a00000, 0x0000000706c00000|  0%| F|  |TAMS 0x0000000706a00000| PB 0x0000000706a00000| Untracked 
|  16|0x0000000706c00000, 0x0000000706c00000, 0x0000000706e00000|  0%| F|  |TAMS 0x0000000706c00000| PB 0x0000000706c00000| Untracked 
|  17|0x0000000706e00000, 0x0000000706e00000, 0x0000000707000000|  0%| F|  |TAMS 0x0000000706e00000| PB 0x0000000706e00000| Untracked 
|  18|0x0000000707000000, 0x0000000707000000, 0x0000000707200000|  0%| F|  |TAMS 0x0000000707000000| PB 0x0000000707000000| Untracked 
|  19|0x0000000707200000, 0x0000000707200000, 0x0000000707400000|  0%| F|  |TAMS 0x0000000707200000| PB 0x0000000707200000| Untracked 
|  20|0x0000000707400000, 0x0000000707400000, 0x0000000707600000|  0%| F|  |TAMS 0x0000000707400000| PB 0x0000000707400000| Untracked 
|  21|0x0000000707600000, 0x0000000707600000, 0x0000000707800000|  0%| F|  |TAMS 0x0000000707600000| PB 0x0000000707600000| Untracked 
|  22|0x0000000707800000, 0x0000000707800000, 0x0000000707a00000|  0%| F|  |TAMS 0x0000000707800000| PB 0x0000000707800000| Untracked 
|  23|0x0000000707a00000, 0x0000000707a00000, 0x0000000707c00000|  0%| F|  |TAMS 0x0000000707a00000| PB 0x0000000707a00000| Untracked 
|  24|0x0000000707c00000, 0x0000000707c00000, 0x0000000707e00000|  0%| F|  |TAMS 0x0000000707c00000| PB 0x0000000707c00000| Untracked 
|  25|0x0000000707e00000, 0x0000000707e00000, 0x0000000708000000|  0%| F|  |TAMS 0x0000000707e00000| PB 0x0000000707e00000| Untracked 
|  26|0x0000000708000000, 0x0000000708000000, 0x0000000708200000|  0%| F|  |TAMS 0x0000000708000000| PB 0x0000000708000000| Untracked 
|  27|0x0000000708200000, 0x0000000708200000, 0x0000000708400000|  0%| F|  |TAMS 0x0000000708200000| PB 0x0000000708200000| Untracked 
|  28|0x0000000708400000, 0x0000000708400000, 0x0000000708600000|  0%| F|  |TAMS 0x0000000708400000| PB 0x0000000708400000| Untracked 
|  29|0x0000000708600000, 0x0000000708600000, 0x0000000708800000|  0%| F|  |TAMS 0x0000000708600000| PB 0x0000000708600000| Untracked 
|  30|0x0000000708800000, 0x0000000708800000, 0x0000000708a00000|  0%| F|  |TAMS 0x0000000708800000| PB 0x0000000708800000| Untracked 
|  31|0x0000000708a00000, 0x0000000708a00000, 0x0000000708c00000|  0%| F|  |TAMS 0x0000000708a00000| PB 0x0000000708a00000| Untracked 
|  32|0x0000000708c00000, 0x0000000708c00000, 0x0000000708e00000|  0%| F|  |TAMS 0x0000000708c00000| PB 0x0000000708c00000| Untracked 
|  33|0x0000000708e00000, 0x0000000708e00000, 0x0000000709000000|  0%| F|  |TAMS 0x0000000708e00000| PB 0x0000000708e00000| Untracked 
|  34|0x0000000709000000, 0x0000000709000000, 0x0000000709200000|  0%| F|  |TAMS 0x0000000709000000| PB 0x0000000709000000| Untracked 
|  35|0x0000000709200000, 0x0000000709200000, 0x0000000709400000|  0%| F|  |TAMS 0x0000000709200000| PB 0x0000000709200000| Untracked 
|  36|0x0000000709400000, 0x0000000709400000, 0x0000000709600000|  0%| F|  |TAMS 0x0000000709400000| PB 0x0000000709400000| Untracked 
|  37|0x0000000709600000, 0x0000000709600000, 0x0000000709800000|  0%| F|  |TAMS 0x0000000709600000| PB 0x0000000709600000| Untracked 
|  38|0x0000000709800000, 0x0000000709800000, 0x0000000709a00000|  0%| F|  |TAMS 0x0000000709800000| PB 0x0000000709800000| Untracked 
|  39|0x0000000709a00000, 0x0000000709a00000, 0x0000000709c00000|  0%| F|  |TAMS 0x0000000709a00000| PB 0x0000000709a00000| Untracked 
|  40|0x0000000709c00000, 0x0000000709c00000, 0x0000000709e00000|  0%| F|  |TAMS 0x0000000709c00000| PB 0x0000000709c00000| Untracked 
|  41|0x0000000709e00000, 0x0000000709e00000, 0x000000070a000000|  0%| F|  |TAMS 0x0000000709e00000| PB 0x0000000709e00000| Untracked 
|  42|0x000000070a000000, 0x000000070a000000, 0x000000070a200000|  0%| F|  |TAMS 0x000000070a000000| PB 0x000000070a000000| Untracked 
|  43|0x000000070a200000, 0x000000070a200000, 0x000000070a400000|  0%| F|  |TAMS 0x000000070a200000| PB 0x000000070a200000| Untracked 
|  44|0x000000070a400000, 0x000000070a400000, 0x000000070a600000|  0%| F|  |TAMS 0x000000070a400000| PB 0x000000070a400000| Untracked 
|  45|0x000000070a600000, 0x000000070a600000, 0x000000070a800000|  0%| F|  |TAMS 0x000000070a600000| PB 0x000000070a600000| Untracked 
|  46|0x000000070a800000, 0x000000070a800000, 0x000000070aa00000|  0%| F|  |TAMS 0x000000070a800000| PB 0x000000070a800000| Untracked 
|  47|0x000000070aa00000, 0x000000070aa00000, 0x000000070ac00000|  0%| F|  |TAMS 0x000000070aa00000| PB 0x000000070aa00000| Untracked 
|  48|0x000000070ac00000, 0x000000070ac00000, 0x000000070ae00000|  0%| F|  |TAMS 0x000000070ac00000| PB 0x000000070ac00000| Untracked 
|  49|0x000000070ae00000, 0x000000070ae00000, 0x000000070b000000|  0%| F|  |TAMS 0x000000070ae00000| PB 0x000000070ae00000| Untracked 
|  50|0x000000070b000000, 0x000000070b000000, 0x000000070b200000|  0%| F|  |TAMS 0x000000070b000000| PB 0x000000070b000000| Untracked 
|  51|0x000000070b200000, 0x000000070b200000, 0x000000070b400000|  0%| F|  |TAMS 0x000000070b200000| PB 0x000000070b200000| Untracked 
|  52|0x000000070b400000, 0x000000070b400000, 0x000000070b600000|  0%| F|  |TAMS 0x000000070b400000| PB 0x000000070b400000| Untracked 
|  53|0x000000070b600000, 0x000000070b600000, 0x000000070b800000|  0%| F|  |TAMS 0x000000070b600000| PB 0x000000070b600000| Untracked 
|  54|0x000000070b800000, 0x000000070b800000, 0x000000070ba00000|  0%| F|  |TAMS 0x000000070b800000| PB 0x000000070b800000| Untracked 
|  55|0x000000070ba00000, 0x000000070ba00000, 0x000000070bc00000|  0%| F|  |TAMS 0x000000070ba00000| PB 0x000000070ba00000| Untracked 
|  56|0x000000070bc00000, 0x000000070bc00000, 0x000000070be00000|  0%| F|  |TAMS 0x000000070bc00000| PB 0x000000070bc00000| Untracked 
|  57|0x000000070be00000, 0x000000070be00000, 0x000000070c000000|  0%| F|  |TAMS 0x000000070be00000| PB 0x000000070be00000| Untracked 
|  58|0x000000070c000000, 0x000000070c000000, 0x000000070c200000|  0%| F|  |TAMS 0x000000070c000000| PB 0x000000070c000000| Untracked 
|  59|0x000000070c200000, 0x000000070c200000, 0x000000070c400000|  0%| F|  |TAMS 0x000000070c200000| PB 0x000000070c200000| Untracked 
|  60|0x000000070c400000, 0x000000070c400000, 0x000000070c600000|  0%| F|  |TAMS 0x000000070c400000| PB 0x000000070c400000| Untracked 
|  61|0x000000070c600000, 0x000000070c600000, 0x000000070c800000|  0%| F|  |TAMS 0x000000070c600000| PB 0x000000070c600000| Untracked 
|  62|0x000000070c800000, 0x000000070c800000, 0x000000070ca00000|  0%| F|  |TAMS 0x000000070c800000| PB 0x000000070c800000| Untracked 
|  63|0x000000070ca00000, 0x000000070ca00000, 0x000000070cc00000|  0%| F|  |TAMS 0x000000070ca00000| PB 0x000000070ca00000| Untracked 
|  64|0x000000070cc00000, 0x000000070cc00000, 0x000000070ce00000|  0%| F|  |TAMS 0x000000070cc00000| PB 0x000000070cc00000| Untracked 
|  65|0x000000070ce00000, 0x000000070ce00000, 0x000000070d000000|  0%| F|  |TAMS 0x000000070ce00000| PB 0x000000070ce00000| Untracked 
|  66|0x000000070d000000, 0x000000070d000000, 0x000000070d200000|  0%| F|  |TAMS 0x000000070d000000| PB 0x000000070d000000| Untracked 
|  67|0x000000070d200000, 0x000000070d200000, 0x000000070d400000|  0%| F|  |TAMS 0x000000070d200000| PB 0x000000070d200000| Untracked 
|  68|0x000000070d400000, 0x000000070d400000, 0x000000070d600000|  0%| F|  |TAMS 0x000000070d400000| PB 0x000000070d400000| Untracked 
|  69|0x000000070d600000, 0x000000070d600000, 0x000000070d800000|  0%| F|  |TAMS 0x000000070d600000| PB 0x000000070d600000| Untracked 
|  70|0x000000070d800000, 0x000000070d800000, 0x000000070da00000|  0%| F|  |TAMS 0x000000070d800000| PB 0x000000070d800000| Untracked 
|  71|0x000000070da00000, 0x000000070da00000, 0x000000070dc00000|  0%| F|  |TAMS 0x000000070da00000| PB 0x000000070da00000| Untracked 
|  72|0x000000070dc00000, 0x000000070dc00000, 0x000000070de00000|  0%| F|  |TAMS 0x000000070dc00000| PB 0x000000070dc00000| Untracked 
|  73|0x000000070de00000, 0x000000070de00000, 0x000000070e000000|  0%| F|  |TAMS 0x000000070de00000| PB 0x000000070de00000| Untracked 
|  74|0x000000070e000000, 0x000000070e000000, 0x000000070e200000|  0%| F|  |TAMS 0x000000070e000000| PB 0x000000070e000000| Untracked 
|  75|0x000000070e200000, 0x000000070e200000, 0x000000070e400000|  0%| F|  |TAMS 0x000000070e200000| PB 0x000000070e200000| Untracked 
|  76|0x000000070e400000, 0x000000070e400000, 0x000000070e600000|  0%| F|  |TAMS 0x000000070e400000| PB 0x000000070e400000| Untracked 
|  77|0x000000070e600000, 0x000000070e600000, 0x000000070e800000|  0%| F|  |TAMS 0x000000070e600000| PB 0x000000070e600000| Untracked 
|  78|0x000000070e800000, 0x000000070e800000, 0x000000070ea00000|  0%| F|  |TAMS 0x000000070e800000| PB 0x000000070e800000| Untracked 
|  79|0x000000070ea00000, 0x000000070ea00000, 0x000000070ec00000|  0%| F|  |TAMS 0x000000070ea00000| PB 0x000000070ea00000| Untracked 
|  80|0x000000070ec00000, 0x000000070ec00000, 0x000000070ee00000|  0%| F|  |TAMS 0x000000070ec00000| PB 0x000000070ec00000| Untracked 
|  81|0x000000070ee00000, 0x000000070ee00000, 0x000000070f000000|  0%| F|  |TAMS 0x000000070ee00000| PB 0x000000070ee00000| Untracked 
|  82|0x000000070f000000, 0x000000070f000000, 0x000000070f200000|  0%| F|  |TAMS 0x000000070f000000| PB 0x000000070f000000| Untracked 
|  83|0x000000070f200000, 0x000000070f200000, 0x000000070f400000|  0%| F|  |TAMS 0x000000070f200000| PB 0x000000070f200000| Untracked 
|  84|0x000000070f400000, 0x000000070f400000, 0x000000070f600000|  0%| F|  |TAMS 0x000000070f400000| PB 0x000000070f400000| Untracked 
|  85|0x000000070f600000, 0x000000070f600000, 0x000000070f800000|  0%| F|  |TAMS 0x000000070f600000| PB 0x000000070f600000| Untracked 
|  86|0x000000070f800000, 0x000000070f800000, 0x000000070fa00000|  0%| F|  |TAMS 0x000000070f800000| PB 0x000000070f800000| Untracked 
|  87|0x000000070fa00000, 0x000000070fa00000, 0x000000070fc00000|  0%| F|  |TAMS 0x000000070fa00000| PB 0x000000070fa00000| Untracked 
|  88|0x000000070fc00000, 0x000000070fc00000, 0x000000070fe00000|  0%| F|  |TAMS 0x000000070fc00000| PB 0x000000070fc00000| Untracked 
|  89|0x000000070fe00000, 0x000000070fe00000, 0x0000000710000000|  0%| F|  |TAMS 0x000000070fe00000| PB 0x000000070fe00000| Untracked 
|  90|0x0000000710000000, 0x0000000710000000, 0x0000000710200000|  0%| F|  |TAMS 0x0000000710000000| PB 0x0000000710000000| Untracked 
|  91|0x0000000710200000, 0x0000000710200000, 0x0000000710400000|  0%| F|  |TAMS 0x0000000710200000| PB 0x0000000710200000| Untracked 
|  92|0x0000000710400000, 0x0000000710400000, 0x0000000710600000|  0%| F|  |TAMS 0x0000000710400000| PB 0x0000000710400000| Untracked 
|  93|0x0000000710600000, 0x0000000710600000, 0x0000000710800000|  0%| F|  |TAMS 0x0000000710600000| PB 0x0000000710600000| Untracked 
|  94|0x0000000710800000, 0x0000000710800000, 0x0000000710a00000|  0%| F|  |TAMS 0x0000000710800000| PB 0x0000000710800000| Untracked 
|  95|0x0000000710a00000, 0x0000000710a00000, 0x0000000710c00000|  0%| F|  |TAMS 0x0000000710a00000| PB 0x0000000710a00000| Untracked 
|  96|0x0000000710c00000, 0x0000000710c00000, 0x0000000710e00000|  0%| F|  |TAMS 0x0000000710c00000| PB 0x0000000710c00000| Untracked 
|  97|0x0000000710e00000, 0x0000000710e00000, 0x0000000711000000|  0%| F|  |TAMS 0x0000000710e00000| PB 0x0000000710e00000| Untracked 
|  98|0x0000000711000000, 0x0000000711000000, 0x0000000711200000|  0%| F|  |TAMS 0x0000000711000000| PB 0x0000000711000000| Untracked 
|  99|0x0000000711200000, 0x0000000711200000, 0x0000000711400000|  0%| F|  |TAMS 0x0000000711200000| PB 0x0000000711200000| Untracked 
| 100|0x0000000711400000, 0x0000000711400000, 0x0000000711600000|  0%| F|  |TAMS 0x0000000711400000| PB 0x0000000711400000| Untracked 
| 101|0x0000000711600000, 0x0000000711600000, 0x0000000711800000|  0%| F|  |TAMS 0x0000000711600000| PB 0x0000000711600000| Untracked 
| 102|0x0000000711800000, 0x0000000711a00000, 0x0000000711a00000|100%| S|CS|TAMS 0x0000000711800000| PB 0x0000000711800000| Complete 
| 103|0x0000000711a00000, 0x0000000711c00000, 0x0000000711c00000|100%| S|CS|TAMS 0x0000000711a00000| PB 0x0000000711a00000| Complete 
| 104|0x0000000711c00000, 0x0000000711e00000, 0x0000000711e00000|100%| S|CS|TAMS 0x0000000711c00000| PB 0x0000000711c00000| Complete 
| 105|0x0000000711e00000, 0x0000000711e00000, 0x0000000712000000|  0%| F|  |TAMS 0x0000000711e00000| PB 0x0000000711e00000| Untracked 
| 106|0x0000000712000000, 0x0000000712000000, 0x0000000712200000|  0%| F|  |TAMS 0x0000000712000000| PB 0x0000000712000000| Untracked 
| 107|0x0000000712200000, 0x0000000712200000, 0x0000000712400000|  0%| F|  |TAMS 0x0000000712200000| PB 0x0000000712200000| Untracked 
| 108|0x0000000712400000, 0x0000000712400000, 0x0000000712600000|  0%| F|  |TAMS 0x0000000712400000| PB 0x0000000712400000| Untracked 
| 109|0x0000000712600000, 0x0000000712600000, 0x0000000712800000|  0%| F|  |TAMS 0x0000000712600000| PB 0x0000000712600000| Untracked 
| 110|0x0000000712800000, 0x0000000712800000, 0x0000000712a00000|  0%| F|  |TAMS 0x0000000712800000| PB 0x0000000712800000| Untracked 
| 111|0x0000000712a00000, 0x0000000712a00000, 0x0000000712c00000|  0%| F|  |TAMS 0x0000000712a00000| PB 0x0000000712a00000| Untracked 
| 112|0x0000000712c00000, 0x0000000712cd32b8, 0x0000000712e00000| 41%| E|  |TAMS 0x0000000712c00000| PB 0x0000000712c00000| Complete 
| 113|0x0000000712e00000, 0x0000000713000000, 0x0000000713000000|100%| E|CS|TAMS 0x0000000712e00000| PB 0x0000000712e00000| Complete 
| 114|0x0000000713000000, 0x0000000713200000, 0x0000000713200000|100%| E|CS|TAMS 0x0000000713000000| PB 0x0000000713000000| Complete 
| 115|0x0000000713200000, 0x0000000713400000, 0x0000000713400000|100%| E|CS|TAMS 0x0000000713200000| PB 0x0000000713200000| Complete 
| 116|0x0000000713400000, 0x0000000713600000, 0x0000000713600000|100%| E|CS|TAMS 0x0000000713400000| PB 0x0000000713400000| Complete 
| 117|0x0000000713600000, 0x0000000713800000, 0x0000000713800000|100%| E|CS|TAMS 0x0000000713600000| PB 0x0000000713600000| Complete 
| 118|0x0000000713800000, 0x0000000713a00000, 0x0000000713a00000|100%| E|CS|TAMS 0x0000000713800000| PB 0x0000000713800000| Complete 
| 119|0x0000000713a00000, 0x0000000713c00000, 0x0000000713c00000|100%| E|CS|TAMS 0x0000000713a00000| PB 0x0000000713a00000| Complete 
| 120|0x0000000713c00000, 0x0000000713e00000, 0x0000000713e00000|100%| E|CS|TAMS 0x0000000713c00000| PB 0x0000000713c00000| Complete 
| 121|0x0000000713e00000, 0x0000000714000000, 0x0000000714000000|100%| E|CS|TAMS 0x0000000713e00000| PB 0x0000000713e00000| Complete 
| 122|0x0000000714000000, 0x0000000714200000, 0x0000000714200000|100%| E|CS|TAMS 0x0000000714000000| PB 0x0000000714000000| Complete 
| 123|0x0000000714200000, 0x0000000714400000, 0x0000000714400000|100%| E|CS|TAMS 0x0000000714200000| PB 0x0000000714200000| Complete 
| 124|0x0000000714400000, 0x0000000714600000, 0x0000000714600000|100%| E|CS|TAMS 0x0000000714400000| PB 0x0000000714400000| Complete 
| 125|0x0000000714600000, 0x0000000714800000, 0x0000000714800000|100%| E|CS|TAMS 0x0000000714600000| PB 0x0000000714600000| Complete 

Card table byte_map: [0x0000017df1df0000,0x0000017df25d0000] _byte_map_base: 0x0000017dee5ca000

Marking Bits: (CMBitMap*) 0x0000017dd9ee97e0
 Bits: [0x0000017df25d0000, 0x0000017df64a0000)

Polling page: 0x0000017dd7e90000

Metaspace:

Usage:
  Non-class:     14.45 MB used.
      Class:      2.32 MB used.
       Both:     16.77 MB used.

Virtual space:
  Non-class space:       64.00 MB reserved,      14.62 MB ( 23%) committed,  1 nodes.
      Class space:        1.00 GB reserved,       2.44 MB ( <1%) committed,  1 nodes.
             Both:        1.06 GB reserved,      17.06 MB (  2%) committed. 

Chunk freelists:
   Non-Class:  1.25 MB
       Class:  13.51 MB
        Both:  14.76 MB

MaxMetaspaceSize: unlimited
CompressedClassSpaceSize: 1.00 GB
Initial GC threshold: 21.00 MB
Current GC threshold: 21.00 MB
CDS: on
 - commit_granule_bytes: 65536.
 - commit_granule_words: 8192.
 - virtual_space_node_default_size: 8388608.
 - enlarge_chunks_in_place: 1.
 - use_allocation_guard: 0.


Internal statistics:

num_allocs_failed_limit: 0.
num_arena_births: 362.
num_arena_deaths: 0.
num_vsnodes_births: 2.
num_vsnodes_deaths: 0.
num_space_committed: 273.
num_space_uncommitted: 0.
num_chunks_returned_to_freelist: 0.
num_chunks_taken_from_freelist: 906.
num_chunk_merges: 0.
num_chunk_splits: 622.
num_chunks_enlarged: 463.
num_inconsistent_stats: 0.

CodeHeap 'non-profiled nmethods': size=120000Kb used=1645Kb max_used=1645Kb free=118354Kb
 bounds [0x0000017de9db0000, 0x0000017dea020000, 0x0000017df12e0000]
CodeHeap 'profiled nmethods': size=120000Kb used=7871Kb max_used=7871Kb free=112129Kb
 bounds [0x0000017de22e0000, 0x0000017de2a90000, 0x0000017de9810000]
CodeHeap 'non-nmethods': size=5760Kb used=2044Kb max_used=2064Kb free=3715Kb
 bounds [0x0000017de9810000, 0x0000017de9a80000, 0x0000017de9db0000]
 total_blobs=4710 nmethods=3889 adapters=724
 compilation: enabled
              stopped_count=0, restarted_count=0
 full_count=0

Compilation events (20 events):
Event: 109.384 Thread 0x0000017df8bf4920 3881       3       java.util.ArrayDeque::remove (5 bytes)
Event: 109.384 Thread 0x0000017df8bf4920 nmethod 3881 0x0000017de2a8e010 code [0x0000017de2a8e1e0, 0x0000017de2a8e4a8]
Event: 109.640 Thread 0x0000017df8bf4920 3882       3       com.sun.javafx.util.Logging::getInputLogger (18 bytes)
Event: 109.640 Thread 0x0000017df8bf4920 nmethod 3882 0x0000017de2a8e610 code [0x0000017de2a8e7c0, 0x0000017de2a8e9a0]
Event: 110.207 Thread 0x0000017df8bed560 3883       4       java.security.AccessController::checkContext (49 bytes)
Event: 110.207 Thread 0x0000017df8bed560 nmethod 3883 0x0000017de9f48f10 code [0x0000017de9f49080, 0x0000017de9f490e8]
Event: 180.115 Thread 0x0000017df8bed560 3884       4       com.sun.javafx.tk.quantum.QuantumToolkit$$Lambda/0x0000017d8103d1a0::run (8 bytes)
Event: 180.117 Thread 0x0000017df8bed560 nmethod 3884 0x0000017de9f49210 code [0x0000017de9f49400, 0x0000017de9f49710]
Event: 1548.193 Thread 0x0000017df8bf4920 3886       3       com.sun.javafx.css.BitSet::remove (171 bytes)
Event: 1548.193 Thread 0x0000017df8bf4920 nmethod 3886 0x0000017de2a8ea90 code [0x0000017de2a8ecc0, 0x0000017de2a8f5d0]
Event: 1548.193 Thread 0x0000017df8bf4920 3885       3       com.sun.javafx.css.PseudoClassState::remove (6 bytes)
Event: 1548.193 Thread 0x0000017df8bf4920 nmethod 3885 0x0000017de2a8f890 code [0x0000017de2a8fa40, 0x0000017de2a8fb88]
Event: 1549.212 Thread 0x0000017df8bed560 3887       4       javafx.scene.Node::intersects (47 bytes)
Event: 1549.218 Thread 0x0000017df8bed560 nmethod 3887 0x0000017de9f49a10 code [0x0000017de9f49c60, 0x0000017de9f4a5f0]
Event: 1549.958 Thread 0x0000017df8bed560 3888       4       com.sun.javafx.event.CompositeEventDispatcher::dispatchBubblingEvent (35 bytes)
Event: 1549.958 Thread 0x0000017df8bed560 nmethod 3888 0x0000017de9f4ac90 code [0x0000017de9f4ae20, 0x0000017de9f4af40]
Event: 1550.730 Thread 0x0000017df8bed560 3889       4       com.sun.javafx.geom.Vec3d::length (33 bytes)
Event: 1550.730 Thread 0x0000017df8bed560 nmethod 3889 0x0000017de9f4b090 code [0x0000017de9f4b220, 0x0000017de9f4b2d0]
Event: 1555.148 Thread 0x0000017df8bf4920 3890       1       java.util.logging.LogManager$LoggerContext::getOwner (5 bytes)
Event: 1555.149 Thread 0x0000017df8bf4920 nmethod 3890 0x0000017de9f4b390 code [0x0000017de9f4b520, 0x0000017de9f4b5f0]

GC Heap History (4 events):
Event: 0.472 GC heap before
{Heap before GC invocations=0 (full 0):
 garbage-first heap   total 258048K, used 22528K [0x0000000704c00000, 0x0000000800000000)
  region size 2048K, 11 young (22528K), 0 survivors (0K)
 Metaspace       used 4471K, committed 4672K, reserved 1114112K
  class space    used 488K, committed 576K, reserved 1048576K
}
Event: 0.474 GC heap after
{Heap after GC invocations=1 (full 0):
 garbage-first heap   total 258048K, used 2684K [0x0000000704c00000, 0x0000000800000000)
  region size 2048K, 2 young (4096K), 2 survivors (4096K)
 Metaspace       used 4471K, committed 4672K, reserved 1114112K
  class space    used 488K, committed 576K, reserved 1048576K
}
Event: 10.142 GC heap before
{Heap before GC invocations=1 (full 0):
 garbage-first heap   total 258048K, used 41596K [0x0000000704c00000, 0x0000000800000000)
  region size 2048K, 21 young (43008K), 2 survivors (4096K)
 Metaspace       used 13493K, committed 13760K, reserved 1114112K
  class space    used 1805K, committed 1920K, reserved 1048576K
}
Event: 10.147 GC heap after
{Heap after GC invocations=2 (full 0):
 garbage-first heap   total 258048K, used 9046K [0x0000000704c00000, 0x0000000800000000)
  region size 2048K, 3 young (6144K), 3 survivors (6144K)
 Metaspace       used 13493K, committed 13760K, reserved 1114112K
  class space    used 1805K, committed 1920K, reserved 1048576K
}

Dll operation events (20 events):
Event: 0.313 Loaded shared library C:\Users\Алекс\.openjfx\cache\19+11\amd64\api-ms-win-crt-math-l1-1-0.dll
Event: 0.315 Loaded shared library C:\Users\Алекс\.openjfx\cache\19+11\amd64\api-ms-win-crt-multibyte-l1-1-0.dll
Event: 0.318 Loaded shared library C:\Users\Алекс\.openjfx\cache\19+11\amd64\api-ms-win-crt-private-l1-1-0.dll
Event: 0.320 Loaded shared library C:\Users\Алекс\.openjfx\cache\19+11\amd64\api-ms-win-crt-process-l1-1-0.dll
Event: 0.322 Loaded shared library C:\Users\Алекс\.openjfx\cache\19+11\amd64\api-ms-win-crt-runtime-l1-1-0.dll
Event: 0.324 Loaded shared library C:\Users\Алекс\.openjfx\cache\19+11\amd64\api-ms-win-crt-stdio-l1-1-0.dll
Event: 0.326 Loaded shared library C:\Users\Алекс\.openjfx\cache\19+11\amd64\api-ms-win-crt-string-l1-1-0.dll
Event: 0.327 Loaded shared library C:\Users\Алекс\.openjfx\cache\19+11\amd64\api-ms-win-crt-time-l1-1-0.dll
Event: 0.329 Loaded shared library C:\Users\Алекс\.openjfx\cache\19+11\amd64\api-ms-win-crt-utility-l1-1-0.dll
Event: 0.339 Loaded shared library C:\Users\Алекс\.openjfx\cache\19+11\amd64\ucrtbase.dll
Event: 0.342 Loaded shared library C:\Users\Алекс\.openjfx\cache\19+11\amd64\vcruntime140.dll
Event: 0.344 Loaded shared library C:\Users\Алекс\.openjfx\cache\19+11\amd64\vcruntime140_1.dll
Event: 0.351 Loaded shared library C:\Users\Алекс\.openjfx\cache\19+11\amd64\msvcp140.dll
Event: 0.353 Loaded shared library C:\Users\Алекс\.openjfx\cache\19+11\amd64\msvcp140_1.dll
Event: 0.357 Loaded shared library C:\Users\Алекс\.openjfx\cache\19+11\amd64\msvcp140_2.dll
Event: 0.383 Loaded shared library C:\Users\Алекс\.openjfx\cache\19+11\amd64\prism_d3d.dll
Event: 0.413 Loaded shared library C:\Users\Алекс\.openjfx\cache\19+11\amd64\glass.dll
Event: 0.496 Loaded shared library C:\Program Files\Java\jdk-21\bin\jimage.dll
Event: 0.635 Loaded shared library C:\Users\Алекс\.openjfx\cache\19+11\amd64\javafx_font.dll
Event: 93.171 Loaded shared library C:\Users\Алекс\.openjfx\cache\19+11\amd64\javafx_iio.dll

Deoptimization events (20 events):
Event: 93.164 Thread 0x0000017dfdca18f0 Uncommon trap: trap_request=0xffffff45 fr.pc=0x0000017de9dc1e20 relative=0x00000000000001e0
Event: 93.164 Thread 0x0000017dfdca18f0 Uncommon trap: reason=unstable_if action=reinterpret pc=0x0000017de9dc1e20 method=jdk.internal.util.ArraysSupport.vectorizedHashCode(Ljava/lang/Object;IIII)I @ 2 c2
Event: 93.164 Thread 0x0000017dfdca18f0 DEOPT PACKING pc=0x0000017de9dc1e20 sp=0x00000012d58e86d0
Event: 93.164 Thread 0x0000017dfdca18f0 DEOPT UNPACKING pc=0x0000017de9867da2 sp=0x00000012d58e8680 mode 2
Event: 93.172 Thread 0x0000017dfdca18f0 Uncommon trap: trap_request=0xffffff45 fr.pc=0x0000017de9e36348 relative=0x0000000000000388
Event: 93.172 Thread 0x0000017dfdca18f0 Uncommon trap: reason=unstable_if action=reinterpret pc=0x0000017de9e36348 method=java.io.ByteArrayInputStream.read([BII)I @ 35 c2
Event: 93.172 Thread 0x0000017dfdca18f0 DEOPT PACKING pc=0x0000017de9e36348 sp=0x00000012d58e8110
Event: 93.172 Thread 0x0000017dfdca18f0 DEOPT UNPACKING pc=0x0000017de9867da2 sp=0x00000012d58e80d0 mode 2
Event: 93.201 Thread 0x0000017dfdca18f0 Uncommon trap: trap_request=0xffffff45 fr.pc=0x0000017de9ef41a0 relative=0x00000000000003c0
Event: 93.201 Thread 0x0000017dfdca18f0 Uncommon trap: reason=unstable_if action=reinterpret pc=0x0000017de9ef41a0 method=java.util.regex.Pattern$BmpCharPropertyGreedy.match(Ljava/util/regex/Matcher;ILjava/lang/CharSequence;)Z @ 73 c2
Event: 93.201 Thread 0x0000017dfdca18f0 DEOPT PACKING pc=0x0000017de9ef41a0 sp=0x00000012d58e8400
Event: 93.201 Thread 0x0000017dfdca18f0 DEOPT UNPACKING pc=0x0000017de9867da2 sp=0x00000012d58e83a0 mode 2
Event: 98.183 Thread 0x0000017dfe2376c0 Uncommon trap: trap_request=0xffffff45 fr.pc=0x0000017de9f3eb74 relative=0x0000000000000554
Event: 98.183 Thread 0x0000017dfe2376c0 Uncommon trap: reason=unstable_if action=reinterpret pc=0x0000017de9f3eb74 method=com.sun.javafx.tk.quantum.QuantumToolkit.postPulse()V @ 98 c2
Event: 98.183 Thread 0x0000017dfe2376c0 DEOPT PACKING pc=0x0000017de9f3eb74 sp=0x00000012d5cff320
Event: 98.183 Thread 0x0000017dfe2376c0 DEOPT UNPACKING pc=0x0000017de9867da2 sp=0x00000012d5cff240 mode 2
Event: 98.199 Thread 0x0000017dfe2376c0 Uncommon trap: trap_request=0xffffff45 fr.pc=0x0000017de9f3dfa8 relative=0x0000000000000528
Event: 98.199 Thread 0x0000017dfe2376c0 Uncommon trap: reason=unstable_if action=reinterpret pc=0x0000017de9f3dfa8 method=com.sun.javafx.tk.quantum.QuantumToolkit.postPulse()V @ 98 c2
Event: 98.199 Thread 0x0000017dfe2376c0 DEOPT PACKING pc=0x0000017de9f3dfa8 sp=0x00000012d5cff260
Event: 98.199 Thread 0x0000017dfe2376c0 DEOPT UNPACKING pc=0x0000017de9867da2 sp=0x00000012d5cff238 mode 2

Classes loaded (20 events):
Event: 43.682 Loading class java/io/UnsupportedEncodingException
Event: 43.682 Loading class java/io/UnsupportedEncodingException done
Event: 43.684 Loading class java/text/BreakIterator
Event: 43.684 Loading class java/text/BreakIterator done
Event: 43.685 Loading class sun/util/locale/provider/BreakIteratorProviderImpl
Event: 43.685 Loading class sun/util/locale/provider/BreakIteratorProviderImpl done
Event: 43.685 Loading class sun/util/locale/provider/BreakIteratorProviderImpl$GraphemeBreakIterator
Event: 43.685 Loading class sun/util/locale/provider/BreakIteratorProviderImpl$GraphemeBreakIterator done
Event: 43.685 Loading class java/text/StringCharacterIterator
Event: 43.685 Loading class java/text/StringCharacterIterator done
Event: 43.685 Loading class sun/util/locale/provider/BreakIteratorProviderImpl$CharacterIteratorCharSequence
Event: 43.685 Loading class sun/util/locale/provider/BreakIteratorProviderImpl$CharacterIteratorCharSequence done
Event: 43.685 Loading class java/text/BreakIterator$BreakIteratorCache
Event: 43.685 Loading class java/text/BreakIterator$BreakIteratorCache done
Event: 93.163 Loading class java/io/SequenceInputStream
Event: 93.163 Loading class java/io/SequenceInputStream done
Event: 93.200 Loading class java/util/ComparableTimSort
Event: 93.200 Loading class java/util/ComparableTimSort done
Event: 1555.147 Loading class jdk/internal/misc/Signal$1
Event: 1555.147 Loading class jdk/internal/misc/Signal$1 done

Classes unloaded (0 events):
No events

Classes redefined (0 events):
No events

Internal exceptions (20 events):
Event: 0.760 Thread 0x0000017dfdca18f0 Implicit null exception at 0x0000017de9dda066 to 0x0000017de9dda10a
Event: 0.763 Thread 0x0000017dfdca18f0 Implicit null exception at 0x0000017de9e339e2 to 0x0000017de9e33d2c
Event: 0.868 Thread 0x0000017dfdca18f0 Exception <a 'java/lang/IncompatibleClassChangeError'{0x00000007127f2d50}: Found class java.lang.Object, but interface was expected> (0x00000007127f2d50) 
thrown [s\open\src\hotspot\share\interpreter\linkResolver.cpp, line 840]
Event: 0.903 Thread 0x0000017dfdca18f0 Exception <a 'java/lang/NoSuchMethodError'{0x00000007124f5618}: 'int java.lang.invoke.DirectMethodHandle$Holder.invokeSpecial(java.lang.Object, java.lang.Object, int)'> (0x00000007124f5618) 
thrown [s\open\src\hotspot\share\interpreter\linkResolver.cpp, line 773]
Event: 0.915 Thread 0x0000017dfdca18f0 Exception <a 'java/lang/NoSuchMethodError'{0x00000007125aa6d0}: 'java.lang.Object java.lang.invoke.DirectMethodHandle$Holder.newInvokeSpecial(java.lang.Object, java.lang.Object, int)'> (0x00000007125aa6d0) 
thrown [s\open\src\hotspot\share\interpreter\linkResolver.cpp, line 773]
Event: 0.930 Thread 0x0000017dfdb106d0 Exception <a 'java/lang/NoSuchMethodError'{0x0000000712252560}: 'int java.lang.invoke.DirectMethodHandle$Holder.invokeStaticInit(java.lang.Object, java.lang.Object)'> (0x0000000712252560) 
thrown [s\open\src\hotspot\share\interpreter\linkResolver.cpp, line 773]
Event: 37.821 Thread 0x0000017dfdca18f0 Implicit null exception at 0x0000017de9ec185e to 0x0000017de9ec18e4
Event: 37.854 Thread 0x0000017dfdca18f0 Exception <a 'java/lang/ClassNotFoundException'{0x00000007140c8b00}: com/sun/javafx/scene/control/skin/resources/controls> (0x00000007140c8b00) 
thrown [s\open\src\hotspot\share\prims\jni.cpp, line 539]
Event: 37.855 Thread 0x0000017dfdca18f0 Exception <a 'java/lang/ClassNotFoundException'{0x00000007140d6b48}: com/sun/javafx/scene/control/skin/resources/controls_ru> (0x00000007140d6b48) 
thrown [s\open\src\hotspot\share\prims\jni.cpp, line 539]
Event: 37.855 Thread 0x0000017dfdca18f0 Exception <a 'java/lang/ClassNotFoundException'{0x00000007140d7dc8}: com/sun/javafx/scene/control/skin/resources/controls_ru_RU> (0x00000007140d7dc8) 
thrown [s\open\src\hotspot\share\prims\jni.cpp, line 539]
Event: 37.888 Thread 0x0000017dfdca18f0 Exception <a 'java/lang/NoSuchMethodError'{0x0000000713e64ce8}: 'void java.lang.invoke.DirectMethodHandle$Holder.invokeSpecial(java.lang.Object, java.lang.Object, java.lang.Object, java.lang.Object, java.lang.Object, java.lang.Object)'> (0x0000000713e64ce8) 
thrown [s\open\src\hotspot\share\interpreter\linkResolver.cpp, line 773]
Event: 37.946 Thread 0x0000017dfdca18f0 Exception <a 'java/lang/NoSuchMethodError'{0x0000000713a56320}: 'long java.lang.invoke.DirectMethodHandle$Holder.invokeStatic(java.lang.Object, java.lang.Object, java.lang.Object)'> (0x0000000713a56320) 
thrown [s\open\src\hotspot\share\interpreter\linkResolver.cpp, line 773]
Event: 37.946 Thread 0x0000017dfdca18f0 Exception <a 'java/lang/NoSuchMethodError'{0x0000000713a59c50}: 'long java.lang.invoke.DirectMethodHandle$Holder.invokeStaticInit(java.lang.Object, java.lang.Object, java.lang.Object)'> (0x0000000713a59c50) 
thrown [s\open\src\hotspot\share\interpreter\linkResolver.cpp, line 773]
Event: 37.948 Thread 0x0000017dfdca18f0 Exception <a 'java/lang/NoSuchMethodError'{0x0000000713a6e7a8}: 'java.lang.Object java.lang.invoke.DirectMethodHandle$Holder.newInvokeSpecial(java.lang.Object, java.lang.Object, long)'> (0x0000000713a6e7a8) 
thrown [s\open\src\hotspot\share\interpreter\linkResolver.cpp, line 773]
Event: 37.949 Thread 0x0000017dfdca18f0 Exception <a 'java/lang/NoSuchMethodError'{0x0000000713a72350}: 'java.lang.Object java.lang.invoke.Invokers$Holder.linkToTargetMethod(java.lang.Object, long, java.lang.Object)'> (0x0000000713a72350) 
thrown [s\open\src\hotspot\share\interpreter\linkResolver.cpp, line 773]
Event: 55.382 Thread 0x0000017dfdca18f0 Exception <a 'sun/nio/fs/WindowsException'{0x00000007138d4a48}> (0x00000007138d4a48) 
thrown [s\open\src\hotspot\share\prims\jni.cpp, line 520]
Event: 55.447 Thread 0x0000017dfdca18f0 Exception <a 'java/lang/NoSuchMethodError'{0x00000007136e0238}: 'java.lang.Object java.lang.invoke.DirectMethodHandle$Holder.newInvokeSpecial(java.lang.Object, java.lang.Object, int, int, int, int, int, java.lang.Object)'> (0x00000007136e0238) 
thrown [s\open\src\hotspot\share\interpreter\linkResolver.cpp, line 773]
Event: 55.448 Thread 0x0000017dfdca18f0 Exception <a 'java/lang/NoSuchMethodError'{0x00000007136f2df8}: 'java.lang.Object java.lang.invoke.DirectMethodHandle$Holder.newInvokeSpecial(java.lang.Object, java.lang.Object, java.lang.Object, int, int, int, int, int)'> (0x00000007136f2df8) 
thrown [s\open\src\hotspot\share\interpreter\linkResolver.cpp, line 773]
Event: 55.449 Thread 0x0000017dfdca18f0 Exception <a 'java/lang/NoSuchMethodError'{0x00000007136faea8}: 'java.lang.Object java.lang.invoke.Invokers$Holder.linkToTargetMethod(java.lang.Object, java.lang.Object, int, int, int, int, int, java.lang.Object)'> (0x00000007136faea8) 
thrown [s\open\src\hotspot\share\interpreter\linkResolver.cpp, line 773]
Event: 93.198 Thread 0x0000017dfdca18f0 Exception <a 'java/lang/ClassCastException'{0x00000007131a6728}: class java.lang.String cannot be cast to class javafx.scene.paint.Paint (java.lang.String is in module java.base of loader 'bootstrap'; javafx.scene.paint.Paint is in module javafx.graphics@19 of loader 'app')> (0x00000007131a6728) 
thrown [s\open\src\hotspot\share\interpreter\interpreterRuntime.cpp, line 455]

ZGC Phase Switch (0 events):
No events

VM Operations (20 events):
Event: 88.179 Executing VM operation: Cleanup done
Event: 89.180 Executing VM operation: Cleanup
Event: 89.180 Executing VM operation: Cleanup done
Event: 93.182 Executing VM operation: Cleanup
Event: 93.182 Executing VM operation: Cleanup done
Event: 94.182 Executing VM operation: Cleanup
Event: 94.182 Executing VM operation: Cleanup done
Event: 96.183 Executing VM operation: Cleanup
Event: 96.183 Executing VM operation: Cleanup done
Event: 98.183 Executing VM operation: Cleanup
Event: 98.183 Executing VM operation: Cleanup done
Event: 110.189 Executing VM operation: Cleanup
Event: 110.189 Executing VM operation: Cleanup done
Event: 120.273 Executing VM operation: HandshakeAllThreads (HandshakeForDeflation)
Event: 120.273 Executing VM operation: HandshakeAllThreads (HandshakeForDeflation) done
Event: 120.273 Executing VM operation: RendezvousGCThreads
Event: 120.273 Executing VM operation: RendezvousGCThreads done
Event: 1550.172 Executing VM operation: Cleanup
Event: 1550.172 Executing VM operation: Cleanup done
Event: 1555.149 Executing VM operation: Exit

Events (20 events):
Event: 0.158 Thread 0x0000017dfd84b060 Thread added: 0x0000017dfd84b060
Event: 0.377 Thread 0x0000017dfdb106d0 Thread added: 0x0000017dfdb106d0
Event: 0.414 Thread 0x0000017dfdcd56d0 Thread added: 0x0000017dfdcd56d0
Event: 0.416 Thread 0x0000017dfdca18f0 Thread added: 0x0000017dfdca18f0
Event: 0.468 Thread 0x0000017dfe2a39d0 Thread added: 0x0000017dfe2a39d0
Event: 0.471 Thread 0x0000017dfe2376c0 Thread added: 0x0000017dfe2376c0
Event: 0.649 Thread 0x0000017dfe3f8120 Thread added: 0x0000017dfe3f8120
Event: 0.988 Thread 0x0000017dfe3dea80 Thread added: 0x0000017dfe3dea80
Event: 1.010 Thread 0x0000017dfd2b5230 Thread exited: 0x0000017dfd2b5230
Event: 1.012 Thread 0x0000017dfd29ed30 Thread exited: 0x0000017dfd29ed30
Event: 11.987 Thread 0x0000017dfe7ed340 Thread added: 0x0000017dfe7ed340
Event: 12.695 Thread 0x0000017dfe7ed340 Thread exited: 0x0000017dfe7ed340
Event: 37.913 Thread 0x0000017dfe7f09c0 Thread added: 0x0000017dfe7f09c0
Event: 38.087 Thread 0x0000017dfe7f09c0 Thread exited: 0x0000017dfe7f09c0
Event: 1555.147 Thread 0x0000017dfe3e04c0 Thread added: 0x0000017dfe3e04c0
Event: 1555.148 Thread 0x0000017dfe3e1f00 Thread added: 0x0000017dfe3e1f00
Event: 1555.148 Thread 0x0000017dfe3df110 Thread added: 0x0000017dfe3df110
Event: 1555.149 Thread 0x0000017dfe3df110 Thread exited: 0x0000017dfe3df110
Event: 1555.149 Thread 0x0000017dfe3e1f00 Thread exited: 0x0000017dfe3e1f00
Event: 1555.149 Thread 0x0000017df8bdc0b0 Thread exited: 0x0000017df8bdc0b0


Dynamic libraries:
0x00007ff7e33c0000 - 0x00007ff7e33d0000 	C:\Program Files\Java\jdk-21\bin\java.exe
0x00007ffad4a90000 - 0x00007ffad4ca7000 	C:\WINDOWS\SYSTEM32\ntdll.dll
0x00007ffad4630000 - 0x00007ffad46f4000 	C:\WINDOWS\System32\KERNEL32.DLL
0x00007ffad2150000 - 0x00007ffad24f6000 	C:\WINDOWS\System32\KERNELBASE.dll
0x00007ffad26a0000 - 0x00007ffad27b1000 	C:\WINDOWS\System32\ucrtbase.dll
0x00007ffabc860000 - 0x00007ffabc87b000 	C:\Program Files\Java\jdk-21\bin\VCRUNTIME140.dll
0x00007ffac0190000 - 0x00007ffac01a9000 	C:\Program Files\Java\jdk-21\bin\jli.dll
0x00007ffad31b0000 - 0x00007ffad3260000 	C:\WINDOWS\System32\ADVAPI32.dll
0x00007ffad43b0000 - 0x00007ffad4457000 	C:\WINDOWS\System32\msvcrt.dll
0x00007ffad44d0000 - 0x00007ffad4576000 	C:\WINDOWS\System32\sechost.dll
0x00007ffad3260000 - 0x00007ffad3377000 	C:\WINDOWS\System32\RPCRT4.dll
0x00007ffad4080000 - 0x00007ffad422d000 	C:\WINDOWS\System32\USER32.dll
0x00007ffad27c0000 - 0x00007ffad27e6000 	C:\WINDOWS\System32\win32u.dll
0x00007ffab1200000 - 0x00007ffab1493000 	C:\WINDOWS\WinSxS\amd64_microsoft.windows.common-controls_6595b64144ccf1df_6.0.22621.2361_none_2712ced57382f843\COMCTL32.dll
0x00007ffad4580000 - 0x00007ffad45a9000 	C:\WINDOWS\System32\GDI32.dll
0x00007ffad2500000 - 0x00007ffad2618000 	C:\WINDOWS\System32\gdi32full.dll
0x00007ffad20b0000 - 0x00007ffad214a000 	C:\WINDOWS\System32\msvcp_win.dll
0x00007ffac6850000 - 0x00007ffac685a000 	C:\WINDOWS\SYSTEM32\VERSION.dll
0x00007ffad30c0000 - 0x00007ffad30f1000 	C:\WINDOWS\System32\IMM32.DLL
0x00007ffaca4c0000 - 0x00007ffaca4cc000 	C:\Program Files\Java\jdk-21\bin\vcruntime140_1.dll
0x00007ffaa8090000 - 0x00007ffaa811e000 	C:\Program Files\Java\jdk-21\bin\msvcp140.dll
0x00007ffa8c840000 - 0x00007ffa8d555000 	C:\Program Files\Java\jdk-21\bin\server\jvm.dll
0x00007ffad4760000 - 0x00007ffad47d1000 	C:\WINDOWS\System32\WS2_32.dll
0x00007ffad0ca0000 - 0x00007ffad0ced000 	C:\WINDOWS\SYSTEM32\POWRPROF.dll
0x00007ffac00b0000 - 0x00007ffac00e4000 	C:\WINDOWS\SYSTEM32\WINMM.dll
0x00007ffad0c80000 - 0x00007ffad0c93000 	C:\WINDOWS\SYSTEM32\UMPDC.dll
0x00007ffad0f40000 - 0x00007ffad0f58000 	C:\WINDOWS\SYSTEM32\kernel.appcore.dll
0x00007ffac7b60000 - 0x00007ffac7b6a000 	C:\Program Files\Java\jdk-21\bin\jimage.dll
0x00007ffacf2b0000 - 0x00007ffacf4de000 	C:\WINDOWS\SYSTEM32\DBGHELP.DLL
0x00007ffad2d30000 - 0x00007ffad30ba000 	C:\WINDOWS\System32\combase.dll
0x00007ffad2c50000 - 0x00007ffad2d27000 	C:\WINDOWS\System32\OLEAUT32.dll
0x00007ffac3480000 - 0x00007ffac34b2000 	C:\WINDOWS\SYSTEM32\dbgcore.DLL
0x00007ffad2620000 - 0x00007ffad269a000 	C:\WINDOWS\System32\bcryptPrimitives.dll
0x00007ffabc850000 - 0x00007ffabc85f000 	C:\Program Files\Java\jdk-21\bin\instrument.dll
0x00007ffabc720000 - 0x00007ffabc73f000 	C:\Program Files\Java\jdk-21\bin\java.dll
0x00007ffad3820000 - 0x00007ffad4078000 	C:\WINDOWS\System32\SHELL32.dll
0x00007ffacfd40000 - 0x00007ffad0632000 	C:\WINDOWS\SYSTEM32\windows.storage.dll
0x00007ffacfc00000 - 0x00007ffacfd3e000 	C:\WINDOWS\SYSTEM32\wintypes.dll
0x00007ffad42b0000 - 0x00007ffad43a3000 	C:\WINDOWS\System32\SHCORE.dll
0x00007ffad4470000 - 0x00007ffad44ce000 	C:\WINDOWS\System32\shlwapi.dll
0x00007ffad1d40000 - 0x00007ffad1d66000 	C:\WINDOWS\SYSTEM32\profapi.dll
0x00007ffa99f20000 - 0x00007ffa99ff7000 	C:\Program Files\Java\jdk-21\bin\jsvml.dll
0x00007ffabc840000 - 0x00007ffabc850000 	C:\Program Files\Java\jdk-21\bin\net.dll
0x00007ffac8790000 - 0x00007ffac88c7000 	C:\WINDOWS\SYSTEM32\WINHTTP.dll
0x00007ffad13c0000 - 0x00007ffad1429000 	C:\WINDOWS\system32\mswsock.dll
0x00007ffab9fb0000 - 0x00007ffab9fc6000 	C:\Program Files\Java\jdk-21\bin\nio.dll
0x00007ffab9f90000 - 0x00007ffab9fa8000 	C:\Program Files\Java\jdk-21\bin\zip.dll
0x00007ffab9f70000 - 0x00007ffab9f8a000 	C:\Program Files\JetBrains\IntelliJ IDEA 2022.3.1\bin\breakgen64.dll
0x0000017df8f40000 - 0x0000017df8f43000 	C:\Users\Алекс\.openjfx\cache\19+11\amd64\api-ms-win-core-console-l1-1-0.dll
0x0000017df8f50000 - 0x0000017df8f53000 	C:\Users\Алекс\.openjfx\cache\19+11\amd64\api-ms-win-core-console-l1-2-0.dll
0x0000017df8f60000 - 0x0000017df8f63000 	C:\Users\Алекс\.openjfx\cache\19+11\amd64\api-ms-win-core-datetime-l1-1-0.dll
0x0000017df8f70000 - 0x0000017df8f73000 	C:\Users\Алекс\.openjfx\cache\19+11\amd64\api-ms-win-core-debug-l1-1-0.dll
0x0000017df8f80000 - 0x0000017df8f83000 	C:\Users\Алекс\.openjfx\cache\19+11\amd64\api-ms-win-core-errorhandling-l1-1-0.dll
0x0000017df8f90000 - 0x0000017df8f94000 	C:\Users\Алекс\.openjfx\cache\19+11\amd64\api-ms-win-core-file-l1-1-0.dll
0x0000017df8fa0000 - 0x0000017df8fa3000 	C:\Users\Алекс\.openjfx\cache\19+11\amd64\api-ms-win-core-file-l1-2-0.dll
0x0000017df8fb0000 - 0x0000017df8fb3000 	C:\Users\Алекс\.openjfx\cache\19+11\amd64\api-ms-win-core-file-l2-1-0.dll
0x0000017df8fc0000 - 0x0000017df8fc3000 	C:\Users\Алекс\.openjfx\cache\19+11\amd64\api-ms-win-core-handle-l1-1-0.dll
0x0000017df8fd0000 - 0x0000017df8fd3000 	C:\Users\Алекс\.openjfx\cache\19+11\amd64\api-ms-win-core-heap-l1-1-0.dll
0x0000017df8fe0000 - 0x0000017df8fe3000 	C:\Users\Алекс\.openjfx\cache\19+11\amd64\api-ms-win-core-interlocked-l1-1-0.dll
0x0000017df8ff0000 - 0x0000017df8ff3000 	C:\Users\Алекс\.openjfx\cache\19+11\amd64\api-ms-win-core-libraryloader-l1-1-0.dll
0x0000017dfece0000 - 0x0000017dfece3000 	C:\Users\Алекс\.openjfx\cache\19+11\amd64\api-ms-win-core-localization-l1-2-0.dll
0x0000017dfecf0000 - 0x0000017dfecf3000 	C:\Users\Алекс\.openjfx\cache\19+11\amd64\api-ms-win-core-memory-l1-1-0.dll
0x0000017dfed00000 - 0x0000017dfed03000 	C:\Users\Алекс\.openjfx\cache\19+11\amd64\api-ms-win-core-namedpipe-l1-1-0.dll
0x0000017dfed10000 - 0x0000017dfed13000 	C:\Users\Алекс\.openjfx\cache\19+11\amd64\api-ms-win-core-processenvironment-l1-1-0.dll
0x0000017dfed20000 - 0x0000017dfed23000 	C:\Users\Алекс\.openjfx\cache\19+11\amd64\api-ms-win-core-processthreads-l1-1-0.dll
0x0000017dfed30000 - 0x0000017dfed33000 	C:\Users\Алекс\.openjfx\cache\19+11\amd64\api-ms-win-core-processthreads-l1-1-1.dll
0x0000017dfed40000 - 0x0000017dfed43000 	C:\Users\Алекс\.openjfx\cache\19+11\amd64\api-ms-win-core-profile-l1-1-0.dll
0x0000017dfed50000 - 0x0000017dfed53000 	C:\Users\Алекс\.openjfx\cache\19+11\amd64\api-ms-win-core-rtlsupport-l1-1-0.dll
0x0000017dfed60000 - 0x0000017dfed63000 	C:\Users\Алекс\.openjfx\cache\19+11\amd64\api-ms-win-core-string-l1-1-0.dll
0x0000017dfed70000 - 0x0000017dfed73000 	C:\Users\Алекс\.openjfx\cache\19+11\amd64\api-ms-win-core-synch-l1-1-0.dll
0x0000017dfed80000 - 0x0000017dfed83000 	C:\Users\Алекс\.openjfx\cache\19+11\amd64\api-ms-win-core-synch-l1-2-0.dll
0x0000017dfed90000 - 0x0000017dfed93000 	C:\Users\Алекс\.openjfx\cache\19+11\amd64\api-ms-win-core-sysinfo-l1-1-0.dll
0x0000017dfeda0000 - 0x0000017dfeda3000 	C:\Users\Алекс\.openjfx\cache\19+11\amd64\api-ms-win-core-timezone-l1-1-0.dll
0x0000017dfedb0000 - 0x0000017dfedb3000 	C:\Users\Алекс\.openjfx\cache\19+11\amd64\api-ms-win-core-util-l1-1-0.dll
0x0000017dfedc0000 - 0x0000017dfedc3000 	C:\Users\Алекс\.openjfx\cache\19+11\amd64\api-ms-win-crt-conio-l1-1-0.dll
0x0000017dfedd0000 - 0x0000017dfedd4000 	C:\Users\Алекс\.openjfx\cache\19+11\amd64\api-ms-win-crt-convert-l1-1-0.dll
0x0000017dfede0000 - 0x0000017dfede3000 	C:\Users\Алекс\.openjfx\cache\19+11\amd64\api-ms-win-crt-environment-l1-1-0.dll
0x0000017dfedf0000 - 0x0000017dfedf3000 	C:\Users\Алекс\.openjfx\cache\19+11\amd64\api-ms-win-crt-filesystem-l1-1-0.dll
0x0000017dfee00000 - 0x0000017dfee03000 	C:\Users\Алекс\.openjfx\cache\19+11\amd64\api-ms-win-crt-heap-l1-1-0.dll
0x0000017dfee10000 - 0x0000017dfee13000 	C:\Users\Алекс\.openjfx\cache\19+11\amd64\api-ms-win-crt-locale-l1-1-0.dll
0x0000017dfee20000 - 0x0000017dfee25000 	C:\Users\Алекс\.openjfx\cache\19+11\amd64\api-ms-win-crt-math-l1-1-0.dll
0x0000017dfee30000 - 0x0000017dfee35000 	C:\Users\Алекс\.openjfx\cache\19+11\amd64\api-ms-win-crt-multibyte-l1-1-0.dll
0x0000017dfee40000 - 0x0000017dfee50000 	C:\Users\Алекс\.openjfx\cache\19+11\amd64\api-ms-win-crt-private-l1-1-0.dll
0x0000017dfee50000 - 0x0000017dfee53000 	C:\Users\Алекс\.openjfx\cache\19+11\amd64\api-ms-win-crt-process-l1-1-0.dll
0x0000017dfee60000 - 0x0000017dfee64000 	C:\Users\Алекс\.openjfx\cache\19+11\amd64\api-ms-win-crt-runtime-l1-1-0.dll
0x0000017dfee70000 - 0x0000017dfee74000 	C:\Users\Алекс\.openjfx\cache\19+11\amd64\api-ms-win-crt-stdio-l1-1-0.dll
0x0000017dfee80000 - 0x0000017dfee84000 	C:\Users\Алекс\.openjfx\cache\19+11\amd64\api-ms-win-crt-string-l1-1-0.dll
0x0000017dfee90000 - 0x0000017dfee93000 	C:\Users\Алекс\.openjfx\cache\19+11\amd64\api-ms-win-crt-time-l1-1-0.dll
0x0000017dfeea0000 - 0x0000017dfeea3000 	C:\Users\Алекс\.openjfx\cache\19+11\amd64\api-ms-win-crt-utility-l1-1-0.dll
0x00007ffa959a0000 - 0x00007ffa95a9c000 	C:\Users\Алекс\.openjfx\cache\19+11\amd64\ucrtbase.dll
0x00007ffab8030000 - 0x00007ffab804b000 	C:\Users\Алекс\.openjfx\cache\19+11\amd64\vcruntime140.dll
0x00007ffabc710000 - 0x00007ffabc71c000 	C:\Users\Алекс\.openjfx\cache\19+11\amd64\vcruntime140_1.dll
0x00007ffa95050000 - 0x00007ffa950de000 	C:\Users\Алекс\.openjfx\cache\19+11\amd64\msvcp140.dll
0x00007ffab9f50000 - 0x00007ffab9f59000 	C:\Users\Алекс\.openjfx\cache\19+11\amd64\msvcp140_1.dll
0x00007ffab7d90000 - 0x00007ffab7dc0000 	C:\Users\Алекс\.openjfx\cache\19+11\amd64\msvcp140_2.dll
0x00007ffaaeee0000 - 0x00007ffaaef0c000 	C:\Users\Алекс\.openjfx\cache\19+11\amd64\prism_d3d.dll
0x00007ffac1130000 - 0x00007ffac12d9000 	C:\WINDOWS\system32\d3d9.dll
0x00007ffacc7a0000 - 0x00007ffacc7cb000 	C:\WINDOWS\SYSTEM32\dwmapi.dll
0x00007ffacef70000 - 0x00007ffacefa6000 	C:\WINDOWS\SYSTEM32\dxcore.dll
0x00007ffacc560000 - 0x00007ffacc60b000 	C:\WINDOWS\system32\uxtheme.dll
0x00007ffac0330000 - 0x00007ffac04d8000 	C:\WINDOWS\System32\DriverStore\FileRepository\iigd_dch.inf_amd64_e04d20469f199b2b\igdumdim64.dll
0x00007ffad2ab0000 - 0x00007ffad2c4f000 	C:\WINDOWS\System32\ole32.dll
0x00007ffa592b0000 - 0x00007ffa5ced1000 	C:\WINDOWS\System32\DriverStore\FileRepository\iigd_dch.inf_amd64_e04d20469f199b2b\igd9dxva64.dll
0x00007ffad33a0000 - 0x00007ffad3814000 	C:\WINDOWS\System32\SETUPAPI.dll
0x00007ffad1b00000 - 0x00007ffad1b4e000 	C:\WINDOWS\SYSTEM32\cfgmgr32.dll
0x00007ffac34c0000 - 0x00007ffac3888000 	C:\WINDOWS\System32\DriverStore\FileRepository\iigd_dch.inf_amd64_e04d20469f199b2b\igdgmm64.dll
0x00007ffac9a20000 - 0x00007ffac9a6a000 	C:\WINDOWS\SYSTEM32\directxdatabasehelper.dll
0x00007ffaaee90000 - 0x00007ffaaeed2000 	C:\Users\Алекс\.openjfx\cache\19+11\amd64\glass.dll
0x00007ffad29b0000 - 0x00007ffad2aa9000 	C:\WINDOWS\System32\COMDLG32.dll
0x00007ffad47e0000 - 0x00007ffad492c000 	C:\WINDOWS\System32\MSCTF.dll
0x00007ffa7d380000 - 0x00007ffa7d3a7000 	C:\WINDOWS\System32\DriverStore\FileRepository\iigd_dch.inf_amd64_e04d20469f199b2b\igdinfo64.dll
0x00007ffabc8d0000 - 0x00007ffabfed5000 	C:\WINDOWS\System32\DriverStore\FileRepository\iigd_dch.inf_amd64_e04d20469f199b2b\igc64.dll
0x00007ffaaaf60000 - 0x00007ffaaaf74000 	C:\Users\Алекс\.openjfx\cache\19+11\amd64\javafx_font.dll
0x00007ffacb000000 - 0x00007ffacb273000 	C:\WINDOWS\SYSTEM32\dwrite.dll
0x00007ffad3100000 - 0x00007ffad31b0000 	C:\WINDOWS\System32\clbcatq.dll
0x00007ffacaa60000 - 0x00007ffacac10000 	C:\WINDOWS\SYSTEM32\WindowsCodecs.dll
0x00007ffa994d0000 - 0x00007ffa9952e000 	C:\WINDOWS\system32\dataexchange.dll
0x00007ffac6470000 - 0x00007ffac66f5000 	C:\WINDOWS\system32\twinapi.appcore.dll
0x00007ffab9fd0000 - 0x00007ffaba002000 	C:\Program Files\Common Files\Microsoft Shared\Ink\rtscom.dll
0x00007ffab7400000 - 0x00007ffab754a000 	C:\WINDOWS\SYSTEM32\textinputframework.dll
0x00007ffacc140000 - 0x00007ffacc273000 	C:\WINDOWS\SYSTEM32\CoreMessaging.dll
0x00007ffac74c0000 - 0x00007ffac782c000 	C:\WINDOWS\SYSTEM32\CoreUIComponents.dll
0x00007ffad1610000 - 0x00007ffad161c000 	C:\WINDOWS\SYSTEM32\CRYPTBASE.DLL
0x00007ffacb280000 - 0x00007ffacb86e000 	C:\WINDOWS\SYSTEM32\d2d1.dll
0x00007ffacb870000 - 0x00007ffacbac7000 	C:\WINDOWS\SYSTEM32\d3d11.dll
0x00007ffacc690000 - 0x00007ffacc788000 	C:\WINDOWS\SYSTEM32\dxgi.dll
0x00007ffac6b00000 - 0x00007ffac7211000 	C:\WINDOWS\SYSTEM32\D3D10Warp.dll
0x00007ffaaa940000 - 0x00007ffaaa96d000 	C:\Users\Алекс\.openjfx\cache\19+11\amd64\javafx_iio.dll

dbghelp: loaded successfully - version: 4.0.5 - missing functions: none
symbol engine: initialized successfully - sym options: 0x614 - pdb path: .;C:\Program Files\Java\jdk-21\bin;C:\WINDOWS\SYSTEM32;C:\WINDOWS\WinSxS\amd64_microsoft.windows.common-controls_6595b64144ccf1df_6.0.22621.2361_none_2712ced57382f843;C:\Program Files\Java\jdk-21\bin\server;C:\Program Files\JetBrains\IntelliJ IDEA 2022.3.1\bin;C:\Users\Алекс\.openjfx\cache\19+11\amd64;C:\WINDOWS\System32\DriverStore\FileRepository\iigd_dch.inf_amd64_e04d20469f199b2b;C:\Program Files\Common Files\Microsoft Shared\Ink

VM Arguments:
jvm_args: -javaagent:C:\Program Files\JetBrains\IntelliJ IDEA 2022.3.1\lib\idea_rt.jar=52671:C:\Program Files\JetBrains\IntelliJ IDEA 2022.3.1\bin -Dfile.encoding=UTF-8 -Dsun.stdout.encoding=UTF-8 -Dsun.stderr.encoding=UTF-8 --module-path=C:\Users\Алекс\.m2\repository\org\openjfx\javafx-controls\19\javafx-controls-19-win.jar;C:\Users\Алекс\.m2\repository\org\openjfx\javafx-fxml\19\javafx-fxml-19-win.jar;C:\Users\Алекс\IdeaProjects\FirstApp\target\classes;C:\Users\Алекс\.m2\repository\org\openjfx\javafx-base\19\javafx-base-19-win.jar;C:\Users\Алекс\.m2\repository\org\openjfx\javafx-graphics\19\javafx-graphics-19-win.jar -Djdk.module.main=com.example.firstapp 
java_command: com.example.firstapp/com.example.firstapp.HelloApplication
java_class_path (initial): C:\Users\Алекс\.m2\repository\org\openjfx\javafx-controls\19\javafx-controls-19.jar;C:\Users\Алекс\.m2\repository\org\openjfx\javafx-graphics\19\javafx-graphics-19.jar;C:\Users\Алекс\.m2\repository\org\openjfx\javafx-base\19\javafx-base-19.jar;C:\Users\Алекс\.m2\repository\org\openjfx\javafx-fxml\19\javafx-fxml-19.jar
Launcher Type: SUN_STANDARD

[Global flags]
     intx CICompilerCount                          = 4                                         {product} {ergonomic}
     uint ConcGCThreads                            = 2                                         {product} {ergonomic}
     uint G1ConcRefinementThreads                  = 8                                         {product} {ergonomic}
   size_t G1HeapRegionSize                         = 2097152                                   {product} {ergonomic}
    uintx GCDrainStackTargetSize                   = 64                                        {product} {ergonomic}
   size_t InitialHeapSize                          = 264241152                                 {product} {ergonomic}
   size_t MarkStackSize                            = 4194304                                   {product} {ergonomic}
   size_t MaxHeapSize                              = 4215275520                                {product} {ergonomic}
   size_t MaxNewSize                               = 2529165312                                {product} {ergonomic}
   size_t MinHeapDeltaBytes                        = 2097152                                   {product} {ergonomic}
   size_t MinHeapSize                              = 8388608                                   {product} {ergonomic}
    uintx NonNMethodCodeHeapSize                   = 5839372                                {pd product} {ergonomic}
    uintx NonProfiledCodeHeapSize                  = 122909434                              {pd product} {ergonomic}
    uintx ProfiledCodeHeapSize                     = 122909434                              {pd product} {ergonomic}
    uintx ReservedCodeCacheSize                    = 251658240                              {pd product} {ergonomic}
     bool SegmentedCodeCache                       = true                                      {product} {ergonomic}
   size_t SoftMaxHeapSize                          = 4215275520                             {manageable} {ergonomic}
     bool UseCompressedOops                        = true                           {product lp64_product} {ergonomic}
     bool UseG1GC                                  = true                                      {product} {ergonomic}
     bool UseLargePagesIndividualAllocation        = false                                  {pd product} {ergonomic}

Logging:
Log output configuration:
 #0: stdout all=off uptime,level,tags foldmultilines=false
 #1: stderr all=off uptime,level,tags foldmultilines=false

Environment Variables:
JAVA_HOME=C:\Program Files\Java\jdk-21
PATH=C:\WINDOWS\system32;C:\WINDOWS;C:\WINDOWS\System32\Wbem;C:\WINDOWS\System32\WindowsPowerShell\v1.0\;C:\WINDOWS\System32\OpenSSH\;C:\Program Files\Git\cmd;C:\Program Files\Cloudflare\Cloudflare WARP\;C:\apache-tomcat-10\bin;C:\Program Files\Java\jdk-21\bin;C:\Program Files\PowerShell\7\;C:\Users\Алекс\AppData\Local\Programs\Python\Python311\Scripts\;C:\Users\Алекс\AppData\Local\Programs\Python\Python311\;C:\Users\Алекс\AppData\Local\Microsoft\WindowsApps;C:\Users\Алекс\AppData\Local\GitHubDesktop\bin;C:\Users\Алекс\AppData\Local\Programs\Microsoft VS Code\bin;
USERNAME=Алекс
OS=Windows_NT
PROCESSOR_IDENTIFIER=Intel64 Family 6 Model 140 Stepping 1, GenuineIntel
TMP=C:\Users\E47B~1\AppData\Local\Temp
TEMP=C:\Users\E47B~1\AppData\Local\Temp




Periodic native trim disabled

---------------  S Y S T E M  ---------------

OS:
 Windows 11 , 64 bit Build 22621 (10.0.22621.2428)
OS uptime: 0 days 4:35 hours
Hyper-V role detected

CPU: total 8 (initial active 8) (4 cores per cpu, 2 threads per core) family 6 model 140 stepping 1 microcode 0x86, cx8, cmov, fxsr, ht, mmx, 3dnowpref, sse, sse2, sse3, ssse3, sse4.1, sse4.2, popcnt, lzcnt, tsc, tscinvbit, avx, avx2, aes, erms, clmul, bmi1, bmi2, adx, avx512f, avx512dq, avx512cd, avx512bw, avx512vl, sha, fma, vzeroupper, avx512_vpopcntdq, avx512_vpclmulqdq, avx512_vaes, avx512_vnni, clflush, clflushopt, clwb, avx512_vbmi2, avx512_vbmi, hv, rdtscp, rdpid, fsrm, gfni, avx512_bitalg, f16c, cet_ibt, cet_ss, avx512_ifma
Processor Information for all 8 processors :
  Max Mhz: 3110, Current Mhz: 3110, Mhz Limit: 3110

Memory: 4k page, system-wide physical 16075M (5642M free)
TotalPageFile size 17803M (AvailPageFile size 3903M)
current process WorkingSet (physical memory assigned to process): 215M, peak: 240M
current process commit charge ("private bytes"): 446M, peak: 473M

vm_info: Java HotSpot(TM) 64-Bit Server VM (21.0.1+12-LTS-29) for windows-amd64 JRE (21.0.1+12-LTS-29), built on 2023-10-05T13:27:09Z by "mach5one" with MS VC++ 17.1 (VS2022)

END.
